"11/15/2024, 9:18:56.455 PM",\ADMINISTRATOR,User,MyLowCostVM,Microsoft-Windows-Security-Auditing,Security,4625,4625 - An account failed to log on.,186.75.215.94,3,3 - Network,\ADMINISTRATOR,ADMINISTRATOR,"11/15/2024, 9:19:17.965 PM"
"11/15/2024, 9:19:08.769 PM",\ADMINISTRATOR,User,MyLowCostVM,Microsoft-Windows-Security-Auditing,Security,4625,4625 - An account failed to log on.,120.133.88.0,3,3 - Network,\ADMINISTRATOR,ADMINISTRATOR,"11/15/2024, 9:19:37.969 PM"
"11/15/2024, 9:19:34.895 PM",\ADMINISTRATOR,User,MyLowCostVM,Microsoft-Windows-Security-Auditing,Security,4625,4625 - An account failed to log on.,120.133.88.0,3,3 - Network,\ADMINISTRATOR,ADMINISTRATOR,"11/15/2024, 9:19:57.959 PM"
"11/15/2024, 9:20:01.006 PM",\ADMINISTRATOR,User,MyLowCostVM,Microsoft-Windows-Security-Auditing,Security,4625,4625 - An account failed to log on.,120.133.88.0,3,3 - Network,\ADMINISTRATOR,ADMINISTRATOR,"11/15/2024, 9:20:37.958 PM"
"11/15/2024, 9:20:27.214 PM",\ADMINISTRATOR,User,MyLowCostVM,Microsoft-Windows-Security-Auditing,Security,4625,4625 - An account failed to log on.,120.133.88.0,3,3 - Network,\ADMINISTRATOR,ADMINISTRATOR,"11/15/2024, 9:20:57.975 PM"
"11/15/2024, 9:20:53.285 PM",\ADMINISTRATOR,User,MyLowCostVM,Microsoft-Windows-Security-Auditing,Security,4625,4625 - An account failed to log on.,120.133.88.0,3,3 - Network,\ADMINISTRATOR,ADMINISTRATOR,"11/15/2024, 9:21:17.956 PM"
"11/15/2024, 9:21:07.613 PM",\ADMINISTRATOR,User,MyLowCostVM,Microsoft-Windows-Security-Auditing,Security,4625,4625 - An account failed to log on.,20.235.247.188,3,3 - Network,\ADMINISTRATOR,ADMINISTRATOR,"11/15/2024, 9:21:38.004 PM"
"11/15/2024, 9:21:19.389 PM",\ADMINISTRATOR,User,MyLowCostVM,Microsoft-Windows-Security-Auditing,Security,4625,4625 - An account failed to log on.,120.133.88.0,3,3 - Network,\ADMINISTRATOR,ADMINISTRATOR,"11/15/2024, 9:21:38.004 PM"
"11/15/2024, 9:21:22.341 PM",\AZUREUSER,User,MyLowCostVM,Microsoft-Windows-Security-Auditing,Security,4625,4625 - An account failed to log on.,94.102.49.171,3,3 - Network,\AZUREUSER,AZUREUSER,"11/15/2024, 9:21:57.984 PM"
"11/15/2024, 9:21:45.561 PM",\ADMINISTRATOR,User,MyLowCostVM,Microsoft-Windows-Security-Auditing,Security,4625,4625 - An account failed to log on.,120.133.88.0,3,3 - Network,\ADMINISTRATOR,ADMINISTRATOR,"11/15/2024, 9:22:17.965 PM"
"11/15/2024, 9:21:59.079 PM",\ADMINISTRATOR,User,MyLowCostVM,Microsoft-Windows-Security-Auditing,Security,4625,4625 - An account failed to log on.,186.75.215.94,3,3 - Network,\ADMINISTRATOR,ADMINISTRATOR,"11/15/2024, 9:22:17.965 PM"
"11/15/2024, 9:22:11.710 PM",\ADMINISTRATOR,User,MyLowCostVM,Microsoft-Windows-Security-Auditing,Security,4625,4625 - An account failed to log on.,120.133.88.0,3,3 - Network,\ADMINISTRATOR,ADMINISTRATOR,"11/15/2024, 9:22:37.974 PM"
"11/15/2024, 9:22:37.840 PM",\ADMINISTRATOR,User,MyLowCostVM,Microsoft-Windows-Security-Auditing,Security,4625,4625 - An account failed to log on.,120.133.88.0,3,3 - Network,\ADMINISTRATOR,ADMINISTRATOR,"11/15/2024, 9:22:58.016 PM"
"11/15/2024, 9:23:03.969 PM",\ADMINISTRATOR,User,MyLowCostVM,Microsoft-Windows-Security-Auditing,Security,4625,4625 - An account failed to log on.,120.133.88.0,3,3 - Network,\ADMINISTRATOR,ADMINISTRATOR,"11/15/2024, 9:23:37.952 PM"
"11/15/2024, 9:23:30.165 PM",\ADMINISTRATOR,User,MyLowCostVM,Microsoft-Windows-Security-Auditing,Security,4625,4625 - An account failed to log on.,120.133.88.0,3,3 - Network,\ADMINISTRATOR,ADMINISTRATOR,"11/15/2024, 9:23:57.948 PM"
"11/15/2024, 9:23:39.887 PM",\ADMINISTRATOR,User,MyLowCostVM,Microsoft-Windows-Security-Auditing,Security,4625,4625 - An account failed to log on.,20.235.247.188,3,3 - Network,\ADMINISTRATOR,ADMINISTRATOR,"11/15/2024, 9:23:57.948 PM"
"11/15/2024, 9:23:56.270 PM",\ADMINISTRATOR,User,MyLowCostVM,Microsoft-Windows-Security-Auditing,Security,4625,4625 - An account failed to log on.,120.133.88.0,3,3 - Network,\ADMINISTRATOR,ADMINISTRATOR,"11/15/2024, 9:24:17.984 PM"
"11/15/2024, 9:23:56.824 PM",\AZUREUSER,User,MyLowCostVM,Microsoft-Windows-Security-Auditing,Security,4625,4625 - An account failed to log on.,94.102.49.171,3,3 - Network,\AZUREUSER,AZUREUSER,"11/15/2024, 9:24:17.984 PM"
"11/15/2024, 9:24:22.428 PM",\ADMINISTRATOR,User,MyLowCostVM,Microsoft-Windows-Security-Auditing,Security,4625,4625 - An account failed to log on.,120.133.88.0,3,3 - Network,\ADMINISTRATOR,ADMINISTRATOR,"11/15/2024, 9:24:57.956 PM"
"11/15/2024, 9:24:48.604 PM",\ADMINISTRATOR,User,MyLowCostVM,Microsoft-Windows-Security-Auditing,Security,4625,4625 - An account failed to log on.,120.133.88.0,3,3 - Network,\ADMINISTRATOR,ADMINISTRATOR,"11/15/2024, 9:25:17.962 PM"
"11/15/2024, 9:25:04.538 PM",\ADMINISTRATOR,User,MyLowCostVM,Microsoft-Windows-Security-Auditing,Security,4625,4625 - An account failed to log on.,186.75.215.94,3,3 - Network,\ADMINISTRATOR,ADMINISTRATOR,"11/15/2024, 9:25:37.971 PM"
"11/15/2024, 9:25:14.700 PM",\ADMINISTRATOR,User,MyLowCostVM,Microsoft-Windows-Security-Auditing,Security,4625,4625 - An account failed to log on.,120.133.88.0,3,3 - Network,\ADMINISTRATOR,ADMINISTRATOR,"11/15/2024, 9:25:37.971 PM"
"11/15/2024, 9:25:40.779 PM",\ADMINISTRATOR,User,MyLowCostVM,Microsoft-Windows-Security-Auditing,Security,4625,4625 - An account failed to log on.,120.133.88.0,3,3 - Network,\ADMINISTRATOR,ADMINISTRATOR,"11/15/2024, 9:26:17.960 PM"
"11/15/2024, 9:26:06.837 PM",\ADMINISTRATOR,User,MyLowCostVM,Microsoft-Windows-Security-Auditing,Security,4625,4625 - An account failed to log on.,120.133.88.0,3,3 - Network,\ADMINISTRATOR,ADMINISTRATOR,"11/15/2024, 9:26:37.951 PM"
"11/15/2024, 9:26:09.866 PM",\ADMINISTRATOR,User,MyLowCostVM,Microsoft-Windows-Security-Auditing,Security,4625,4625 - An account failed to log on.,20.235.247.188,3,3 - Network,\ADMINISTRATOR,ADMINISTRATOR,"11/15/2024, 9:26:37.951 PM"
"11/15/2024, 9:26:31.348 PM",\AZUREUSER,User,MyLowCostVM,Microsoft-Windows-Security-Auditing,Security,4625,4625 - An account failed to log on.,94.102.49.171,3,3 - Network,\AZUREUSER,AZUREUSER,"11/15/2024, 9:26:57.925 PM"
"11/15/2024, 9:26:33.042 PM",\ADMINISTRATOR,User,MyLowCostVM,Microsoft-Windows-Security-Auditing,Security,4625,4625 - An account failed to log on.,120.133.88.0,3,3 - Network,\ADMINISTRATOR,ADMINISTRATOR,"11/15/2024, 9:26:57.925 PM"
"11/15/2024, 9:26:59.087 PM",\ADMINISTRATOR,User,MyLowCostVM,Microsoft-Windows-Security-Auditing,Security,4625,4625 - An account failed to log on.,120.133.88.0,3,3 - Network,\ADMINISTRATOR,ADMINISTRATOR,"11/15/2024, 9:27:17.948 PM"
"11/15/2024, 9:27:25.268 PM",\ADMINISTRATOR,User,MyLowCostVM,Microsoft-Windows-Security-Auditing,Security,4625,4625 - An account failed to log on.,120.133.88.0,3,3 - Network,\ADMINISTRATOR,ADMINISTRATOR,"11/15/2024, 9:27:57.976 PM"
"11/15/2024, 9:27:51.390 PM",\ADMINISTRATOR,User,MyLowCostVM,Microsoft-Windows-Security-Auditing,Security,4625,4625 - An account failed to log on.,120.133.88.0,3,3 - Network,\ADMINISTRATOR,ADMINISTRATOR,"11/15/2024, 9:28:17.941 PM"
"11/15/2024, 9:28:11.006 PM",\ADMINISTRATOR,User,MyLowCostVM,Microsoft-Windows-Security-Auditing,Security,4625,4625 - An account failed to log on.,186.75.215.94,3,3 - Network,\ADMINISTRATOR,ADMINISTRATOR,"11/15/2024, 9:28:37.981 PM"
"11/15/2024, 9:28:17.487 PM",\ADMINISTRATOR,User,MyLowCostVM,Microsoft-Windows-Security-Auditing,Security,4625,4625 - An account failed to log on.,120.133.88.0,3,3 - Network,\ADMINISTRATOR,ADMINISTRATOR,"11/15/2024, 9:28:37.981 PM"
"11/15/2024, 9:28:43.630 PM",\ADMINISTRATOR,User,MyLowCostVM,Microsoft-Windows-Security-Auditing,Security,4625,4625 - An account failed to log on.,120.133.88.0,3,3 - Network,\ADMINISTRATOR,ADMINISTRATOR,"11/15/2024, 9:29:17.983 PM"
"11/15/2024, 9:28:44.267 PM",\ADMINISTRATOR,User,MyLowCostVM,Microsoft-Windows-Security-Auditing,Security,4625,4625 - An account failed to log on.,20.235.247.188,3,3 - Network,\ADMINISTRATOR,ADMINISTRATOR,"11/15/2024, 9:29:17.983 PM"
"11/15/2024, 9:29:05.889 PM",\AZUREUSER,User,MyLowCostVM,Microsoft-Windows-Security-Auditing,Security,4625,4625 - An account failed to log on.,94.102.49.171,3,3 - Network,\AZUREUSER,AZUREUSER,"11/15/2024, 9:29:37.970 PM"
"11/15/2024, 9:29:09.712 PM",\ADMINISTRATOR,User,MyLowCostVM,Microsoft-Windows-Security-Auditing,Security,4625,4625 - An account failed to log on.,120.133.88.0,3,3 - Network,\ADMINISTRATOR,ADMINISTRATOR,"11/15/2024, 9:29:37.970 PM"
"11/15/2024, 9:29:35.870 PM",\ADMINISTRATOR,User,MyLowCostVM,Microsoft-Windows-Security-Auditing,Security,4625,4625 - An account failed to log on.,120.133.88.0,3,3 - Network,\ADMINISTRATOR,ADMINISTRATOR,"11/15/2024, 9:29:57.967 PM"
"11/15/2024, 9:30:01.977 PM",\ADMINISTRATOR,User,MyLowCostVM,Microsoft-Windows-Security-Auditing,Security,4625,4625 - An account failed to log on.,120.133.88.0,3,3 - Network,\ADMINISTRATOR,ADMINISTRATOR,"11/15/2024, 9:30:37.963 PM"
"11/15/2024, 9:30:28.077 PM",\ADMINISTRATOR,User,MyLowCostVM,Microsoft-Windows-Security-Auditing,Security,4625,4625 - An account failed to log on.,120.133.88.0,3,3 - Network,\ADMINISTRATOR,ADMINISTRATOR,"11/15/2024, 9:30:57.969 PM"
"11/15/2024, 9:30:54.260 PM",\ADMINISTRATOR,User,MyLowCostVM,Microsoft-Windows-Security-Auditing,Security,4625,4625 - An account failed to log on.,120.133.88.0,3,3 - Network,\ADMINISTRATOR,ADMINISTRATOR,"11/15/2024, 9:31:17.976 PM"
"11/15/2024, 9:31:13.956 PM",\ADMINISTRATOR,User,MyLowCostVM,Microsoft-Windows-Security-Auditing,Security,4625,4625 - An account failed to log on.,20.235.247.188,3,3 - Network,\ADMINISTRATOR,ADMINISTRATOR,"11/15/2024, 9:31:37.890 PM"
"11/15/2024, 9:31:14.759 PM",\ADMINISTRATOR,User,MyLowCostVM,Microsoft-Windows-Security-Auditing,Security,4625,4625 - An account failed to log on.,186.75.215.94,3,3 - Network,\ADMINISTRATOR,ADMINISTRATOR,"11/15/2024, 9:31:37.890 PM"
"11/15/2024, 9:31:20.467 PM",\ADMINISTRATOR,User,MyLowCostVM,Microsoft-Windows-Security-Auditing,Security,4625,4625 - An account failed to log on.,120.133.88.0,3,3 - Network,\ADMINISTRATOR,ADMINISTRATOR,"11/15/2024, 9:31:57.963 PM"
"11/15/2024, 9:31:40.539 PM",\AZUREUSER,User,MyLowCostVM,Microsoft-Windows-Security-Auditing,Security,4625,4625 - An account failed to log on.,94.102.49.171,3,3 - Network,\AZUREUSER,AZUREUSER,"11/15/2024, 9:32:17.970 PM"
"11/15/2024, 9:31:46.510 PM",\ADMINISTRATOR,User,MyLowCostVM,Microsoft-Windows-Security-Auditing,Security,4625,4625 - An account failed to log on.,120.133.88.0,3,3 - Network,\ADMINISTRATOR,ADMINISTRATOR,"11/15/2024, 9:32:17.970 PM"
"11/15/2024, 9:32:12.709 PM",\ADMINISTRATOR,User,MyLowCostVM,Microsoft-Windows-Security-Auditing,Security,4625,4625 - An account failed to log on.,120.133.88.0,3,3 - Network,\ADMINISTRATOR,ADMINISTRATOR,"11/15/2024, 9:32:37.954 PM"
"11/15/2024, 9:32:38.801 PM",\ADMINISTRATOR,User,MyLowCostVM,Microsoft-Windows-Security-Auditing,Security,4625,4625 - An account failed to log on.,120.133.88.0,3,3 - Network,\ADMINISTRATOR,ADMINISTRATOR,"11/15/2024, 9:32:57.952 PM"
"11/15/2024, 9:33:04.913 PM",\ADMINISTRATOR,User,MyLowCostVM,Microsoft-Windows-Security-Auditing,Security,4625,4625 - An account failed to log on.,120.133.88.0,3,3 - Network,\ADMINISTRATOR,ADMINISTRATOR,"11/15/2024, 9:33:37.960 PM"
"11/15/2024, 9:33:26.305 PM",\ADMINISTRATOR,User,MyLowCostVM,Microsoft-Windows-Security-Auditing,Security,4625,4625 - An account failed to log on.,194.180.49.161,3,3 - Network,\ADMINISTRATOR,ADMINISTRATOR,"11/15/2024, 9:33:57.958 PM"
"11/15/2024, 9:33:26.310 PM",\ADMINISTRATOR,User,MyLowCostVM,Microsoft-Windows-Security-Auditing,Security,4625,4625 - An account failed to log on.,194.180.49.161,3,3 - Network,\ADMINISTRATOR,ADMINISTRATOR,"11/15/2024, 9:33:57.958 PM"
"11/15/2024, 9:33:31.076 PM",\ADMINISTRATOR,User,MyLowCostVM,Microsoft-Windows-Security-Auditing,Security,4625,4625 - An account failed to log on.,120.133.88.0,3,3 - Network,\ADMINISTRATOR,ADMINISTRATOR,"11/15/2024, 9:33:57.958 PM"
"11/15/2024, 9:33:46.305 PM",\ADMINISTRATOR,User,MyLowCostVM,Microsoft-Windows-Security-Auditing,Security,4625,4625 - An account failed to log on.,20.235.247.188,3,3 - Network,\ADMINISTRATOR,ADMINISTRATOR,"11/15/2024, 9:34:17.962 PM"
"11/15/2024, 9:33:57.187 PM",\ADMINISTRATOR,User,MyLowCostVM,Microsoft-Windows-Security-Auditing,Security,4625,4625 - An account failed to log on.,120.133.88.0,3,3 - Network,\ADMINISTRATOR,ADMINISTRATOR,"11/15/2024, 9:34:17.962 PM"
"11/15/2024, 9:34:15.734 PM",\AZUREUSER,User,MyLowCostVM,Microsoft-Windows-Security-Auditing,Security,4625,4625 - An account failed to log on.,94.102.49.171,3,3 - Network,\AZUREUSER,AZUREUSER,"11/15/2024, 9:34:37.949 PM"
"11/15/2024, 9:34:20.181 PM",\ADMINISTRATOR,User,MyLowCostVM,Microsoft-Windows-Security-Auditing,Security,4625,4625 - An account failed to log on.,186.75.215.94,3,3 - Network,\ADMINISTRATOR,ADMINISTRATOR,"11/15/2024, 9:34:57.962 PM"
"11/15/2024, 9:34:23.211 PM",\ADMINISTRATOR,User,MyLowCostVM,Microsoft-Windows-Security-Auditing,Security,4625,4625 - An account failed to log on.,120.133.88.0,3,3 - Network,\ADMINISTRATOR,ADMINISTRATOR,"11/15/2024, 9:34:57.962 PM"
"11/15/2024, 9:34:49.276 PM",\ADMINISTRATOR,User,MyLowCostVM,Microsoft-Windows-Security-Auditing,Security,4625,4625 - An account failed to log on.,120.133.88.0,3,3 - Network,\ADMINISTRATOR,ADMINISTRATOR,"11/15/2024, 9:35:17.956 PM"
"11/15/2024, 9:35:15.344 PM",\ADMINISTRATOR,User,MyLowCostVM,Microsoft-Windows-Security-Auditing,Security,4625,4625 - An account failed to log on.,120.133.88.0,3,3 - Network,\ADMINISTRATOR,ADMINISTRATOR,"11/15/2024, 9:35:37.977 PM"
"11/15/2024, 9:35:41.382 PM",\ADMINISTRATOR,User,MyLowCostVM,Microsoft-Windows-Security-Auditing,Security,4625,4625 - An account failed to log on.,120.133.88.0,3,3 - Network,\ADMINISTRATOR,ADMINISTRATOR,"11/15/2024, 9:36:17.966 PM"
"11/15/2024, 9:36:07.387 PM",\ADMINISTRATOR,User,MyLowCostVM,Microsoft-Windows-Security-Auditing,Security,4625,4625 - An account failed to log on.,120.133.88.0,3,3 - Network,\ADMINISTRATOR,ADMINISTRATOR,"11/15/2024, 9:36:37.968 PM"
"11/15/2024, 9:36:18.234 PM",\ADMINISTRATOR,User,MyLowCostVM,Microsoft-Windows-Security-Auditing,Security,4625,4625 - An account failed to log on.,20.235.247.188,3,3 - Network,\ADMINISTRATOR,ADMINISTRATOR,"11/15/2024, 9:36:37.968 PM"
"11/15/2024, 9:36:33.460 PM",\ADMINISTRATOR,User,MyLowCostVM,Microsoft-Windows-Security-Auditing,Security,4625,4625 - An account failed to log on.,120.133.88.0,3,3 - Network,\ADMINISTRATOR,ADMINISTRATOR,"11/15/2024, 9:36:57.967 PM"
"11/15/2024, 9:36:51.040 PM",\AZUREUSER,User,MyLowCostVM,Microsoft-Windows-Security-Auditing,Security,4625,4625 - An account failed to log on.,94.102.49.171,3,3 - Network,\AZUREUSER,AZUREUSER,"11/15/2024, 9:37:17.984 PM"
"11/15/2024, 9:36:59.596 PM",\ADMINISTRATOR,User,MyLowCostVM,Microsoft-Windows-Security-Auditing,Security,4625,4625 - An account failed to log on.,120.133.88.0,3,3 - Network,\ADMINISTRATOR,ADMINISTRATOR,"11/15/2024, 9:37:17.984 PM"
"11/15/2024, 9:37:24.428 PM",\ADMINISTRATOR,User,MyLowCostVM,Microsoft-Windows-Security-Auditing,Security,4625,4625 - An account failed to log on.,186.75.215.94,3,3 - Network,\ADMINISTRATOR,ADMINISTRATOR,"11/15/2024, 9:37:58.264 PM"
"11/15/2024, 9:37:25.579 PM",\ADMINISTRATOR,User,MyLowCostVM,Microsoft-Windows-Security-Auditing,Security,4625,4625 - An account failed to log on.,120.133.88.0,3,3 - Network,\ADMINISTRATOR,ADMINISTRATOR,"11/15/2024, 9:37:58.264 PM"
"11/15/2024, 9:37:51.639 PM",\ADMINISTRATOR,User,MyLowCostVM,Microsoft-Windows-Security-Auditing,Security,4625,4625 - An account failed to log on.,120.133.88.0,3,3 - Network,\ADMINISTRATOR,ADMINISTRATOR,"11/15/2024, 9:38:17.965 PM"
"11/15/2024, 9:38:17.671 PM",\ADMINISTRATOR,User,MyLowCostVM,Microsoft-Windows-Security-Auditing,Security,4625,4625 - An account failed to log on.,120.133.88.0,3,3 - Network,\ADMINISTRATOR,ADMINISTRATOR,"11/15/2024, 9:38:37.920 PM"
"11/15/2024, 9:38:43.707 PM",\ADMINISTRATOR,User,MyLowCostVM,Microsoft-Windows-Security-Auditing,Security,4625,4625 - An account failed to log on.,120.133.88.0,3,3 - Network,\ADMINISTRATOR,ADMINISTRATOR,"11/15/2024, 9:39:17.968 PM"
"11/15/2024, 9:38:51.169 PM",\ADMINISTRATOR,User,MyLowCostVM,Microsoft-Windows-Security-Auditing,Security,4625,4625 - An account failed to log on.,20.235.247.188,3,3 - Network,\ADMINISTRATOR,ADMINISTRATOR,"11/15/2024, 9:39:17.968 PM"
"11/15/2024, 9:39:09.761 PM",\ADMINISTRATOR,User,MyLowCostVM,Microsoft-Windows-Security-Auditing,Security,4625,4625 - An account failed to log on.,120.133.88.0,3,3 - Network,\ADMINISTRATOR,ADMINISTRATOR,"11/15/2024, 9:39:37.965 PM"
"11/15/2024, 9:39:26.375 PM",\AZUREUSER,User,MyLowCostVM,Microsoft-Windows-Security-Auditing,Security,4625,4625 - An account failed to log on.,94.102.49.171,3,3 - Network,\AZUREUSER,AZUREUSER,"11/15/2024, 9:39:57.958 PM"
"11/15/2024, 9:39:35.784 PM",\ADMINISTRATOR,User,MyLowCostVM,Microsoft-Windows-Security-Auditing,Security,4625,4625 - An account failed to log on.,120.133.88.0,3,3 - Network,\ADMINISTRATOR,ADMINISTRATOR,"11/15/2024, 9:39:57.958 PM"
"11/15/2024, 9:40:01.855 PM",\ADMINISTRATOR,User,MyLowCostVM,Microsoft-Windows-Security-Auditing,Security,4625,4625 - An account failed to log on.,120.133.88.0,3,3 - Network,\ADMINISTRATOR,ADMINISTRATOR,"11/15/2024, 9:40:37.951 PM"
"11/15/2024, 9:40:27.883 PM",\ADMINISTRATOR,User,MyLowCostVM,Microsoft-Windows-Security-Auditing,Security,4625,4625 - An account failed to log on.,120.133.88.0,3,3 - Network,\ADMINISTRATOR,ADMINISTRATOR,"11/15/2024, 9:40:57.967 PM"
"11/15/2024, 9:40:30.700 PM",\ADMINISTRATOR,User,MyLowCostVM,Microsoft-Windows-Security-Auditing,Security,4625,4625 - An account failed to log on.,186.75.215.94,3,3 - Network,\ADMINISTRATOR,ADMINISTRATOR,"11/15/2024, 9:40:57.967 PM"
"11/15/2024, 9:40:53.948 PM",\ADMINISTRATOR,User,MyLowCostVM,Microsoft-Windows-Security-Auditing,Security,4625,4625 - An account failed to log on.,120.133.88.0,3,3 - Network,\ADMINISTRATOR,ADMINISTRATOR,"11/15/2024, 9:41:17.953 PM"
"11/15/2024, 9:41:19.957 PM",\ADMINISTRATOR,User,MyLowCostVM,Microsoft-Windows-Security-Auditing,Security,4625,4625 - An account failed to log on.,120.133.88.0,3,3 - Network,\ADMINISTRATOR,ADMINISTRATOR,"11/15/2024, 9:41:37.946 PM"
"11/15/2024, 9:41:20.481 PM",\ADMINISTRATOR,User,MyLowCostVM,Microsoft-Windows-Security-Auditing,Security,4625,4625 - An account failed to log on.,20.235.247.188,3,3 - Network,\ADMINISTRATOR,ADMINISTRATOR,"11/15/2024, 9:41:58.129 PM"
"11/15/2024, 9:41:46.016 PM",\ADMINISTRATOR,User,MyLowCostVM,Microsoft-Windows-Security-Auditing,Security,4625,4625 - An account failed to log on.,120.133.88.0,3,3 - Network,\ADMINISTRATOR,ADMINISTRATOR,"11/15/2024, 9:42:17.964 PM"
"11/15/2024, 9:42:01.840 PM",\AZUREUSER,User,MyLowCostVM,Microsoft-Windows-Security-Auditing,Security,4625,4625 - An account failed to log on.,94.102.49.171,3,3 - Network,\AZUREUSER,AZUREUSER,"11/15/2024, 9:42:37.912 PM"
"11/15/2024, 9:42:12.036 PM",\ADMINISTRATOR,User,MyLowCostVM,Microsoft-Windows-Security-Auditing,Security,4625,4625 - An account failed to log on.,120.133.88.0,3,3 - Network,\ADMINISTRATOR,ADMINISTRATOR,"11/15/2024, 9:42:37.912 PM"
"11/15/2024, 9:42:38.098 PM",\ADMINISTRATOR,User,MyLowCostVM,Microsoft-Windows-Security-Auditing,Security,4625,4625 - An account failed to log on.,120.133.88.0,3,3 - Network,\ADMINISTRATOR,ADMINISTRATOR,"11/15/2024, 9:42:57.950 PM"
"11/15/2024, 9:43:04.229 PM",\ADMINISTRATOR,User,MyLowCostVM,Microsoft-Windows-Security-Auditing,Security,4625,4625 - An account failed to log on.,120.133.88.0,3,3 - Network,\ADMINISTRATOR,ADMINISTRATOR,"11/15/2024, 9:43:37.976 PM"
"11/15/2024, 9:43:30.226 PM",\ADMINISTRATOR,User,MyLowCostVM,Microsoft-Windows-Security-Auditing,Security,4625,4625 - An account failed to log on.,120.133.88.0,3,3 - Network,\ADMINISTRATOR,ADMINISTRATOR,"11/15/2024, 9:43:57.966 PM"
"11/15/2024, 9:43:36.795 PM",\ADMINISTRATOR,User,MyLowCostVM,Microsoft-Windows-Security-Auditing,Security,4625,4625 - An account failed to log on.,186.75.215.94,3,3 - Network,\ADMINISTRATOR,ADMINISTRATOR,"11/15/2024, 9:43:57.966 PM"
"11/15/2024, 9:43:56.255 PM",\ADMINISTRATOR,User,MyLowCostVM,Microsoft-Windows-Security-Auditing,Security,4625,4625 - An account failed to log on.,120.133.88.0,3,3 - Network,\ADMINISTRATOR,ADMINISTRATOR,"11/15/2024, 9:44:17.955 PM"
"11/15/2024, 9:44:01.152 PM",\ADMINISTRATOR,User,MyLowCostVM,Microsoft-Windows-Security-Auditing,Security,4625,4625 - An account failed to log on.,20.235.247.188,3,3 - Network,\ADMINISTRATOR,ADMINISTRATOR,"11/15/2024, 9:44:37.940 PM"
"11/15/2024, 9:44:22.325 PM",\ADMINISTRATOR,User,MyLowCostVM,Microsoft-Windows-Security-Auditing,Security,4625,4625 - An account failed to log on.,120.133.88.0,3,3 - Network,\ADMINISTRATOR,ADMINISTRATOR,"11/15/2024, 9:44:57.973 PM"
"11/15/2024, 9:44:37.295 PM",\AZUREUSER,User,MyLowCostVM,Microsoft-Windows-Security-Auditing,Security,4625,4625 - An account failed to log on.,94.102.49.171,3,3 - Network,\AZUREUSER,AZUREUSER,"11/15/2024, 9:44:57.973 PM"
"11/15/2024, 9:44:48.419 PM",\ADMINISTRATOR,User,MyLowCostVM,Microsoft-Windows-Security-Auditing,Security,4625,4625 - An account failed to log on.,120.133.88.0,3,3 - Network,\ADMINISTRATOR,ADMINISTRATOR,"11/15/2024, 9:45:17.976 PM"
"11/15/2024, 9:45:08.805 PM",\Ï»¿ADMINISTRATOR,User,MyLowCostVM,Microsoft-Windows-Security-Auditing,Security,4625,4625 - An account failed to log on.,194.180.49.161,3,3 - Network,\Ï»¿ADMINISTRATOR,Ï»¿ADMINISTRATOR,"11/15/2024, 9:45:37.966 PM"
"11/15/2024, 9:45:14.487 PM",\ADMINISTRATOR,User,MyLowCostVM,Microsoft-Windows-Security-Auditing,Security,4625,4625 - An account failed to log on.,120.133.88.0,3,3 - Network,\ADMINISTRATOR,ADMINISTRATOR,"11/15/2024, 9:45:37.966 PM"
"11/15/2024, 9:45:40.501 PM",\ADMINISTRATOR,User,MyLowCostVM,Microsoft-Windows-Security-Auditing,Security,4625,4625 - An account failed to log on.,120.133.88.0,3,3 - Network,\ADMINISTRATOR,ADMINISTRATOR,"11/15/2024, 9:46:17.967 PM"
"11/15/2024, 9:46:06.537 PM",\ADMINISTRATOR,User,MyLowCostVM,Microsoft-Windows-Security-Auditing,Security,4625,4625 - An account failed to log on.,120.133.88.0,3,3 - Network,\ADMINISTRATOR,ADMINISTRATOR,"11/15/2024, 9:46:37.978 PM"
"11/15/2024, 9:46:32.652 PM",\ADMINISTRATOR,User,MyLowCostVM,Microsoft-Windows-Security-Auditing,Security,4625,4625 - An account failed to log on.,120.133.88.0,3,3 - Network,\ADMINISTRATOR,ADMINISTRATOR,"11/15/2024, 9:46:57.961 PM"
"11/15/2024, 9:46:35.415 PM",\ADMINISTRATOR,User,MyLowCostVM,Microsoft-Windows-Security-Auditing,Security,4625,4625 - An account failed to log on.,20.235.247.188,3,3 - Network,\ADMINISTRATOR,ADMINISTRATOR,"11/15/2024, 9:46:57.961 PM"
"11/15/2024, 9:46:35.476 PM",\ADMINISTRATOR,User,MyLowCostVM,Microsoft-Windows-Security-Auditing,Security,4625,4625 - An account failed to log on.,103.227.210.199,3,3 - Network,\ADMINISTRATOR,ADMINISTRATOR,"11/15/2024, 9:46:57.961 PM"
"11/15/2024, 9:46:42.381 PM",\ADMINISTRATOR,User,MyLowCostVM,Microsoft-Windows-Security-Auditing,Security,4625,4625 - An account failed to log on.,186.75.215.94,3,3 - Network,\ADMINISTRATOR,ADMINISTRATOR,"11/15/2024, 9:47:17.961 PM"
"11/15/2024, 9:46:58.679 PM",\ADMINISTRATOR,User,MyLowCostVM,Microsoft-Windows-Security-Auditing,Security,4625,4625 - An account failed to log on.,120.133.88.0,3,3 - Network,\ADMINISTRATOR,ADMINISTRATOR,"11/15/2024, 9:47:17.961 PM"
"11/15/2024, 9:47:13.135 PM",\AZUREUSER,User,MyLowCostVM,Microsoft-Windows-Security-Auditing,Security,4625,4625 - An account failed to log on.,94.102.49.171,3,3 - Network,\AZUREUSER,AZUREUSER,"11/15/2024, 9:47:37.958 PM"
"11/15/2024, 9:47:24.710 PM",\ADMINISTRATOR,User,MyLowCostVM,Microsoft-Windows-Security-Auditing,Security,4625,4625 - An account failed to log on.,120.133.88.0,3,3 - Network,\ADMINISTRATOR,ADMINISTRATOR,"11/15/2024, 9:47:57.946 PM"
"11/15/2024, 9:47:50.710 PM",\ADMINISTRATOR,User,MyLowCostVM,Microsoft-Windows-Security-Auditing,Security,4625,4625 - An account failed to log on.,120.133.88.0,3,3 - Network,\ADMINISTRATOR,ADMINISTRATOR,"11/15/2024, 9:48:17.964 PM"
"11/15/2024, 9:48:16.807 PM",\ADMINISTRATOR,User,MyLowCostVM,Microsoft-Windows-Security-Auditing,Security,4625,4625 - An account failed to log on.,120.133.88.0,3,3 - Network,\ADMINISTRATOR,ADMINISTRATOR,"11/15/2024, 9:48:37.943 PM"
"11/15/2024, 9:48:42.923 PM",\ADMINISTRATOR,User,MyLowCostVM,Microsoft-Windows-Security-Auditing,Security,4625,4625 - An account failed to log on.,120.133.88.0,3,3 - Network,\ADMINISTRATOR,ADMINISTRATOR,"11/15/2024, 9:49:17.922 PM"
"11/15/2024, 9:49:07.629 PM",\ADMINISTRATOR,User,MyLowCostVM,Microsoft-Windows-Security-Auditing,Security,4625,4625 - An account failed to log on.,20.235.247.188,3,3 - Network,\ADMINISTRATOR,ADMINISTRATOR,"11/15/2024, 9:49:37.968 PM"
"11/15/2024, 9:49:08.944 PM",\ADMINISTRATOR,User,MyLowCostVM,Microsoft-Windows-Security-Auditing,Security,4625,4625 - An account failed to log on.,120.133.88.0,3,3 - Network,\ADMINISTRATOR,ADMINISTRATOR,"11/15/2024, 9:49:37.968 PM"
"11/15/2024, 9:49:34.980 PM",\ADMINISTRATOR,User,MyLowCostVM,Microsoft-Windows-Security-Auditing,Security,4625,4625 - An account failed to log on.,120.133.88.0,3,3 - Network,\ADMINISTRATOR,ADMINISTRATOR,"11/15/2024, 9:49:57.963 PM"
"11/15/2024, 9:49:44.507 PM",\ADMINISTRATOR,User,MyLowCostVM,Microsoft-Windows-Security-Auditing,Security,4625,4625 - An account failed to log on.,186.75.215.94,3,3 - Network,\ADMINISTRATOR,ADMINISTRATOR,"11/15/2024, 9:50:17.943 PM"
"11/15/2024, 9:49:49.155 PM",\AZUREUSER,User,MyLowCostVM,Microsoft-Windows-Security-Auditing,Security,4625,4625 - An account failed to log on.,94.102.49.171,3,3 - Network,\AZUREUSER,AZUREUSER,"11/15/2024, 9:50:17.943 PM"
"11/15/2024, 9:50:00.980 PM",\ADMINISTRATOR,User,MyLowCostVM,Microsoft-Windows-Security-Auditing,Security,4625,4625 - An account failed to log on.,120.133.88.0,3,3 - Network,\ADMINISTRATOR,ADMINISTRATOR,"11/15/2024, 9:50:37.957 PM"
"11/15/2024, 9:50:26.982 PM",\ADMINISTRATOR,User,MyLowCostVM,Microsoft-Windows-Security-Auditing,Security,4625,4625 - An account failed to log on.,120.133.88.0,3,3 - Network,\ADMINISTRATOR,ADMINISTRATOR,"11/15/2024, 9:50:57.959 PM"
"11/15/2024, 9:50:52.958 PM",\ADMINISTRATOR,User,MyLowCostVM,Microsoft-Windows-Security-Auditing,Security,4625,4625 - An account failed to log on.,120.133.88.0,3,3 - Network,\ADMINISTRATOR,ADMINISTRATOR,"11/15/2024, 9:51:17.957 PM"
"11/15/2024, 9:51:18.950 PM",\ADMINISTRATOR,User,MyLowCostVM,Microsoft-Windows-Security-Auditing,Security,4625,4625 - An account failed to log on.,120.133.88.0,3,3 - Network,\ADMINISTRATOR,ADMINISTRATOR,"11/15/2024, 9:51:37.961 PM"
"11/15/2024, 9:51:44.826 PM",\Ï»¿ADMINISTRATOR,User,MyLowCostVM,Microsoft-Windows-Security-Auditing,Security,4625,4625 - An account failed to log on.,194.180.49.161,3,3 - Network,\Ï»¿ADMINISTRATOR,Ï»¿ADMINISTRATOR,"11/15/2024, 9:52:17.957 PM"
"11/15/2024, 9:51:44.967 PM",\ADMINISTRATOR,User,MyLowCostVM,Microsoft-Windows-Security-Auditing,Security,4625,4625 - An account failed to log on.,120.133.88.0,3,3 - Network,\ADMINISTRATOR,ADMINISTRATOR,"11/15/2024, 9:52:17.957 PM"
"11/15/2024, 9:51:45.175 PM",\ADMINISTRATOR,User,MyLowCostVM,Microsoft-Windows-Security-Auditing,Security,4625,4625 - An account failed to log on.,20.235.247.188,3,3 - Network,\ADMINISTRATOR,ADMINISTRATOR,"11/15/2024, 9:52:17.957 PM"
"11/15/2024, 9:52:03.235 PM",\Ï»¿ADMINISTRATOR,User,MyLowCostVM,Microsoft-Windows-Security-Auditing,Security,4625,4625 - An account failed to log on.,194.180.49.161,3,3 - Network,\Ï»¿ADMINISTRATOR,Ï»¿ADMINISTRATOR,"11/15/2024, 9:52:37.948 PM"
"11/15/2024, 9:52:09.155 PM",\Ï»¿ADMINISTRATOR,User,MyLowCostVM,Microsoft-Windows-Security-Auditing,Security,4625,4625 - An account failed to log on.,194.180.49.161,3,3 - Network,\Ï»¿ADMINISTRATOR,Ï»¿ADMINISTRATOR,"11/15/2024, 9:52:37.948 PM"
"11/15/2024, 9:52:09.570 PM",\Ï»¿ADMINISTRATOR,User,MyLowCostVM,Microsoft-Windows-Security-Auditing,Security,4625,4625 - An account failed to log on.,194.180.49.161,3,3 - Network,\Ï»¿ADMINISTRATOR,Ï»¿ADMINISTRATOR,"11/15/2024, 9:52:37.948 PM"
"11/15/2024, 9:52:10.138 PM",\Ï»¿ADMINISTRATOR,User,MyLowCostVM,Microsoft-Windows-Security-Auditing,Security,4625,4625 - An account failed to log on.,194.180.49.161,3,3 - Network,\Ï»¿ADMINISTRATOR,Ï»¿ADMINISTRATOR,"11/15/2024, 9:52:37.948 PM"
"11/15/2024, 9:52:10.188 PM",\Ï»¿ADMINISTRATOR,User,MyLowCostVM,Microsoft-Windows-Security-Auditing,Security,4625,4625 - An account failed to log on.,194.180.49.161,3,3 - Network,\Ï»¿ADMINISTRATOR,Ï»¿ADMINISTRATOR,"11/15/2024, 9:52:37.948 PM"
"11/15/2024, 9:52:10.611 PM",\Ï»¿ADMINISTRATOR,User,MyLowCostVM,Microsoft-Windows-Security-Auditing,Security,4625,4625 - An account failed to log on.,194.180.49.161,3,3 - Network,\Ï»¿ADMINISTRATOR,Ï»¿ADMINISTRATOR,"11/15/2024, 9:52:37.948 PM"
"11/15/2024, 9:52:10.968 PM",\ADMINISTRATOR,User,MyLowCostVM,Microsoft-Windows-Security-Auditing,Security,4625,4625 - An account failed to log on.,120.133.88.0,3,3 - Network,\ADMINISTRATOR,ADMINISTRATOR,"11/15/2024, 9:52:37.948 PM"
"11/15/2024, 9:52:24.990 PM",\AZUREUSER,User,MyLowCostVM,Microsoft-Windows-Security-Auditing,Security,4625,4625 - An account failed to log on.,94.102.49.171,3,3 - Network,\AZUREUSER,AZUREUSER,"11/15/2024, 9:52:57.965 PM"
"11/15/2024, 9:52:36.959 PM",\ADMINISTRATOR,User,MyLowCostVM,Microsoft-Windows-Security-Auditing,Security,4625,4625 - An account failed to log on.,120.133.88.0,3,3 - Network,\ADMINISTRATOR,ADMINISTRATOR,"11/15/2024, 9:52:57.965 PM"
"11/15/2024, 9:52:48.264 PM",\ADMINISTRATOR,User,MyLowCostVM,Microsoft-Windows-Security-Auditing,Security,4625,4625 - An account failed to log on.,186.75.215.94,3,3 - Network,\ADMINISTRATOR,ADMINISTRATOR,"11/15/2024, 9:53:17.958 PM"
"11/15/2024, 9:53:02.945 PM",\ADMINISTRATOR,User,MyLowCostVM,Microsoft-Windows-Security-Auditing,Security,4625,4625 - An account failed to log on.,120.133.88.0,3,3 - Network,\ADMINISTRATOR,ADMINISTRATOR,"11/15/2024, 9:53:37.952 PM"
"11/15/2024, 9:53:28.906 PM",\ADMINISTRATOR,User,MyLowCostVM,Microsoft-Windows-Security-Auditing,Security,4625,4625 - An account failed to log on.,120.133.88.0,3,3 - Network,\ADMINISTRATOR,ADMINISTRATOR,"11/15/2024, 9:53:57.953 PM"
"11/15/2024, 9:53:54.925 PM",\ADMINISTRATOR,User,MyLowCostVM,Microsoft-Windows-Security-Auditing,Security,4625,4625 - An account failed to log on.,120.133.88.0,3,3 - Network,\ADMINISTRATOR,ADMINISTRATOR,"11/15/2024, 9:54:17.960 PM"
"11/15/2024, 9:54:17.778 PM",\ADMINISTRATOR,User,MyLowCostVM,Microsoft-Windows-Security-Auditing,Security,4625,4625 - An account failed to log on.,20.235.247.188,3,3 - Network,\ADMINISTRATOR,ADMINISTRATOR,"11/15/2024, 9:54:37.955 PM"
"11/15/2024, 9:54:20.862 PM",\ADMINISTRATOR,User,MyLowCostVM,Microsoft-Windows-Security-Auditing,Security,4625,4625 - An account failed to log on.,120.133.88.0,3,3 - Network,\ADMINISTRATOR,ADMINISTRATOR,"11/15/2024, 9:54:57.956 PM"
"11/15/2024, 9:54:32.554 PM",\Ï»¿ADMINISTRATOR,User,MyLowCostVM,Microsoft-Windows-Security-Auditing,Security,4625,4625 - An account failed to log on.,194.180.49.161,3,3 - Network,\Ï»¿ADMINISTRATOR,Ï»¿ADMINISTRATOR,"11/15/2024, 9:54:57.956 PM"
"11/15/2024, 9:54:46.813 PM",\ADMINISTRATOR,User,MyLowCostVM,Microsoft-Windows-Security-Auditing,Security,4625,4625 - An account failed to log on.,120.133.88.0,3,3 - Network,\ADMINISTRATOR,ADMINISTRATOR,"11/15/2024, 9:55:17.977 PM"
"11/15/2024, 9:55:00.875 PM",\AZUREUSER,User,MyLowCostVM,Microsoft-Windows-Security-Auditing,Security,4625,4625 - An account failed to log on.,94.102.49.171,3,3 - Network,\AZUREUSER,AZUREUSER,"11/15/2024, 9:55:37.976 PM"
"11/15/2024, 9:55:12.816 PM",\ADMINISTRATOR,User,MyLowCostVM,Microsoft-Windows-Security-Auditing,Security,4625,4625 - An account failed to log on.,120.133.88.0,3,3 - Network,\ADMINISTRATOR,ADMINISTRATOR,"11/15/2024, 9:55:37.976 PM"
"11/15/2024, 9:55:14.083 PM",\Ï»¿ADMINISTRATOR,User,MyLowCostVM,Microsoft-Windows-Security-Auditing,Security,4625,4625 - An account failed to log on.,194.180.49.161,3,3 - Network,\Ï»¿ADMINISTRATOR,Ï»¿ADMINISTRATOR,"11/15/2024, 9:55:37.976 PM"
"11/15/2024, 9:55:17.866 PM",\Ï»¿ADMINISTRATOR,User,MyLowCostVM,Microsoft-Windows-Security-Auditing,Security,4625,4625 - An account failed to log on.,194.180.49.161,3,3 - Network,\Ï»¿ADMINISTRATOR,Ï»¿ADMINISTRATOR,"11/15/2024, 9:55:37.976 PM"
"11/15/2024, 9:55:20.151 PM",\Ï»¿ADMINISTRATOR,User,MyLowCostVM,Microsoft-Windows-Security-Auditing,Security,4625,4625 - An account failed to log on.,194.180.49.161,3,3 - Network,\Ï»¿ADMINISTRATOR,Ï»¿ADMINISTRATOR,"11/15/2024, 9:55:57.953 PM"
"11/15/2024, 9:55:23.996 PM",\Ï»¿ADMINISTRATOR,User,MyLowCostVM,Microsoft-Windows-Security-Auditing,Security,4625,4625 - An account failed to log on.,194.180.49.161,3,3 - Network,\Ï»¿ADMINISTRATOR,Ï»¿ADMINISTRATOR,"11/15/2024, 9:55:57.953 PM"
"11/15/2024, 9:55:25.535 PM",\Ï»¿ADMINISTRATOR,User,MyLowCostVM,Microsoft-Windows-Security-Auditing,Security,4625,4625 - An account failed to log on.,194.180.49.161,3,3 - Network,\Ï»¿ADMINISTRATOR,Ï»¿ADMINISTRATOR,"11/15/2024, 9:55:57.953 PM"
"11/15/2024, 9:55:25.643 PM",\Ï»¿ADMINISTRATOR,User,MyLowCostVM,Microsoft-Windows-Security-Auditing,Security,4625,4625 - An account failed to log on.,194.180.49.161,3,3 - Network,\Ï»¿ADMINISTRATOR,Ï»¿ADMINISTRATOR,"11/15/2024, 9:55:57.953 PM"
"11/15/2024, 9:55:38.799 PM",\ADMINISTRATOR,User,MyLowCostVM,Microsoft-Windows-Security-Auditing,Security,4625,4625 - An account failed to log on.,120.133.88.0,3,3 - Network,\ADMINISTRATOR,ADMINISTRATOR,"11/15/2024, 9:55:57.953 PM"
"11/15/2024, 9:55:52.742 PM",\ADMINISTRATOR,User,MyLowCostVM,Microsoft-Windows-Security-Auditing,Security,4625,4625 - An account failed to log on.,186.75.215.94,3,3 - Network,\ADMINISTRATOR,ADMINISTRATOR,"11/15/2024, 9:56:17.972 PM"
"11/15/2024, 9:56:04.840 PM",\ADMINISTRATOR,User,MyLowCostVM,Microsoft-Windows-Security-Auditing,Security,4625,4625 - An account failed to log on.,120.133.88.0,3,3 - Network,\ADMINISTRATOR,ADMINISTRATOR,"11/15/2024, 9:56:37.969 PM"
"11/15/2024, 9:56:30.796 PM",\ADMINISTRATOR,User,MyLowCostVM,Microsoft-Windows-Security-Auditing,Security,4625,4625 - An account failed to log on.,120.133.88.0,3,3 - Network,\ADMINISTRATOR,ADMINISTRATOR,"11/15/2024, 9:56:58.150 PM"
"11/15/2024, 9:56:51.257 PM",\ADMINISTRATOR,User,MyLowCostVM,Microsoft-Windows-Security-Auditing,Security,4625,4625 - An account failed to log on.,20.235.247.188,3,3 - Network,\ADMINISTRATOR,ADMINISTRATOR,"11/15/2024, 9:57:17.933 PM"
"11/15/2024, 9:56:56.739 PM",\ADMINISTRATOR,User,MyLowCostVM,Microsoft-Windows-Security-Auditing,Security,4625,4625 - An account failed to log on.,120.133.88.0,3,3 - Network,\ADMINISTRATOR,ADMINISTRATOR,"11/15/2024, 9:57:17.933 PM"
"11/15/2024, 9:57:14.806 PM",\Ï»¿ADMINISTRATOR,User,MyLowCostVM,Microsoft-Windows-Security-Auditing,Security,4625,4625 - An account failed to log on.,194.180.49.161,3,3 - Network,\Ï»¿ADMINISTRATOR,Ï»¿ADMINISTRATOR,"11/15/2024, 9:57:37.960 PM"
"11/15/2024, 9:57:22.657 PM",\ADMINISTRATOR,User,MyLowCostVM,Microsoft-Windows-Security-Auditing,Security,4625,4625 - An account failed to log on.,120.133.88.0,3,3 - Network,\ADMINISTRATOR,ADMINISTRATOR,"11/15/2024, 9:57:57.935 PM"
"11/15/2024, 9:57:36.799 PM",\AZUREUSER,User,MyLowCostVM,Microsoft-Windows-Security-Auditing,Security,4625,4625 - An account failed to log on.,94.102.49.171,3,3 - Network,\AZUREUSER,AZUREUSER,"11/15/2024, 9:57:57.935 PM"
"11/15/2024, 9:57:48.627 PM",\ADMINISTRATOR,User,MyLowCostVM,Microsoft-Windows-Security-Auditing,Security,4625,4625 - An account failed to log on.,120.133.88.0,3,3 - Network,\ADMINISTRATOR,ADMINISTRATOR,"11/15/2024, 9:58:17.973 PM"
"11/15/2024, 9:58:14.549 PM",\ADMINISTRATOR,User,MyLowCostVM,Microsoft-Windows-Security-Auditing,Security,4625,4625 - An account failed to log on.,120.133.88.0,3,3 - Network,\ADMINISTRATOR,ADMINISTRATOR,"11/15/2024, 9:58:37.915 PM"
"11/15/2024, 9:58:24.197 PM",\Ï»¿ADMINISTRATOR,User,MyLowCostVM,Microsoft-Windows-Security-Auditing,Security,4625,4625 - An account failed to log on.,194.180.49.161,3,3 - Network,\Ï»¿ADMINISTRATOR,Ï»¿ADMINISTRATOR,"11/15/2024, 9:58:57.971 PM"
"11/15/2024, 9:58:27.122 PM",\Ï»¿ADMINISTRATOR,User,MyLowCostVM,Microsoft-Windows-Security-Auditing,Security,4625,4625 - An account failed to log on.,194.180.49.161,3,3 - Network,\Ï»¿ADMINISTRATOR,Ï»¿ADMINISTRATOR,"11/15/2024, 9:58:57.971 PM"
"11/15/2024, 9:58:28.972 PM",\Ï»¿ADMINISTRATOR,User,MyLowCostVM,Microsoft-Windows-Security-Auditing,Security,4625,4625 - An account failed to log on.,194.180.49.161,3,3 - Network,\Ï»¿ADMINISTRATOR,Ï»¿ADMINISTRATOR,"11/15/2024, 9:58:57.971 PM"
"11/15/2024, 9:58:33.725 PM",\Ï»¿ADMINISTRATOR,User,MyLowCostVM,Microsoft-Windows-Security-Auditing,Security,4625,4625 - An account failed to log on.,194.180.49.161,3,3 - Network,\Ï»¿ADMINISTRATOR,Ï»¿ADMINISTRATOR,"11/15/2024, 9:58:57.971 PM"
"11/15/2024, 9:58:35.139 PM",\Ï»¿ADMINISTRATOR,User,MyLowCostVM,Microsoft-Windows-Security-Auditing,Security,4625,4625 - An account failed to log on.,194.180.49.161,3,3 - Network,\Ï»¿ADMINISTRATOR,Ï»¿ADMINISTRATOR,"11/15/2024, 9:58:57.971 PM"
"11/15/2024, 9:58:35.515 PM",\Ï»¿ADMINISTRATOR,User,MyLowCostVM,Microsoft-Windows-Security-Auditing,Security,4625,4625 - An account failed to log on.,194.180.49.161,3,3 - Network,\Ï»¿ADMINISTRATOR,Ï»¿ADMINISTRATOR,"11/15/2024, 9:58:57.971 PM"
"11/15/2024, 9:58:40.527 PM",\ADMINISTRATOR,User,MyLowCostVM,Microsoft-Windows-Security-Auditing,Security,4625,4625 - An account failed to log on.,120.133.88.0,3,3 - Network,\ADMINISTRATOR,ADMINISTRATOR,"11/15/2024, 9:59:17.964 PM"
"11/15/2024, 9:58:59.048 PM",\ADMINISTRATOR,User,MyLowCostVM,Microsoft-Windows-Security-Auditing,Security,4625,4625 - An account failed to log on.,186.75.215.94,3,3 - Network,\ADMINISTRATOR,ADMINISTRATOR,"11/15/2024, 9:59:17.964 PM"
"11/15/2024, 9:59:06.465 PM",\ADMINISTRATOR,User,MyLowCostVM,Microsoft-Windows-Security-Auditing,Security,4625,4625 - An account failed to log on.,120.133.88.0,3,3 - Network,\ADMINISTRATOR,ADMINISTRATOR,"11/15/2024, 9:59:37.958 PM"
"11/15/2024, 9:59:25.615 PM",\ADMINISTRATOR,User,MyLowCostVM,Microsoft-Windows-Security-Auditing,Security,4625,4625 - An account failed to log on.,20.235.247.188,3,3 - Network,\ADMINISTRATOR,ADMINISTRATOR,"11/15/2024, 9:59:57.941 PM"
"11/15/2024, 9:59:32.433 PM",\ADMINISTRATOR,User,MyLowCostVM,Microsoft-Windows-Security-Auditing,Security,4625,4625 - An account failed to log on.,120.133.88.0,3,3 - Network,\ADMINISTRATOR,ADMINISTRATOR,"11/15/2024, 9:59:57.941 PM"
"11/15/2024, 9:59:58.430 PM",\ADMINISTRATOR,User,MyLowCostVM,Microsoft-Windows-Security-Auditing,Security,4625,4625 - An account failed to log on.,120.133.88.0,3,3 - Network,\ADMINISTRATOR,ADMINISTRATOR,"11/15/2024, 10:00:17.976 PM"
"11/15/2024, 10:00:09.330 PM",\Ï»¿ADMINISTRATOR,User,MyLowCostVM,Microsoft-Windows-Security-Auditing,Security,4625,4625 - An account failed to log on.,194.180.49.161,3,3 - Network,\Ï»¿ADMINISTRATOR,Ï»¿ADMINISTRATOR,"11/15/2024, 10:00:37.978 PM"
"11/15/2024, 10:00:12.775 PM",\AZUREUSER,User,MyLowCostVM,Microsoft-Windows-Security-Auditing,Security,4625,4625 - An account failed to log on.,94.102.49.171,3,3 - Network,\AZUREUSER,AZUREUSER,"11/15/2024, 10:00:37.978 PM"
"11/15/2024, 10:00:24.392 PM",\ADMINISTRATOR,User,MyLowCostVM,Microsoft-Windows-Security-Auditing,Security,4625,4625 - An account failed to log on.,120.133.88.0,3,3 - Network,\ADMINISTRATOR,ADMINISTRATOR,"11/15/2024, 10:00:57.967 PM"
"11/15/2024, 10:00:50.509 PM",\ADMINISTRATOR,User,MyLowCostVM,Microsoft-Windows-Security-Auditing,Security,4625,4625 - An account failed to log on.,120.133.88.0,3,3 - Network,\ADMINISTRATOR,ADMINISTRATOR,"11/15/2024, 10:01:17.948 PM"
"11/15/2024, 10:01:16.681 PM",\ADMINISTRATOR,User,MyLowCostVM,Microsoft-Windows-Security-Auditing,Security,4625,4625 - An account failed to log on.,120.133.88.0,3,3 - Network,\ADMINISTRATOR,ADMINISTRATOR,"11/15/2024, 10:01:37.921 PM"
"11/15/2024, 10:01:29.908 PM",\Ï»¿ADMINISTRATOR,User,MyLowCostVM,Microsoft-Windows-Security-Auditing,Security,4625,4625 - An account failed to log on.,194.180.49.161,3,3 - Network,\Ï»¿ADMINISTRATOR,Ï»¿ADMINISTRATOR,"11/15/2024, 10:01:57.955 PM"
"11/15/2024, 10:01:32.062 PM",\Ï»¿ADMINISTRATOR,User,MyLowCostVM,Microsoft-Windows-Security-Auditing,Security,4625,4625 - An account failed to log on.,194.180.49.161,3,3 - Network,\Ï»¿ADMINISTRATOR,Ï»¿ADMINISTRATOR,"11/15/2024, 10:01:57.955 PM"
"11/15/2024, 10:01:34.996 PM",\Ï»¿ADMINISTRATOR,User,MyLowCostVM,Microsoft-Windows-Security-Auditing,Security,4625,4625 - An account failed to log on.,194.180.49.161,3,3 - Network,\Ï»¿ADMINISTRATOR,Ï»¿ADMINISTRATOR,"11/15/2024, 10:01:57.955 PM"
"11/15/2024, 10:01:37.683 PM",\Ï»¿ADMINISTRATOR,User,MyLowCostVM,Microsoft-Windows-Security-Auditing,Security,4625,4625 - An account failed to log on.,194.180.49.161,3,3 - Network,\Ï»¿ADMINISTRATOR,Ï»¿ADMINISTRATOR,"11/15/2024, 10:01:57.955 PM"
"11/15/2024, 10:01:39.718 PM",\Ï»¿ADMINISTRATOR,User,MyLowCostVM,Microsoft-Windows-Security-Auditing,Security,4625,4625 - An account failed to log on.,194.180.49.161,3,3 - Network,\Ï»¿ADMINISTRATOR,Ï»¿ADMINISTRATOR,"11/15/2024, 10:01:57.955 PM"
"11/15/2024, 10:01:42.794 PM",\ADMINISTRATOR,User,MyLowCostVM,Microsoft-Windows-Security-Auditing,Security,4625,4625 - An account failed to log on.,120.133.88.0,3,3 - Network,\ADMINISTRATOR,ADMINISTRATOR,"11/15/2024, 10:02:17.960 PM"
"11/15/2024, 10:01:47.086 PM",\Ï»¿ADMINISTRATOR,User,MyLowCostVM,Microsoft-Windows-Security-Auditing,Security,4625,4625 - An account failed to log on.,194.180.49.161,3,3 - Network,\Ï»¿ADMINISTRATOR,Ï»¿ADMINISTRATOR,"11/15/2024, 10:02:17.960 PM"
"11/15/2024, 10:02:00.921 PM",\ADMINISTRATOR,User,MyLowCostVM,Microsoft-Windows-Security-Auditing,Security,4625,4625 - An account failed to log on.,20.235.247.188,3,3 - Network,\ADMINISTRATOR,ADMINISTRATOR,"11/15/2024, 10:02:37.959 PM"
"11/15/2024, 10:02:08.811 PM",\ADMINISTRATOR,User,MyLowCostVM,Microsoft-Windows-Security-Auditing,Security,4625,4625 - An account failed to log on.,120.133.88.0,3,3 - Network,\ADMINISTRATOR,ADMINISTRATOR,"11/15/2024, 10:02:37.959 PM"
"11/15/2024, 10:02:34.835 PM",\ADMINISTRATOR,User,MyLowCostVM,Microsoft-Windows-Security-Auditing,Security,4625,4625 - An account failed to log on.,120.133.88.0,3,3 - Network,\ADMINISTRATOR,ADMINISTRATOR,"11/15/2024, 10:02:57.968 PM"
"11/15/2024, 10:02:50.283 PM",\AZUREUSER,User,MyLowCostVM,Microsoft-Windows-Security-Auditing,Security,4625,4625 - An account failed to log on.,94.102.49.171,3,3 - Network,\AZUREUSER,AZUREUSER,"11/15/2024, 10:03:17.960 PM"
"11/15/2024, 10:02:54.565 PM",\Ï»¿ADMINISTRATOR,User,MyLowCostVM,Microsoft-Windows-Security-Auditing,Security,4625,4625 - An account failed to log on.,194.180.49.161,3,3 - Network,\Ï»¿ADMINISTRATOR,Ï»¿ADMINISTRATOR,"11/15/2024, 10:03:17.960 PM"
"11/15/2024, 10:03:00.810 PM",\ADMINISTRATOR,User,MyLowCostVM,Microsoft-Windows-Security-Auditing,Security,4625,4625 - An account failed to log on.,120.133.88.0,3,3 - Network,\ADMINISTRATOR,ADMINISTRATOR,"11/15/2024, 10:03:37.973 PM"
"11/15/2024, 10:03:26.658 PM",\ADMINISTRATOR,User,MyLowCostVM,Microsoft-Windows-Security-Auditing,Security,4625,4625 - An account failed to log on.,120.133.88.0,3,3 - Network,\ADMINISTRATOR,ADMINISTRATOR,"11/15/2024, 10:03:57.956 PM"
"11/15/2024, 10:03:52.458 PM",\ADMINISTRATOR,User,MyLowCostVM,Microsoft-Windows-Security-Auditing,Security,4625,4625 - An account failed to log on.,120.133.88.0,3,3 - Network,\ADMINISTRATOR,ADMINISTRATOR,"11/15/2024, 10:04:17.973 PM"
"11/15/2024, 10:04:18.282 PM",\ADMINISTRATOR,User,MyLowCostVM,Microsoft-Windows-Security-Auditing,Security,4625,4625 - An account failed to log on.,120.133.88.0,3,3 - Network,\ADMINISTRATOR,ADMINISTRATOR,"11/15/2024, 10:04:37.929 PM"
"11/15/2024, 10:04:29.158 PM",\Ï»¿ADMINISTRATOR,User,MyLowCostVM,Microsoft-Windows-Security-Auditing,Security,4625,4625 - An account failed to log on.,194.180.49.161,3,3 - Network,\Ï»¿ADMINISTRATOR,Ï»¿ADMINISTRATOR,"11/15/2024, 10:04:57.947 PM"
"11/15/2024, 10:04:35.567 PM",\ADMINISTRATOR,User,MyLowCostVM,Microsoft-Windows-Security-Auditing,Security,4625,4625 - An account failed to log on.,20.235.247.188,3,3 - Network,\ADMINISTRATOR,ADMINISTRATOR,"11/15/2024, 10:04:57.947 PM"
"11/15/2024, 10:04:38.418 PM",\Ï»¿ADMINISTRATOR,User,MyLowCostVM,Microsoft-Windows-Security-Auditing,Security,4625,4625 - An account failed to log on.,194.180.49.161,3,3 - Network,\Ï»¿ADMINISTRATOR,Ï»¿ADMINISTRATOR,"11/15/2024, 10:04:57.947 PM"
"11/15/2024, 10:04:38.770 PM",\Ï»¿ADMINISTRATOR,User,MyLowCostVM,Microsoft-Windows-Security-Auditing,Security,4625,4625 - An account failed to log on.,194.180.49.161,3,3 - Network,\Ï»¿ADMINISTRATOR,Ï»¿ADMINISTRATOR,"11/15/2024, 10:04:57.947 PM"
"11/15/2024, 10:04:43.459 PM",\Ï»¿ADMINISTRATOR,User,MyLowCostVM,Microsoft-Windows-Security-Auditing,Security,4625,4625 - An account failed to log on.,194.180.49.161,3,3 - Network,\Ï»¿ADMINISTRATOR,Ï»¿ADMINISTRATOR,"11/15/2024, 10:05:17.930 PM"
"11/15/2024, 10:04:43.925 PM",\Ï»¿ADMINISTRATOR,User,MyLowCostVM,Microsoft-Windows-Security-Auditing,Security,4625,4625 - An account failed to log on.,194.180.49.161,3,3 - Network,\Ï»¿ADMINISTRATOR,Ï»¿ADMINISTRATOR,"11/15/2024, 10:05:17.930 PM"
"11/15/2024, 10:04:44.103 PM",\ADMINISTRATOR,User,MyLowCostVM,Microsoft-Windows-Security-Auditing,Security,4625,4625 - An account failed to log on.,120.133.88.0,3,3 - Network,\ADMINISTRATOR,ADMINISTRATOR,"11/15/2024, 10:05:17.930 PM"
"11/15/2024, 10:04:54.981 PM",\Ï»¿ADMINISTRATOR,User,MyLowCostVM,Microsoft-Windows-Security-Auditing,Security,4625,4625 - An account failed to log on.,194.180.49.161,3,3 - Network,\Ï»¿ADMINISTRATOR,Ï»¿ADMINISTRATOR,"11/15/2024, 10:05:17.930 PM"
"11/15/2024, 10:05:08.315 PM",\ADMINISTRATOR,User,MyLowCostVM,Microsoft-Windows-Security-Auditing,Security,4625,4625 - An account failed to log on.,186.75.215.94,3,3 - Network,\ADMINISTRATOR,ADMINISTRATOR,"11/15/2024, 10:05:37.937 PM"
"11/15/2024, 10:05:09.896 PM",\ADMINISTRATOR,User,MyLowCostVM,Microsoft-Windows-Security-Auditing,Security,4625,4625 - An account failed to log on.,120.133.88.0,3,3 - Network,\ADMINISTRATOR,ADMINISTRATOR,"11/15/2024, 10:05:37.937 PM"
"11/15/2024, 10:05:29.120 PM",\AZUREUSER,User,MyLowCostVM,Microsoft-Windows-Security-Auditing,Security,4625,4625 - An account failed to log on.,94.102.49.171,3,3 - Network,\AZUREUSER,AZUREUSER,"11/15/2024, 10:05:57.906 PM"
"11/15/2024, 10:05:32.107 PM",\Ï»¿ADMINISTRATOR,User,MyLowCostVM,Microsoft-Windows-Security-Auditing,Security,4625,4625 - An account failed to log on.,194.180.49.161,3,3 - Network,\Ï»¿ADMINISTRATOR,Ï»¿ADMINISTRATOR,"11/15/2024, 10:05:57.906 PM"
"11/15/2024, 10:05:35.654 PM",\ADMINISTRATOR,User,MyLowCostVM,Microsoft-Windows-Security-Auditing,Security,4625,4625 - An account failed to log on.,120.133.88.0,3,3 - Network,\ADMINISTRATOR,ADMINISTRATOR,"11/15/2024, 10:05:57.906 PM"
"11/15/2024, 10:06:01.534 PM",\ADMINISTRATOR,User,MyLowCostVM,Microsoft-Windows-Security-Auditing,Security,4625,4625 - An account failed to log on.,120.133.88.0,3,3 - Network,\ADMINISTRATOR,ADMINISTRATOR,"11/15/2024, 10:06:37.958 PM"
"11/15/2024, 10:06:27.272 PM",\ADMINISTRATOR,User,MyLowCostVM,Microsoft-Windows-Security-Auditing,Security,4625,4625 - An account failed to log on.,120.133.88.0,3,3 - Network,\ADMINISTRATOR,ADMINISTRATOR,"11/15/2024, 10:06:57.959 PM"
"11/15/2024, 10:06:53.115 PM",\ADMINISTRATOR,User,MyLowCostVM,Microsoft-Windows-Security-Auditing,Security,4625,4625 - An account failed to log on.,120.133.88.0,3,3 - Network,\ADMINISTRATOR,ADMINISTRATOR,"11/15/2024, 10:07:17.957 PM"
"11/15/2024, 10:07:10.700 PM",\ADMINISTRATOR,User,MyLowCostVM,Microsoft-Windows-Security-Auditing,Security,4625,4625 - An account failed to log on.,20.235.247.188,3,3 - Network,\ADMINISTRATOR,ADMINISTRATOR,"11/15/2024, 10:07:37.969 PM"
"11/15/2024, 10:07:18.895 PM",\ADMINISTRATOR,User,MyLowCostVM,Microsoft-Windows-Security-Auditing,Security,4625,4625 - An account failed to log on.,120.133.88.0,3,3 - Network,\ADMINISTRATOR,ADMINISTRATOR,"11/15/2024, 10:07:37.969 PM"
"11/15/2024, 10:07:26.270 PM",\Ï»¿ADMINISTRATOR,User,MyLowCostVM,Microsoft-Windows-Security-Auditing,Security,4625,4625 - An account failed to log on.,194.180.49.161,3,3 - Network,\Ï»¿ADMINISTRATOR,Ï»¿ADMINISTRATOR,"11/15/2024, 10:07:57.917 PM"
"11/15/2024, 10:07:37.001 PM",\Ï»¿ADMINISTRATOR,User,MyLowCostVM,Microsoft-Windows-Security-Auditing,Security,4625,4625 - An account failed to log on.,194.180.49.161,3,3 - Network,\Ï»¿ADMINISTRATOR,Ï»¿ADMINISTRATOR,"11/15/2024, 10:07:57.917 PM"
"11/15/2024, 10:07:41.673 PM",\Ï»¿ADMINISTRATOR,User,MyLowCostVM,Microsoft-Windows-Security-Auditing,Security,4625,4625 - An account failed to log on.,194.180.49.161,3,3 - Network,\Ï»¿ADMINISTRATOR,Ï»¿ADMINISTRATOR,"11/15/2024, 10:08:17.980 PM"
"11/15/2024, 10:07:42.820 PM",\Ï»¿ADMINISTRATOR,User,MyLowCostVM,Microsoft-Windows-Security-Auditing,Security,4625,4625 - An account failed to log on.,194.180.49.161,3,3 - Network,\Ï»¿ADMINISTRATOR,Ï»¿ADMINISTRATOR,"11/15/2024, 10:08:17.980 PM"
"11/15/2024, 10:07:44.691 PM",\ADMINISTRATOR,User,MyLowCostVM,Microsoft-Windows-Security-Auditing,Security,4625,4625 - An account failed to log on.,120.133.88.0,3,3 - Network,\ADMINISTRATOR,ADMINISTRATOR,"11/15/2024, 10:08:17.980 PM"
"11/15/2024, 10:07:54.289 PM",\Ï»¿ADMINISTRATOR,User,MyLowCostVM,Microsoft-Windows-Security-Auditing,Security,4625,4625 - An account failed to log on.,194.180.49.161,3,3 - Network,\Ï»¿ADMINISTRATOR,Ï»¿ADMINISTRATOR,"11/15/2024, 10:08:17.980 PM"
"11/15/2024, 10:07:55.832 PM",\Ï»¿ADMINISTRATOR,User,MyLowCostVM,Microsoft-Windows-Security-Auditing,Security,4625,4625 - An account failed to log on.,194.180.49.161,3,3 - Network,\Ï»¿ADMINISTRATOR,Ï»¿ADMINISTRATOR,"11/15/2024, 10:08:17.980 PM"
"11/15/2024, 10:08:08.125 PM",\AZUREUSER,User,MyLowCostVM,Microsoft-Windows-Security-Auditing,Security,4625,4625 - An account failed to log on.,94.102.49.171,3,3 - Network,\AZUREUSER,AZUREUSER,"11/15/2024, 10:08:37.960 PM"
