TimeGenerated [UTC],Account,AccountType,Computer,EventSourceName,Channel,EventID,Activity,IpAddress,LogonType,LogonTypeName,TargetAccount,TargetUserName,TimeCollected [UTC]
"11/16/2024, 11:56:52.454 PM",\VMADMIN,User,MyLowCostVM,Microsoft-Windows-Security-Auditing,Security,4625,4625 - An account failed to log on.,94.102.49.171,3,3 - Network,\VMADMIN,VMADMIN,"11/16/2024, 11:57:17.806 PM"
"11/16/2024, 11:57:09.937 PM",\DELL,User,MyLowCostVM,Microsoft-Windows-Security-Auditing,Security,4625,4625 - An account failed to log on.,218.90.122.42,3,3 - Network,\DELL,DELL,"11/16/2024, 11:57:37.814 PM"
"11/16/2024, 11:57:17.894 PM",\ADMINISTRATOR,User,MyLowCostVM,Microsoft-Windows-Security-Auditing,Security,4625,4625 - An account failed to log on.,79.124.56.98,3,3 - Network,\ADMINISTRATOR,ADMINISTRATOR,"11/16/2024, 11:57:37.814 PM"
"11/16/2024, 11:57:20.790 PM",\ADMINISTRATOR,User,MyLowCostVM,Microsoft-Windows-Security-Auditing,Security,4625,4625 - An account failed to log on.,36.134.25.206,3,3 - Network,\ADMINISTRATOR,ADMINISTRATOR,"11/16/2024, 11:57:57.796 PM"
"11/16/2024, 11:57:28.378 PM",\ADMIN,User,MyLowCostVM,Microsoft-Windows-Security-Auditing,Security,4625,4625 - An account failed to log on.,94.76.207.192,3,3 - Network,\ADMIN,ADMIN,"11/16/2024, 11:57:57.796 PM"
"11/16/2024, 11:57:29.768 PM",\ADMIN,User,MyLowCostVM,Microsoft-Windows-Security-Auditing,Security,4625,4625 - An account failed to log on.,218.24.151.212,3,3 - Network,\ADMIN,ADMIN,"11/16/2024, 11:57:57.796 PM"
"11/16/2024, 11:57:55.639 PM",\ADMINISTRATOR,User,MyLowCostVM,Microsoft-Windows-Security-Auditing,Security,4625,4625 - An account failed to log on.,36.134.25.206,3,3 - Network,\ADMINISTRATOR,ADMINISTRATOR,"11/16/2024, 11:58:17.805 PM"
"11/16/2024, 11:58:03.625 PM",\USER,User,MyLowCostVM,Microsoft-Windows-Security-Auditing,Security,4625,4625 - An account failed to log on.,218.90.122.42,3,3 - Network,\USER,USER,"11/16/2024, 11:58:37.815 PM"
"11/16/2024, 11:58:31.844 PM",\USER,User,MyLowCostVM,Microsoft-Windows-Security-Auditing,Security,4625,4625 - An account failed to log on.,94.76.207.192,3,3 - Network,\USER,USER,"11/16/2024, 11:58:57.805 PM"
"11/16/2024, 11:58:33.074 PM",\ADMINISTRATOR,User,MyLowCostVM,Microsoft-Windows-Security-Auditing,Security,4625,4625 - An account failed to log on.,218.24.151.212,3,3 - Network,\ADMINISTRATOR,ADMINISTRATOR,"11/16/2024, 11:58:57.805 PM"
"11/16/2024, 11:58:38.384 PM",\ADMINISTRATOR,User,MyLowCostVM,Microsoft-Windows-Security-Auditing,Security,4625,4625 - An account failed to log on.,36.134.25.206,3,3 - Network,\ADMINISTRATOR,ADMINISTRATOR,"11/16/2024, 11:58:57.805 PM"
"11/16/2024, 11:58:53.645 PM",\ADMINISTRATOR,User,MyLowCostVM,Microsoft-Windows-Security-Auditing,Security,4625,4625 - An account failed to log on.,116.228.169.194,3,3 - Network,\ADMINISTRATOR,ADMINISTRATOR,"11/16/2024, 11:59:17.795 PM"
"11/16/2024, 11:58:59.188 PM",\PC,User,MyLowCostVM,Microsoft-Windows-Security-Auditing,Security,4625,4625 - An account failed to log on.,218.90.122.42,3,3 - Network,\PC,PC,"11/16/2024, 11:59:17.795 PM"
"11/16/2024, 11:59:19.430 PM",\ADMINISTRATOR,User,MyLowCostVM,Microsoft-Windows-Security-Auditing,Security,4625,4625 - An account failed to log on.,36.134.25.206,3,3 - Network,\ADMINISTRATOR,ADMINISTRATOR,"11/16/2024, 11:59:37.814 PM"
"11/16/2024, 11:59:29.103 PM",\ADMINISTRATOR,User,MyLowCostVM,Microsoft-Windows-Security-Auditing,Security,4625,4625 - An account failed to log on.,79.124.56.98,3,3 - Network,\ADMINISTRATOR,ADMINISTRATOR,"11/16/2024, 11:59:58.036 PM"
"11/16/2024, 11:59:36.297 PM",\ADMINISTRATOR,User,MyLowCostVM,Microsoft-Windows-Security-Auditing,Security,4625,4625 - An account failed to log on.,94.76.207.192,3,3 - Network,\ADMINISTRATOR,ADMINISTRATOR,"11/16/2024, 11:59:58.036 PM"
"11/16/2024, 11:59:36.810 PM",\ADMIN,User,MyLowCostVM,Microsoft-Windows-Security-Auditing,Security,4625,4625 - An account failed to log on.,218.24.151.212,3,3 - Network,\ADMIN,ADMIN,"11/16/2024, 11:59:58.036 PM"
"11/16/2024, 11:59:47.689 PM",\ADMINISTRATOR,User,MyLowCostVM,Microsoft-Windows-Security-Auditing,Security,4625,4625 - An account failed to log on.,218.90.122.42,3,3 - Network,\ADMINISTRATOR,ADMINISTRATOR,"11/17/2024, 12:00:17.818 AM"
"11/16/2024, 11:59:57.192 PM",\ADMINISTRATOR,User,MyLowCostVM,Microsoft-Windows-Security-Auditing,Security,4625,4625 - An account failed to log on.,36.134.25.206,3,3 - Network,\ADMINISTRATOR,ADMINISTRATOR,"11/17/2024, 12:00:17.818 AM"
"11/17/2024, 12:00:01.923 AM",\VMADMIN,User,MyLowCostVM,Microsoft-Windows-Security-Auditing,Security,4625,4625 - An account failed to log on.,94.102.49.171,3,3 - Network,\VMADMIN,VMADMIN,"11/17/2024, 12:00:37.796 AM"
"11/17/2024, 12:00:35.383 AM",\ADMINISTRATOR,User,MyLowCostVM,Microsoft-Windows-Security-Auditing,Security,4625,4625 - An account failed to log on.,36.134.25.206,3,3 - Network,\ADMINISTRATOR,ADMINISTRATOR,"11/17/2024, 12:00:57.738 AM"
"11/17/2024, 12:00:37.575 AM",\ADMIN,User,MyLowCostVM,Microsoft-Windows-Security-Auditing,Security,4625,4625 - An account failed to log on.,94.76.207.192,3,3 - Network,\ADMIN,ADMIN,"11/17/2024, 12:00:57.738 AM"
"11/17/2024, 12:00:38.411 AM",\ADMINISTRATOR,User,MyLowCostVM,Microsoft-Windows-Security-Auditing,Security,4625,4625 - An account failed to log on.,218.24.151.212,3,3 - Network,\ADMINISTRATOR,ADMINISTRATOR,"11/17/2024, 12:00:57.738 AM"
"11/17/2024, 12:00:42.017 AM",\ADMIN,User,MyLowCostVM,Microsoft-Windows-Security-Auditing,Security,4625,4625 - An account failed to log on.,218.90.122.42,3,3 - Network,\ADMIN,ADMIN,"11/17/2024, 12:01:17.790 AM"
"11/17/2024, 12:01:02.061 AM",\ADMINISTRATOR,User,MyLowCostVM,Microsoft-Windows-Security-Auditing,Security,4625,4625 - An account failed to log on.,116.228.169.194,3,3 - Network,\ADMINISTRATOR,ADMINISTRATOR,"11/17/2024, 12:01:37.794 AM"
"11/17/2024, 12:01:16.635 AM",\ADMINISTRATOR,User,MyLowCostVM,Microsoft-Windows-Security-Auditing,Security,4625,4625 - An account failed to log on.,36.134.25.206,3,3 - Network,\ADMINISTRATOR,ADMINISTRATOR,"11/17/2024, 12:01:37.794 AM"
"11/17/2024, 12:01:34.400 AM",\TEST,User,MyLowCostVM,Microsoft-Windows-Security-Auditing,Security,4625,4625 - An account failed to log on.,218.90.122.42,3,3 - Network,\TEST,TEST,"11/17/2024, 12:01:57.804 AM"
"11/17/2024, 12:01:40.191 AM",\ADMIN,User,MyLowCostVM,Microsoft-Windows-Security-Auditing,Security,4625,4625 - An account failed to log on.,218.24.151.212,3,3 - Network,\ADMIN,ADMIN,"11/17/2024, 12:02:17.804 AM"
"11/17/2024, 12:01:41.119 AM",\USER,User,MyLowCostVM,Microsoft-Windows-Security-Auditing,Security,4625,4625 - An account failed to log on.,94.76.207.192,3,3 - Network,\USER,USER,"11/17/2024, 12:02:17.804 AM"
"11/17/2024, 12:01:42.420 AM",\ADMINISTRATOR,User,MyLowCostVM,Microsoft-Windows-Security-Auditing,Security,4625,4625 - An account failed to log on.,79.124.56.98,3,3 - Network,\ADMINISTRATOR,ADMINISTRATOR,"11/17/2024, 12:02:17.804 AM"
"11/17/2024, 12:01:57.362 AM",\ADMINISTRATOR,User,MyLowCostVM,Microsoft-Windows-Security-Auditing,Security,4625,4625 - An account failed to log on.,36.134.25.206,3,3 - Network,\ADMINISTRATOR,ADMINISTRATOR,"11/17/2024, 12:02:17.804 AM"
"11/17/2024, 12:02:29.456 AM",\ROOT,User,MyLowCostVM,Microsoft-Windows-Security-Auditing,Security,4625,4625 - An account failed to log on.,218.90.122.42,3,3 - Network,\ROOT,ROOT,"11/17/2024, 12:02:57.797 AM"
"11/17/2024, 12:02:38.823 AM",\ADMINISTRATOR,User,MyLowCostVM,Microsoft-Windows-Security-Auditing,Security,4625,4625 - An account failed to log on.,218.24.151.212,3,3 - Network,\ADMINISTRATOR,ADMINISTRATOR,"11/17/2024, 12:02:57.797 AM"
"11/17/2024, 12:02:41.479 AM",\ADMINISTRATOR,User,MyLowCostVM,Microsoft-Windows-Security-Auditing,Security,4625,4625 - An account failed to log on.,94.76.207.192,3,3 - Network,\ADMINISTRATOR,ADMINISTRATOR,"11/17/2024, 12:03:17.818 AM"
"11/17/2024, 12:02:41.542 AM",\ADMINISTRATOR,User,MyLowCostVM,Microsoft-Windows-Security-Auditing,Security,4625,4625 - An account failed to log on.,36.134.25.206,3,3 - Network,\ADMINISTRATOR,ADMINISTRATOR,"11/17/2024, 12:03:17.818 AM"
"11/17/2024, 12:03:11.202 AM",\ADMINISTRATOR,User,MyLowCostVM,Microsoft-Windows-Security-Auditing,Security,4625,4625 - An account failed to log on.,116.228.169.194,3,3 - Network,\ADMINISTRATOR,ADMINISTRATOR,"11/17/2024, 12:03:37.800 AM"
"11/17/2024, 12:03:11.965 AM",\VMADMIN,User,MyLowCostVM,Microsoft-Windows-Security-Auditing,Security,4625,4625 - An account failed to log on.,94.102.49.171,3,3 - Network,\VMADMIN,VMADMIN,"11/17/2024, 12:03:37.800 AM"
"11/17/2024, 12:03:16.370 AM",\ADMINISTRATOR,User,MyLowCostVM,Microsoft-Windows-Security-Auditing,Security,4625,4625 - An account failed to log on.,36.134.25.206,3,3 - Network,\ADMINISTRATOR,ADMINISTRATOR,"11/17/2024, 12:03:37.800 AM"
"11/17/2024, 12:03:19.452 AM",\DELL,User,MyLowCostVM,Microsoft-Windows-Security-Auditing,Security,4625,4625 - An account failed to log on.,218.90.122.42,3,3 - Network,\DELL,DELL,"11/17/2024, 12:03:37.800 AM"
"11/17/2024, 12:03:41.889 AM",\ADMIN,User,MyLowCostVM,Microsoft-Windows-Security-Auditing,Security,4625,4625 - An account failed to log on.,218.24.151.212,3,3 - Network,\ADMIN,ADMIN,"11/17/2024, 12:04:17.812 AM"
"11/17/2024, 12:03:46.306 AM",\ADMIN,User,MyLowCostVM,Microsoft-Windows-Security-Auditing,Security,4625,4625 - An account failed to log on.,94.76.207.192,3,3 - Network,\ADMIN,ADMIN,"11/17/2024, 12:04:17.812 AM"
"11/17/2024, 12:03:48.214 AM",\ADMINISTRATOR,User,MyLowCostVM,Microsoft-Windows-Security-Auditing,Security,4625,4625 - An account failed to log on.,79.124.56.98,3,3 - Network,\ADMINISTRATOR,ADMINISTRATOR,"11/17/2024, 12:04:17.812 AM"
"11/17/2024, 12:04:02.482 AM",\ADMINISTRATOR,User,MyLowCostVM,Microsoft-Windows-Security-Auditing,Security,4625,4625 - An account failed to log on.,36.134.25.206,3,3 - Network,\ADMINISTRATOR,ADMINISTRATOR,"11/17/2024, 12:04:37.800 AM"
"11/17/2024, 12:04:19.458 AM",\USER,User,MyLowCostVM,Microsoft-Windows-Security-Auditing,Security,4625,4625 - An account failed to log on.,218.90.122.42,3,3 - Network,\USER,USER,"11/17/2024, 12:04:37.800 AM"
"11/17/2024, 12:04:40.751 AM",\ADMINISTRATOR,User,MyLowCostVM,Microsoft-Windows-Security-Auditing,Security,4625,4625 - An account failed to log on.,36.134.25.206,3,3 - Network,\ADMINISTRATOR,ADMINISTRATOR,"11/17/2024, 12:05:17.790 AM"
"11/17/2024, 12:04:44.939 AM",\ADMINISTRATOR,User,MyLowCostVM,Microsoft-Windows-Security-Auditing,Security,4625,4625 - An account failed to log on.,218.24.151.212,3,3 - Network,\ADMINISTRATOR,ADMINISTRATOR,"11/17/2024, 12:05:17.790 AM"
"11/17/2024, 12:04:50.940 AM",\USER,User,MyLowCostVM,Microsoft-Windows-Security-Auditing,Security,4625,4625 - An account failed to log on.,94.76.207.192,3,3 - Network,\USER,USER,"11/17/2024, 12:05:17.790 AM"
"11/17/2024, 12:05:01.197 AM",\PC,User,MyLowCostVM,Microsoft-Windows-Security-Auditing,Security,4625,4625 - An account failed to log on.,218.90.122.42,3,3 - Network,\PC,PC,"11/17/2024, 12:05:37.828 AM"
"11/17/2024, 12:05:24.182 AM",\ADMINISTRATOR,User,MyLowCostVM,Microsoft-Windows-Security-Auditing,Security,4625,4625 - An account failed to log on.,36.134.25.206,3,3 - Network,\ADMINISTRATOR,ADMINISTRATOR,"11/17/2024, 12:05:57.790 AM"
"11/17/2024, 12:05:29.125 AM",\ADMINISTRATOR,User,MyLowCostVM,Microsoft-Windows-Security-Auditing,Security,4625,4625 - An account failed to log on.,116.228.169.194,3,3 - Network,\ADMINISTRATOR,ADMINISTRATOR,"11/17/2024, 12:05:57.790 AM"
"11/17/2024, 12:05:47.785 AM",\ADMIN,User,MyLowCostVM,Microsoft-Windows-Security-Auditing,Security,4625,4625 - An account failed to log on.,218.24.151.212,3,3 - Network,\ADMIN,ADMIN,"11/17/2024, 12:06:17.804 AM"
"11/17/2024, 12:05:50.553 AM",\ADMINISTRATOR,User,MyLowCostVM,Microsoft-Windows-Security-Auditing,Security,4625,4625 - An account failed to log on.,79.124.56.98,3,3 - Network,\ADMINISTRATOR,ADMINISTRATOR,"11/17/2024, 12:06:17.804 AM"
"11/17/2024, 12:05:53.983 AM",\ADMINISTRATOR,User,MyLowCostVM,Microsoft-Windows-Security-Auditing,Security,4625,4625 - An account failed to log on.,218.90.122.42,3,3 - Network,\ADMINISTRATOR,ADMINISTRATOR,"11/17/2024, 12:06:17.804 AM"
"11/17/2024, 12:05:54.507 AM",\ADMINISTRATOR,User,MyLowCostVM,Microsoft-Windows-Security-Auditing,Security,4625,4625 - An account failed to log on.,94.76.207.192,3,3 - Network,\ADMINISTRATOR,ADMINISTRATOR,"11/17/2024, 12:06:17.804 AM"
"11/17/2024, 12:06:05.561 AM",\ADMINISTRATOR,User,MyLowCostVM,Microsoft-Windows-Security-Auditing,Security,4625,4625 - An account failed to log on.,36.134.25.206,3,3 - Network,\ADMINISTRATOR,ADMINISTRATOR,"11/17/2024, 12:06:37.800 AM"
"11/17/2024, 12:06:22.215 AM",\VMADMIN,User,MyLowCostVM,Microsoft-Windows-Security-Auditing,Security,4625,4625 - An account failed to log on.,94.102.49.171,3,3 - Network,\VMADMIN,VMADMIN,"11/17/2024, 12:06:57.764 AM"
"11/17/2024, 12:06:42.885 AM",\ADMINISTRATOR,User,MyLowCostVM,Microsoft-Windows-Security-Auditing,Security,4625,4625 - An account failed to log on.,36.134.25.206,3,3 - Network,\ADMINISTRATOR,ADMINISTRATOR,"11/17/2024, 12:07:17.817 AM"
"11/17/2024, 12:06:45.199 AM",\ADMIN,User,MyLowCostVM,Microsoft-Windows-Security-Auditing,Security,4625,4625 - An account failed to log on.,218.90.122.42,3,3 - Network,\ADMIN,ADMIN,"11/17/2024, 12:07:17.817 AM"
"11/17/2024, 12:06:49.805 AM",\ADMINISTRATOR,User,MyLowCostVM,Microsoft-Windows-Security-Auditing,Security,4625,4625 - An account failed to log on.,218.24.151.212,3,3 - Network,\ADMINISTRATOR,ADMINISTRATOR,"11/17/2024, 12:07:17.817 AM"
"11/17/2024, 12:06:59.169 AM",\ADMIN,User,MyLowCostVM,Microsoft-Windows-Security-Auditing,Security,4625,4625 - An account failed to log on.,94.76.207.192,3,3 - Network,\ADMIN,ADMIN,"11/17/2024, 12:07:17.817 AM"
"11/15/2024, 11:24:12.344 PM",\ADMINISTRATOR,User,MyLowCostVM,Microsoft-Windows-Security-Auditing,Security,4625,4625 - An account failed to log on.,120.133.88.0,3,3 - Network,\ADMINISTRATOR,ADMINISTRATOR,"11/15/2024, 11:24:37.948 PM"
"11/15/2024, 11:24:37.798 PM",\ADMINISTRATOR,User,MyLowCostVM,Microsoft-Windows-Security-Auditing,Security,4625,4625 - An account failed to log on.,120.133.88.0,3,3 - Network,\ADMINISTRATOR,ADMINISTRATOR,"11/15/2024, 11:24:57.946 PM"
"11/15/2024, 11:25:03.191 PM",\ADMINISTRATOR,User,MyLowCostVM,Microsoft-Windows-Security-Auditing,Security,4625,4625 - An account failed to log on.,120.133.88.0,3,3 - Network,\ADMINISTRATOR,ADMINISTRATOR,"11/15/2024, 11:25:37.913 PM"
"11/15/2024, 11:25:28.670 PM",\ADMINISTRATOR,User,MyLowCostVM,Microsoft-Windows-Security-Auditing,Security,4625,4625 - An account failed to log on.,120.133.88.0,3,3 - Network,\ADMINISTRATOR,ADMINISTRATOR,"11/15/2024, 11:25:57.926 PM"
"11/15/2024, 11:25:54.141 PM",\ADMINISTRATOR,User,MyLowCostVM,Microsoft-Windows-Security-Auditing,Security,4625,4625 - An account failed to log on.,120.133.88.0,3,3 - Network,\ADMINISTRATOR,ADMINISTRATOR,"11/15/2024, 11:26:17.960 PM"
"11/15/2024, 11:25:59.191 PM",\ADMINISTRATOR,User,MyLowCostVM,Microsoft-Windows-Security-Auditing,Security,4625,4625 - An account failed to log on.,186.75.215.94,3,3 - Network,\ADMINISTRATOR,ADMINISTRATOR,"11/15/2024, 11:26:17.960 PM"
"11/15/2024, 11:26:01.577 PM",\ADMINISTRATOR,User,MyLowCostVM,Microsoft-Windows-Security-Auditing,Security,4625,4625 - An account failed to log on.,20.235.247.188,3,3 - Network,\ADMINISTRATOR,ADMINISTRATOR,"11/15/2024, 11:26:37.968 PM"
"11/15/2024, 11:26:15.683 PM",\AZUREUSER,User,MyLowCostVM,Microsoft-Windows-Security-Auditing,Security,4625,4625 - An account failed to log on.,94.102.49.171,3,3 - Network,\AZUREUSER,AZUREUSER,"11/15/2024, 11:26:37.968 PM"
"11/15/2024, 11:26:19.578 PM",\ADMINISTRATOR,User,MyLowCostVM,Microsoft-Windows-Security-Auditing,Security,4625,4625 - An account failed to log on.,120.133.88.0,3,3 - Network,\ADMINISTRATOR,ADMINISTRATOR,"11/15/2024, 11:26:37.968 PM"
"11/15/2024, 11:26:45.008 PM",\ADMINISTRATOR,User,MyLowCostVM,Microsoft-Windows-Security-Auditing,Security,4625,4625 - An account failed to log on.,120.133.88.0,3,3 - Network,\ADMINISTRATOR,ADMINISTRATOR,"11/15/2024, 11:27:17.921 PM"
"11/15/2024, 11:27:10.499 PM",\ADMINISTRATOR,User,MyLowCostVM,Microsoft-Windows-Security-Auditing,Security,4625,4625 - An account failed to log on.,120.133.88.0,3,3 - Network,\ADMINISTRATOR,ADMINISTRATOR,"11/15/2024, 11:27:37.949 PM"
"11/15/2024, 11:27:35.963 PM",\ADMINISTRATOR,User,MyLowCostVM,Microsoft-Windows-Security-Auditing,Security,4625,4625 - An account failed to log on.,120.133.88.0,3,3 - Network,\ADMINISTRATOR,ADMINISTRATOR,"11/15/2024, 11:27:57.950 PM"
"11/15/2024, 11:28:01.420 PM",\ADMINISTRATOR,User,MyLowCostVM,Microsoft-Windows-Security-Auditing,Security,4625,4625 - An account failed to log on.,120.133.88.0,3,3 - Network,\ADMINISTRATOR,ADMINISTRATOR,"11/15/2024, 11:28:37.942 PM"
"11/15/2024, 11:28:26.843 PM",\ADMINISTRATOR,User,MyLowCostVM,Microsoft-Windows-Security-Auditing,Security,4625,4625 - An account failed to log on.,120.133.88.0,3,3 - Network,\ADMINISTRATOR,ADMINISTRATOR,"11/15/2024, 11:28:57.947 PM"
"11/15/2024, 11:28:29.684 PM",\ADMINISTRATOR,User,MyLowCostVM,Microsoft-Windows-Security-Auditing,Security,4625,4625 - An account failed to log on.,20.235.247.188,3,3 - Network,\ADMINISTRATOR,ADMINISTRATOR,"11/15/2024, 11:28:57.947 PM"
"11/15/2024, 11:28:52.294 PM",\ADMINISTRATOR,User,MyLowCostVM,Microsoft-Windows-Security-Auditing,Security,4625,4625 - An account failed to log on.,120.133.88.0,3,3 - Network,\ADMINISTRATOR,ADMINISTRATOR,"11/15/2024, 11:29:17.947 PM"
"11/15/2024, 11:29:00.814 PM",\AZUREUSER,User,MyLowCostVM,Microsoft-Windows-Security-Auditing,Security,4625,4625 - An account failed to log on.,94.102.49.171,3,3 - Network,\AZUREUSER,AZUREUSER,"11/15/2024, 11:29:37.951 PM"
"11/15/2024, 11:29:07.918 PM",\ADMINISTRATOR,User,MyLowCostVM,Microsoft-Windows-Security-Auditing,Security,4625,4625 - An account failed to log on.,186.75.215.94,3,3 - Network,\ADMINISTRATOR,ADMINISTRATOR,"11/15/2024, 11:29:37.951 PM"
"11/15/2024, 11:29:17.738 PM",\ADMINISTRATOR,User,MyLowCostVM,Microsoft-Windows-Security-Auditing,Security,4625,4625 - An account failed to log on.,120.133.88.0,3,3 - Network,\ADMINISTRATOR,ADMINISTRATOR,"11/15/2024, 11:29:37.951 PM"
"11/15/2024, 11:29:43.116 PM",\ADMINISTRATOR,User,MyLowCostVM,Microsoft-Windows-Security-Auditing,Security,4625,4625 - An account failed to log on.,120.133.88.0,3,3 - Network,\ADMINISTRATOR,ADMINISTRATOR,"11/15/2024, 11:30:17.888 PM"
"11/15/2024, 11:30:08.565 PM",\ADMINISTRATOR,User,MyLowCostVM,Microsoft-Windows-Security-Auditing,Security,4625,4625 - An account failed to log on.,120.133.88.0,3,3 - Network,\ADMINISTRATOR,ADMINISTRATOR,"11/15/2024, 11:30:37.941 PM"
"11/15/2024, 11:30:33.994 PM",\ADMINISTRATOR,User,MyLowCostVM,Microsoft-Windows-Security-Auditing,Security,4625,4625 - An account failed to log on.,120.133.88.0,3,3 - Network,\ADMINISTRATOR,ADMINISTRATOR,"11/15/2024, 11:30:57.928 PM"
"11/15/2024, 11:30:59.482 PM",\ADMINISTRATOR,User,MyLowCostVM,Microsoft-Windows-Security-Auditing,Security,4625,4625 - An account failed to log on.,120.133.88.0,3,3 - Network,\ADMINISTRATOR,ADMINISTRATOR,"11/15/2024, 11:31:17.958 PM"
"11/15/2024, 11:30:59.659 PM",\ADMINISTRATOR,User,MyLowCostVM,Microsoft-Windows-Security-Auditing,Security,4625,4625 - An account failed to log on.,20.235.247.188,3,3 - Network,\ADMINISTRATOR,ADMINISTRATOR,"11/15/2024, 11:31:17.958 PM"
"11/15/2024, 11:31:24.901 PM",\ADMINISTRATOR,User,MyLowCostVM,Microsoft-Windows-Security-Auditing,Security,4625,4625 - An account failed to log on.,120.133.88.0,3,3 - Network,\ADMINISTRATOR,ADMINISTRATOR,"11/15/2024, 11:31:57.954 PM"
"11/15/2024, 11:31:46.166 PM",\AZUREUSER,User,MyLowCostVM,Microsoft-Windows-Security-Auditing,Security,4625,4625 - An account failed to log on.,94.102.49.171,3,3 - Network,\AZUREUSER,AZUREUSER,"11/15/2024, 11:32:17.961 PM"
"11/15/2024, 11:31:50.428 PM",\ADMINISTRATOR,User,MyLowCostVM,Microsoft-Windows-Security-Auditing,Security,4625,4625 - An account failed to log on.,120.133.88.0,3,3 - Network,\ADMINISTRATOR,ADMINISTRATOR,"11/15/2024, 11:32:17.961 PM"
"11/15/2024, 11:32:15.948 PM",\ADMINISTRATOR,User,MyLowCostVM,Microsoft-Windows-Security-Auditing,Security,4625,4625 - An account failed to log on.,120.133.88.0,3,3 - Network,\ADMINISTRATOR,ADMINISTRATOR,"11/15/2024, 11:32:37.939 PM"
"11/15/2024, 11:32:41.399 PM",\ADMINISTRATOR,User,MyLowCostVM,Microsoft-Windows-Security-Auditing,Security,4625,4625 - An account failed to log on.,120.133.88.0,3,3 - Network,\ADMINISTRATOR,ADMINISTRATOR,"11/15/2024, 11:33:17.950 PM"
"11/15/2024, 11:33:06.833 PM",\ADMINISTRATOR,User,MyLowCostVM,Microsoft-Windows-Security-Auditing,Security,4625,4625 - An account failed to log on.,120.133.88.0,3,3 - Network,\ADMINISTRATOR,ADMINISTRATOR,"11/15/2024, 11:33:37.978 PM"
"11/15/2024, 11:33:30.788 PM",\ADMINISTRATOR,User,MyLowCostVM,Microsoft-Windows-Security-Auditing,Security,4625,4625 - An account failed to log on.,20.235.247.188,3,3 - Network,\ADMINISTRATOR,ADMINISTRATOR,"11/15/2024, 11:33:57.946 PM"
"11/15/2024, 11:33:32.326 PM",\ADMINISTRATOR,User,MyLowCostVM,Microsoft-Windows-Security-Auditing,Security,4625,4625 - An account failed to log on.,120.133.88.0,3,3 - Network,\ADMINISTRATOR,ADMINISTRATOR,"11/15/2024, 11:33:57.946 PM"
"11/15/2024, 11:33:57.688 PM",\ADMINISTRATOR,User,MyLowCostVM,Microsoft-Windows-Security-Auditing,Security,4625,4625 - An account failed to log on.,120.133.88.0,3,3 - Network,\ADMINISTRATOR,ADMINISTRATOR,"11/15/2024, 11:34:17.968 PM"
"11/15/2024, 11:34:23.152 PM",\ADMINISTRATOR,User,MyLowCostVM,Microsoft-Windows-Security-Auditing,Security,4625,4625 - An account failed to log on.,120.133.88.0,3,3 - Network,\ADMINISTRATOR,ADMINISTRATOR,"11/15/2024, 11:34:57.943 PM"
"11/15/2024, 11:34:31.809 PM",\AZUREUSER,User,MyLowCostVM,Microsoft-Windows-Security-Auditing,Security,4625,4625 - An account failed to log on.,94.102.49.171,3,3 - Network,\AZUREUSER,AZUREUSER,"11/15/2024, 11:34:57.943 PM"
"11/15/2024, 11:34:48.583 PM",\ADMINISTRATOR,User,MyLowCostVM,Microsoft-Windows-Security-Auditing,Security,4625,4625 - An account failed to log on.,120.133.88.0,3,3 - Network,\ADMINISTRATOR,ADMINISTRATOR,"11/15/2024, 11:35:17.919 PM"
"11/15/2024, 11:35:13.967 PM",\ADMINISTRATOR,User,MyLowCostVM,Microsoft-Windows-Security-Auditing,Security,4625,4625 - An account failed to log on.,120.133.88.0,3,3 - Network,\ADMINISTRATOR,ADMINISTRATOR,"11/15/2024, 11:35:37.956 PM"
"11/15/2024, 11:35:26.075 PM",\ADMINISTRATOR,User,MyLowCostVM,Microsoft-Windows-Security-Auditing,Security,4625,4625 - An account failed to log on.,186.75.215.94,3,3 - Network,\ADMINISTRATOR,ADMINISTRATOR,"11/15/2024, 11:35:57.916 PM"
"11/15/2024, 11:35:39.352 PM",\ADMINISTRATOR,User,MyLowCostVM,Microsoft-Windows-Security-Auditing,Security,4625,4625 - An account failed to log on.,120.133.88.0,3,3 - Network,\ADMINISTRATOR,ADMINISTRATOR,"11/15/2024, 11:35:57.916 PM"
"11/15/2024, 11:35:58.421 PM",\ADMINISTRATOR,User,MyLowCostVM,Microsoft-Windows-Security-Auditing,Security,4625,4625 - An account failed to log on.,20.235.247.188,3,3 - Network,\ADMINISTRATOR,ADMINISTRATOR,"11/15/2024, 11:36:17.955 PM"
"11/15/2024, 11:36:04.804 PM",\ADMINISTRATOR,User,MyLowCostVM,Microsoft-Windows-Security-Auditing,Security,4625,4625 - An account failed to log on.,120.133.88.0,3,3 - Network,\ADMINISTRATOR,ADMINISTRATOR,"11/15/2024, 11:36:37.960 PM"
"11/15/2024, 11:36:30.209 PM",\ADMINISTRATOR,User,MyLowCostVM,Microsoft-Windows-Security-Auditing,Security,4625,4625 - An account failed to log on.,120.133.88.0,3,3 - Network,\ADMINISTRATOR,ADMINISTRATOR,"11/15/2024, 11:36:57.961 PM"
"11/15/2024, 11:36:55.647 PM",\ADMINISTRATOR,User,MyLowCostVM,Microsoft-Windows-Security-Auditing,Security,4625,4625 - An account failed to log on.,120.133.88.0,3,3 - Network,\ADMINISTRATOR,ADMINISTRATOR,"11/15/2024, 11:37:17.967 PM"
"11/15/2024, 11:37:17.519 PM",\AZUREUSER,User,MyLowCostVM,Microsoft-Windows-Security-Auditing,Security,4625,4625 - An account failed to log on.,94.102.49.171,3,3 - Network,\AZUREUSER,AZUREUSER,"11/15/2024, 11:37:37.968 PM"
"11/15/2024, 11:37:21.042 PM",\ADMINISTRATOR,User,MyLowCostVM,Microsoft-Windows-Security-Auditing,Security,4625,4625 - An account failed to log on.,120.133.88.0,3,3 - Network,\ADMINISTRATOR,ADMINISTRATOR,"11/15/2024, 11:37:57.937 PM"
"11/15/2024, 11:37:46.417 PM",\ADMINISTRATOR,User,MyLowCostVM,Microsoft-Windows-Security-Auditing,Security,4625,4625 - An account failed to log on.,120.133.88.0,3,3 - Network,\ADMINISTRATOR,ADMINISTRATOR,"11/15/2024, 11:38:17.951 PM"
"11/15/2024, 11:38:11.881 PM",\ADMINISTRATOR,User,MyLowCostVM,Microsoft-Windows-Security-Auditing,Security,4625,4625 - An account failed to log on.,120.133.88.0,3,3 - Network,\ADMINISTRATOR,ADMINISTRATOR,"11/15/2024, 11:38:37.906 PM"
"11/15/2024, 11:38:30.615 PM",\ADMINISTRATOR,User,MyLowCostVM,Microsoft-Windows-Security-Auditing,Security,4625,4625 - An account failed to log on.,20.235.247.188,3,3 - Network,\ADMINISTRATOR,ADMINISTRATOR,"11/15/2024, 11:38:57.911 PM"
"11/15/2024, 11:38:33.705 PM",\ADMINISTRATOR,User,MyLowCostVM,Microsoft-Windows-Security-Auditing,Security,4625,4625 - An account failed to log on.,186.75.215.94,3,3 - Network,\ADMINISTRATOR,ADMINISTRATOR,"11/15/2024, 11:38:57.911 PM"
"11/15/2024, 11:38:37.296 PM",\ADMINISTRATOR,User,MyLowCostVM,Microsoft-Windows-Security-Auditing,Security,4625,4625 - An account failed to log on.,120.133.88.0,3,3 - Network,\ADMINISTRATOR,ADMINISTRATOR,"11/15/2024, 11:38:57.911 PM"
"11/15/2024, 11:39:02.692 PM",\ADMINISTRATOR,User,MyLowCostVM,Microsoft-Windows-Security-Auditing,Security,4625,4625 - An account failed to log on.,120.133.88.0,3,3 - Network,\ADMINISTRATOR,ADMINISTRATOR,"11/15/2024, 11:39:37.920 PM"
"11/15/2024, 11:39:28.188 PM",\ADMINISTRATOR,User,MyLowCostVM,Microsoft-Windows-Security-Auditing,Security,4625,4625 - An account failed to log on.,120.133.88.0,3,3 - Network,\ADMINISTRATOR,ADMINISTRATOR,"11/15/2024, 11:39:57.943 PM"
"11/15/2024, 11:39:53.532 PM",\ADMINISTRATOR,User,MyLowCostVM,Microsoft-Windows-Security-Auditing,Security,4625,4625 - An account failed to log on.,120.133.88.0,3,3 - Network,\ADMINISTRATOR,ADMINISTRATOR,"11/15/2024, 11:40:17.951 PM"
"11/15/2024, 11:40:03.342 PM",\AZUREUSER,User,MyLowCostVM,Microsoft-Windows-Security-Auditing,Security,4625,4625 - An account failed to log on.,94.102.49.171,3,3 - Network,\AZUREUSER,AZUREUSER,"11/15/2024, 11:40:37.929 PM"
"11/15/2024, 11:40:18.961 PM",\ADMINISTRATOR,User,MyLowCostVM,Microsoft-Windows-Security-Auditing,Security,4625,4625 - An account failed to log on.,120.133.88.0,3,3 - Network,\ADMINISTRATOR,ADMINISTRATOR,"11/15/2024, 11:40:37.929 PM"
"11/15/2024, 11:40:44.432 PM",\ADMINISTRATOR,User,MyLowCostVM,Microsoft-Windows-Security-Auditing,Security,4625,4625 - An account failed to log on.,120.133.88.0,3,3 - Network,\ADMINISTRATOR,ADMINISTRATOR,"11/15/2024, 11:41:17.956 PM"
"11/15/2024, 11:41:01.704 PM",\ADMINISTRATOR,User,MyLowCostVM,Microsoft-Windows-Security-Auditing,Security,4625,4625 - An account failed to log on.,20.235.247.188,3,3 - Network,\ADMINISTRATOR,ADMINISTRATOR,"11/15/2024, 11:41:37.939 PM"
"11/15/2024, 11:41:09.910 PM",\ADMINISTRATOR,User,MyLowCostVM,Microsoft-Windows-Security-Auditing,Security,4625,4625 - An account failed to log on.,120.133.88.0,3,3 - Network,\ADMINISTRATOR,ADMINISTRATOR,"11/15/2024, 11:41:37.939 PM"
"11/15/2024, 11:41:35.385 PM",\ADMINISTRATOR,User,MyLowCostVM,Microsoft-Windows-Security-Auditing,Security,4625,4625 - An account failed to log on.,120.133.88.0,3,3 - Network,\ADMINISTRATOR,ADMINISTRATOR,"11/15/2024, 11:41:57.942 PM"
"11/15/2024, 11:41:41.775 PM",\ADMINISTRATOR,User,MyLowCostVM,Microsoft-Windows-Security-Auditing,Security,4625,4625 - An account failed to log on.,186.75.215.94,3,3 - Network,\ADMINISTRATOR,ADMINISTRATOR,"11/15/2024, 11:42:17.946 PM"
"11/15/2024, 11:42:00.851 PM",\ADMINISTRATOR,User,MyLowCostVM,Microsoft-Windows-Security-Auditing,Security,4625,4625 - An account failed to log on.,120.133.88.0,3,3 - Network,\ADMINISTRATOR,ADMINISTRATOR,"11/15/2024, 11:42:37.952 PM"
"11/15/2024, 11:42:26.297 PM",\ADMINISTRATOR,User,MyLowCostVM,Microsoft-Windows-Security-Auditing,Security,4625,4625 - An account failed to log on.,120.133.88.0,3,3 - Network,\ADMINISTRATOR,ADMINISTRATOR,"11/15/2024, 11:42:57.934 PM"
"11/15/2024, 11:42:49.138 PM",\AZUREUSER,User,MyLowCostVM,Microsoft-Windows-Security-Auditing,Security,4625,4625 - An account failed to log on.,94.102.49.171,3,3 - Network,\AZUREUSER,AZUREUSER,"11/15/2024, 11:43:17.917 PM"
"11/15/2024, 11:42:51.740 PM",\ADMINISTRATOR,User,MyLowCostVM,Microsoft-Windows-Security-Auditing,Security,4625,4625 - An account failed to log on.,120.133.88.0,3,3 - Network,\ADMINISTRATOR,ADMINISTRATOR,"11/15/2024, 11:43:17.917 PM"
"11/15/2024, 11:43:17.166 PM",\ADMINISTRATOR,User,MyLowCostVM,Microsoft-Windows-Security-Auditing,Security,4625,4625 - An account failed to log on.,120.133.88.0,3,3 - Network,\ADMINISTRATOR,ADMINISTRATOR,"11/15/2024, 11:43:37.945 PM"
"11/15/2024, 11:43:32.021 PM",\ADMINISTRATOR,User,MyLowCostVM,Microsoft-Windows-Security-Auditing,Security,4625,4625 - An account failed to log on.,20.235.247.188,3,3 - Network,\ADMINISTRATOR,ADMINISTRATOR,"11/15/2024, 11:43:57.967 PM"
"11/15/2024, 11:43:42.565 PM",\ADMINISTRATOR,User,MyLowCostVM,Microsoft-Windows-Security-Auditing,Security,4625,4625 - An account failed to log on.,120.133.88.0,3,3 - Network,\ADMINISTRATOR,ADMINISTRATOR,"11/15/2024, 11:44:17.932 PM"
"11/15/2024, 11:44:07.990 PM",\ADMINISTRATOR,User,MyLowCostVM,Microsoft-Windows-Security-Auditing,Security,4625,4625 - An account failed to log on.,120.133.88.0,3,3 - Network,\ADMINISTRATOR,ADMINISTRATOR,"11/15/2024, 11:44:37.905 PM"
"11/15/2024, 11:44:33.394 PM",\ADMINISTRATOR,User,MyLowCostVM,Microsoft-Windows-Security-Auditing,Security,4625,4625 - An account failed to log on.,120.133.88.0,3,3 - Network,\ADMINISTRATOR,ADMINISTRATOR,"11/15/2024, 11:44:57.921 PM"
"11/15/2024, 11:44:51.924 PM",\ADMINISTRATOR,User,MyLowCostVM,Microsoft-Windows-Security-Auditing,Security,4625,4625 - An account failed to log on.,186.75.215.94,3,3 - Network,\ADMINISTRATOR,ADMINISTRATOR,"11/15/2024, 11:45:17.948 PM"
"11/15/2024, 11:44:58.836 PM",\ADMINISTRATOR,User,MyLowCostVM,Microsoft-Windows-Security-Auditing,Security,4625,4625 - An account failed to log on.,120.133.88.0,3,3 - Network,\ADMINISTRATOR,ADMINISTRATOR,"11/15/2024, 11:45:17.948 PM"
"11/15/2024, 11:45:24.287 PM",\ADMINISTRATOR,User,MyLowCostVM,Microsoft-Windows-Security-Auditing,Security,4625,4625 - An account failed to log on.,120.133.88.0,3,3 - Network,\ADMINISTRATOR,ADMINISTRATOR,"11/15/2024, 11:45:57.951 PM"
"11/15/2024, 11:45:35.039 PM",\AZUREUSER,User,MyLowCostVM,Microsoft-Windows-Security-Auditing,Security,4625,4625 - An account failed to log on.,94.102.49.171,3,3 - Network,\AZUREUSER,AZUREUSER,"11/15/2024, 11:45:57.951 PM"
"11/15/2024, 11:45:49.638 PM",\ADMINISTRATOR,User,MyLowCostVM,Microsoft-Windows-Security-Auditing,Security,4625,4625 - An account failed to log on.,120.133.88.0,3,3 - Network,\ADMINISTRATOR,ADMINISTRATOR,"11/15/2024, 11:46:17.941 PM"
"11/15/2024, 11:46:03.038 PM",\ADMINISTRATOR,User,MyLowCostVM,Microsoft-Windows-Security-Auditing,Security,4625,4625 - An account failed to log on.,20.235.247.188,3,3 - Network,\ADMINISTRATOR,ADMINISTRATOR,"11/15/2024, 11:46:37.952 PM"
"11/15/2024, 11:46:15.140 PM",\ADMINISTRATOR,User,MyLowCostVM,Microsoft-Windows-Security-Auditing,Security,4625,4625 - An account failed to log on.,120.133.88.0,3,3 - Network,\ADMINISTRATOR,ADMINISTRATOR,"11/15/2024, 11:46:37.952 PM"
"11/15/2024, 11:46:40.627 PM",\ADMINISTRATOR,User,MyLowCostVM,Microsoft-Windows-Security-Auditing,Security,4625,4625 - An account failed to log on.,120.133.88.0,3,3 - Network,\ADMINISTRATOR,ADMINISTRATOR,"11/15/2024, 11:47:17.969 PM"
"11/15/2024, 11:47:06.052 PM",\ADMINISTRATOR,User,MyLowCostVM,Microsoft-Windows-Security-Auditing,Security,4625,4625 - An account failed to log on.,120.133.88.0,3,3 - Network,\ADMINISTRATOR,ADMINISTRATOR,"11/15/2024, 11:47:37.967 PM"
"11/15/2024, 11:47:31.495 PM",\ADMINISTRATOR,User,MyLowCostVM,Microsoft-Windows-Security-Auditing,Security,4625,4625 - An account failed to log on.,120.133.88.0,3,3 - Network,\ADMINISTRATOR,ADMINISTRATOR,"11/15/2024, 11:47:57.955 PM"
"11/15/2024, 11:47:56.936 PM",\ADMINISTRATOR,User,MyLowCostVM,Microsoft-Windows-Security-Auditing,Security,4625,4625 - An account failed to log on.,120.133.88.0,3,3 - Network,\ADMINISTRATOR,ADMINISTRATOR,"11/15/2024, 11:48:17.939 PM"
"11/15/2024, 11:48:01.923 PM",\ADMINISTRATOR,User,MyLowCostVM,Microsoft-Windows-Security-Auditing,Security,4625,4625 - An account failed to log on.,186.75.215.94,3,3 - Network,\ADMINISTRATOR,ADMINISTRATOR,"11/15/2024, 11:48:37.966 PM"
"11/15/2024, 11:48:20.980 PM",\AZUREUSER,User,MyLowCostVM,Microsoft-Windows-Security-Auditing,Security,4625,4625 - An account failed to log on.,94.102.49.171,3,3 - Network,\AZUREUSER,AZUREUSER,"11/15/2024, 11:48:57.926 PM"
"11/15/2024, 11:48:22.334 PM",\ADMINISTRATOR,User,MyLowCostVM,Microsoft-Windows-Security-Auditing,Security,4625,4625 - An account failed to log on.,120.133.88.0,3,3 - Network,\ADMINISTRATOR,ADMINISTRATOR,"11/15/2024, 11:48:57.926 PM"
"11/15/2024, 11:48:34.838 PM",\ADMINISTRATOR,User,MyLowCostVM,Microsoft-Windows-Security-Auditing,Security,4625,4625 - An account failed to log on.,20.235.247.188,3,3 - Network,\ADMINISTRATOR,ADMINISTRATOR,"11/15/2024, 11:48:57.926 PM"
"11/15/2024, 11:48:47.737 PM",\ADMINISTRATOR,User,MyLowCostVM,Microsoft-Windows-Security-Auditing,Security,4625,4625 - An account failed to log on.,120.133.88.0,3,3 - Network,\ADMINISTRATOR,ADMINISTRATOR,"11/15/2024, 11:49:17.898 PM"
"11/15/2024, 11:49:13.130 PM",\ADMINISTRATOR,User,MyLowCostVM,Microsoft-Windows-Security-Auditing,Security,4625,4625 - An account failed to log on.,120.133.88.0,3,3 - Network,\ADMINISTRATOR,ADMINISTRATOR,"11/15/2024, 11:49:37.914 PM"
"11/15/2024, 11:49:38.556 PM",\ADMINISTRATOR,User,MyLowCostVM,Microsoft-Windows-Security-Auditing,Security,4625,4625 - An account failed to log on.,120.133.88.0,3,3 - Network,\ADMINISTRATOR,ADMINISTRATOR,"11/15/2024, 11:49:57.933 PM"
"11/15/2024, 11:50:03.968 PM",\ADMINISTRATOR,User,MyLowCostVM,Microsoft-Windows-Security-Auditing,Security,4625,4625 - An account failed to log on.,120.133.88.0,3,3 - Network,\ADMINISTRATOR,ADMINISTRATOR,"11/15/2024, 11:50:37.937 PM"
"11/15/2024, 11:50:29.355 PM",\ADMINISTRATOR,User,MyLowCostVM,Microsoft-Windows-Security-Auditing,Security,4625,4625 - An account failed to log on.,120.133.88.0,3,3 - Network,\ADMINISTRATOR,ADMINISTRATOR,"11/15/2024, 11:50:57.954 PM"
"11/15/2024, 11:50:54.789 PM",\ADMINISTRATOR,User,MyLowCostVM,Microsoft-Windows-Security-Auditing,Security,4625,4625 - An account failed to log on.,120.133.88.0,3,3 - Network,\ADMINISTRATOR,ADMINISTRATOR,"11/15/2024, 11:51:17.949 PM"
"11/15/2024, 11:51:07.083 PM",\AZUREUSER,User,MyLowCostVM,Microsoft-Windows-Security-Auditing,Security,4625,4625 - An account failed to log on.,94.102.49.171,3,3 - Network,\AZUREUSER,AZUREUSER,"11/15/2024, 11:51:37.940 PM"
"11/15/2024, 11:51:08.362 PM",\ADMINISTRATOR,User,MyLowCostVM,Microsoft-Windows-Security-Auditing,Security,4625,4625 - An account failed to log on.,20.235.247.188,3,3 - Network,\ADMINISTRATOR,ADMINISTRATOR,"11/15/2024, 11:51:37.940 PM"
"11/15/2024, 11:51:11.389 PM",\ADMINISTRATOR,User,MyLowCostVM,Microsoft-Windows-Security-Auditing,Security,4625,4625 - An account failed to log on.,186.75.215.94,3,3 - Network,\ADMINISTRATOR,ADMINISTRATOR,"11/15/2024, 11:51:37.940 PM"
"11/15/2024, 11:51:20.245 PM",\ADMINISTRATOR,User,MyLowCostVM,Microsoft-Windows-Security-Auditing,Security,4625,4625 - An account failed to log on.,120.133.88.0,3,3 - Network,\ADMINISTRATOR,ADMINISTRATOR,"11/15/2024, 11:51:57.961 PM"
"11/15/2024, 11:51:45.583 PM",\ADMINISTRATOR,User,MyLowCostVM,Microsoft-Windows-Security-Auditing,Security,4625,4625 - An account failed to log on.,120.133.88.0,3,3 - Network,\ADMINISTRATOR,ADMINISTRATOR,"11/15/2024, 11:52:17.961 PM"
"11/15/2024, 11:52:11.019 PM",\ADMINISTRATOR,User,MyLowCostVM,Microsoft-Windows-Security-Auditing,Security,4625,4625 - An account failed to log on.,120.133.88.0,3,3 - Network,\ADMINISTRATOR,ADMINISTRATOR,"11/15/2024, 11:52:37.947 PM"
"11/15/2024, 11:52:36.359 PM",\ADMINISTRATOR,User,MyLowCostVM,Microsoft-Windows-Security-Auditing,Security,4625,4625 - An account failed to log on.,120.133.88.0,3,3 - Network,\ADMINISTRATOR,ADMINISTRATOR,"11/15/2024, 11:52:57.953 PM"
"11/15/2024, 11:53:01.782 PM",\ADMINISTRATOR,User,MyLowCostVM,Microsoft-Windows-Security-Auditing,Security,4625,4625 - An account failed to log on.,120.133.88.0,3,3 - Network,\ADMINISTRATOR,ADMINISTRATOR,"11/15/2024, 11:53:37.948 PM"
"11/15/2024, 11:53:27.149 PM",\ADMINISTRATOR,User,MyLowCostVM,Microsoft-Windows-Security-Auditing,Security,4625,4625 - An account failed to log on.,120.133.88.0,3,3 - Network,\ADMINISTRATOR,ADMINISTRATOR,"11/15/2024, 11:53:57.894 PM"
"11/15/2024, 11:53:38.323 PM",\ADMINISTRATOR,User,MyLowCostVM,Microsoft-Windows-Security-Auditing,Security,4625,4625 - An account failed to log on.,20.235.247.188,3,3 - Network,\ADMINISTRATOR,ADMINISTRATOR,"11/15/2024, 11:53:57.894 PM"
"11/15/2024, 11:53:52.607 PM",\ADMINISTRATOR,User,MyLowCostVM,Microsoft-Windows-Security-Auditing,Security,4625,4625 - An account failed to log on.,120.133.88.0,3,3 - Network,\ADMINISTRATOR,ADMINISTRATOR,"11/15/2024, 11:54:17.990 PM"
"11/15/2024, 11:53:53.290 PM",\AZUREUSER,User,MyLowCostVM,Microsoft-Windows-Security-Auditing,Security,4625,4625 - An account failed to log on.,94.102.49.171,3,3 - Network,\AZUREUSER,AZUREUSER,"11/15/2024, 11:54:17.990 PM"
"11/15/2024, 11:54:17.967 PM",\ADMINISTRATOR,User,MyLowCostVM,Microsoft-Windows-Security-Auditing,Security,4625,4625 - An account failed to log on.,120.133.88.0,3,3 - Network,\ADMINISTRATOR,ADMINISTRATOR,"11/15/2024, 11:54:37.927 PM"
"11/15/2024, 11:54:20.000 PM",\ADMINISTRATOR,User,MyLowCostVM,Microsoft-Windows-Security-Auditing,Security,4625,4625 - An account failed to log on.,186.75.215.94,3,3 - Network,\ADMINISTRATOR,ADMINISTRATOR,"11/15/2024, 11:54:57.950 PM"
"11/15/2024, 11:54:43.294 PM",\ADMINISTRATOR,User,MyLowCostVM,Microsoft-Windows-Security-Auditing,Security,4625,4625 - An account failed to log on.,120.133.88.0,3,3 - Network,\ADMINISTRATOR,ADMINISTRATOR,"11/15/2024, 11:55:17.957 PM"
"11/15/2024, 11:55:08.722 PM",\ADMINISTRATOR,User,MyLowCostVM,Microsoft-Windows-Security-Auditing,Security,4625,4625 - An account failed to log on.,120.133.88.0,3,3 - Network,\ADMINISTRATOR,ADMINISTRATOR,"11/15/2024, 11:55:37.945 PM"
"11/15/2024, 11:55:34.080 PM",\ADMINISTRATOR,User,MyLowCostVM,Microsoft-Windows-Security-Auditing,Security,4625,4625 - An account failed to log on.,120.133.88.0,3,3 - Network,\ADMINISTRATOR,ADMINISTRATOR,"11/15/2024, 11:55:57.962 PM"
"11/15/2024, 11:55:59.456 PM",\ADMINISTRATOR,User,MyLowCostVM,Microsoft-Windows-Security-Auditing,Security,4625,4625 - An account failed to log on.,120.133.88.0,3,3 - Network,\ADMINISTRATOR,ADMINISTRATOR,"11/15/2024, 11:56:17.998 PM"
"11/15/2024, 11:56:12.043 PM",\ADMINISTRATOR,User,MyLowCostVM,Microsoft-Windows-Security-Auditing,Security,4625,4625 - An account failed to log on.,20.235.247.188,3,3 - Network,\ADMINISTRATOR,ADMINISTRATOR,"11/15/2024, 11:56:37.944 PM"
"11/15/2024, 11:56:24.835 PM",\ADMINISTRATOR,User,MyLowCostVM,Microsoft-Windows-Security-Auditing,Security,4625,4625 - An account failed to log on.,120.133.88.0,3,3 - Network,\ADMINISTRATOR,ADMINISTRATOR,"11/15/2024, 11:56:57.968 PM"
"11/15/2024, 11:56:39.360 PM",\AZUREUSER,User,MyLowCostVM,Microsoft-Windows-Security-Auditing,Security,4625,4625 - An account failed to log on.,94.102.49.171,3,3 - Network,\AZUREUSER,AZUREUSER,"11/15/2024, 11:56:57.968 PM"
"11/15/2024, 11:56:50.315 PM",\ADMINISTRATOR,User,MyLowCostVM,Microsoft-Windows-Security-Auditing,Security,4625,4625 - An account failed to log on.,120.133.88.0,3,3 - Network,\ADMINISTRATOR,ADMINISTRATOR,"11/15/2024, 11:57:17.922 PM"
"11/15/2024, 11:57:15.622 PM",\ADMINISTRATOR,User,MyLowCostVM,Microsoft-Windows-Security-Auditing,Security,4625,4625 - An account failed to log on.,120.133.88.0,3,3 - Network,\ADMINISTRATOR,ADMINISTRATOR,"11/15/2024, 11:57:37.949 PM"
"11/15/2024, 11:57:30.059 PM",\ADMINISTRATOR,User,MyLowCostVM,Microsoft-Windows-Security-Auditing,Security,4625,4625 - An account failed to log on.,186.75.215.94,3,3 - Network,\ADMINISTRATOR,ADMINISTRATOR,"11/15/2024, 11:57:57.940 PM"
"11/15/2024, 11:57:41.026 PM",\ADMINISTRATOR,User,MyLowCostVM,Microsoft-Windows-Security-Auditing,Security,4625,4625 - An account failed to log on.,120.133.88.0,3,3 - Network,\ADMINISTRATOR,ADMINISTRATOR,"11/15/2024, 11:58:17.947 PM"
"11/15/2024, 11:58:06.472 PM",\ADMINISTRATOR,User,MyLowCostVM,Microsoft-Windows-Security-Auditing,Security,4625,4625 - An account failed to log on.,120.133.88.0,3,3 - Network,\ADMINISTRATOR,ADMINISTRATOR,"11/15/2024, 11:58:37.956 PM"
"11/15/2024, 11:58:31.747 PM",\ADMINISTRATOR,User,MyLowCostVM,Microsoft-Windows-Security-Auditing,Security,4625,4625 - An account failed to log on.,120.133.88.0,3,3 - Network,\ADMINISTRATOR,ADMINISTRATOR,"11/15/2024, 11:58:57.938 PM"
"11/15/2024, 11:58:43.837 PM",\ADMINISTRATOR,User,MyLowCostVM,Microsoft-Windows-Security-Auditing,Security,4625,4625 - An account failed to log on.,20.235.247.188,3,3 - Network,\ADMINISTRATOR,ADMINISTRATOR,"11/15/2024, 11:59:17.934 PM"
"11/15/2024, 11:58:57.146 PM",\ADMINISTRATOR,User,MyLowCostVM,Microsoft-Windows-Security-Auditing,Security,4625,4625 - An account failed to log on.,120.133.88.0,3,3 - Network,\ADMINISTRATOR,ADMINISTRATOR,"11/15/2024, 11:59:17.934 PM"
"11/15/2024, 11:59:22.527 PM",\ADMINISTRATOR,User,MyLowCostVM,Microsoft-Windows-Security-Auditing,Security,4625,4625 - An account failed to log on.,120.133.88.0,3,3 - Network,\ADMINISTRATOR,ADMINISTRATOR,"11/15/2024, 11:59:57.963 PM"
"11/15/2024, 11:59:25.593 PM",\AZUREUSER,User,MyLowCostVM,Microsoft-Windows-Security-Auditing,Security,4625,4625 - An account failed to log on.,94.102.49.171,3,3 - Network,\AZUREUSER,AZUREUSER,"11/15/2024, 11:59:57.963 PM"
"11/15/2024, 11:59:47.921 PM",\ADMINISTRATOR,User,MyLowCostVM,Microsoft-Windows-Security-Auditing,Security,4625,4625 - An account failed to log on.,120.133.88.0,3,3 - Network,\ADMINISTRATOR,ADMINISTRATOR,"11/16/2024, 12:00:17.911 AM"
"11/16/2024, 12:00:13.307 AM",\ADMINISTRATOR,User,MyLowCostVM,Microsoft-Windows-Security-Auditing,Security,4625,4625 - An account failed to log on.,120.133.88.0,3,3 - Network,\ADMINISTRATOR,ADMINISTRATOR,"11/16/2024, 12:00:37.929 AM"
"11/16/2024, 12:00:38.671 AM",\ADMINISTRATOR,User,MyLowCostVM,Microsoft-Windows-Security-Auditing,Security,4625,4625 - An account failed to log on.,120.133.88.0,3,3 - Network,\ADMINISTRATOR,ADMINISTRATOR,"11/16/2024, 12:00:57.942 AM"
"11/16/2024, 12:00:39.950 AM",\ADMINISTRATOR,User,MyLowCostVM,Microsoft-Windows-Security-Auditing,Security,4625,4625 - An account failed to log on.,186.75.215.94,3,3 - Network,\ADMINISTRATOR,ADMINISTRATOR,"11/16/2024, 12:00:57.942 AM"
"11/16/2024, 12:01:04.194 AM",\ADMINISTRATOR,User,MyLowCostVM,Microsoft-Windows-Security-Auditing,Security,4625,4625 - An account failed to log on.,120.133.88.0,3,3 - Network,\ADMINISTRATOR,ADMINISTRATOR,"11/16/2024, 12:01:37.949 AM"
"11/16/2024, 12:01:17.751 AM",\ADMINISTRATOR,User,MyLowCostVM,Microsoft-Windows-Security-Auditing,Security,4625,4625 - An account failed to log on.,20.235.247.188,3,3 - Network,\ADMINISTRATOR,ADMINISTRATOR,"11/16/2024, 12:01:37.949 AM"
"11/16/2024, 12:01:29.821 AM",\ADMINISTRATOR,User,MyLowCostVM,Microsoft-Windows-Security-Auditing,Security,4625,4625 - An account failed to log on.,120.133.88.0,3,3 - Network,\ADMINISTRATOR,ADMINISTRATOR,"11/16/2024, 12:01:57.922 AM"
"11/16/2024, 12:01:55.283 AM",\ADMINISTRATOR,User,MyLowCostVM,Microsoft-Windows-Security-Auditing,Security,4625,4625 - An account failed to log on.,120.133.88.0,3,3 - Network,\ADMINISTRATOR,ADMINISTRATOR,"11/16/2024, 12:02:17.942 AM"
"11/16/2024, 12:02:12.634 AM",\AZUREUSER,User,MyLowCostVM,Microsoft-Windows-Security-Auditing,Security,4625,4625 - An account failed to log on.,94.102.49.171,3,3 - Network,\AZUREUSER,AZUREUSER,"11/16/2024, 12:02:37.954 AM"
"11/16/2024, 12:02:20.718 AM",\ADMINISTRATOR,User,MyLowCostVM,Microsoft-Windows-Security-Auditing,Security,4625,4625 - An account failed to log on.,120.133.88.0,3,3 - Network,\ADMINISTRATOR,ADMINISTRATOR,"11/16/2024, 12:02:57.944 AM"
"11/16/2024, 12:02:46.097 AM",\ADMINISTRATOR,User,MyLowCostVM,Microsoft-Windows-Security-Auditing,Security,4625,4625 - An account failed to log on.,120.133.88.0,3,3 - Network,\ADMINISTRATOR,ADMINISTRATOR,"11/16/2024, 12:03:17.939 AM"
"11/16/2024, 12:03:11.437 AM",\ADMINISTRATOR,User,MyLowCostVM,Microsoft-Windows-Security-Auditing,Security,4625,4625 - An account failed to log on.,120.133.88.0,3,3 - Network,\ADMINISTRATOR,ADMINISTRATOR,"11/16/2024, 12:03:37.947 AM"
"11/16/2024, 12:03:36.771 AM",\ADMINISTRATOR,User,MyLowCostVM,Microsoft-Windows-Security-Auditing,Security,4625,4625 - An account failed to log on.,120.133.88.0,3,3 - Network,\ADMINISTRATOR,ADMINISTRATOR,"11/16/2024, 12:03:57.953 AM"
"11/16/2024, 12:03:48.620 AM",\ADMINISTRATOR,User,MyLowCostVM,Microsoft-Windows-Security-Auditing,Security,4625,4625 - An account failed to log on.,20.235.247.188,3,3 - Network,\ADMINISTRATOR,ADMINISTRATOR,"11/16/2024, 12:04:17.949 AM"
"11/16/2024, 12:04:02.128 AM",\ADMINISTRATOR,User,MyLowCostVM,Microsoft-Windows-Security-Auditing,Security,4625,4625 - An account failed to log on.,120.133.88.0,3,3 - Network,\ADMINISTRATOR,ADMINISTRATOR,"11/16/2024, 12:04:37.937 AM"
"11/16/2024, 12:04:27.436 AM",\ADMINISTRATOR,User,MyLowCostVM,Microsoft-Windows-Security-Auditing,Security,4625,4625 - An account failed to log on.,120.133.88.0,3,3 - Network,\ADMINISTRATOR,ADMINISTRATOR,"11/16/2024, 12:04:57.929 AM"
"11/16/2024, 12:04:52.845 AM",\ADMINISTRATOR,User,MyLowCostVM,Microsoft-Windows-Security-Auditing,Security,4625,4625 - An account failed to log on.,120.133.88.0,3,3 - Network,\ADMINISTRATOR,ADMINISTRATOR,"11/16/2024, 12:05:17.926 AM"
"11/16/2024, 12:05:01.537 AM",\AZUREUSER,User,MyLowCostVM,Microsoft-Windows-Security-Auditing,Security,4625,4625 - An account failed to log on.,94.102.49.171,3,3 - Network,\AZUREUSER,AZUREUSER,"11/16/2024, 12:05:37.938 AM"
"11/16/2024, 12:05:18.169 AM",\ADMINISTRATOR,User,MyLowCostVM,Microsoft-Windows-Security-Auditing,Security,4625,4625 - An account failed to log on.,120.133.88.0,3,3 - Network,\ADMINISTRATOR,ADMINISTRATOR,"11/16/2024, 12:05:37.938 AM"
"11/16/2024, 12:05:43.388 AM",\ADMINISTRATOR,User,MyLowCostVM,Microsoft-Windows-Security-Auditing,Security,4625,4625 - An account failed to log on.,120.133.88.0,3,3 - Network,\ADMINISTRATOR,ADMINISTRATOR,"11/16/2024, 12:06:17.918 AM"
"11/16/2024, 12:06:08.624 AM",\ADMINISTRATOR,User,MyLowCostVM,Microsoft-Windows-Security-Auditing,Security,4625,4625 - An account failed to log on.,120.133.88.0,3,3 - Network,\ADMINISTRATOR,ADMINISTRATOR,"11/16/2024, 12:06:37.878 AM"
"11/16/2024, 12:06:24.056 AM",\ADMINISTRATOR,User,MyLowCostVM,Microsoft-Windows-Security-Auditing,Security,4625,4625 - An account failed to log on.,20.235.247.188,3,3 - Network,\ADMINISTRATOR,ADMINISTRATOR,"11/16/2024, 12:06:57.925 AM"
"11/16/2024, 12:06:33.877 AM",\ADMINISTRATOR,User,MyLowCostVM,Microsoft-Windows-Security-Auditing,Security,4625,4625 - An account failed to log on.,120.133.88.0,3,3 - Network,\ADMINISTRATOR,ADMINISTRATOR,"11/16/2024, 12:06:57.925 AM"
"11/16/2024, 12:06:59.082 AM",\ADMINISTRATOR,User,MyLowCostVM,Microsoft-Windows-Security-Auditing,Security,4625,4625 - An account failed to log on.,120.133.88.0,3,3 - Network,\ADMINISTRATOR,ADMINISTRATOR,"11/16/2024, 12:07:17.954 AM"
"11/16/2024, 12:07:24.421 AM",\ADMINISTRATOR,User,MyLowCostVM,Microsoft-Windows-Security-Auditing,Security,4625,4625 - An account failed to log on.,120.133.88.0,3,3 - Network,\ADMINISTRATOR,ADMINISTRATOR,"11/16/2024, 12:07:57.919 AM"
"11/16/2024, 12:07:49.647 AM",\ADMINISTRATOR,User,MyLowCostVM,Microsoft-Windows-Security-Auditing,Security,4625,4625 - An account failed to log on.,120.133.88.0,3,3 - Network,\ADMINISTRATOR,ADMINISTRATOR,"11/16/2024, 12:08:17.939 AM"
"11/16/2024, 12:07:50.993 AM",\AZUREUSER,User,MyLowCostVM,Microsoft-Windows-Security-Auditing,Security,4625,4625 - An account failed to log on.,94.102.49.171,3,3 - Network,\AZUREUSER,AZUREUSER,"11/16/2024, 12:08:17.939 AM"
"11/16/2024, 12:08:14.871 AM",\ADMINISTRATOR,User,MyLowCostVM,Microsoft-Windows-Security-Auditing,Security,4625,4625 - An account failed to log on.,120.133.88.0,3,3 - Network,\ADMINISTRATOR,ADMINISTRATOR,"11/16/2024, 12:08:37.946 AM"
"11/16/2024, 12:08:40.075 AM",\ADMINISTRATOR,User,MyLowCostVM,Microsoft-Windows-Security-Auditing,Security,4625,4625 - An account failed to log on.,120.133.88.0,3,3 - Network,\ADMINISTRATOR,ADMINISTRATOR,"11/16/2024, 12:09:17.945 AM"
"11/16/2024, 12:08:52.588 AM",\ADMINISTRATOR,User,MyLowCostVM,Microsoft-Windows-Security-Auditing,Security,4625,4625 - An account failed to log on.,20.235.247.188,3,3 - Network,\ADMINISTRATOR,ADMINISTRATOR,"11/16/2024, 12:09:17.945 AM"
"11/16/2024, 12:09:05.322 AM",\ADMINISTRATOR,User,MyLowCostVM,Microsoft-Windows-Security-Auditing,Security,4625,4625 - An account failed to log on.,120.133.88.0,3,3 - Network,\ADMINISTRATOR,ADMINISTRATOR,"11/16/2024, 12:09:37.964 AM"
"11/16/2024, 12:09:30.616 AM",\ADMINISTRATOR,User,MyLowCostVM,Microsoft-Windows-Security-Auditing,Security,4625,4625 - An account failed to log on.,120.133.88.0,3,3 - Network,\ADMINISTRATOR,ADMINISTRATOR,"11/16/2024, 12:09:57.937 AM"
"11/16/2024, 12:09:46.442 AM",\ADMINISTRATOR,User,MyLowCostVM,Microsoft-Windows-Security-Auditing,Security,4625,4625 - An account failed to log on.,103.227.210.199,3,3 - Network,\ADMINISTRATOR,ADMINISTRATOR,"11/16/2024, 12:10:17.951 AM"
