"11/15/2024, 1:37:11.682 PM",\ADMINISTRATOR,User,MyLowCostVM,Microsoft-Windows-Security-Auditing,Security,4625,4625 - An account failed to log on.,186.75.215.94,3,3 - Network,\ADMINISTRATOR,ADMINISTRATOR,"11/15/2024, 1:37:38.022 PM"
"11/15/2024, 1:38:12.573 PM",\ADMINISTRATOR,User,MyLowCostVM,Microsoft-Windows-Security-Auditing,Security,4625,4625 - An account failed to log on.,20.235.247.188,3,3 - Network,\ADMINISTRATOR,ADMINISTRATOR,"11/15/2024, 1:38:38.016 PM"
"11/15/2024, 1:40:07.472 PM",\ADMINISTRATOR,User,MyLowCostVM,Microsoft-Windows-Security-Auditing,Security,4625,4625 - An account failed to log on.,186.75.215.94,3,3 - Network,\ADMINISTRATOR,ADMINISTRATOR,"11/15/2024, 1:40:38.034 PM"
"11/15/2024, 1:40:55.655 PM",\ADMINISTRATOR,User,MyLowCostVM,Microsoft-Windows-Security-Auditing,Security,4625,4625 - An account failed to log on.,20.235.247.188,3,3 - Network,\ADMINISTRATOR,ADMINISTRATOR,"11/15/2024, 1:41:18.016 PM"
"11/15/2024, 1:43:01.864 PM",\ADMINISTRATOR,User,MyLowCostVM,Microsoft-Windows-Security-Auditing,Security,4625,4625 - An account failed to log on.,186.75.215.94,3,3 - Network,\ADMINISTRATOR,ADMINISTRATOR,"11/15/2024, 1:43:38.002 PM"
"11/15/2024, 1:43:45.564 PM",\ADMINISTRATOR,User,MyLowCostVM,Microsoft-Windows-Security-Auditing,Security,4625,4625 - An account failed to log on.,20.235.247.188,3,3 - Network,\ADMINISTRATOR,ADMINISTRATOR,"11/15/2024, 1:44:18.010 PM"
"11/15/2024, 1:45:53.601 PM",\ADMINISTRATOR,User,MyLowCostVM,Microsoft-Windows-Security-Auditing,Security,4625,4625 - An account failed to log on.,186.75.215.94,3,3 - Network,\ADMINISTRATOR,ADMINISTRATOR,"11/15/2024, 1:46:18.034 PM"
"11/15/2024, 1:46:31.996 PM",\ADMINISTRATOR,User,MyLowCostVM,Microsoft-Windows-Security-Auditing,Security,4625,4625 - An account failed to log on.,20.235.247.188,3,3 - Network,\ADMINISTRATOR,ADMINISTRATOR,"11/15/2024, 1:46:58.020 PM"
"11/15/2024, 1:48:46.385 PM",\ADMINISTRATOR,User,MyLowCostVM,Microsoft-Windows-Security-Auditing,Security,4625,4625 - An account failed to log on.,186.75.215.94,3,3 - Network,\ADMINISTRATOR,ADMINISTRATOR,"11/15/2024, 1:49:18.009 PM"
"11/15/2024, 1:49:20.359 PM",\ADMINISTRATOR,User,MyLowCostVM,Microsoft-Windows-Security-Auditing,Security,4625,4625 - An account failed to log on.,20.235.247.188,3,3 - Network,\ADMINISTRATOR,ADMINISTRATOR,"11/15/2024, 1:49:58.033 PM"
"11/15/2024, 1:52:06.272 PM",\ADMINISTRATOR,User,MyLowCostVM,Microsoft-Windows-Security-Auditing,Security,4625,4625 - An account failed to log on.,20.235.247.188,3,3 - Network,\ADMINISTRATOR,ADMINISTRATOR,"11/15/2024, 1:52:38.006 PM"
"11/15/2024, 1:54:25.678 PM",\ADMINISTRATOR,User,MyLowCostVM,Microsoft-Windows-Security-Auditing,Security,4625,4625 - An account failed to log on.,186.75.215.94,3,3 - Network,\ADMINISTRATOR,ADMINISTRATOR,"11/15/2024, 1:54:58.002 PM"
"11/15/2024, 1:54:50.844 PM",\ADMINISTRATOR,User,MyLowCostVM,Microsoft-Windows-Security-Auditing,Security,4625,4625 - An account failed to log on.,20.235.247.188,3,3 - Network,\ADMINISTRATOR,ADMINISTRATOR,"11/15/2024, 1:55:18.008 PM"
"11/15/2024, 1:56:51.622 PM",\administrator,User,MyLowCostVM,Microsoft-Windows-Security-Auditing,Security,4625,4625 - An account failed to log on.,92.255.57.161,3,3 - Network,\administrator,administrator,"11/15/2024, 1:57:17.997 PM"
"11/15/2024, 1:57:16.158 PM",\ADMINISTRATOR,User,MyLowCostVM,Microsoft-Windows-Security-Auditing,Security,4625,4625 - An account failed to log on.,186.75.215.94,3,3 - Network,\ADMINISTRATOR,ADMINISTRATOR,"11/15/2024, 1:57:38.006 PM"
"11/15/2024, 1:57:35.329 PM",\ADMINISTRATOR,User,MyLowCostVM,Microsoft-Windows-Security-Auditing,Security,4625,4625 - An account failed to log on.,20.235.247.188,3,3 - Network,\ADMINISTRATOR,ADMINISTRATOR,"11/15/2024, 1:57:58.018 PM"
"11/15/2024, 2:00:21.847 PM",\ADMINISTRATOR,User,MyLowCostVM,Microsoft-Windows-Security-Auditing,Security,4625,4625 - An account failed to log on.,20.235.247.188,3,3 - Network,\ADMINISTRATOR,ADMINISTRATOR,"11/15/2024, 2:00:58.015 PM"
"11/15/2024, 2:02:58.391 PM",\ADMINISTRATOR,User,MyLowCostVM,Microsoft-Windows-Security-Auditing,Security,4625,4625 - An account failed to log on.,186.75.215.94,3,3 - Network,\ADMINISTRATOR,ADMINISTRATOR,"11/15/2024, 2:03:18.010 PM"
"11/15/2024, 2:03:05.185 PM",\ADMINISTRATOR,User,MyLowCostVM,Microsoft-Windows-Security-Auditing,Security,4625,4625 - An account failed to log on.,20.235.247.188,3,3 - Network,\ADMINISTRATOR,ADMINISTRATOR,"11/15/2024, 2:03:38.016 PM"
"11/15/2024, 2:05:48.430 PM",\ADMINISTRATOR,User,MyLowCostVM,Microsoft-Windows-Security-Auditing,Security,4625,4625 - An account failed to log on.,20.235.247.188,3,3 - Network,\ADMINISTRATOR,ADMINISTRATOR,"11/15/2024, 2:06:18.003 PM"
"11/15/2024, 2:05:51.640 PM",\ADMINISTRATOR,User,MyLowCostVM,Microsoft-Windows-Security-Auditing,Security,4625,4625 - An account failed to log on.,186.75.215.94,3,3 - Network,\ADMINISTRATOR,ADMINISTRATOR,"11/15/2024, 2:06:18.003 PM"
"11/15/2024, 2:08:35.212 PM",\ADMINISTRATOR,User,MyLowCostVM,Microsoft-Windows-Security-Auditing,Security,4625,4625 - An account failed to log on.,20.235.247.188,3,3 - Network,\ADMINISTRATOR,ADMINISTRATOR,"11/15/2024, 2:08:58.020 PM"
"11/15/2024, 2:08:45.969 PM",\ADMINISTRATOR,User,MyLowCostVM,Microsoft-Windows-Security-Auditing,Security,4625,4625 - An account failed to log on.,186.75.215.94,3,3 - Network,\ADMINISTRATOR,ADMINISTRATOR,"11/15/2024, 2:09:18.014 PM"
"11/15/2024, 2:11:22.734 PM",\ADMINISTRATOR,User,MyLowCostVM,Microsoft-Windows-Security-Auditing,Security,4625,4625 - An account failed to log on.,20.235.247.188,3,3 - Network,\ADMINISTRATOR,ADMINISTRATOR,"11/15/2024, 2:11:58.009 PM"
"11/15/2024, 2:11:42.009 PM",\ADMINISTRATOR,User,MyLowCostVM,Microsoft-Windows-Security-Auditing,Security,4625,4625 - An account failed to log on.,186.75.215.94,3,3 - Network,\ADMINISTRATOR,ADMINISTRATOR,"11/15/2024, 2:12:18.007 PM"
"11/15/2024, 2:12:20.058 PM",NT AUTHORITY\SYSTEM,Machine,MyLowCostVM,Microsoft-Windows-Security-Auditing,Security,4624,4624 - An account was successfully logged on.,-,5,5 - Service,NT AUTHORITY\SYSTEM,SYSTEM,"11/15/2024, 2:12:58.009 PM"
"11/15/2024, 2:12:20.058 PM",NT AUTHORITY\SYSTEM,Machine,MyLowCostVM,Microsoft-Windows-Security-Auditing,Security,4672,4672 - Special privileges assigned to new logon.,,,,,,"11/15/2024, 2:12:58.009 PM"
"11/15/2024, 2:12:43.519 PM",WORKGROUP\MyLowCostVM$,Machine,MyLowCostVM,Microsoft-Windows-Security-Auditing,Security,4799,4799 - A security-enabled local group membership was enumerated,,,,Builtin\Remote Desktop Users,Remote Desktop Users,"11/15/2024, 2:13:18.013 PM"
"11/15/2024, 2:12:45.822 PM",WORKGROUP\MyLowCostVM$,Machine,MyLowCostVM,Microsoft-Windows-Security-Auditing,Security,4799,4799 - A security-enabled local group membership was enumerated,,,,Builtin\Administrators,Administrators,"11/15/2024, 2:13:18.013 PM"
"11/15/2024, 2:12:45.824 PM",WORKGROUP\MyLowCostVM$,Machine,MyLowCostVM,Microsoft-Windows-Security-Auditing,Security,4798,4798 - A user's local group membership was enumerated.,,,,MyLowCostVM\crankthat,crankthat,"11/15/2024, 2:13:18.013 PM"
"11/15/2024, 2:12:45.832 PM",WORKGROUP\MyLowCostVM$,Machine,MyLowCostVM,Microsoft-Windows-Security-Auditing,Security,4798,4798 - A user's local group membership was enumerated.,,,,MyLowCostVM\crankthat,crankthat,"11/15/2024, 2:13:18.013 PM"
"11/15/2024, 2:12:45.832 PM",WORKGROUP\MyLowCostVM$,Machine,MyLowCostVM,Microsoft-Windows-Security-Auditing,Security,4798,4798 - A user's local group membership was enumerated.,,,,MyLowCostVM\DefaultAccount,DefaultAccount,"11/15/2024, 2:13:18.013 PM"
"11/15/2024, 2:12:45.832 PM",WORKGROUP\MyLowCostVM$,Machine,MyLowCostVM,Microsoft-Windows-Security-Auditing,Security,4798,4798 - A user's local group membership was enumerated.,,,,MyLowCostVM\Guest,Guest,"11/15/2024, 2:13:18.013 PM"
"11/15/2024, 2:12:45.832 PM",WORKGROUP\MyLowCostVM$,Machine,MyLowCostVM,Microsoft-Windows-Security-Auditing,Security,4798,4798 - A user's local group membership was enumerated.,,,,MyLowCostVM\WDAGUtilityAccount,WDAGUtilityAccount,"11/15/2024, 2:13:18.013 PM"
"11/15/2024, 2:12:48.161 PM",WORKGROUP\MyLowCostVM$,Machine,MyLowCostVM,Microsoft-Windows-Security-Auditing,Security,4798,4798 - A user's local group membership was enumerated.,,,,MyLowCostVM\crankthat,crankthat,"11/15/2024, 2:13:18.013 PM"
"11/15/2024, 2:12:48.165 PM",WORKGROUP\MyLowCostVM$,Machine,MyLowCostVM,Microsoft-Windows-Security-Auditing,Security,4798,4798 - A user's local group membership was enumerated.,,,,MyLowCostVM\crankthat,crankthat,"11/15/2024, 2:13:18.013 PM"
"11/15/2024, 2:14:07.311 PM",\ADMINISTRATOR,User,MyLowCostVM,Microsoft-Windows-Security-Auditing,Security,4625,4625 - An account failed to log on.,20.235.247.188,3,3 - Network,\ADMINISTRATOR,ADMINISTRATOR,"11/15/2024, 2:14:38.001 PM"
"11/15/2024, 2:14:31.721 PM",\ADMINISTRATOR,User,MyLowCostVM,Microsoft-Windows-Security-Auditing,Security,4625,4625 - An account failed to log on.,186.75.215.94,3,3 - Network,\ADMINISTRATOR,ADMINISTRATOR,"11/15/2024, 2:14:58.023 PM"
"11/15/2024, 2:16:56.791 PM",\ADMINISTRATOR,User,MyLowCostVM,Microsoft-Windows-Security-Auditing,Security,4625,4625 - An account failed to log on.,20.235.247.188,3,3 - Network,\ADMINISTRATOR,ADMINISTRATOR,"11/15/2024, 2:17:18.003 PM"
"11/15/2024, 2:17:24.048 PM",\ADMINISTRATOR,User,MyLowCostVM,Microsoft-Windows-Security-Auditing,Security,4625,4625 - An account failed to log on.,186.75.215.94,3,3 - Network,\ADMINISTRATOR,ADMINISTRATOR,"11/15/2024, 2:17:58.019 PM"
"11/15/2024, 2:19:49.143 PM",\ADMINISTRATOR,User,MyLowCostVM,Microsoft-Windows-Security-Auditing,Security,4625,4625 - An account failed to log on.,20.235.247.188,3,3 - Network,\ADMINISTRATOR,ADMINISTRATOR,"11/15/2024, 2:20:18.019 PM"
"11/15/2024, 2:22:30.176 PM",\ADMINISTRATOR,User,MyLowCostVM,Microsoft-Windows-Security-Auditing,Security,4625,4625 - An account failed to log on.,20.235.247.188,3,3 - Network,\ADMINISTRATOR,ADMINISTRATOR,"11/15/2024, 2:22:58.000 PM"
"11/15/2024, 2:23:14.445 PM",\ADMINISTRATOR,User,MyLowCostVM,Microsoft-Windows-Security-Auditing,Security,4625,4625 - An account failed to log on.,186.75.215.94,3,3 - Network,\ADMINISTRATOR,ADMINISTRATOR,"11/15/2024, 2:23:38.006 PM"
"11/15/2024, 2:25:18.676 PM",\ADMINISTRATOR,User,MyLowCostVM,Microsoft-Windows-Security-Auditing,Security,4625,4625 - An account failed to log on.,20.235.247.188,3,3 - Network,\ADMINISTRATOR,ADMINISTRATOR,"11/15/2024, 2:25:38.028 PM"
"11/15/2024, 2:26:08.129 PM",\ADMINISTRATOR,User,MyLowCostVM,Microsoft-Windows-Security-Auditing,Security,4625,4625 - An account failed to log on.,186.75.215.94,3,3 - Network,\ADMINISTRATOR,ADMINISTRATOR,"11/15/2024, 2:26:38.004 PM"
"11/15/2024, 2:28:08.590 PM",\ADMINISTRATOR,User,MyLowCostVM,Microsoft-Windows-Security-Auditing,Security,4625,4625 - An account failed to log on.,20.235.247.188,3,3 - Network,\ADMINISTRATOR,ADMINISTRATOR,"11/15/2024, 2:28:37.997 PM"
"11/15/2024, 2:29:01.921 PM",\ADMINISTRATOR,User,MyLowCostVM,Microsoft-Windows-Security-Auditing,Security,4625,4625 - An account failed to log on.,186.75.215.94,3,3 - Network,\ADMINISTRATOR,ADMINISTRATOR,"11/15/2024, 2:29:38.034 PM"
"11/15/2024, 2:30:57.611 PM",\ADMINISTRATOR,User,MyLowCostVM,Microsoft-Windows-Security-Auditing,Security,4625,4625 - An account failed to log on.,20.235.247.188,3,3 - Network,\ADMINISTRATOR,ADMINISTRATOR,"11/15/2024, 2:31:17.999 PM"
"11/15/2024, 2:31:56.294 PM",\ADMINISTRATOR,User,MyLowCostVM,Microsoft-Windows-Security-Auditing,Security,4625,4625 - An account failed to log on.,186.75.215.94,3,3 - Network,\ADMINISTRATOR,ADMINISTRATOR,"11/15/2024, 2:32:18.009 PM"
"11/15/2024, 2:33:44.469 PM",\ADMINISTRATOR,User,MyLowCostVM,Microsoft-Windows-Security-Auditing,Security,4625,4625 - An account failed to log on.,20.235.247.188,3,3 - Network,\ADMINISTRATOR,ADMINISTRATOR,"11/15/2024, 2:34:18.012 PM"
"11/15/2024, 2:34:47.846 PM",\ADMINISTRATOR,User,MyLowCostVM,Microsoft-Windows-Security-Auditing,Security,4625,4625 - An account failed to log on.,186.75.215.94,3,3 - Network,\ADMINISTRATOR,ADMINISTRATOR,"11/15/2024, 2:35:18.020 PM"
"11/15/2024, 2:36:36.980 PM",\ADMINISTRATOR,User,MyLowCostVM,Microsoft-Windows-Security-Auditing,Security,4625,4625 - An account failed to log on.,20.235.247.188,3,3 - Network,\ADMINISTRATOR,ADMINISTRATOR,"11/15/2024, 2:36:58.013 PM"
"11/15/2024, 2:37:43.716 PM",\ADMINISTRATOR,User,MyLowCostVM,Microsoft-Windows-Security-Auditing,Security,4625,4625 - An account failed to log on.,186.75.215.94,3,3 - Network,\ADMINISTRATOR,ADMINISTRATOR,"11/15/2024, 2:38:18.012 PM"
"11/15/2024, 2:39:23.392 PM",\ADMINISTRATOR,User,MyLowCostVM,Microsoft-Windows-Security-Auditing,Security,4625,4625 - An account failed to log on.,20.235.247.188,3,3 - Network,\ADMINISTRATOR,ADMINISTRATOR,"11/15/2024, 2:39:58.008 PM"
"11/15/2024, 2:40:39.615 PM",\ADMINISTRATOR,User,MyLowCostVM,Microsoft-Windows-Security-Auditing,Security,4625,4625 - An account failed to log on.,186.75.215.94,3,3 - Network,\ADMINISTRATOR,ADMINISTRATOR,"11/15/2024, 2:40:58.018 PM"
"11/15/2024, 2:42:05.909 PM",\ADMINISTRATOR,User,MyLowCostVM,Microsoft-Windows-Security-Auditing,Security,4625,4625 - An account failed to log on.,20.235.247.188,3,3 - Network,\ADMINISTRATOR,ADMINISTRATOR,"11/15/2024, 2:42:38.005 PM"
"11/15/2024, 2:43:31.912 PM",\ADMINISTRATOR,User,MyLowCostVM,Microsoft-Windows-Security-Auditing,Security,4625,4625 - An account failed to log on.,186.75.215.94,3,3 - Network,\ADMINISTRATOR,ADMINISTRATOR,"11/15/2024, 2:43:58.003 PM"
"11/15/2024, 2:44:47.714 PM",\ADMINISTRATOR,User,MyLowCostVM,Microsoft-Windows-Security-Auditing,Security,4625,4625 - An account failed to log on.,20.235.247.188,3,3 - Network,\ADMINISTRATOR,ADMINISTRATOR,"11/15/2024, 2:45:18.007 PM"
"11/15/2024, 2:46:28.025 PM",\ADMINISTRATOR,User,MyLowCostVM,Microsoft-Windows-Security-Auditing,Security,4625,4625 - An account failed to log on.,186.75.215.94,3,3 - Network,\ADMINISTRATOR,ADMINISTRATOR,"11/15/2024, 2:46:58.008 PM"
"11/15/2024, 2:47:28.949 PM",\ADMINISTRATOR,User,MyLowCostVM,Microsoft-Windows-Security-Auditing,Security,4625,4625 - An account failed to log on.,20.235.247.188,3,3 - Network,\ADMINISTRATOR,ADMINISTRATOR,"11/15/2024, 2:47:57.999 PM"
"11/15/2024, 2:49:26.036 PM",\ADMINISTRATOR,User,MyLowCostVM,Microsoft-Windows-Security-Auditing,Security,4625,4625 - An account failed to log on.,186.75.215.94,3,3 - Network,\ADMINISTRATOR,ADMINISTRATOR,"11/15/2024, 2:49:58.001 PM"
"11/15/2024, 2:50:21.245 PM",\ADMINISTRATOR,User,MyLowCostVM,Microsoft-Windows-Security-Auditing,Security,4625,4625 - An account failed to log on.,20.235.247.188,3,3 - Network,\ADMINISTRATOR,ADMINISTRATOR,"11/15/2024, 2:50:57.996 PM"
"11/15/2024, 2:52:19.946 PM",\ADMINISTRATOR,User,MyLowCostVM,Microsoft-Windows-Security-Auditing,Security,4625,4625 - An account failed to log on.,186.75.215.94,3,3 - Network,\ADMINISTRATOR,ADMINISTRATOR,"11/15/2024, 2:52:38.005 PM"
"11/15/2024, 2:53:11.931 PM",\ADMINISTRATOR,User,MyLowCostVM,Microsoft-Windows-Security-Auditing,Security,4625,4625 - An account failed to log on.,20.235.247.188,3,3 - Network,\ADMINISTRATOR,ADMINISTRATOR,"11/15/2024, 2:53:38.003 PM"
"11/15/2024, 2:55:13.736 PM",\ADMINISTRATOR,User,MyLowCostVM,Microsoft-Windows-Security-Auditing,Security,4625,4625 - An account failed to log on.,186.75.215.94,3,3 - Network,\ADMINISTRATOR,ADMINISTRATOR,"11/15/2024, 2:55:38.028 PM"
"11/15/2024, 2:55:53.180 PM",domain\Administrator,User,MyLowCostVM,Microsoft-Windows-Security-Auditing,Security,4625,4625 - An account failed to log on.,193.122.94.68,3,3 - Network,domain\Administrator,Administrator,"11/15/2024, 2:56:17.999 PM"
"11/15/2024, 2:56:07.276 PM",\ADMINISTRATOR,User,MyLowCostVM,Microsoft-Windows-Security-Auditing,Security,4625,4625 - An account failed to log on.,20.235.247.188,3,3 - Network,\ADMINISTRATOR,ADMINISTRATOR,"11/15/2024, 2:56:38.020 PM"
"11/15/2024, 2:58:08.450 PM",\ADMINISTRATOR,User,MyLowCostVM,Microsoft-Windows-Security-Auditing,Security,4625,4625 - An account failed to log on.,186.75.215.94,3,3 - Network,\ADMINISTRATOR,ADMINISTRATOR,"11/15/2024, 2:58:37.997 PM"
"11/15/2024, 2:58:58.306 PM",\ADMINISTRATOR,User,MyLowCostVM,Microsoft-Windows-Security-Auditing,Security,4625,4625 - An account failed to log on.,20.235.247.188,3,3 - Network,\ADMINISTRATOR,ADMINISTRATOR,"11/15/2024, 2:59:17.995 PM"
"11/15/2024, 3:01:02.496 PM",\ADMINISTRATOR,User,MyLowCostVM,Microsoft-Windows-Security-Auditing,Security,4625,4625 - An account failed to log on.,186.75.215.94,3,3 - Network,\ADMINISTRATOR,ADMINISTRATOR,"11/15/2024, 3:01:38.008 PM"
"11/15/2024, 3:01:50.533 PM",\ADMINISTRATOR,User,MyLowCostVM,Microsoft-Windows-Security-Auditing,Security,4625,4625 - An account failed to log on.,20.235.247.188,3,3 - Network,\ADMINISTRATOR,ADMINISTRATOR,"11/15/2024, 3:02:18.016 PM"
"11/15/2024, 3:03:52.098 PM",\ADMINISTRATOR,User,MyLowCostVM,Microsoft-Windows-Security-Auditing,Security,4625,4625 - An account failed to log on.,186.75.215.94,3,3 - Network,\ADMINISTRATOR,ADMINISTRATOR,"11/15/2024, 3:04:18.023 PM"
"11/15/2024, 3:04:36.606 PM",\ADMINISTRATOR,User,MyLowCostVM,Microsoft-Windows-Security-Auditing,Security,4625,4625 - An account failed to log on.,20.235.247.188,3,3 - Network,\ADMINISTRATOR,ADMINISTRATOR,"11/15/2024, 3:04:58.017 PM"
"11/15/2024, 3:06:49.747 PM",\ADMINISTRATOR,User,MyLowCostVM,Microsoft-Windows-Security-Auditing,Security,4625,4625 - An account failed to log on.,186.75.215.94,3,3 - Network,\ADMINISTRATOR,ADMINISTRATOR,"11/15/2024, 3:07:18.014 PM"
"11/15/2024, 3:06:52.394 PM",\Test,User,MyLowCostVM,Microsoft-Windows-Security-Auditing,Security,4625,4625 - An account failed to log on.,203.189.135.33,3,3 - Network,\Test,Test,"11/15/2024, 3:07:18.014 PM"
"11/15/2024, 3:06:53.671 PM",\Test,User,MyLowCostVM,Microsoft-Windows-Security-Auditing,Security,4625,4625 - An account failed to log on.,203.189.135.33,3,3 - Network,\Test,Test,"11/15/2024, 3:07:18.014 PM"
"11/15/2024, 3:07:24.948 PM",\ADMINISTRATOR,User,MyLowCostVM,Microsoft-Windows-Security-Auditing,Security,4625,4625 - An account failed to log on.,20.235.247.188,3,3 - Network,\ADMINISTRATOR,ADMINISTRATOR,"11/15/2024, 3:07:57.995 PM"
"11/15/2024, 3:07:54.748 PM",domain\Administrator,User,MyLowCostVM,Microsoft-Windows-Security-Auditing,Security,4625,4625 - An account failed to log on.,193.122.94.68,3,3 - Network,domain\Administrator,Administrator,"11/15/2024, 3:08:18.015 PM"
"11/15/2024, 3:09:48.546 PM",\ADMINISTRATOR,User,MyLowCostVM,Microsoft-Windows-Security-Auditing,Security,4625,4625 - An account failed to log on.,186.75.215.94,3,3 - Network,\ADMINISTRATOR,ADMINISTRATOR,"11/15/2024, 3:10:18.012 PM"
"11/15/2024, 3:10:14.656 PM",\ADMINISTRATOR,User,MyLowCostVM,Microsoft-Windows-Security-Auditing,Security,4625,4625 - An account failed to log on.,20.235.247.188,3,3 - Network,\ADMINISTRATOR,ADMINISTRATOR,"11/15/2024, 3:10:38.006 PM"
"11/15/2024, 3:11:11.342 PM",domain\Administrator,User,MyLowCostVM,Microsoft-Windows-Security-Auditing,Security,4625,4625 - An account failed to log on.,193.122.94.68,3,3 - Network,domain\Administrator,Administrator,"11/15/2024, 3:11:37.989 PM"
"11/15/2024, 3:12:20.075 PM",NT AUTHORITY\SYSTEM,Machine,MyLowCostVM,Microsoft-Windows-Security-Auditing,Security,4624,4624 - An account was successfully logged on.,-,5,5 - Service,NT AUTHORITY\SYSTEM,SYSTEM,"11/15/2024, 3:12:57.997 PM"
"11/15/2024, 3:12:20.075 PM",NT AUTHORITY\SYSTEM,Machine,MyLowCostVM,Microsoft-Windows-Security-Auditing,Security,4672,4672 - Special privileges assigned to new logon.,,,,,,"11/15/2024, 3:12:57.997 PM"
"11/15/2024, 3:12:41.762 PM",\ADMINISTRATOR,User,MyLowCostVM,Microsoft-Windows-Security-Auditing,Security,4625,4625 - An account failed to log on.,186.75.215.94,3,3 - Network,\ADMINISTRATOR,ADMINISTRATOR,"11/15/2024, 3:13:18.003 PM"
"11/15/2024, 3:12:54.437 PM",WORKGROUP\MyLowCostVM$,Machine,MyLowCostVM,Microsoft-Windows-Security-Auditing,Security,4799,4799 - A security-enabled local group membership was enumerated,,,,Builtin\Remote Desktop Users,Remote Desktop Users,"11/15/2024, 3:13:18.003 PM"
"11/15/2024, 3:12:54.445 PM",domain\Administrator,User,MyLowCostVM,Microsoft-Windows-Security-Auditing,Security,4625,4625 - An account failed to log on.,193.122.94.68,3,3 - Network,domain\Administrator,Administrator,"11/15/2024, 3:13:18.003 PM"
"11/15/2024, 3:12:56.807 PM",WORKGROUP\MyLowCostVM$,Machine,MyLowCostVM,Microsoft-Windows-Security-Auditing,Security,4799,4799 - A security-enabled local group membership was enumerated,,,,Builtin\Administrators,Administrators,"11/15/2024, 3:13:18.003 PM"
"11/15/2024, 3:12:56.809 PM",WORKGROUP\MyLowCostVM$,Machine,MyLowCostVM,Microsoft-Windows-Security-Auditing,Security,4798,4798 - A user's local group membership was enumerated.,,,,MyLowCostVM\crankthat,crankthat,"11/15/2024, 3:13:18.003 PM"
"11/15/2024, 3:12:56.817 PM",WORKGROUP\MyLowCostVM$,Machine,MyLowCostVM,Microsoft-Windows-Security-Auditing,Security,4798,4798 - A user's local group membership was enumerated.,,,,MyLowCostVM\crankthat,crankthat,"11/15/2024, 3:13:18.003 PM"
"11/15/2024, 3:12:56.817 PM",WORKGROUP\MyLowCostVM$,Machine,MyLowCostVM,Microsoft-Windows-Security-Auditing,Security,4798,4798 - A user's local group membership was enumerated.,,,,MyLowCostVM\DefaultAccount,DefaultAccount,"11/15/2024, 3:13:18.003 PM"
"11/15/2024, 3:12:56.817 PM",WORKGROUP\MyLowCostVM$,Machine,MyLowCostVM,Microsoft-Windows-Security-Auditing,Security,4798,4798 - A user's local group membership was enumerated.,,,,MyLowCostVM\Guest,Guest,"11/15/2024, 3:13:18.003 PM"
"11/15/2024, 3:12:56.817 PM",WORKGROUP\MyLowCostVM$,Machine,MyLowCostVM,Microsoft-Windows-Security-Auditing,Security,4798,4798 - A user's local group membership was enumerated.,,,,MyLowCostVM\WDAGUtilityAccount,WDAGUtilityAccount,"11/15/2024, 3:13:18.003 PM"
"11/15/2024, 3:12:59.130 PM",WORKGROUP\MyLowCostVM$,Machine,MyLowCostVM,Microsoft-Windows-Security-Auditing,Security,4798,4798 - A user's local group membership was enumerated.,,,,MyLowCostVM\crankthat,crankthat,"11/15/2024, 3:13:18.003 PM"
"11/15/2024, 3:12:59.133 PM",WORKGROUP\MyLowCostVM$,Machine,MyLowCostVM,Microsoft-Windows-Security-Auditing,Security,4798,4798 - A user's local group membership was enumerated.,,,,MyLowCostVM\crankthat,crankthat,"11/15/2024, 3:13:18.003 PM"
"11/15/2024, 3:13:02.770 PM",\ADMINISTRATOR,User,MyLowCostVM,Microsoft-Windows-Security-Auditing,Security,4625,4625 - An account failed to log on.,20.235.247.188,3,3 - Network,\ADMINISTRATOR,ADMINISTRATOR,"11/15/2024, 3:13:38.016 PM"
"11/15/2024, 3:15:39.786 PM",\ADMINISTRATOR,User,MyLowCostVM,Microsoft-Windows-Security-Auditing,Security,4625,4625 - An account failed to log on.,186.75.215.94,3,3 - Network,\ADMINISTRATOR,ADMINISTRATOR,"11/15/2024, 3:15:58.006 PM"
"11/15/2024, 3:15:43.480 PM",domain\Administrator,User,MyLowCostVM,Microsoft-Windows-Security-Auditing,Security,4625,4625 - An account failed to log on.,193.122.94.68,3,3 - Network,domain\Administrator,Administrator,"11/15/2024, 3:16:18.000 PM"
"11/15/2024, 3:15:50.649 PM",\ADMINISTRATOR,User,MyLowCostVM,Microsoft-Windows-Security-Auditing,Security,4625,4625 - An account failed to log on.,20.235.247.188,3,3 - Network,\ADMINISTRATOR,ADMINISTRATOR,"11/15/2024, 3:16:18.000 PM"
"11/15/2024, 3:17:01.384 PM",domain\Administrator,User,MyLowCostVM,Microsoft-Windows-Security-Auditing,Security,4625,4625 - An account failed to log on.,193.122.94.68,3,3 - Network,domain\Administrator,Administrator,"11/15/2024, 3:17:38.000 PM"
"11/15/2024, 3:18:36.544 PM",\ADMINISTRATOR,User,MyLowCostVM,Microsoft-Windows-Security-Auditing,Security,4625,4625 - An account failed to log on.,186.75.215.94,3,3 - Network,\ADMINISTRATOR,ADMINISTRATOR,"11/15/2024, 3:18:57.998 PM"
"11/15/2024, 3:18:36.672 PM",\ADMINISTRATOR,User,MyLowCostVM,Microsoft-Windows-Security-Auditing,Security,4625,4625 - An account failed to log on.,20.235.247.188,3,3 - Network,\ADMINISTRATOR,ADMINISTRATOR,"11/15/2024, 3:18:57.998 PM"
"11/15/2024, 3:19:34.449 PM",domain\Administrator,User,MyLowCostVM,Microsoft-Windows-Security-Auditing,Security,4625,4625 - An account failed to log on.,193.122.94.68,3,3 - Network,domain\Administrator,Administrator,"11/15/2024, 3:19:58.007 PM"
"11/15/2024, 3:20:51.511 PM",domain\Administrator,User,MyLowCostVM,Microsoft-Windows-Security-Auditing,Security,4625,4625 - An account failed to log on.,193.122.94.68,3,3 - Network,domain\Administrator,Administrator,"11/15/2024, 3:21:17.997 PM"
"11/15/2024, 3:21:18.607 PM",\ADMINISTRATOR,User,MyLowCostVM,Microsoft-Windows-Security-Auditing,Security,4625,4625 - An account failed to log on.,20.235.247.188,3,3 - Network,\ADMINISTRATOR,ADMINISTRATOR,"11/15/2024, 3:21:38.004 PM"
"11/15/2024, 3:21:33.876 PM",\ADMINISTRATOR,User,MyLowCostVM,Microsoft-Windows-Security-Auditing,Security,4625,4625 - An account failed to log on.,186.75.215.94,3,3 - Network,\ADMINISTRATOR,ADMINISTRATOR,"11/15/2024, 3:21:57.999 PM"
"11/15/2024, 3:23:52.650 PM",domain\Administrator,User,MyLowCostVM,Microsoft-Windows-Security-Auditing,Security,4625,4625 - An account failed to log on.,193.122.94.68,3,3 - Network,domain\Administrator,Administrator,"11/15/2024, 3:24:17.994 PM"
"11/15/2024, 3:24:02.348 PM",\ADMINISTRATOR,User,MyLowCostVM,Microsoft-Windows-Security-Auditing,Security,4625,4625 - An account failed to log on.,20.235.247.188,3,3 - Network,\ADMINISTRATOR,ADMINISTRATOR,"11/15/2024, 3:24:38.005 PM"
"11/15/2024, 3:24:36.371 PM",\ADMINISTRATOR,User,MyLowCostVM,Microsoft-Windows-Security-Auditing,Security,4625,4625 - An account failed to log on.,186.75.215.94,3,3 - Network,\ADMINISTRATOR,ADMINISTRATOR,"11/15/2024, 3:24:57.995 PM"
"11/15/2024, 3:25:35.937 PM",domain\Administrator,User,MyLowCostVM,Microsoft-Windows-Security-Auditing,Security,4625,4625 - An account failed to log on.,193.122.94.68,3,3 - Network,domain\Administrator,Administrator,"11/15/2024, 3:25:58.012 PM"
"11/15/2024, 3:26:53.633 PM",\ADMINISTRATOR,User,MyLowCostVM,Microsoft-Windows-Security-Auditing,Security,4625,4625 - An account failed to log on.,20.235.247.188,3,3 - Network,\ADMINISTRATOR,ADMINISTRATOR,"11/15/2024, 3:27:18.011 PM"
"11/15/2024, 3:27:36.497 PM",\ADMINISTRATOR,User,MyLowCostVM,Microsoft-Windows-Security-Auditing,Security,4625,4625 - An account failed to log on.,186.75.215.94,3,3 - Network,\ADMINISTRATOR,ADMINISTRATOR,"11/15/2024, 3:27:57.996 PM"
"11/15/2024, 3:27:37.031 PM",domain\Administrator,User,MyLowCostVM,Microsoft-Windows-Security-Auditing,Security,4625,4625 - An account failed to log on.,193.122.94.68,3,3 - Network,domain\Administrator,Administrator,"11/15/2024, 3:27:57.996 PM"
"11/15/2024, 3:28:29.707 PM",domain\Administrator,User,MyLowCostVM,Microsoft-Windows-Security-Auditing,Security,4625,4625 - An account failed to log on.,193.122.94.68,3,3 - Network,domain\Administrator,Administrator,"11/15/2024, 3:28:58.001 PM"
"11/15/2024, 3:28:59.159 PM",\Test,User,MyLowCostVM,Microsoft-Windows-Security-Auditing,Security,4625,4625 - An account failed to log on.,92.255.57.161,3,3 - Network,\Test,Test,"11/15/2024, 3:29:18.028 PM"
"11/15/2024, 3:29:46.356 PM",\ADMINISTRATOR,User,MyLowCostVM,Microsoft-Windows-Security-Auditing,Security,4625,4625 - An account failed to log on.,20.235.247.188,3,3 - Network,\ADMINISTRATOR,ADMINISTRATOR,"11/15/2024, 3:30:18.006 PM"
"11/15/2024, 3:30:16.587 PM",domain\Administrator,User,MyLowCostVM,Microsoft-Windows-Security-Auditing,Security,4625,4625 - An account failed to log on.,193.122.94.68,3,3 - Network,domain\Administrator,Administrator,"11/15/2024, 3:30:37.992 PM"
"11/15/2024, 3:30:34.405 PM",\ADMINISTRATOR,User,MyLowCostVM,Microsoft-Windows-Security-Auditing,Security,4625,4625 - An account failed to log on.,186.75.215.94,3,3 - Network,\ADMINISTRATOR,ADMINISTRATOR,"11/15/2024, 3:30:57.998 PM"
"11/15/2024, 3:31:08.248 PM",domain\Administrator,User,MyLowCostVM,Microsoft-Windows-Security-Auditing,Security,4625,4625 - An account failed to log on.,193.122.94.68,3,3 - Network,domain\Administrator,Administrator,"11/15/2024, 3:31:38.004 PM"
"11/15/2024, 3:32:34.524 PM",\ADMINISTRATOR,User,MyLowCostVM,Microsoft-Windows-Security-Auditing,Security,4625,4625 - An account failed to log on.,20.235.247.188,3,3 - Network,\ADMINISTRATOR,ADMINISTRATOR,"11/15/2024, 3:32:58.005 PM"
"11/15/2024, 3:32:54.115 PM",domain\Administrator,User,MyLowCostVM,Microsoft-Windows-Security-Auditing,Security,4625,4625 - An account failed to log on.,193.122.94.68,3,3 - Network,domain\Administrator,Administrator,"11/15/2024, 3:33:18.000 PM"
"11/15/2024, 3:33:32.302 PM",\ADMINISTRATOR,User,MyLowCostVM,Microsoft-Windows-Security-Auditing,Security,4625,4625 - An account failed to log on.,186.75.215.94,3,3 - Network,\ADMINISTRATOR,ADMINISTRATOR,"11/15/2024, 3:33:58.004 PM"
"11/15/2024, 3:33:53.698 PM",domain\Administrator,User,MyLowCostVM,Microsoft-Windows-Security-Auditing,Security,4625,4625 - An account failed to log on.,193.122.94.68,3,3 - Network,domain\Administrator,Administrator,"11/15/2024, 3:34:17.996 PM"
"11/15/2024, 3:35:21.352 PM",\ADMINISTRATOR,User,MyLowCostVM,Microsoft-Windows-Security-Auditing,Security,4625,4625 - An account failed to log on.,20.235.247.188,3,3 - Network,\ADMINISTRATOR,ADMINISTRATOR,"11/15/2024, 3:35:58.011 PM"
"11/15/2024, 3:35:35.002 PM",domain\Administrator,User,MyLowCostVM,Microsoft-Windows-Security-Auditing,Security,4625,4625 - An account failed to log on.,193.122.94.68,3,3 - Network,domain\Administrator,Administrator,"11/15/2024, 3:35:58.011 PM"
"11/15/2024, 3:36:28.507 PM",\ADMINISTRATOR,User,MyLowCostVM,Microsoft-Windows-Security-Auditing,Security,4625,4625 - An account failed to log on.,186.75.215.94,3,3 - Network,\ADMINISTRATOR,ADMINISTRATOR,"11/15/2024, 3:36:58.005 PM"
"11/15/2024, 3:36:35.082 PM",domain\Administrator,User,MyLowCostVM,Microsoft-Windows-Security-Auditing,Security,4625,4625 - An account failed to log on.,193.122.94.68,3,3 - Network,domain\Administrator,Administrator,"11/15/2024, 3:36:58.005 PM"
"11/15/2024, 3:38:02.711 PM",\ADMINISTRATOR,User,MyLowCostVM,Microsoft-Windows-Security-Auditing,Security,4625,4625 - An account failed to log on.,20.235.247.188,3,3 - Network,\ADMINISTRATOR,ADMINISTRATOR,"11/15/2024, 3:38:37.997 PM"
"11/15/2024, 3:38:19.202 PM",domain\Administrator,User,MyLowCostVM,Microsoft-Windows-Security-Auditing,Security,4625,4625 - An account failed to log on.,193.122.94.68,3,3 - Network,domain\Administrator,Administrator,"11/15/2024, 3:38:37.997 PM"
"11/15/2024, 3:39:19.043 PM",domain\Administrator,User,MyLowCostVM,Microsoft-Windows-Security-Auditing,Security,4625,4625 - An account failed to log on.,193.122.94.68,3,3 - Network,domain\Administrator,Administrator,"11/15/2024, 3:39:38.001 PM"
"11/15/2024, 3:39:32.561 PM",\ADMINISTRATOR,User,MyLowCostVM,Microsoft-Windows-Security-Auditing,Security,4625,4625 - An account failed to log on.,186.75.215.94,3,3 - Network,\ADMINISTRATOR,ADMINISTRATOR,"11/15/2024, 3:39:58.001 PM"
"11/15/2024, 3:40:44.070 PM",\ADMINISTRATOR,User,MyLowCostVM,Microsoft-Windows-Security-Auditing,Security,4625,4625 - An account failed to log on.,20.235.247.188,3,3 - Network,\ADMINISTRATOR,ADMINISTRATOR,"11/15/2024, 3:41:17.991 PM"
"11/15/2024, 3:41:02.776 PM",domain\Administrator,User,MyLowCostVM,Microsoft-Windows-Security-Auditing,Security,4625,4625 - An account failed to log on.,193.122.94.68,3,3 - Network,domain\Administrator,Administrator,"11/15/2024, 3:41:38.017 PM"
"11/15/2024, 3:42:01.102 PM",domain\Administrator,User,MyLowCostVM,Microsoft-Windows-Security-Auditing,Security,4625,4625 - An account failed to log on.,193.122.94.68,3,3 - Network,domain\Administrator,Administrator,"11/15/2024, 3:42:38.013 PM"
"11/15/2024, 3:42:23.751 PM",\ADMINISTRATOR,User,MyLowCostVM,Microsoft-Windows-Security-Auditing,Security,4625,4625 - An account failed to log on.,186.75.215.94,3,3 - Network,\ADMINISTRATOR,ADMINISTRATOR,"11/15/2024, 3:42:58.014 PM"
"11/15/2024, 3:43:24.366 PM",\ADMINISTRATOR,User,MyLowCostVM,Microsoft-Windows-Security-Auditing,Security,4625,4625 - An account failed to log on.,20.235.247.188,3,3 - Network,\ADMINISTRATOR,ADMINISTRATOR,"11/15/2024, 3:43:57.997 PM"
"11/15/2024, 3:43:44.981 PM",domain\Administrator,User,MyLowCostVM,Microsoft-Windows-Security-Auditing,Security,4625,4625 - An account failed to log on.,193.122.94.68,3,3 - Network,domain\Administrator,Administrator,"11/15/2024, 3:44:18.010 PM"
"11/15/2024, 3:44:44.571 PM",domain\Administrator,User,MyLowCostVM,Microsoft-Windows-Security-Auditing,Security,4625,4625 - An account failed to log on.,193.122.94.68,3,3 - Network,domain\Administrator,Administrator,"11/15/2024, 3:45:17.999 PM"
"11/15/2024, 3:45:21.701 PM",\ADMINISTRATOR,User,MyLowCostVM,Microsoft-Windows-Security-Auditing,Security,4625,4625 - An account failed to log on.,186.75.215.94,3,3 - Network,\ADMINISTRATOR,ADMINISTRATOR,"11/15/2024, 3:45:57.996 PM"
"11/15/2024, 3:46:00.404 PM",\ADMINISTRATOR,User,MyLowCostVM,Microsoft-Windows-Security-Auditing,Security,4625,4625 - An account failed to log on.,20.235.247.188,3,3 - Network,\ADMINISTRATOR,ADMINISTRATOR,"11/15/2024, 3:46:38.004 PM"
"11/15/2024, 3:46:29.047 PM",domain\Administrator,User,MyLowCostVM,Microsoft-Windows-Security-Auditing,Security,4625,4625 - An account failed to log on.,193.122.94.68,3,3 - Network,domain\Administrator,Administrator,"11/15/2024, 3:46:57.985 PM"
"11/15/2024, 3:47:27.834 PM",domain\Administrator,User,MyLowCostVM,Microsoft-Windows-Security-Auditing,Security,4625,4625 - An account failed to log on.,193.122.94.68,3,3 - Network,domain\Administrator,Administrator,"11/15/2024, 3:47:57.996 PM"
"11/15/2024, 3:48:18.293 PM",\ADMINISTRATOR,User,MyLowCostVM,Microsoft-Windows-Security-Auditing,Security,4625,4625 - An account failed to log on.,186.75.215.94,3,3 - Network,\ADMINISTRATOR,ADMINISTRATOR,"11/15/2024, 3:48:38.004 PM"
"11/15/2024, 3:48:39.426 PM",\ADMINISTRATOR,User,MyLowCostVM,Microsoft-Windows-Security-Auditing,Security,4625,4625 - An account failed to log on.,20.235.247.188,3,3 - Network,\ADMINISTRATOR,ADMINISTRATOR,"11/15/2024, 3:48:57.994 PM"
"11/15/2024, 3:49:10.999 PM",domain\Administrator,User,MyLowCostVM,Microsoft-Windows-Security-Auditing,Security,4625,4625 - An account failed to log on.,193.122.94.68,3,3 - Network,domain\Administrator,Administrator,"11/15/2024, 3:49:37.997 PM"
"11/15/2024, 3:50:11.047 PM",domain\Administrator,User,MyLowCostVM,Microsoft-Windows-Security-Auditing,Security,4625,4625 - An account failed to log on.,193.122.94.68,3,3 - Network,domain\Administrator,Administrator,"11/15/2024, 3:50:37.989 PM"
"11/15/2024, 3:51:19.857 PM",\ADMINISTRATOR,User,MyLowCostVM,Microsoft-Windows-Security-Auditing,Security,4625,4625 - An account failed to log on.,186.75.215.94,3,3 - Network,\ADMINISTRATOR,ADMINISTRATOR,"11/15/2024, 3:51:37.990 PM"
"11/15/2024, 3:51:20.041 PM",\ADMINISTRATOR,User,MyLowCostVM,Microsoft-Windows-Security-Auditing,Security,4625,4625 - An account failed to log on.,20.235.247.188,3,3 - Network,\ADMINISTRATOR,ADMINISTRATOR,"11/15/2024, 3:51:57.997 PM"
"11/15/2024, 3:51:53.673 PM",domain\Administrator,User,MyLowCostVM,Microsoft-Windows-Security-Auditing,Security,4625,4625 - An account failed to log on.,193.122.94.68,3,3 - Network,domain\Administrator,Administrator,"11/15/2024, 3:52:17.995 PM"
"11/15/2024, 3:52:37.288 PM",domain\Administrator,User,MyLowCostVM,Microsoft-Windows-Security-Auditing,Security,4625,4625 - An account failed to log on.,193.122.94.68,3,3 - Network,domain\Administrator,Administrator,"11/15/2024, 3:52:57.985 PM"
"11/15/2024, 3:54:00.380 PM",\ADMINISTRATOR,User,MyLowCostVM,Microsoft-Windows-Security-Auditing,Security,4625,4625 - An account failed to log on.,20.235.247.188,3,3 - Network,\ADMINISTRATOR,ADMINISTRATOR,"11/15/2024, 3:54:38.009 PM"
"11/15/2024, 3:54:18.141 PM",\ADMINISTRATOR,User,MyLowCostVM,Microsoft-Windows-Security-Auditing,Security,4625,4625 - An account failed to log on.,186.75.215.94,3,3 - Network,\ADMINISTRATOR,ADMINISTRATOR,"11/15/2024, 3:54:38.009 PM"
"11/15/2024, 3:54:20.988 PM",domain\Administrator,User,MyLowCostVM,Microsoft-Windows-Security-Auditing,Security,4625,4625 - An account failed to log on.,193.122.94.68,3,3 - Network,domain\Administrator,Administrator,"11/15/2024, 3:54:57.996 PM"
"11/15/2024, 3:55:07.381 PM",domain\Administrator,User,MyLowCostVM,Microsoft-Windows-Security-Auditing,Security,4625,4625 - An account failed to log on.,193.122.94.68,3,3 - Network,domain\Administrator,Administrator,"11/15/2024, 3:55:37.986 PM"
"11/15/2024, 3:56:33.978 PM",domain\Administrator,User,MyLowCostVM,Microsoft-Windows-Security-Auditing,Security,4625,4625 - An account failed to log on.,193.122.94.68,3,3 - Network,domain\Administrator,Administrator,"11/15/2024, 3:56:57.986 PM"
"11/15/2024, 3:56:42.058 PM",\ADMINISTRATOR,User,MyLowCostVM,Microsoft-Windows-Security-Auditing,Security,4625,4625 - An account failed to log on.,20.235.247.188,3,3 - Network,\ADMINISTRATOR,ADMINISTRATOR,"11/15/2024, 3:57:18.022 PM"
"11/15/2024, 3:57:17.761 PM",\ADMINISTRATOR,User,MyLowCostVM,Microsoft-Windows-Security-Auditing,Security,4625,4625 - An account failed to log on.,186.75.215.94,3,3 - Network,\ADMINISTRATOR,ADMINISTRATOR,"11/15/2024, 3:57:37.995 PM"
"11/15/2024, 3:57:18.175 PM",domain\Administrator,User,MyLowCostVM,Microsoft-Windows-Security-Auditing,Security,4625,4625 - An account failed to log on.,193.122.94.68,3,3 - Network,domain\Administrator,Administrator,"11/15/2024, 3:57:37.995 PM"
"11/15/2024, 3:58:44.068 PM",domain\Administrator,User,MyLowCostVM,Microsoft-Windows-Security-Auditing,Security,4625,4625 - An account failed to log on.,193.122.94.68,3,3 - Network,domain\Administrator,Administrator,"11/15/2024, 3:59:18.002 PM"
"11/15/2024, 3:59:18.848 PM",\ADMINISTRATOR,User,MyLowCostVM,Microsoft-Windows-Security-Auditing,Security,4625,4625 - An account failed to log on.,20.235.247.188,3,3 - Network,\ADMINISTRATOR,ADMINISTRATOR,"11/15/2024, 3:59:37.981 PM"
"11/15/2024, 3:59:26.251 PM",domain\Administrator,User,MyLowCostVM,Microsoft-Windows-Security-Auditing,Security,4625,4625 - An account failed to log on.,193.122.94.68,3,3 - Network,domain\Administrator,Administrator,"11/15/2024, 3:59:57.999 PM"
"11/15/2024, 4:00:16.326 PM",\ADMINISTRATOR,User,MyLowCostVM,Microsoft-Windows-Security-Auditing,Security,4625,4625 - An account failed to log on.,186.75.215.94,3,3 - Network,\ADMINISTRATOR,ADMINISTRATOR,"11/15/2024, 4:00:38.004 PM"
"11/15/2024, 4:00:52.774 PM",domain\Administrator,User,MyLowCostVM,Microsoft-Windows-Security-Auditing,Security,4625,4625 - An account failed to log on.,193.122.94.68,3,3 - Network,domain\Administrator,Administrator,"11/15/2024, 4:01:17.992 PM"
"11/15/2024, 4:01:37.606 PM",domain\Administrator,User,MyLowCostVM,Microsoft-Windows-Security-Auditing,Security,4625,4625 - An account failed to log on.,193.122.94.68,3,3 - Network,domain\Administrator,Administrator,"11/15/2024, 4:01:57.989 PM"
"11/15/2024, 4:01:56.867 PM",\ADMINISTRATOR,User,MyLowCostVM,Microsoft-Windows-Security-Auditing,Security,4625,4625 - An account failed to log on.,20.235.247.188,3,3 - Network,\ADMINISTRATOR,ADMINISTRATOR,"11/15/2024, 4:02:18.020 PM"
"11/15/2024, 4:03:02.380 PM",domain\Administrator,User,MyLowCostVM,Microsoft-Windows-Security-Auditing,Security,4625,4625 - An account failed to log on.,193.122.94.68,3,3 - Network,domain\Administrator,Administrator,"11/15/2024, 4:03:37.985 PM"
"11/15/2024, 4:03:45.716 PM",domain\Administrator,User,MyLowCostVM,Microsoft-Windows-Security-Auditing,Security,4625,4625 - An account failed to log on.,193.122.94.68,3,3 - Network,domain\Administrator,Administrator,"11/15/2024, 4:04:18.000 PM"
"11/15/2024, 4:04:35.808 PM",\ADMINISTRATOR,User,MyLowCostVM,Microsoft-Windows-Security-Auditing,Security,4625,4625 - An account failed to log on.,20.235.247.188,3,3 - Network,\ADMINISTRATOR,ADMINISTRATOR,"11/15/2024, 4:04:58.008 PM"
"11/15/2024, 4:05:12.378 PM",domain\Administrator,User,MyLowCostVM,Microsoft-Windows-Security-Auditing,Security,4625,4625 - An account failed to log on.,193.122.94.68,3,3 - Network,domain\Administrator,Administrator,"11/15/2024, 4:05:38.002 PM"
"11/15/2024, 4:05:59.368 PM",domain\Administrator,User,MyLowCostVM,Microsoft-Windows-Security-Auditing,Security,4625,4625 - An account failed to log on.,193.122.94.68,3,3 - Network,domain\Administrator,Administrator,"11/15/2024, 4:06:17.998 PM"
"11/15/2024, 4:06:12.151 PM",\ADMINISTRATOR,User,MyLowCostVM,Microsoft-Windows-Security-Auditing,Security,4625,4625 - An account failed to log on.,186.75.215.94,3,3 - Network,\ADMINISTRATOR,ADMINISTRATOR,"11/15/2024, 4:06:38.016 PM"
"11/15/2024, 4:07:14.501 PM",\ADMINISTRATOR,User,MyLowCostVM,Microsoft-Windows-Security-Auditing,Security,4625,4625 - An account failed to log on.,20.235.247.188,3,3 - Network,\ADMINISTRATOR,ADMINISTRATOR,"11/15/2024, 4:07:38.015 PM"
"11/15/2024, 4:07:24.625 PM",domain\Administrator,User,MyLowCostVM,Microsoft-Windows-Security-Auditing,Security,4625,4625 - An account failed to log on.,193.122.94.68,3,3 - Network,domain\Administrator,Administrator,"11/15/2024, 4:07:57.996 PM"
"11/15/2024, 4:08:06.766 PM",domain\Administrator,User,MyLowCostVM,Microsoft-Windows-Security-Auditing,Security,4625,4625 - An account failed to log on.,193.122.94.68,3,3 - Network,domain\Administrator,Administrator,"11/15/2024, 4:08:37.996 PM"
"11/15/2024, 4:09:13.612 PM",\ADMINISTRATOR,User,MyLowCostVM,Microsoft-Windows-Security-Auditing,Security,4625,4625 - An account failed to log on.,186.75.215.94,3,3 - Network,\ADMINISTRATOR,ADMINISTRATOR,"11/15/2024, 4:09:37.993 PM"
"11/15/2024, 4:09:31.578 PM",domain\Administrator,User,MyLowCostVM,Microsoft-Windows-Security-Auditing,Security,4625,4625 - An account failed to log on.,193.122.94.68,3,3 - Network,domain\Administrator,Administrator,"11/15/2024, 4:09:57.983 PM"
"11/15/2024, 4:09:53.620 PM",\ADMINISTRATOR,User,MyLowCostVM,Microsoft-Windows-Security-Auditing,Security,4625,4625 - An account failed to log on.,20.235.247.188,3,3 - Network,\ADMINISTRATOR,ADMINISTRATOR,"11/15/2024, 4:10:17.997 PM"
"11/15/2024, 4:10:13.407 PM",domain\Administrator,User,MyLowCostVM,Microsoft-Windows-Security-Auditing,Security,4625,4625 - An account failed to log on.,193.122.94.68,3,3 - Network,domain\Administrator,Administrator,"11/15/2024, 4:10:38.004 PM"
"11/15/2024, 4:11:37.087 PM",domain\Administrator,User,MyLowCostVM,Microsoft-Windows-Security-Auditing,Security,4625,4625 - An account failed to log on.,193.122.94.68,3,3 - Network,domain\Administrator,Administrator,"11/15/2024, 4:11:57.996 PM"
"11/15/2024, 4:12:17.913 PM",domain\Administrator,User,MyLowCostVM,Microsoft-Windows-Security-Auditing,Security,4625,4625 - An account failed to log on.,193.122.94.68,3,3 - Network,domain\Administrator,Administrator,"11/15/2024, 4:12:38.028 PM"
"11/15/2024, 4:12:19.761 PM",\ADMINISTRATOR,User,MyLowCostVM,Microsoft-Windows-Security-Auditing,Security,4625,4625 - An account failed to log on.,186.75.215.94,3,3 - Network,\ADMINISTRATOR,ADMINISTRATOR,"11/15/2024, 4:12:38.028 PM"
"11/15/2024, 4:12:20.080 PM",NT AUTHORITY\SYSTEM,Machine,MyLowCostVM,Microsoft-Windows-Security-Auditing,Security,4624,4624 - An account was successfully logged on.,-,5,5 - Service,NT AUTHORITY\SYSTEM,SYSTEM,"11/15/2024, 4:12:57.998 PM"
"11/15/2024, 4:12:20.080 PM",NT AUTHORITY\SYSTEM,Machine,MyLowCostVM,Microsoft-Windows-Security-Auditing,Security,4672,4672 - Special privileges assigned to new logon.,,,,,,"11/15/2024, 4:12:57.998 PM"
"11/15/2024, 4:12:33.958 PM",\ADMINISTRATOR,User,MyLowCostVM,Microsoft-Windows-Security-Auditing,Security,4625,4625 - An account failed to log on.,20.235.247.188,3,3 - Network,\ADMINISTRATOR,ADMINISTRATOR,"11/15/2024, 4:12:57.998 PM"
"11/15/2024, 4:13:05.607 PM",WORKGROUP\MyLowCostVM$,Machine,MyLowCostVM,Microsoft-Windows-Security-Auditing,Security,4799,4799 - A security-enabled local group membership was enumerated,,,,Builtin\Remote Desktop Users,Remote Desktop Users,"11/15/2024, 4:13:37.991 PM"
"11/15/2024, 4:13:07.941 PM",WORKGROUP\MyLowCostVM$,Machine,MyLowCostVM,Microsoft-Windows-Security-Auditing,Security,4799,4799 - A security-enabled local group membership was enumerated,,,,Builtin\Administrators,Administrators,"11/15/2024, 4:13:37.991 PM"
"11/15/2024, 4:13:07.943 PM",WORKGROUP\MyLowCostVM$,Machine,MyLowCostVM,Microsoft-Windows-Security-Auditing,Security,4798,4798 - A user's local group membership was enumerated.,,,,MyLowCostVM\crankthat,crankthat,"11/15/2024, 4:13:37.991 PM"
"11/15/2024, 4:13:07.951 PM",WORKGROUP\MyLowCostVM$,Machine,MyLowCostVM,Microsoft-Windows-Security-Auditing,Security,4798,4798 - A user's local group membership was enumerated.,,,,MyLowCostVM\crankthat,crankthat,"11/15/2024, 4:13:37.991 PM"
"11/15/2024, 4:13:07.951 PM",WORKGROUP\MyLowCostVM$,Machine,MyLowCostVM,Microsoft-Windows-Security-Auditing,Security,4798,4798 - A user's local group membership was enumerated.,,,,MyLowCostVM\DefaultAccount,DefaultAccount,"11/15/2024, 4:13:37.991 PM"
"11/15/2024, 4:13:07.951 PM",WORKGROUP\MyLowCostVM$,Machine,MyLowCostVM,Microsoft-Windows-Security-Auditing,Security,4798,4798 - A user's local group membership was enumerated.,,,,MyLowCostVM\Guest,Guest,"11/15/2024, 4:13:37.991 PM"
"11/15/2024, 4:13:07.951 PM",WORKGROUP\MyLowCostVM$,Machine,MyLowCostVM,Microsoft-Windows-Security-Auditing,Security,4798,4798 - A user's local group membership was enumerated.,,,,MyLowCostVM\WDAGUtilityAccount,WDAGUtilityAccount,"11/15/2024, 4:13:37.991 PM"
"11/15/2024, 4:13:10.275 PM",WORKGROUP\MyLowCostVM$,Machine,MyLowCostVM,Microsoft-Windows-Security-Auditing,Security,4798,4798 - A user's local group membership was enumerated.,,,,MyLowCostVM\crankthat,crankthat,"11/15/2024, 4:13:37.991 PM"
"11/15/2024, 4:13:10.278 PM",WORKGROUP\MyLowCostVM$,Machine,MyLowCostVM,Microsoft-Windows-Security-Auditing,Security,4798,4798 - A user's local group membership was enumerated.,,,,MyLowCostVM\crankthat,crankthat,"11/15/2024, 4:13:37.991 PM"
"11/15/2024, 4:13:41.968 PM",domain\Administrator,User,MyLowCostVM,Microsoft-Windows-Security-Auditing,Security,4625,4625 - An account failed to log on.,193.122.94.68,3,3 - Network,domain\Administrator,Administrator,"11/15/2024, 4:14:18.011 PM"
"11/15/2024, 4:14:25.301 PM",domain\Administrator,User,MyLowCostVM,Microsoft-Windows-Security-Auditing,Security,4625,4625 - An account failed to log on.,193.122.94.68,3,3 - Network,domain\Administrator,Administrator,"11/15/2024, 4:14:58.003 PM"
"11/15/2024, 4:15:13.446 PM",\ADMINISTRATOR,User,MyLowCostVM,Microsoft-Windows-Security-Auditing,Security,4625,4625 - An account failed to log on.,20.235.247.188,3,3 - Network,\ADMINISTRATOR,ADMINISTRATOR,"11/15/2024, 4:15:37.994 PM"
"11/15/2024, 4:15:20.221 PM",\ADMINISTRATOR,User,MyLowCostVM,Microsoft-Windows-Security-Auditing,Security,4625,4625 - An account failed to log on.,186.75.215.94,3,3 - Network,\ADMINISTRATOR,ADMINISTRATOR,"11/15/2024, 4:15:57.990 PM"
"11/15/2024, 4:15:47.645 PM",domain\Administrator,User,MyLowCostVM,Microsoft-Windows-Security-Auditing,Security,4625,4625 - An account failed to log on.,193.122.94.68,3,3 - Network,domain\Administrator,Administrator,"11/15/2024, 4:16:18.013 PM"
"11/15/2024, 4:16:28.998 PM",domain\Administrator,User,MyLowCostVM,Microsoft-Windows-Security-Auditing,Security,4625,4625 - An account failed to log on.,193.122.94.68,3,3 - Network,domain\Administrator,Administrator,"11/15/2024, 4:16:57.986 PM"
"11/15/2024, 4:17:47.976 PM",\ADMINISTRATOR,User,MyLowCostVM,Microsoft-Windows-Security-Auditing,Security,4625,4625 - An account failed to log on.,20.235.247.188,3,3 - Network,\ADMINISTRATOR,ADMINISTRATOR,"11/15/2024, 4:18:17.990 PM"
"11/15/2024, 4:17:51.946 PM",domain\Administrator,User,MyLowCostVM,Microsoft-Windows-Security-Auditing,Security,4625,4625 - An account failed to log on.,193.122.94.68,3,3 - Network,domain\Administrator,Administrator,"11/15/2024, 4:18:17.990 PM"
"11/15/2024, 4:18:20.308 PM",\ADMINISTRATOR,User,MyLowCostVM,Microsoft-Windows-Security-Auditing,Security,4625,4625 - An account failed to log on.,186.75.215.94,3,3 - Network,\ADMINISTRATOR,ADMINISTRATOR,"11/15/2024, 4:18:57.992 PM"
"11/15/2024, 4:18:36.477 PM",domain\Administrator,User,MyLowCostVM,Microsoft-Windows-Security-Auditing,Security,4625,4625 - An account failed to log on.,193.122.94.68,3,3 - Network,domain\Administrator,Administrator,"11/15/2024, 4:18:57.992 PM"
"11/15/2024, 4:18:48.996 PM",\Test,User,MyLowCostVM,Microsoft-Windows-Security-Auditing,Security,4625,4625 - An account failed to log on.,31.43.185.66,3,3 - Network,\Test,Test,"11/15/2024, 4:19:18.003 PM"
"11/15/2024, 4:20:00.261 PM",domain\Administrator,User,MyLowCostVM,Microsoft-Windows-Security-Auditing,Security,4625,4625 - An account failed to log on.,193.122.94.68,3,3 - Network,domain\Administrator,Administrator,"11/15/2024, 4:20:38.007 PM"
"11/15/2024, 4:20:21.845 PM",\ADMINISTRATOR,User,MyLowCostVM,Microsoft-Windows-Security-Auditing,Security,4625,4625 - An account failed to log on.,20.235.247.188,3,3 - Network,\ADMINISTRATOR,ADMINISTRATOR,"11/15/2024, 4:20:57.987 PM"
"11/15/2024, 4:20:41.084 PM",domain\Administrator,User,MyLowCostVM,Microsoft-Windows-Security-Auditing,Security,4625,4625 - An account failed to log on.,193.122.94.68,3,3 - Network,domain\Administrator,Administrator,"11/15/2024, 4:21:18.001 PM"
"11/15/2024, 4:21:22.651 PM",\ADMINISTRATOR,User,MyLowCostVM,Microsoft-Windows-Security-Auditing,Security,4625,4625 - An account failed to log on.,186.75.215.94,3,3 - Network,\ADMINISTRATOR,ADMINISTRATOR,"11/15/2024, 4:21:58.000 PM"
"11/15/2024, 4:22:04.397 PM",domain\Administrator,User,MyLowCostVM,Microsoft-Windows-Security-Auditing,Security,4625,4625 - An account failed to log on.,193.122.94.68,3,3 - Network,domain\Administrator,Administrator,"11/15/2024, 4:22:37.996 PM"
"11/15/2024, 4:22:47.498 PM",domain\Administrator,User,MyLowCostVM,Microsoft-Windows-Security-Auditing,Security,4625,4625 - An account failed to log on.,193.122.94.68,3,3 - Network,domain\Administrator,Administrator,"11/15/2024, 4:23:17.981 PM"
