"11/16/2024, 12:17:51.409 PM",\ADMINISTRATOR,User,MyLowCostVM,Microsoft-Windows-Security-Auditing,Security,4625,4625 - An account failed to log on.,36.134.25.206,3,3 - Network,\ADMINISTRATOR,ADMINISTRATOR,"11/16/2024, 12:18:17.873 PM"
"11/16/2024, 12:17:58.316 PM",\ADMINISTRATOR,User,MyLowCostVM,Microsoft-Windows-Security-Auditing,Security,4625,4625 - An account failed to log on.,120.133.88.0,3,3 - Network,\ADMINISTRATOR,ADMINISTRATOR,"11/16/2024, 12:18:17.873 PM"
"11/16/2024, 12:18:01.900 PM",\ADMINISTRATOR,User,MyLowCostVM,Microsoft-Windows-Security-Auditing,Security,4625,4625 - An account failed to log on.,79.124.56.98,3,3 - Network,\ADMINISTRATOR,ADMINISTRATOR,"11/16/2024, 12:18:37.860 PM"
"11/16/2024, 12:18:10.084 PM",\ADMINISTRATOR,User,MyLowCostVM,Microsoft-Windows-Security-Auditing,Security,4625,4625 - An account failed to log on.,116.228.169.194,3,3 - Network,\ADMINISTRATOR,ADMINISTRATOR,"11/16/2024, 12:18:37.860 PM"
"11/16/2024, 12:18:21.998 PM",\ADMINISTRATOR,User,MyLowCostVM,Microsoft-Windows-Security-Auditing,Security,4625,4625 - An account failed to log on.,120.133.88.0,3,3 - Network,\ADMINISTRATOR,ADMINISTRATOR,"11/16/2024, 12:18:57.860 PM"
"11/16/2024, 12:18:39.912 PM",\ADMIN,User,MyLowCostVM,Microsoft-Windows-Security-Auditing,Security,4625,4625 - An account failed to log on.,218.24.151.212,3,3 - Network,\ADMIN,ADMIN,"11/16/2024, 12:18:57.860 PM"
"11/16/2024, 12:18:45.733 PM",\ADMINISTRATOR,User,MyLowCostVM,Microsoft-Windows-Security-Auditing,Security,4625,4625 - An account failed to log on.,120.133.88.0,3,3 - Network,\ADMINISTRATOR,ADMINISTRATOR,"11/16/2024, 12:19:17.866 PM"
"11/16/2024, 12:18:50.474 PM",\ADMINISTRATOR,User,MyLowCostVM,Microsoft-Windows-Security-Auditing,Security,4625,4625 - An account failed to log on.,36.134.25.206,3,3 - Network,\ADMINISTRATOR,ADMINISTRATOR,"11/16/2024, 12:19:17.866 PM"
"11/16/2024, 12:19:09.543 PM",\ADMINISTRATOR,User,MyLowCostVM,Microsoft-Windows-Security-Auditing,Security,4625,4625 - An account failed to log on.,120.133.88.0,3,3 - Network,\ADMINISTRATOR,ADMINISTRATOR,"11/16/2024, 12:19:37.870 PM"
"11/16/2024, 12:19:27.184 PM",\TEST,User,MyLowCostVM,Microsoft-Windows-Security-Auditing,Security,4625,4625 - An account failed to log on.,218.90.122.42,3,3 - Network,\TEST,TEST,"11/16/2024, 12:19:57.881 PM"
"11/16/2024, 12:19:33.325 PM",\ADMINISTRATOR,User,MyLowCostVM,Microsoft-Windows-Security-Auditing,Security,4625,4625 - An account failed to log on.,120.133.88.0,3,3 - Network,\ADMINISTRATOR,ADMINISTRATOR,"11/16/2024, 12:19:57.881 PM"
"11/16/2024, 12:19:51.305 PM",\ADMINISTRATOR,User,MyLowCostVM,Microsoft-Windows-Security-Auditing,Security,4625,4625 - An account failed to log on.,218.24.151.212,3,3 - Network,\ADMINISTRATOR,ADMINISTRATOR,"11/16/2024, 12:20:17.872 PM"
"11/16/2024, 12:19:51.922 PM",\ADMINISTRATOR,User,MyLowCostVM,Microsoft-Windows-Security-Auditing,Security,4625,4625 - An account failed to log on.,36.134.25.206,3,3 - Network,\ADMINISTRATOR,ADMINISTRATOR,"11/16/2024, 12:20:17.872 PM"
"11/16/2024, 12:19:57.113 PM",\ADMINISTRATOR,User,MyLowCostVM,Microsoft-Windows-Security-Auditing,Security,4625,4625 - An account failed to log on.,120.133.88.0,3,3 - Network,\ADMINISTRATOR,ADMINISTRATOR,"11/16/2024, 12:20:17.872 PM"
"11/16/2024, 12:20:19.622 PM",\ADMINISTRATOR,User,MyLowCostVM,Microsoft-Windows-Security-Auditing,Security,4625,4625 - An account failed to log on.,79.124.56.98,3,3 - Network,\ADMINISTRATOR,ADMINISTRATOR,"11/16/2024, 12:20:37.888 PM"
"11/16/2024, 12:20:20.945 PM",\ADMINISTRATOR,User,MyLowCostVM,Microsoft-Windows-Security-Auditing,Security,4625,4625 - An account failed to log on.,120.133.88.0,3,3 - Network,\ADMINISTRATOR,ADMINISTRATOR,"11/16/2024, 12:20:57.872 PM"
"11/16/2024, 12:20:37.833 PM",\ADMINISTRATOR,User,MyLowCostVM,Microsoft-Windows-Security-Auditing,Security,4625,4625 - An account failed to log on.,116.228.169.194,3,3 - Network,\ADMINISTRATOR,ADMINISTRATOR,"11/16/2024, 12:20:57.872 PM"
"11/16/2024, 12:20:44.701 PM",\ADMINISTRATOR,User,MyLowCostVM,Microsoft-Windows-Security-Auditing,Security,4625,4625 - An account failed to log on.,120.133.88.0,3,3 - Network,\ADMINISTRATOR,ADMINISTRATOR,"11/16/2024, 12:21:17.880 PM"
"11/16/2024, 12:20:49.133 PM",\ADMINISTRATOR,User,MyLowCostVM,Microsoft-Windows-Security-Auditing,Security,4625,4625 - An account failed to log on.,36.134.25.206,3,3 - Network,\ADMINISTRATOR,ADMINISTRATOR,"11/16/2024, 12:21:17.880 PM"
"11/16/2024, 12:21:01.556 PM",\ADMIN,User,MyLowCostVM,Microsoft-Windows-Security-Auditing,Security,4625,4625 - An account failed to log on.,218.24.151.212,3,3 - Network,\ADMIN,ADMIN,"11/16/2024, 12:21:37.875 PM"
"11/16/2024, 12:21:08.414 PM",\ADMINISTRATOR,User,MyLowCostVM,Microsoft-Windows-Security-Auditing,Security,4625,4625 - An account failed to log on.,120.133.88.0,3,3 - Network,\ADMINISTRATOR,ADMINISTRATOR,"11/16/2024, 12:21:37.875 PM"
"11/16/2024, 12:21:16.540 PM",\ROOT,User,MyLowCostVM,Microsoft-Windows-Security-Auditing,Security,4625,4625 - An account failed to log on.,218.90.122.42,3,3 - Network,\ROOT,ROOT,"11/16/2024, 12:21:37.875 PM"
"11/16/2024, 12:21:32.150 PM",\ADMINISTRATOR,User,MyLowCostVM,Microsoft-Windows-Security-Auditing,Security,4625,4625 - An account failed to log on.,120.133.88.0,3,3 - Network,\ADMINISTRATOR,ADMINISTRATOR,"11/16/2024, 12:21:57.863 PM"
"11/16/2024, 12:21:49.442 PM",\ADMINISTRATOR,User,MyLowCostVM,Microsoft-Windows-Security-Auditing,Security,4625,4625 - An account failed to log on.,36.134.25.206,3,3 - Network,\ADMINISTRATOR,ADMINISTRATOR,"11/16/2024, 12:22:17.864 PM"
"11/16/2024, 12:21:55.933 PM",\ADMINISTRATOR,User,MyLowCostVM,Microsoft-Windows-Security-Auditing,Security,4625,4625 - An account failed to log on.,120.133.88.0,3,3 - Network,\ADMINISTRATOR,ADMINISTRATOR,"11/16/2024, 12:22:17.864 PM"
"11/16/2024, 12:22:12.810 PM",\ADMINISTRATOR,User,MyLowCostVM,Microsoft-Windows-Security-Auditing,Security,4625,4625 - An account failed to log on.,218.24.151.212,3,3 - Network,\ADMINISTRATOR,ADMINISTRATOR,"11/16/2024, 12:22:37.873 PM"
"11/16/2024, 12:22:19.694 PM",\ADMINISTRATOR,User,MyLowCostVM,Microsoft-Windows-Security-Auditing,Security,4625,4625 - An account failed to log on.,120.133.88.0,3,3 - Network,\ADMINISTRATOR,ADMINISTRATOR,"11/16/2024, 12:22:37.873 PM"
"11/16/2024, 12:22:43.406 PM",\ADMINISTRATOR,User,MyLowCostVM,Microsoft-Windows-Security-Auditing,Security,4625,4625 - An account failed to log on.,120.133.88.0,3,3 - Network,\ADMINISTRATOR,ADMINISTRATOR,"11/16/2024, 12:23:17.878 PM"
"11/16/2024, 12:22:51.809 PM",\ADMINISTRATOR,User,MyLowCostVM,Microsoft-Windows-Security-Auditing,Security,4625,4625 - An account failed to log on.,79.124.56.98,3,3 - Network,\ADMINISTRATOR,ADMINISTRATOR,"11/16/2024, 12:23:17.878 PM"
"11/16/2024, 12:22:53.678 PM",\ADMINISTRATOR,User,MyLowCostVM,Microsoft-Windows-Security-Auditing,Security,4625,4625 - An account failed to log on.,36.134.25.206,3,3 - Network,\ADMINISTRATOR,ADMINISTRATOR,"11/16/2024, 12:23:17.878 PM"
"11/16/2024, 12:23:05.469 PM",\DELL,User,MyLowCostVM,Microsoft-Windows-Security-Auditing,Security,4625,4625 - An account failed to log on.,218.90.122.42,3,3 - Network,\DELL,DELL,"11/16/2024, 12:23:37.885 PM"
"11/16/2024, 12:23:07.176 PM",\ADMINISTRATOR,User,MyLowCostVM,Microsoft-Windows-Security-Auditing,Security,4625,4625 - An account failed to log on.,120.133.88.0,3,3 - Network,\ADMINISTRATOR,ADMINISTRATOR,"11/16/2024, 12:23:37.885 PM"
"11/16/2024, 12:23:10.252 PM",\ADMINISTRATOR,User,MyLowCostVM,Microsoft-Windows-Security-Auditing,Security,4625,4625 - An account failed to log on.,116.228.169.194,3,3 - Network,\ADMINISTRATOR,ADMINISTRATOR,"11/16/2024, 12:23:37.885 PM"
"11/16/2024, 12:23:23.107 PM",\ADMIN,User,MyLowCostVM,Microsoft-Windows-Security-Auditing,Security,4625,4625 - An account failed to log on.,218.24.151.212,3,3 - Network,\ADMIN,ADMIN,"11/16/2024, 12:23:57.871 PM"
"11/16/2024, 12:23:30.950 PM",\ADMINISTRATOR,User,MyLowCostVM,Microsoft-Windows-Security-Auditing,Security,4625,4625 - An account failed to log on.,120.133.88.0,3,3 - Network,\ADMINISTRATOR,ADMINISTRATOR,"11/16/2024, 12:23:57.871 PM"
"11/16/2024, 12:23:54.737 PM",\ADMINISTRATOR,User,MyLowCostVM,Microsoft-Windows-Security-Auditing,Security,4625,4625 - An account failed to log on.,120.133.88.0,3,3 - Network,\ADMINISTRATOR,ADMINISTRATOR,"11/16/2024, 12:24:17.876 PM"
"11/16/2024, 12:23:54.738 PM",\ADMINISTRATOR,User,MyLowCostVM,Microsoft-Windows-Security-Auditing,Security,4625,4625 - An account failed to log on.,36.134.25.206,3,3 - Network,\ADMINISTRATOR,ADMINISTRATOR,"11/16/2024, 12:24:17.876 PM"
"11/16/2024, 12:24:18.557 PM",\ADMINISTRATOR,User,MyLowCostVM,Microsoft-Windows-Security-Auditing,Security,4625,4625 - An account failed to log on.,120.133.88.0,3,3 - Network,\ADMINISTRATOR,ADMINISTRATOR,"11/16/2024, 12:24:37.887 PM"
"11/16/2024, 12:24:32.707 PM",\ADMINISTRATOR,User,MyLowCostVM,Microsoft-Windows-Security-Auditing,Security,4625,4625 - An account failed to log on.,218.24.151.212,3,3 - Network,\ADMINISTRATOR,ADMINISTRATOR,"11/16/2024, 12:24:58.256 PM"
"11/16/2024, 12:24:42.378 PM",\ADMINISTRATOR,User,MyLowCostVM,Microsoft-Windows-Security-Auditing,Security,4625,4625 - An account failed to log on.,120.133.88.0,3,3 - Network,\ADMINISTRATOR,ADMINISTRATOR,"11/16/2024, 12:25:17.886 PM"
"11/16/2024, 12:24:54.761 PM",\ADMINISTRATOR,User,MyLowCostVM,Microsoft-Windows-Security-Auditing,Security,4625,4625 - An account failed to log on.,36.134.25.206,3,3 - Network,\ADMINISTRATOR,ADMINISTRATOR,"11/16/2024, 12:25:17.886 PM"
"11/16/2024, 12:24:57.073 PM",\USER,User,MyLowCostVM,Microsoft-Windows-Security-Auditing,Security,4625,4625 - An account failed to log on.,218.90.122.42,3,3 - Network,\USER,USER,"11/16/2024, 12:25:17.886 PM"
"11/16/2024, 12:25:06.208 PM",\ADMINISTRATOR,User,MyLowCostVM,Microsoft-Windows-Security-Auditing,Security,4625,4625 - An account failed to log on.,120.133.88.0,3,3 - Network,\ADMINISTRATOR,ADMINISTRATOR,"11/16/2024, 12:25:37.853 PM"
"11/16/2024, 12:25:11.504 PM",\ADMINISTRATOR,User,MyLowCostVM,Microsoft-Windows-Security-Auditing,Security,4625,4625 - An account failed to log on.,79.124.56.98,3,3 - Network,\ADMINISTRATOR,ADMINISTRATOR,"11/16/2024, 12:25:37.853 PM"
"11/16/2024, 12:25:30.059 PM",\ADMINISTRATOR,User,MyLowCostVM,Microsoft-Windows-Security-Auditing,Security,4625,4625 - An account failed to log on.,120.133.88.0,3,3 - Network,\ADMINISTRATOR,ADMINISTRATOR,"11/16/2024, 12:25:57.872 PM"
"11/16/2024, 12:25:37.716 PM",\ADMINISTRATOR,User,MyLowCostVM,Microsoft-Windows-Security-Auditing,Security,4625,4625 - An account failed to log on.,116.228.169.194,3,3 - Network,\ADMINISTRATOR,ADMINISTRATOR,"11/16/2024, 12:25:57.872 PM"
"11/16/2024, 12:25:44.865 PM",\ADMIN,User,MyLowCostVM,Microsoft-Windows-Security-Auditing,Security,4625,4625 - An account failed to log on.,218.24.151.212,3,3 - Network,\ADMIN,ADMIN,"11/16/2024, 12:26:17.872 PM"
"11/16/2024, 12:25:53.948 PM",\ADMINISTRATOR,User,MyLowCostVM,Microsoft-Windows-Security-Auditing,Security,4625,4625 - An account failed to log on.,120.133.88.0,3,3 - Network,\ADMINISTRATOR,ADMINISTRATOR,"11/16/2024, 12:26:17.872 PM"
"11/16/2024, 12:25:56.355 PM",\ADMINISTRATOR,User,MyLowCostVM,Microsoft-Windows-Security-Auditing,Security,4625,4625 - An account failed to log on.,36.134.25.206,3,3 - Network,\ADMINISTRATOR,ADMINISTRATOR,"11/16/2024, 12:26:17.872 PM"
"11/16/2024, 12:26:17.751 PM",\ADMINISTRATOR,User,MyLowCostVM,Microsoft-Windows-Security-Auditing,Security,4625,4625 - An account failed to log on.,120.133.88.0,3,3 - Network,\ADMINISTRATOR,ADMINISTRATOR,"11/16/2024, 12:26:37.869 PM"
"11/16/2024, 12:26:41.566 PM",\ADMINISTRATOR,User,MyLowCostVM,Microsoft-Windows-Security-Auditing,Security,4625,4625 - An account failed to log on.,120.133.88.0,3,3 - Network,\ADMINISTRATOR,ADMINISTRATOR,"11/16/2024, 12:27:17.865 PM"
"11/16/2024, 12:26:49.958 PM",\PC,User,MyLowCostVM,Microsoft-Windows-Security-Auditing,Security,4625,4625 - An account failed to log on.,218.90.122.42,3,3 - Network,\PC,PC,"11/16/2024, 12:27:17.865 PM"
"11/16/2024, 12:26:56.418 PM",\ADMINISTRATOR,User,MyLowCostVM,Microsoft-Windows-Security-Auditing,Security,4625,4625 - An account failed to log on.,218.24.151.212,3,3 - Network,\ADMINISTRATOR,ADMINISTRATOR,"11/16/2024, 12:27:17.865 PM"
"11/16/2024, 12:26:58.489 PM",\ADMINISTRATOR,User,MyLowCostVM,Microsoft-Windows-Security-Auditing,Security,4625,4625 - An account failed to log on.,36.134.25.206,3,3 - Network,\ADMINISTRATOR,ADMINISTRATOR,"11/16/2024, 12:27:17.865 PM"
"11/16/2024, 12:27:05.765 PM",\ADMINISTRATOR,User,MyLowCostVM,Microsoft-Windows-Security-Auditing,Security,4625,4625 - An account failed to log on.,120.133.88.0,3,3 - Network,\ADMINISTRATOR,ADMINISTRATOR,"11/16/2024, 12:27:37.845 PM"
"11/16/2024, 12:27:24.587 PM",\ADMINISTRATOR,User,MyLowCostVM,Microsoft-Windows-Security-Auditing,Security,4625,4625 - An account failed to log on.,79.124.56.98,3,3 - Network,\ADMINISTRATOR,ADMINISTRATOR,"11/16/2024, 12:27:57.890 PM"
"11/16/2024, 12:27:30.104 PM",\ADMINISTRATOR,User,MyLowCostVM,Microsoft-Windows-Security-Auditing,Security,4625,4625 - An account failed to log on.,120.133.88.0,3,3 - Network,\ADMINISTRATOR,ADMINISTRATOR,"11/16/2024, 12:27:57.890 PM"
"11/16/2024, 12:27:54.256 PM",\ADMINISTRATOR,User,MyLowCostVM,Microsoft-Windows-Security-Auditing,Security,4625,4625 - An account failed to log on.,120.133.88.0,3,3 - Network,\ADMINISTRATOR,ADMINISTRATOR,"11/16/2024, 12:28:17.891 PM"
"11/16/2024, 12:27:56.998 PM",\ADMINISTRATOR,User,MyLowCostVM,Microsoft-Windows-Security-Auditing,Security,4625,4625 - An account failed to log on.,116.228.169.194,3,3 - Network,\ADMINISTRATOR,ADMINISTRATOR,"11/16/2024, 12:28:17.891 PM"
"11/16/2024, 12:27:59.128 PM",\ADMINISTRATOR,User,MyLowCostVM,Microsoft-Windows-Security-Auditing,Security,4625,4625 - An account failed to log on.,36.134.25.206,3,3 - Network,\ADMINISTRATOR,ADMINISTRATOR,"11/16/2024, 12:28:17.891 PM"
"11/16/2024, 12:28:06.485 PM",\ADMIN,User,MyLowCostVM,Microsoft-Windows-Security-Auditing,Security,4625,4625 - An account failed to log on.,218.24.151.212,3,3 - Network,\ADMIN,ADMIN,"11/16/2024, 12:28:37.862 PM"
"11/16/2024, 12:28:18.156 PM",\ADMINISTRATOR,User,MyLowCostVM,Microsoft-Windows-Security-Auditing,Security,4625,4625 - An account failed to log on.,120.133.88.0,3,3 - Network,\ADMINISTRATOR,ADMINISTRATOR,"11/16/2024, 12:28:37.862 PM"
"11/16/2024, 12:28:38.820 PM",\ADMINISTRATOR,User,MyLowCostVM,Microsoft-Windows-Security-Auditing,Security,4625,4625 - An account failed to log on.,218.90.122.42,3,3 - Network,\ADMINISTRATOR,ADMINISTRATOR,"11/16/2024, 12:28:57.875 PM"
"11/16/2024, 12:28:42.004 PM",\ADMINISTRATOR,User,MyLowCostVM,Microsoft-Windows-Security-Auditing,Security,4625,4625 - An account failed to log on.,120.133.88.0,3,3 - Network,\ADMINISTRATOR,ADMINISTRATOR,"11/16/2024, 12:29:17.869 PM"
"11/16/2024, 12:28:57.411 PM",\ADMINISTRATOR,User,MyLowCostVM,Microsoft-Windows-Security-Auditing,Security,4625,4625 - An account failed to log on.,36.134.25.206,3,3 - Network,\ADMINISTRATOR,ADMINISTRATOR,"11/16/2024, 12:29:17.869 PM"
"11/16/2024, 12:29:05.822 PM",\ADMINISTRATOR,User,MyLowCostVM,Microsoft-Windows-Security-Auditing,Security,4625,4625 - An account failed to log on.,120.133.88.0,3,3 - Network,\ADMINISTRATOR,ADMINISTRATOR,"11/16/2024, 12:29:37.894 PM"
"11/16/2024, 12:29:15.727 PM",\ADMINISTRATOR,User,MyLowCostVM,Microsoft-Windows-Security-Auditing,Security,4625,4625 - An account failed to log on.,218.24.151.212,3,3 - Network,\ADMINISTRATOR,ADMINISTRATOR,"11/16/2024, 12:29:37.894 PM"
"11/16/2024, 12:29:29.597 PM",\ADMINISTRATOR,User,MyLowCostVM,Microsoft-Windows-Security-Auditing,Security,4625,4625 - An account failed to log on.,120.133.88.0,3,3 - Network,\ADMINISTRATOR,ADMINISTRATOR,"11/16/2024, 12:29:57.868 PM"
"11/16/2024, 12:29:51.274 PM",\ADMINISTRATOR,User,MyLowCostVM,Microsoft-Windows-Security-Auditing,Security,4625,4625 - An account failed to log on.,79.124.56.98,3,3 - Network,\ADMINISTRATOR,ADMINISTRATOR,"11/16/2024, 12:30:17.889 PM"
"11/16/2024, 12:29:53.541 PM",\ADMINISTRATOR,User,MyLowCostVM,Microsoft-Windows-Security-Auditing,Security,4625,4625 - An account failed to log on.,120.133.88.0,3,3 - Network,\ADMINISTRATOR,ADMINISTRATOR,"11/16/2024, 12:30:17.889 PM"
"11/16/2024, 12:30:17.417 PM",\ADMINISTRATOR,User,MyLowCostVM,Microsoft-Windows-Security-Auditing,Security,4625,4625 - An account failed to log on.,120.133.88.0,3,3 - Network,\ADMINISTRATOR,ADMINISTRATOR,"11/16/2024, 12:30:37.885 PM"
"11/16/2024, 12:30:24.979 PM",\ADMINISTRATOR,User,MyLowCostVM,Microsoft-Windows-Security-Auditing,Security,4625,4625 - An account failed to log on.,116.228.169.194,3,3 - Network,\ADMINISTRATOR,ADMINISTRATOR,"11/16/2024, 12:30:57.862 PM"
"11/16/2024, 12:30:25.935 PM",\ADMIN,User,MyLowCostVM,Microsoft-Windows-Security-Auditing,Security,4625,4625 - An account failed to log on.,218.24.151.212,3,3 - Network,\ADMIN,ADMIN,"11/16/2024, 12:30:57.862 PM"
"11/16/2024, 12:30:33.907 PM",\ADMIN,User,MyLowCostVM,Microsoft-Windows-Security-Auditing,Security,4625,4625 - An account failed to log on.,218.90.122.42,3,3 - Network,\ADMIN,ADMIN,"11/16/2024, 12:30:57.862 PM"
"11/16/2024, 12:30:41.193 PM",\ADMINISTRATOR,User,MyLowCostVM,Microsoft-Windows-Security-Auditing,Security,4625,4625 - An account failed to log on.,120.133.88.0,3,3 - Network,\ADMINISTRATOR,ADMINISTRATOR,"11/16/2024, 12:31:17.876 PM"
"11/16/2024, 12:31:00.090 PM",\ADMINISTRATOR,User,MyLowCostVM,Microsoft-Windows-Security-Auditing,Security,4625,4625 - An account failed to log on.,36.134.25.206,3,3 - Network,\ADMINISTRATOR,ADMINISTRATOR,"11/16/2024, 12:31:37.863 PM"
"11/16/2024, 12:31:04.927 PM",\ADMINISTRATOR,User,MyLowCostVM,Microsoft-Windows-Security-Auditing,Security,4625,4625 - An account failed to log on.,120.133.88.0,3,3 - Network,\ADMINISTRATOR,ADMINISTRATOR,"11/16/2024, 12:31:37.863 PM"
"11/16/2024, 12:31:28.760 PM",\ADMINISTRATOR,User,MyLowCostVM,Microsoft-Windows-Security-Auditing,Security,4625,4625 - An account failed to log on.,120.133.88.0,3,3 - Network,\ADMINISTRATOR,ADMINISTRATOR,"11/16/2024, 12:31:57.857 PM"
"11/16/2024, 12:31:38.905 PM",\ADMINISTRATOR,User,MyLowCostVM,Microsoft-Windows-Security-Auditing,Security,4625,4625 - An account failed to log on.,218.24.151.212,3,3 - Network,\ADMINISTRATOR,ADMINISTRATOR,"11/16/2024, 12:31:57.857 PM"
"11/16/2024, 12:31:52.561 PM",\ADMINISTRATOR,User,MyLowCostVM,Microsoft-Windows-Security-Auditing,Security,4625,4625 - An account failed to log on.,120.133.88.0,3,3 - Network,\ADMINISTRATOR,ADMINISTRATOR,"11/16/2024, 12:32:17.870 PM"
"11/16/2024, 12:31:55.568 PM",\ADMINISTRATOR,User,MyLowCostVM,Microsoft-Windows-Security-Auditing,Security,4625,4625 - An account failed to log on.,36.134.25.206,3,3 - Network,\ADMINISTRATOR,ADMINISTRATOR,"11/16/2024, 12:32:17.870 PM"
"11/16/2024, 12:32:10.458 PM",\ADMINISTRATOR,User,MyLowCostVM,Microsoft-Windows-Security-Auditing,Security,4625,4625 - An account failed to log on.,79.124.56.98,3,3 - Network,\ADMINISTRATOR,ADMINISTRATOR,"11/16/2024, 12:32:37.870 PM"
"11/16/2024, 12:32:14.751 PM",\TEST,User,MyLowCostVM,Microsoft-Windows-Security-Auditing,Security,4625,4625 - An account failed to log on.,218.90.122.42,3,3 - Network,\TEST,TEST,"11/16/2024, 12:32:37.870 PM"
"11/16/2024, 12:32:16.307 PM",\ADMINISTRATOR,User,MyLowCostVM,Microsoft-Windows-Security-Auditing,Security,4625,4625 - An account failed to log on.,120.133.88.0,3,3 - Network,\ADMINISTRATOR,ADMINISTRATOR,"11/16/2024, 12:32:37.870 PM"
"11/16/2024, 12:32:40.074 PM",\ADMINISTRATOR,User,MyLowCostVM,Microsoft-Windows-Security-Auditing,Security,4625,4625 - An account failed to log on.,120.133.88.0,3,3 - Network,\ADMINISTRATOR,ADMINISTRATOR,"11/16/2024, 12:33:17.844 PM"
"11/16/2024, 12:32:49.360 PM",\ADMIN,User,MyLowCostVM,Microsoft-Windows-Security-Auditing,Security,4625,4625 - An account failed to log on.,218.24.151.212,3,3 - Network,\ADMIN,ADMIN,"11/16/2024, 12:33:17.844 PM"
"11/16/2024, 12:32:50.029 PM",\ADMINISTRATOR,User,MyLowCostVM,Microsoft-Windows-Security-Auditing,Security,4625,4625 - An account failed to log on.,116.228.169.194,3,3 - Network,\ADMINISTRATOR,ADMINISTRATOR,"11/16/2024, 12:33:17.844 PM"
"11/16/2024, 12:32:57.626 PM",\ADMINISTRATOR,User,MyLowCostVM,Microsoft-Windows-Security-Auditing,Security,4625,4625 - An account failed to log on.,36.134.25.206,3,3 - Network,\ADMINISTRATOR,ADMINISTRATOR,"11/16/2024, 12:33:17.844 PM"
"11/16/2024, 12:33:03.957 PM",\ADMINISTRATOR,User,MyLowCostVM,Microsoft-Windows-Security-Auditing,Security,4625,4625 - An account failed to log on.,120.133.88.0,3,3 - Network,\ADMINISTRATOR,ADMINISTRATOR,"11/16/2024, 12:33:37.900 PM"
"11/16/2024, 12:33:27.825 PM",\ADMINISTRATOR,User,MyLowCostVM,Microsoft-Windows-Security-Auditing,Security,4625,4625 - An account failed to log on.,120.133.88.0,3,3 - Network,\ADMINISTRATOR,ADMINISTRATOR,"11/16/2024, 12:33:58.130 PM"
"11/16/2024, 12:33:51.739 PM",\ADMINISTRATOR,User,MyLowCostVM,Microsoft-Windows-Security-Auditing,Security,4625,4625 - An account failed to log on.,120.133.88.0,3,3 - Network,\ADMINISTRATOR,ADMINISTRATOR,"11/16/2024, 12:34:17.863 PM"
"11/16/2024, 12:33:58.291 PM",\ADMINISTRATOR,User,MyLowCostVM,Microsoft-Windows-Security-Auditing,Security,4625,4625 - An account failed to log on.,36.134.25.206,3,3 - Network,\ADMINISTRATOR,ADMINISTRATOR,"11/16/2024, 12:34:17.863 PM"
"11/16/2024, 12:33:59.563 PM",\ADMINISTRATOR,User,MyLowCostVM,Microsoft-Windows-Security-Auditing,Security,4625,4625 - An account failed to log on.,218.24.151.212,3,3 - Network,\ADMINISTRATOR,ADMINISTRATOR,"11/16/2024, 12:34:17.863 PM"
"11/16/2024, 12:34:03.949 PM",\ROOT,User,MyLowCostVM,Microsoft-Windows-Security-Auditing,Security,4625,4625 - An account failed to log on.,218.90.122.42,3,3 - Network,\ROOT,ROOT,"11/16/2024, 12:34:37.853 PM"
"11/16/2024, 12:34:15.487 PM",\ADMINISTRATOR,User,MyLowCostVM,Microsoft-Windows-Security-Auditing,Security,4625,4625 - An account failed to log on.,120.133.88.0,3,3 - Network,\ADMINISTRATOR,ADMINISTRATOR,"11/16/2024, 12:34:37.853 PM"
"11/16/2024, 12:34:34.406 PM",\ADMINISTRATOR,User,MyLowCostVM,Microsoft-Windows-Security-Auditing,Security,4625,4625 - An account failed to log on.,79.124.56.98,3,3 - Network,\ADMINISTRATOR,ADMINISTRATOR,"11/16/2024, 12:34:57.871 PM"
"11/16/2024, 12:34:39.246 PM",\ADMINISTRATOR,User,MyLowCostVM,Microsoft-Windows-Security-Auditing,Security,4625,4625 - An account failed to log on.,120.133.88.0,3,3 - Network,\ADMINISTRATOR,ADMINISTRATOR,"11/16/2024, 12:34:57.871 PM"
"11/16/2024, 12:35:00.095 PM",\ADMINISTRATOR,User,MyLowCostVM,Microsoft-Windows-Security-Auditing,Security,4625,4625 - An account failed to log on.,36.134.25.206,3,3 - Network,\ADMINISTRATOR,ADMINISTRATOR,"11/16/2024, 12:35:37.880 PM"
"11/16/2024, 12:35:03.011 PM",\ADMINISTRATOR,User,MyLowCostVM,Microsoft-Windows-Security-Auditing,Security,4625,4625 - An account failed to log on.,120.133.88.0,3,3 - Network,\ADMINISTRATOR,ADMINISTRATOR,"11/16/2024, 12:35:37.880 PM"
"11/16/2024, 12:35:10.063 PM",\ADMIN,User,MyLowCostVM,Microsoft-Windows-Security-Auditing,Security,4625,4625 - An account failed to log on.,218.24.151.212,3,3 - Network,\ADMIN,ADMIN,"11/16/2024, 12:35:37.880 PM"
"11/16/2024, 12:35:19.354 PM",\ADMINISTRATOR,User,MyLowCostVM,Microsoft-Windows-Security-Auditing,Security,4625,4625 - An account failed to log on.,116.228.169.194,3,3 - Network,\ADMINISTRATOR,ADMINISTRATOR,"11/16/2024, 12:35:37.880 PM"
"11/16/2024, 12:35:26.872 PM",\ADMINISTRATOR,User,MyLowCostVM,Microsoft-Windows-Security-Auditing,Security,4625,4625 - An account failed to log on.,120.133.88.0,3,3 - Network,\ADMINISTRATOR,ADMINISTRATOR,"11/16/2024, 12:35:57.877 PM"
"11/16/2024, 12:35:50.745 PM",\ADMINISTRATOR,User,MyLowCostVM,Microsoft-Windows-Security-Auditing,Security,4625,4625 - An account failed to log on.,120.133.88.0,3,3 - Network,\ADMINISTRATOR,ADMINISTRATOR,"11/16/2024, 12:36:17.863 PM"
"11/16/2024, 12:35:51.160 PM",\DELL,User,MyLowCostVM,Microsoft-Windows-Security-Auditing,Security,4625,4625 - An account failed to log on.,218.90.122.42,3,3 - Network,\DELL,DELL,"11/16/2024, 12:36:17.863 PM"
"11/16/2024, 12:35:59.768 PM",\ADMINISTRATOR,User,MyLowCostVM,Microsoft-Windows-Security-Auditing,Security,4625,4625 - An account failed to log on.,36.134.25.206,3,3 - Network,\ADMINISTRATOR,ADMINISTRATOR,"11/16/2024, 12:36:17.863 PM"
"11/16/2024, 12:36:14.601 PM",\ADMINISTRATOR,User,MyLowCostVM,Microsoft-Windows-Security-Auditing,Security,4625,4625 - An account failed to log on.,120.133.88.0,3,3 - Network,\ADMINISTRATOR,ADMINISTRATOR,"11/16/2024, 12:36:37.901 PM"
"11/16/2024, 12:36:21.283 PM",\ADMINISTRATOR,User,MyLowCostVM,Microsoft-Windows-Security-Auditing,Security,4625,4625 - An account failed to log on.,218.24.151.212,3,3 - Network,\ADMINISTRATOR,ADMINISTRATOR,"11/16/2024, 12:36:57.856 PM"
"11/16/2024, 12:36:38.340 PM",\ADMINISTRATOR,User,MyLowCostVM,Microsoft-Windows-Security-Auditing,Security,4625,4625 - An account failed to log on.,120.133.88.0,3,3 - Network,\ADMINISTRATOR,ADMINISTRATOR,"11/16/2024, 12:36:57.856 PM"
"11/16/2024, 12:37:02.096 PM",\ADMINISTRATOR,User,MyLowCostVM,Microsoft-Windows-Security-Auditing,Security,4625,4625 - An account failed to log on.,120.133.88.0,3,3 - Network,\ADMINISTRATOR,ADMINISTRATOR,"11/16/2024, 12:37:37.873 PM"
"11/16/2024, 12:37:02.227 PM",\ADMINISTRATOR,User,MyLowCostVM,Microsoft-Windows-Security-Auditing,Security,4625,4625 - An account failed to log on.,36.134.25.206,3,3 - Network,\ADMINISTRATOR,ADMINISTRATOR,"11/16/2024, 12:37:37.873 PM"
"11/16/2024, 12:37:05.495 PM",\ADMINISTRATOR,User,MyLowCostVM,Microsoft-Windows-Security-Auditing,Security,4625,4625 - An account failed to log on.,79.124.56.98,3,3 - Network,\ADMINISTRATOR,ADMINISTRATOR,"11/16/2024, 12:37:37.873 PM"
"11/16/2024, 12:37:25.847 PM",\ADMINISTRATOR,User,MyLowCostVM,Microsoft-Windows-Security-Auditing,Security,4625,4625 - An account failed to log on.,120.133.88.0,3,3 - Network,\ADMINISTRATOR,ADMINISTRATOR,"11/16/2024, 12:37:57.875 PM"
"11/16/2024, 12:37:33.287 PM",\ADMIN,User,MyLowCostVM,Microsoft-Windows-Security-Auditing,Security,4625,4625 - An account failed to log on.,218.24.151.212,3,3 - Network,\ADMIN,ADMIN,"11/16/2024, 12:37:57.875 PM"
"11/16/2024, 12:37:39.461 PM",\USER,User,MyLowCostVM,Microsoft-Windows-Security-Auditing,Security,4625,4625 - An account failed to log on.,218.90.122.42,3,3 - Network,\USER,USER,"11/16/2024, 12:37:57.875 PM"
"11/16/2024, 12:37:45.268 PM",\ADMINISTRATOR,User,MyLowCostVM,Microsoft-Windows-Security-Auditing,Security,4625,4625 - An account failed to log on.,116.228.169.194,3,3 - Network,\ADMINISTRATOR,ADMINISTRATOR,"11/16/2024, 12:38:17.860 PM"
"11/16/2024, 12:37:49.716 PM",\ADMINISTRATOR,User,MyLowCostVM,Microsoft-Windows-Security-Auditing,Security,4625,4625 - An account failed to log on.,120.133.88.0,3,3 - Network,\ADMINISTRATOR,ADMINISTRATOR,"11/16/2024, 12:38:17.860 PM"
"11/16/2024, 12:37:59.612 PM",\ADMINISTRATOR,User,MyLowCostVM,Microsoft-Windows-Security-Auditing,Security,4625,4625 - An account failed to log on.,36.134.25.206,3,3 - Network,\ADMINISTRATOR,ADMINISTRATOR,"11/16/2024, 12:38:17.860 PM"
"11/16/2024, 12:38:13.528 PM",\ADMINISTRATOR,User,MyLowCostVM,Microsoft-Windows-Security-Auditing,Security,4625,4625 - An account failed to log on.,120.133.88.0,3,3 - Network,\ADMINISTRATOR,ADMINISTRATOR,"11/16/2024, 12:38:37.863 PM"
"11/16/2024, 12:38:37.311 PM",\ADMINISTRATOR,User,MyLowCostVM,Microsoft-Windows-Security-Auditing,Security,4625,4625 - An account failed to log on.,120.133.88.0,3,3 - Network,\ADMINISTRATOR,ADMINISTRATOR,"11/16/2024, 12:38:57.892 PM"
"11/16/2024, 12:38:43.253 PM",\ADMINISTRATOR,User,MyLowCostVM,Microsoft-Windows-Security-Auditing,Security,4625,4625 - An account failed to log on.,218.24.151.212,3,3 - Network,\ADMINISTRATOR,ADMINISTRATOR,"11/16/2024, 12:39:17.884 PM"
"11/16/2024, 12:38:59.962 PM",\ADMINISTRATOR,User,MyLowCostVM,Microsoft-Windows-Security-Auditing,Security,4625,4625 - An account failed to log on.,36.134.25.206,3,3 - Network,\ADMINISTRATOR,ADMINISTRATOR,"11/16/2024, 12:39:17.884 PM"
"11/16/2024, 12:39:01.173 PM",\ADMINISTRATOR,User,MyLowCostVM,Microsoft-Windows-Security-Auditing,Security,4625,4625 - An account failed to log on.,120.133.88.0,3,3 - Network,\ADMINISTRATOR,ADMINISTRATOR,"11/16/2024, 12:39:37.809 PM"
"11/16/2024, 12:39:24.919 PM",\ADMINISTRATOR,User,MyLowCostVM,Microsoft-Windows-Security-Auditing,Security,4625,4625 - An account failed to log on.,120.133.88.0,3,3 - Network,\ADMINISTRATOR,ADMINISTRATOR,"11/16/2024, 12:39:57.903 PM"
"11/16/2024, 12:39:28.423 PM",\PC,User,MyLowCostVM,Microsoft-Windows-Security-Auditing,Security,4625,4625 - An account failed to log on.,218.90.122.42,3,3 - Network,\PC,PC,"11/16/2024, 12:39:57.903 PM"
"11/16/2024, 12:39:33.529 PM",\ADMINISTRATOR,User,MyLowCostVM,Microsoft-Windows-Security-Auditing,Security,4625,4625 - An account failed to log on.,79.124.56.98,3,3 - Network,\ADMINISTRATOR,ADMINISTRATOR,"11/16/2024, 12:39:57.903 PM"
"11/16/2024, 12:39:48.728 PM",\ADMINISTRATOR,User,MyLowCostVM,Microsoft-Windows-Security-Auditing,Security,4625,4625 - An account failed to log on.,120.133.88.0,3,3 - Network,\ADMINISTRATOR,ADMINISTRATOR,"11/16/2024, 12:40:17.880 PM"
"11/16/2024, 12:39:52.941 PM",\ADMIN,User,MyLowCostVM,Microsoft-Windows-Security-Auditing,Security,4625,4625 - An account failed to log on.,218.24.151.212,3,3 - Network,\ADMIN,ADMIN,"11/16/2024, 12:40:17.880 PM"
"11/16/2024, 12:40:01.303 PM",\ADMINISTRATOR,User,MyLowCostVM,Microsoft-Windows-Security-Auditing,Security,4625,4625 - An account failed to log on.,36.134.25.206,3,3 - Network,\ADMINISTRATOR,ADMINISTRATOR,"11/16/2024, 12:40:37.867 PM"
"11/16/2024, 12:40:06.871 PM",\ADMINISTRATOR,User,MyLowCostVM,Microsoft-Windows-Security-Auditing,Security,4625,4625 - An account failed to log on.,116.228.169.194,3,3 - Network,\ADMINISTRATOR,ADMINISTRATOR,"11/16/2024, 12:40:37.867 PM"
"11/16/2024, 12:40:12.537 PM",\ADMINISTRATOR,User,MyLowCostVM,Microsoft-Windows-Security-Auditing,Security,4625,4625 - An account failed to log on.,120.133.88.0,3,3 - Network,\ADMINISTRATOR,ADMINISTRATOR,"11/16/2024, 12:40:37.867 PM"
"11/16/2024, 12:40:36.479 PM",\ADMINISTRATOR,User,MyLowCostVM,Microsoft-Windows-Security-Auditing,Security,4625,4625 - An account failed to log on.,120.133.88.0,3,3 - Network,\ADMINISTRATOR,ADMINISTRATOR,"11/16/2024, 12:40:57.893 PM"
"11/16/2024, 12:41:00.349 PM",\ADMINISTRATOR,User,MyLowCostVM,Microsoft-Windows-Security-Auditing,Security,4625,4625 - An account failed to log on.,120.133.88.0,3,3 - Network,\ADMINISTRATOR,ADMINISTRATOR,"11/16/2024, 12:41:37.894 PM"
"11/16/2024, 12:41:02.056 PM",\ADMINISTRATOR,User,MyLowCostVM,Microsoft-Windows-Security-Auditing,Security,4625,4625 - An account failed to log on.,36.134.25.206,3,3 - Network,\ADMINISTRATOR,ADMINISTRATOR,"11/16/2024, 12:41:37.894 PM"
"11/16/2024, 12:41:02.882 PM",\ADMINISTRATOR,User,MyLowCostVM,Microsoft-Windows-Security-Auditing,Security,4625,4625 - An account failed to log on.,218.24.151.212,3,3 - Network,\ADMINISTRATOR,ADMINISTRATOR,"11/16/2024, 12:41:37.894 PM"
"11/16/2024, 12:41:13.646 PM",\ADMINISTRATOR,User,MyLowCostVM,Microsoft-Windows-Security-Auditing,Security,4625,4625 - An account failed to log on.,218.90.122.42,3,3 - Network,\ADMINISTRATOR,ADMINISTRATOR,"11/16/2024, 12:41:37.894 PM"
"11/16/2024, 12:41:24.129 PM",\ADMINISTRATOR,User,MyLowCostVM,Microsoft-Windows-Security-Auditing,Security,4625,4625 - An account failed to log on.,120.133.88.0,3,3 - Network,\ADMINISTRATOR,ADMINISTRATOR,"11/16/2024, 12:41:57.893 PM"
"11/16/2024, 12:41:47.944 PM",\ADMINISTRATOR,User,MyLowCostVM,Microsoft-Windows-Security-Auditing,Security,4625,4625 - An account failed to log on.,120.133.88.0,3,3 - Network,\ADMINISTRATOR,ADMINISTRATOR,"11/16/2024, 12:42:17.867 PM"
"11/16/2024, 12:42:00.295 PM",\ADMINISTRATOR,User,MyLowCostVM,Microsoft-Windows-Security-Auditing,Security,4625,4625 - An account failed to log on.,36.134.25.206,3,3 - Network,\ADMINISTRATOR,ADMINISTRATOR,"11/16/2024, 12:42:37.868 PM"
"11/16/2024, 12:42:03.563 PM",\ADMINISTRATOR,User,MyLowCostVM,Microsoft-Windows-Security-Auditing,Security,4625,4625 - An account failed to log on.,79.124.56.98,3,3 - Network,\ADMINISTRATOR,ADMINISTRATOR,"11/16/2024, 12:42:37.868 PM"
"11/16/2024, 12:42:11.774 PM",\ADMINISTRATOR,User,MyLowCostVM,Microsoft-Windows-Security-Auditing,Security,4625,4625 - An account failed to log on.,120.133.88.0,3,3 - Network,\ADMINISTRATOR,ADMINISTRATOR,"11/16/2024, 12:42:37.868 PM"
"11/16/2024, 12:42:13.240 PM",\ADMIN,User,MyLowCostVM,Microsoft-Windows-Security-Auditing,Security,4625,4625 - An account failed to log on.,218.24.151.212,3,3 - Network,\ADMIN,ADMIN,"11/16/2024, 12:42:37.868 PM"
"11/16/2024, 12:42:32.976 PM",\ADMINISTRATOR,User,MyLowCostVM,Microsoft-Windows-Security-Auditing,Security,4625,4625 - An account failed to log on.,116.228.169.194,3,3 - Network,\ADMINISTRATOR,ADMINISTRATOR,"11/16/2024, 12:42:57.858 PM"
"11/16/2024, 12:42:35.577 PM",\ADMINISTRATOR,User,MyLowCostVM,Microsoft-Windows-Security-Auditing,Security,4625,4625 - An account failed to log on.,120.133.88.0,3,3 - Network,\ADMINISTRATOR,ADMINISTRATOR,"11/16/2024, 12:42:57.858 PM"
"11/16/2024, 12:42:55.131 PM",\ADMIN,User,MyLowCostVM,Microsoft-Windows-Security-Auditing,Security,4625,4625 - An account failed to log on.,218.90.122.42,3,3 - Network,\ADMIN,ADMIN,"11/16/2024, 12:43:17.872 PM"
"11/16/2024, 12:42:59.347 PM",\ADMINISTRATOR,User,MyLowCostVM,Microsoft-Windows-Security-Auditing,Security,4625,4625 - An account failed to log on.,120.133.88.0,3,3 - Network,\ADMINISTRATOR,ADMINISTRATOR,"11/16/2024, 12:43:17.872 PM"
"11/16/2024, 12:43:00.493 PM",\ADMINISTRATOR,User,MyLowCostVM,Microsoft-Windows-Security-Auditing,Security,4625,4625 - An account failed to log on.,36.134.25.206,3,3 - Network,\ADMINISTRATOR,ADMINISTRATOR,"11/16/2024, 12:43:37.868 PM"
"11/16/2024, 12:43:23.141 PM",\ADMINISTRATOR,User,MyLowCostVM,Microsoft-Windows-Security-Auditing,Security,4625,4625 - An account failed to log on.,120.133.88.0,3,3 - Network,\ADMINISTRATOR,ADMINISTRATOR,"11/16/2024, 12:43:57.883 PM"
"11/16/2024, 12:43:23.435 PM",\ADMINISTRATOR,User,MyLowCostVM,Microsoft-Windows-Security-Auditing,Security,4625,4625 - An account failed to log on.,218.24.151.212,3,3 - Network,\ADMINISTRATOR,ADMINISTRATOR,"11/16/2024, 12:43:57.883 PM"
"11/16/2024, 12:43:46.845 PM",\ADMINISTRATOR,User,MyLowCostVM,Microsoft-Windows-Security-Auditing,Security,4625,4625 - An account failed to log on.,120.133.88.0,3,3 - Network,\ADMINISTRATOR,ADMINISTRATOR,"11/16/2024, 12:44:17.854 PM"
"11/16/2024, 12:44:02.456 PM",\ADMINISTRATOR,User,MyLowCostVM,Microsoft-Windows-Security-Auditing,Security,4625,4625 - An account failed to log on.,36.134.25.206,3,3 - Network,\ADMINISTRATOR,ADMINISTRATOR,"11/16/2024, 12:44:37.844 PM"
"11/16/2024, 12:44:10.623 PM",\ADMINISTRATOR,User,MyLowCostVM,Microsoft-Windows-Security-Auditing,Security,4625,4625 - An account failed to log on.,120.133.88.0,3,3 - Network,\ADMINISTRATOR,ADMINISTRATOR,"11/16/2024, 12:44:37.844 PM"
"11/16/2024, 12:44:15.467 PM",\ADMINISTRATOR,User,MyLowCostVM,Microsoft-Windows-Security-Auditing,Security,4625,4625 - An account failed to log on.,79.124.56.98,3,3 - Network,\ADMINISTRATOR,ADMINISTRATOR,"11/16/2024, 12:44:37.844 PM"
"11/16/2024, 12:44:33.877 PM",\ADMIN,User,MyLowCostVM,Microsoft-Windows-Security-Auditing,Security,4625,4625 - An account failed to log on.,218.24.151.212,3,3 - Network,\ADMIN,ADMIN,"11/16/2024, 12:44:57.855 PM"
"11/16/2024, 12:44:34.465 PM",\ADMINISTRATOR,User,MyLowCostVM,Microsoft-Windows-Security-Auditing,Security,4625,4625 - An account failed to log on.,120.133.88.0,3,3 - Network,\ADMINISTRATOR,ADMINISTRATOR,"11/16/2024, 12:44:57.855 PM"
"11/16/2024, 12:44:44.452 PM",\TEST,User,MyLowCostVM,Microsoft-Windows-Security-Auditing,Security,4625,4625 - An account failed to log on.,218.90.122.42,3,3 - Network,\TEST,TEST,"11/16/2024, 12:45:17.856 PM"
"11/16/2024, 12:44:57.935 PM",\ADMINISTRATOR,User,MyLowCostVM,Microsoft-Windows-Security-Auditing,Security,4625,4625 - An account failed to log on.,116.228.169.194,3,3 - Network,\ADMINISTRATOR,ADMINISTRATOR,"11/16/2024, 12:45:17.856 PM"
"11/16/2024, 12:44:58.245 PM",\ADMINISTRATOR,User,MyLowCostVM,Microsoft-Windows-Security-Auditing,Security,4625,4625 - An account failed to log on.,120.133.88.0,3,3 - Network,\ADMINISTRATOR,ADMINISTRATOR,"11/16/2024, 12:45:17.856 PM"
"11/16/2024, 12:45:01.855 PM",\ADMINISTRATOR,User,MyLowCostVM,Microsoft-Windows-Security-Auditing,Security,4625,4625 - An account failed to log on.,36.134.25.206,3,3 - Network,\ADMINISTRATOR,ADMINISTRATOR,"11/16/2024, 12:45:37.893 PM"
"11/16/2024, 12:45:21.980 PM",\ADMINISTRATOR,User,MyLowCostVM,Microsoft-Windows-Security-Auditing,Security,4625,4625 - An account failed to log on.,120.133.88.0,3,3 - Network,\ADMINISTRATOR,ADMINISTRATOR,"11/16/2024, 12:45:57.865 PM"
"11/16/2024, 12:45:42.777 PM",\ADMINISTRATOR,User,MyLowCostVM,Microsoft-Windows-Security-Auditing,Security,4625,4625 - An account failed to log on.,218.24.151.212,3,3 - Network,\ADMINISTRATOR,ADMINISTRATOR,"11/16/2024, 12:46:17.906 PM"
"11/16/2024, 12:45:45.853 PM",\ADMINISTRATOR,User,MyLowCostVM,Microsoft-Windows-Security-Auditing,Security,4625,4625 - An account failed to log on.,120.133.88.0,3,3 - Network,\ADMINISTRATOR,ADMINISTRATOR,"11/16/2024, 12:46:17.906 PM"
"11/16/2024, 12:46:03.342 PM",\ADMINISTRATOR,User,MyLowCostVM,Microsoft-Windows-Security-Auditing,Security,4625,4625 - An account failed to log on.,36.134.25.206,3,3 - Network,\ADMINISTRATOR,ADMINISTRATOR,"11/16/2024, 12:46:37.873 PM"
"11/16/2024, 12:46:09.616 PM",\ADMINISTRATOR,User,MyLowCostVM,Microsoft-Windows-Security-Auditing,Security,4625,4625 - An account failed to log on.,120.133.88.0,3,3 - Network,\ADMINISTRATOR,ADMINISTRATOR,"11/16/2024, 12:46:37.873 PM"
"11/16/2024, 12:46:27.650 PM",\ROOT,User,MyLowCostVM,Microsoft-Windows-Security-Auditing,Security,4625,4625 - An account failed to log on.,218.90.122.42,3,3 - Network,\ROOT,ROOT,"11/16/2024, 12:46:58.066 PM"
"11/16/2024, 12:46:33.365 PM",\ADMINISTRATOR,User,MyLowCostVM,Microsoft-Windows-Security-Auditing,Security,4625,4625 - An account failed to log on.,120.133.88.0,3,3 - Network,\ADMINISTRATOR,ADMINISTRATOR,"11/16/2024, 12:46:58.066 PM"
"11/16/2024, 12:46:34.904 PM",\ADMINISTRATOR,User,MyLowCostVM,Microsoft-Windows-Security-Auditing,Security,4625,4625 - An account failed to log on.,79.124.56.98,3,3 - Network,\ADMINISTRATOR,ADMINISTRATOR,"11/16/2024, 12:46:58.066 PM"
"11/16/2024, 12:46:53.312 PM",\ADMIN,User,MyLowCostVM,Microsoft-Windows-Security-Auditing,Security,4625,4625 - An account failed to log on.,218.24.151.212,3,3 - Network,\ADMIN,ADMIN,"11/16/2024, 12:47:17.856 PM"
"11/16/2024, 12:46:57.114 PM",\ADMINISTRATOR,User,MyLowCostVM,Microsoft-Windows-Security-Auditing,Security,4625,4625 - An account failed to log on.,120.133.88.0,3,3 - Network,\ADMINISTRATOR,ADMINISTRATOR,"11/16/2024, 12:47:17.856 PM"
"11/16/2024, 12:47:01.396 PM",\ADMINISTRATOR,User,MyLowCostVM,Microsoft-Windows-Security-Auditing,Security,4625,4625 - An account failed to log on.,36.134.25.206,3,3 - Network,\ADMINISTRATOR,ADMINISTRATOR,"11/16/2024, 12:47:37.896 PM"
"11/16/2024, 12:47:20.956 PM",\ADMINISTRATOR,User,MyLowCostVM,Microsoft-Windows-Security-Auditing,Security,4625,4625 - An account failed to log on.,120.133.88.0,3,3 - Network,\ADMINISTRATOR,ADMINISTRATOR,"11/16/2024, 12:47:57.869 PM"
"11/16/2024, 12:47:28.930 PM",\ADMINISTRATOR,User,MyLowCostVM,Microsoft-Windows-Security-Auditing,Security,4625,4625 - An account failed to log on.,116.228.169.194,3,3 - Network,\ADMINISTRATOR,ADMINISTRATOR,"11/16/2024, 12:47:57.869 PM"
"11/16/2024, 12:47:44.727 PM",\ADMINISTRATOR,User,MyLowCostVM,Microsoft-Windows-Security-Auditing,Security,4625,4625 - An account failed to log on.,120.133.88.0,3,3 - Network,\ADMINISTRATOR,ADMINISTRATOR,"11/16/2024, 12:48:17.896 PM"
"11/16/2024, 12:48:03.275 PM",\ADMINISTRATOR,User,MyLowCostVM,Microsoft-Windows-Security-Auditing,Security,4625,4625 - An account failed to log on.,218.24.151.212,3,3 - Network,\ADMINISTRATOR,ADMINISTRATOR,"11/16/2024, 12:48:37.873 PM"
"11/16/2024, 12:48:03.853 PM",\ADMINISTRATOR,User,MyLowCostVM,Microsoft-Windows-Security-Auditing,Security,4625,4625 - An account failed to log on.,36.134.25.206,3,3 - Network,\ADMINISTRATOR,ADMINISTRATOR,"11/16/2024, 12:48:37.873 PM"
"11/16/2024, 12:48:08.614 PM",\ADMINISTRATOR,User,MyLowCostVM,Microsoft-Windows-Security-Auditing,Security,4625,4625 - An account failed to log on.,120.133.88.0,3,3 - Network,\ADMINISTRATOR,ADMINISTRATOR,"11/16/2024, 12:48:37.873 PM"
"11/16/2024, 12:48:16.980 PM",\DELL,User,MyLowCostVM,Microsoft-Windows-Security-Auditing,Security,4625,4625 - An account failed to log on.,218.90.122.42,3,3 - Network,\DELL,DELL,"11/16/2024, 12:48:37.873 PM"
"11/16/2024, 12:48:32.414 PM",\ADMINISTRATOR,User,MyLowCostVM,Microsoft-Windows-Security-Auditing,Security,4625,4625 - An account failed to log on.,120.133.88.0,3,3 - Network,\ADMINISTRATOR,ADMINISTRATOR,"11/16/2024, 12:48:57.849 PM"
"11/16/2024, 12:48:56.290 PM",\ADMINISTRATOR,User,MyLowCostVM,Microsoft-Windows-Security-Auditing,Security,4625,4625 - An account failed to log on.,120.133.88.0,3,3 - Network,\ADMINISTRATOR,ADMINISTRATOR,"11/16/2024, 12:49:17.860 PM"
"11/16/2024, 12:48:57.021 PM",\ADMINISTRATOR,User,MyLowCostVM,Microsoft-Windows-Security-Auditing,Security,4625,4625 - An account failed to log on.,79.124.56.98,3,3 - Network,\ADMINISTRATOR,ADMINISTRATOR,"11/16/2024, 12:49:17.860 PM"
"11/16/2024, 12:49:05.995 PM",\ADMINISTRATOR,User,MyLowCostVM,Microsoft-Windows-Security-Auditing,Security,4625,4625 - An account failed to log on.,36.134.25.206,3,3 - Network,\ADMINISTRATOR,ADMINISTRATOR,"11/16/2024, 12:49:37.872 PM"
"11/16/2024, 12:49:15.127 PM",\ADMIN,User,MyLowCostVM,Microsoft-Windows-Security-Auditing,Security,4625,4625 - An account failed to log on.,218.24.151.212,3,3 - Network,\ADMIN,ADMIN,"11/16/2024, 12:49:37.872 PM"
"11/16/2024, 12:49:20.139 PM",\ADMINISTRATOR,User,MyLowCostVM,Microsoft-Windows-Security-Auditing,Security,4625,4625 - An account failed to log on.,120.133.88.0,3,3 - Network,\ADMINISTRATOR,ADMINISTRATOR,"11/16/2024, 12:49:57.894 PM"
"11/16/2024, 12:49:43.927 PM",\ADMINISTRATOR,User,MyLowCostVM,Microsoft-Windows-Security-Auditing,Security,4625,4625 - An account failed to log on.,120.133.88.0,3,3 - Network,\ADMINISTRATOR,ADMINISTRATOR,"11/16/2024, 12:50:17.862 PM"
"11/16/2024, 12:49:47.461 PM",\ADMINISTRATOR,User,MyLowCostVM,Microsoft-Windows-Security-Auditing,Security,4625,4625 - An account failed to log on.,116.228.169.194,3,3 - Network,\ADMINISTRATOR,ADMINISTRATOR,"11/16/2024, 12:50:17.862 PM"
"11/16/2024, 12:50:02.186 PM",\USER,User,MyLowCostVM,Microsoft-Windows-Security-Auditing,Security,4625,4625 - An account failed to log on.,218.90.122.42,3,3 - Network,\USER,USER,"11/16/2024, 12:50:37.859 PM"
"11/16/2024, 12:50:02.220 PM",\ADMINISTRATOR,User,MyLowCostVM,Microsoft-Windows-Security-Auditing,Security,4625,4625 - An account failed to log on.,36.134.25.206,3,3 - Network,\ADMINISTRATOR,ADMINISTRATOR,"11/16/2024, 12:50:37.859 PM"
"11/16/2024, 12:50:07.815 PM",\ADMINISTRATOR,User,MyLowCostVM,Microsoft-Windows-Security-Auditing,Security,4625,4625 - An account failed to log on.,120.133.88.0,3,3 - Network,\ADMINISTRATOR,ADMINISTRATOR,"11/16/2024, 12:50:37.859 PM"
"11/16/2024, 12:50:23.119 PM",\ADMINISTRATOR,User,MyLowCostVM,Microsoft-Windows-Security-Auditing,Security,4625,4625 - An account failed to log on.,218.24.151.212,3,3 - Network,\ADMINISTRATOR,ADMINISTRATOR,"11/16/2024, 12:50:57.863 PM"
"11/16/2024, 12:50:31.662 PM",\ADMINISTRATOR,User,MyLowCostVM,Microsoft-Windows-Security-Auditing,Security,4625,4625 - An account failed to log on.,120.133.88.0,3,3 - Network,\ADMINISTRATOR,ADMINISTRATOR,"11/16/2024, 12:50:57.863 PM"
"11/16/2024, 12:50:55.499 PM",\ADMINISTRATOR,User,MyLowCostVM,Microsoft-Windows-Security-Auditing,Security,4625,4625 - An account failed to log on.,120.133.88.0,3,3 - Network,\ADMINISTRATOR,ADMINISTRATOR,"11/16/2024, 12:51:17.884 PM"
"11/16/2024, 12:50:59.761 PM",\ADMINISTRATOR,User,MyLowCostVM,Microsoft-Windows-Security-Auditing,Security,4625,4625 - An account failed to log on.,36.134.25.206,3,3 - Network,\ADMINISTRATOR,ADMINISTRATOR,"11/16/2024, 12:51:17.884 PM"
"11/16/2024, 12:51:19.454 PM",\ADMINISTRATOR,User,MyLowCostVM,Microsoft-Windows-Security-Auditing,Security,4625,4625 - An account failed to log on.,120.133.88.0,3,3 - Network,\ADMINISTRATOR,ADMINISTRATOR,"11/16/2024, 12:51:37.897 PM"
"11/16/2024, 12:51:20.723 PM",\ADMINISTRATOR,User,MyLowCostVM,Microsoft-Windows-Security-Auditing,Security,4625,4625 - An account failed to log on.,79.124.56.98,3,3 - Network,\ADMINISTRATOR,ADMINISTRATOR,"11/16/2024, 12:51:57.885 PM"
"11/16/2024, 12:51:31.937 PM",\ADMIN,User,MyLowCostVM,Microsoft-Windows-Security-Auditing,Security,4625,4625 - An account failed to log on.,218.24.151.212,3,3 - Network,\ADMIN,ADMIN,"11/16/2024, 12:51:57.885 PM"
"11/16/2024, 12:51:43.431 PM",\ADMINISTRATOR,User,MyLowCostVM,Microsoft-Windows-Security-Auditing,Security,4625,4625 - An account failed to log on.,120.133.88.0,3,3 - Network,\ADMINISTRATOR,ADMINISTRATOR,"11/16/2024, 12:52:17.870 PM"
"11/16/2024, 12:51:57.241 PM",\PC,User,MyLowCostVM,Microsoft-Windows-Security-Auditing,Security,4625,4625 - An account failed to log on.,218.90.122.42,3,3 - Network,\PC,PC,"11/16/2024, 12:52:17.870 PM"
"11/16/2024, 12:52:00.463 PM",\ADMINISTRATOR,User,MyLowCostVM,Microsoft-Windows-Security-Auditing,Security,4625,4625 - An account failed to log on.,36.134.25.206,3,3 - Network,\ADMINISTRATOR,ADMINISTRATOR,"11/16/2024, 12:52:37.870 PM"
"11/16/2024, 12:52:07.371 PM",\ADMINISTRATOR,User,MyLowCostVM,Microsoft-Windows-Security-Auditing,Security,4625,4625 - An account failed to log on.,120.133.88.0,3,3 - Network,\ADMINISTRATOR,ADMINISTRATOR,"11/16/2024, 12:52:37.870 PM"
"11/16/2024, 12:52:14.614 PM",\ADMINISTRATOR,User,MyLowCostVM,Microsoft-Windows-Security-Auditing,Security,4625,4625 - An account failed to log on.,116.228.169.194,3,3 - Network,\ADMINISTRATOR,ADMINISTRATOR,"11/16/2024, 12:52:37.870 PM"
"11/16/2024, 12:52:31.334 PM",\ADMINISTRATOR,User,MyLowCostVM,Microsoft-Windows-Security-Auditing,Security,4625,4625 - An account failed to log on.,120.133.88.0,3,3 - Network,\ADMINISTRATOR,ADMINISTRATOR,"11/16/2024, 12:52:57.825 PM"
"11/16/2024, 12:52:41.573 PM",\ADMINISTRATOR,User,MyLowCostVM,Microsoft-Windows-Security-Auditing,Security,4625,4625 - An account failed to log on.,218.24.151.212,3,3 - Network,\ADMINISTRATOR,ADMINISTRATOR,"11/16/2024, 12:53:17.862 PM"
"11/16/2024, 12:52:55.330 PM",\ADMINISTRATOR,User,MyLowCostVM,Microsoft-Windows-Security-Auditing,Security,4625,4625 - An account failed to log on.,120.133.88.0,3,3 - Network,\ADMINISTRATOR,ADMINISTRATOR,"11/16/2024, 12:53:17.862 PM"
"11/16/2024, 12:53:00.050 PM",\ADMINISTRATOR,User,MyLowCostVM,Microsoft-Windows-Security-Auditing,Security,4625,4625 - An account failed to log on.,36.134.25.206,3,3 - Network,\ADMINISTRATOR,ADMINISTRATOR,"11/16/2024, 12:53:37.866 PM"
"11/16/2024, 12:53:19.288 PM",\ADMINISTRATOR,User,MyLowCostVM,Microsoft-Windows-Security-Auditing,Security,4625,4625 - An account failed to log on.,120.133.88.0,3,3 - Network,\ADMINISTRATOR,ADMINISTRATOR,"11/16/2024, 12:53:37.866 PM"
"11/16/2024, 12:53:26.421 PM",\ADMINISTRATOR,User,MyLowCostVM,Microsoft-Windows-Security-Auditing,Security,4625,4625 - An account failed to log on.,218.90.122.42,3,3 - Network,\ADMINISTRATOR,ADMINISTRATOR,"11/16/2024, 12:53:57.858 PM"
"11/16/2024, 12:53:40.421 PM",\ADMINISTRATOR,User,MyLowCostVM,Microsoft-Windows-Security-Auditing,Security,4625,4625 - An account failed to log on.,79.124.56.98,3,3 - Network,\ADMINISTRATOR,ADMINISTRATOR,"11/16/2024, 12:54:17.846 PM"
"11/16/2024, 12:53:43.271 PM",\ADMINISTRATOR,User,MyLowCostVM,Microsoft-Windows-Security-Auditing,Security,4625,4625 - An account failed to log on.,120.133.88.0,3,3 - Network,\ADMINISTRATOR,ADMINISTRATOR,"11/16/2024, 12:54:17.846 PM"
"11/16/2024, 12:53:50.687 PM",\ADMIN,User,MyLowCostVM,Microsoft-Windows-Security-Auditing,Security,4625,4625 - An account failed to log on.,218.24.151.212,3,3 - Network,\ADMIN,ADMIN,"11/16/2024, 12:54:17.846 PM"
"11/16/2024, 12:53:58.706 PM",\ADMINISTRATOR,User,MyLowCostVM,Microsoft-Windows-Security-Auditing,Security,4625,4625 - An account failed to log on.,36.134.25.206,3,3 - Network,\ADMINISTRATOR,ADMINISTRATOR,"11/16/2024, 12:54:17.846 PM"
"11/16/2024, 12:54:07.158 PM",\ADMINISTRATOR,User,MyLowCostVM,Microsoft-Windows-Security-Auditing,Security,4625,4625 - An account failed to log on.,120.133.88.0,3,3 - Network,\ADMINISTRATOR,ADMINISTRATOR,"11/16/2024, 12:54:37.814 PM"
"11/16/2024, 12:54:31.059 PM",\ADMINISTRATOR,User,MyLowCostVM,Microsoft-Windows-Security-Auditing,Security,4625,4625 - An account failed to log on.,120.133.88.0,3,3 - Network,\ADMINISTRATOR,ADMINISTRATOR,"11/16/2024, 12:54:57.880 PM"
"11/16/2024, 12:54:41.802 PM",\ADMINISTRATOR,User,MyLowCostVM,Microsoft-Windows-Security-Auditing,Security,4625,4625 - An account failed to log on.,116.228.169.194,3,3 - Network,\ADMINISTRATOR,ADMINISTRATOR,"11/16/2024, 12:55:17.889 PM"
"11/16/2024, 12:54:54.944 PM",\ADMINISTRATOR,User,MyLowCostVM,Microsoft-Windows-Security-Auditing,Security,4625,4625 - An account failed to log on.,120.133.88.0,3,3 - Network,\ADMINISTRATOR,ADMINISTRATOR,"11/16/2024, 12:55:17.889 PM"
"11/16/2024, 12:55:00.523 PM",\ADMINISTRATOR,User,MyLowCostVM,Microsoft-Windows-Security-Auditing,Security,4625,4625 - An account failed to log on.,36.134.25.206,3,3 - Network,\ADMINISTRATOR,ADMINISTRATOR,"11/16/2024, 12:55:37.855 PM"
"11/16/2024, 12:55:00.527 PM",\ADMINISTRATOR,User,MyLowCostVM,Microsoft-Windows-Security-Auditing,Security,4625,4625 - An account failed to log on.,218.24.151.212,3,3 - Network,\ADMINISTRATOR,ADMINISTRATOR,"11/16/2024, 12:55:37.855 PM"
