"11/16/2024, 11:09:56.355 AM",\ADMIN,User,MyLowCostVM,Microsoft-Windows-Security-Auditing,Security,4625,4625 - An account failed to log on.,218.24.151.212,3,3 - Network,\ADMIN,ADMIN,"11/16/2024, 11:10:17.806 AM"
"11/16/2024, 11:10:16.077 AM",\ADMINISTRATOR,User,MyLowCostVM,Microsoft-Windows-Security-Auditing,Security,4625,4625 - An account failed to log on.,120.133.88.0,3,3 - Network,\ADMINISTRATOR,ADMINISTRATOR,"11/16/2024, 11:10:37.889 AM"
"11/16/2024, 11:10:20.464 AM",\ADMINISTRATOR,User,MyLowCostVM,Microsoft-Windows-Security-Auditing,Security,4625,4625 - An account failed to log on.,36.134.25.206,3,3 - Network,\ADMINISTRATOR,ADMINISTRATOR,"11/16/2024, 11:10:57.892 AM"
"11/16/2024, 11:10:21.550 AM",\ADMINISTRATOR,User,MyLowCostVM,Microsoft-Windows-Security-Auditing,Security,4625,4625 - An account failed to log on.,218.90.122.42,3,3 - Network,\ADMINISTRATOR,ADMINISTRATOR,"11/16/2024, 11:10:57.892 AM"
"11/16/2024, 11:10:28.055 AM",\ADMINISTRATOR,User,MyLowCostVM,Microsoft-Windows-Security-Auditing,Security,4625,4625 - An account failed to log on.,186.75.215.94,3,3 - Network,\ADMINISTRATOR,ADMINISTRATOR,"11/16/2024, 11:10:57.892 AM"
"11/16/2024, 11:10:38.819 AM",\ADMINISTRATOR,User,MyLowCostVM,Microsoft-Windows-Security-Auditing,Security,4625,4625 - An account failed to log on.,79.124.56.98,3,3 - Network,\ADMINISTRATOR,ADMINISTRATOR,"11/16/2024, 11:10:57.892 AM"
"11/16/2024, 11:10:39.766 AM",\ADMINISTRATOR,User,MyLowCostVM,Microsoft-Windows-Security-Auditing,Security,4625,4625 - An account failed to log on.,120.133.88.0,3,3 - Network,\ADMINISTRATOR,ADMINISTRATOR,"11/16/2024, 11:10:57.892 AM"
"11/16/2024, 11:10:40.757 AM",\ADMINISTRATOR,User,MyLowCostVM,Microsoft-Windows-Security-Auditing,Security,4625,4625 - An account failed to log on.,116.228.169.194,3,3 - Network,\ADMINISTRATOR,ADMINISTRATOR,"11/16/2024, 11:11:17.864 AM"
"11/16/2024, 11:11:03.453 AM",\ADMINISTRATOR,User,MyLowCostVM,Microsoft-Windows-Security-Auditing,Security,4625,4625 - An account failed to log on.,120.133.88.0,3,3 - Network,\ADMINISTRATOR,ADMINISTRATOR,"11/16/2024, 11:11:37.858 AM"
"11/16/2024, 11:11:06.990 AM",\ADMINISTRATOR,User,MyLowCostVM,Microsoft-Windows-Security-Auditing,Security,4625,4625 - An account failed to log on.,218.24.151.212,3,3 - Network,\ADMINISTRATOR,ADMINISTRATOR,"11/16/2024, 11:11:37.858 AM"
"11/16/2024, 11:11:27.194 AM",\ADMINISTRATOR,User,MyLowCostVM,Microsoft-Windows-Security-Auditing,Security,4625,4625 - An account failed to log on.,120.133.88.0,3,3 - Network,\ADMINISTRATOR,ADMINISTRATOR,"11/16/2024, 11:11:57.862 AM"
"11/16/2024, 11:11:27.480 AM",\ADMINISTRATOR,User,MyLowCostVM,Microsoft-Windows-Security-Auditing,Security,4625,4625 - An account failed to log on.,36.134.25.206,3,3 - Network,\ADMINISTRATOR,ADMINISTRATOR,"11/16/2024, 11:11:57.862 AM"
"11/16/2024, 11:11:50.851 AM",\ADMINISTRATOR,User,MyLowCostVM,Microsoft-Windows-Security-Auditing,Security,4625,4625 - An account failed to log on.,120.133.88.0,3,3 - Network,\ADMINISTRATOR,ADMINISTRATOR,"11/16/2024, 11:12:17.871 AM"
"11/16/2024, 11:12:14.616 AM",\ADMINISTRATOR,User,MyLowCostVM,Microsoft-Windows-Security-Auditing,Security,4625,4625 - An account failed to log on.,120.133.88.0,3,3 - Network,\ADMINISTRATOR,ADMINISTRATOR,"11/16/2024, 11:12:37.884 AM"
"11/16/2024, 11:12:15.796 AM",\ADMIN,User,MyLowCostVM,Microsoft-Windows-Security-Auditing,Security,4625,4625 - An account failed to log on.,218.90.122.42,3,3 - Network,\ADMIN,ADMIN,"11/16/2024, 11:12:37.884 AM"
"11/16/2024, 11:12:17.101 AM",\ADMIN,User,MyLowCostVM,Microsoft-Windows-Security-Auditing,Security,4625,4625 - An account failed to log on.,218.24.151.212,3,3 - Network,\ADMIN,ADMIN,"11/16/2024, 11:12:37.884 AM"
"11/16/2024, 11:12:20.103 AM",NT AUTHORITY\SYSTEM,Machine,MyLowCostVM,Microsoft-Windows-Security-Auditing,Security,4624,4624 - An account was successfully logged on.,-,5,5 - Service,NT AUTHORITY\SYSTEM,SYSTEM,"11/16/2024, 11:12:57.809 AM"
"11/16/2024, 11:12:20.103 AM",NT AUTHORITY\SYSTEM,Machine,MyLowCostVM,Microsoft-Windows-Security-Auditing,Security,4672,4672 - Special privileges assigned to new logon.,,,,,,"11/16/2024, 11:12:57.809 AM"
"11/16/2024, 11:12:27.983 AM",\ADMINISTRATOR,User,MyLowCostVM,Microsoft-Windows-Security-Auditing,Security,4625,4625 - An account failed to log on.,36.134.25.206,3,3 - Network,\ADMINISTRATOR,ADMINISTRATOR,"11/16/2024, 11:12:57.809 AM"
"11/16/2024, 11:12:38.284 AM",\ADMINISTRATOR,User,MyLowCostVM,Microsoft-Windows-Security-Auditing,Security,4625,4625 - An account failed to log on.,120.133.88.0,3,3 - Network,\ADMINISTRATOR,ADMINISTRATOR,"11/16/2024, 11:12:57.809 AM"
"11/16/2024, 11:13:01.961 AM",\ADMINISTRATOR,User,MyLowCostVM,Microsoft-Windows-Security-Auditing,Security,4625,4625 - An account failed to log on.,120.133.88.0,3,3 - Network,\ADMINISTRATOR,ADMINISTRATOR,"11/16/2024, 11:13:37.883 AM"
"11/16/2024, 11:13:03.318 AM",\ADMINISTRATOR,User,MyLowCostVM,Microsoft-Windows-Security-Auditing,Security,4625,4625 - An account failed to log on.,186.75.215.94,3,3 - Network,\ADMINISTRATOR,ADMINISTRATOR,"11/16/2024, 11:13:37.883 AM"
"11/16/2024, 11:13:03.514 AM",\ADMINISTRATOR,User,MyLowCostVM,Microsoft-Windows-Security-Auditing,Security,4625,4625 - An account failed to log on.,79.124.56.98,3,3 - Network,\ADMINISTRATOR,ADMINISTRATOR,"11/16/2024, 11:13:37.883 AM"
"11/16/2024, 11:13:07.994 AM",\ADMINISTRATOR,User,MyLowCostVM,Microsoft-Windows-Security-Auditing,Security,4625,4625 - An account failed to log on.,116.228.169.194,3,3 - Network,\ADMINISTRATOR,ADMINISTRATOR,"11/16/2024, 11:13:37.883 AM"
"11/16/2024, 11:13:25.722 AM",\ADMINISTRATOR,User,MyLowCostVM,Microsoft-Windows-Security-Auditing,Security,4625,4625 - An account failed to log on.,120.133.88.0,3,3 - Network,\ADMINISTRATOR,ADMINISTRATOR,"11/16/2024, 11:13:57.863 AM"
"11/16/2024, 11:13:28.642 AM",\ADMINISTRATOR,User,MyLowCostVM,Microsoft-Windows-Security-Auditing,Security,4625,4625 - An account failed to log on.,218.24.151.212,3,3 - Network,\ADMINISTRATOR,ADMINISTRATOR,"11/16/2024, 11:13:57.863 AM"
"11/16/2024, 11:13:31.520 AM",\ADMINISTRATOR,User,MyLowCostVM,Microsoft-Windows-Security-Auditing,Security,4625,4625 - An account failed to log on.,36.134.25.206,3,3 - Network,\ADMINISTRATOR,ADMINISTRATOR,"11/16/2024, 11:13:57.863 AM"
"11/16/2024, 11:13:49.346 AM",\ADMINISTRATOR,User,MyLowCostVM,Microsoft-Windows-Security-Auditing,Security,4625,4625 - An account failed to log on.,120.133.88.0,3,3 - Network,\ADMINISTRATOR,ADMINISTRATOR,"11/16/2024, 11:14:17.864 AM"
"11/16/2024, 11:14:10.175 AM",\TEST,User,MyLowCostVM,Microsoft-Windows-Security-Auditing,Security,4625,4625 - An account failed to log on.,218.90.122.42,3,3 - Network,\TEST,TEST,"11/16/2024, 11:14:37.893 AM"
"11/16/2024, 11:14:13.055 AM",\ADMINISTRATOR,User,MyLowCostVM,Microsoft-Windows-Security-Auditing,Security,4625,4625 - An account failed to log on.,120.133.88.0,3,3 - Network,\ADMINISTRATOR,ADMINISTRATOR,"11/16/2024, 11:14:37.893 AM"
"11/16/2024, 11:14:36.777 AM",\ADMINISTRATOR,User,MyLowCostVM,Microsoft-Windows-Security-Auditing,Security,4625,4625 - An account failed to log on.,120.133.88.0,3,3 - Network,\ADMINISTRATOR,ADMINISTRATOR,"11/16/2024, 11:14:57.879 AM"
"11/16/2024, 11:14:39.936 AM",\ADMIN,User,MyLowCostVM,Microsoft-Windows-Security-Auditing,Security,4625,4625 - An account failed to log on.,218.24.151.212,3,3 - Network,\ADMIN,ADMIN,"11/16/2024, 11:14:57.879 AM"
"11/16/2024, 11:14:43.978 AM",\ADMINISTRATOR,User,MyLowCostVM,Microsoft-Windows-Security-Auditing,Security,4625,4625 - An account failed to log on.,36.134.25.206,3,3 - Network,\ADMINISTRATOR,ADMINISTRATOR,"11/16/2024, 11:15:17.879 AM"
"11/16/2024, 11:15:00.506 AM",\ADMINISTRATOR,User,MyLowCostVM,Microsoft-Windows-Security-Auditing,Security,4625,4625 - An account failed to log on.,120.133.88.0,3,3 - Network,\ADMINISTRATOR,ADMINISTRATOR,"11/16/2024, 11:15:37.839 AM"
"11/16/2024, 11:15:24.205 AM",\ADMINISTRATOR,User,MyLowCostVM,Microsoft-Windows-Security-Auditing,Security,4625,4625 - An account failed to log on.,120.133.88.0,3,3 - Network,\ADMINISTRATOR,ADMINISTRATOR,"11/16/2024, 11:15:57.888 AM"
"11/16/2024, 11:15:32.937 AM",\ADMINISTRATOR,User,MyLowCostVM,Microsoft-Windows-Security-Auditing,Security,4625,4625 - An account failed to log on.,79.124.56.98,3,3 - Network,\ADMINISTRATOR,ADMINISTRATOR,"11/16/2024, 11:15:57.888 AM"
"11/16/2024, 11:15:35.166 AM",\ADMINISTRATOR,User,MyLowCostVM,Microsoft-Windows-Security-Auditing,Security,4625,4625 - An account failed to log on.,116.228.169.194,3,3 - Network,\ADMINISTRATOR,ADMINISTRATOR,"11/16/2024, 11:15:57.888 AM"
"11/16/2024, 11:15:38.499 AM",\ADMINISTRATOR,User,MyLowCostVM,Microsoft-Windows-Security-Auditing,Security,4625,4625 - An account failed to log on.,186.75.215.94,3,3 - Network,\ADMINISTRATOR,ADMINISTRATOR,"11/16/2024, 11:15:57.888 AM"
"11/16/2024, 11:15:41.006 AM",\ADMINISTRATOR,User,MyLowCostVM,Microsoft-Windows-Security-Auditing,Security,4625,4625 - An account failed to log on.,36.134.25.206,3,3 - Network,\ADMINISTRATOR,ADMINISTRATOR,"11/16/2024, 11:16:17.887 AM"
"11/16/2024, 11:15:47.872 AM",\ADMINISTRATOR,User,MyLowCostVM,Microsoft-Windows-Security-Auditing,Security,4625,4625 - An account failed to log on.,120.133.88.0,3,3 - Network,\ADMINISTRATOR,ADMINISTRATOR,"11/16/2024, 11:16:17.887 AM"
"11/16/2024, 11:15:51.147 AM",\ADMINISTRATOR,User,MyLowCostVM,Microsoft-Windows-Security-Auditing,Security,4625,4625 - An account failed to log on.,218.24.151.212,3,3 - Network,\ADMINISTRATOR,ADMINISTRATOR,"11/16/2024, 11:16:17.887 AM"
"11/16/2024, 11:16:00.486 AM",\ROOT,User,MyLowCostVM,Microsoft-Windows-Security-Auditing,Security,4625,4625 - An account failed to log on.,218.90.122.42,3,3 - Network,\ROOT,ROOT,"11/16/2024, 11:16:37.885 AM"
"11/16/2024, 11:16:11.555 AM",\ADMINISTRATOR,User,MyLowCostVM,Microsoft-Windows-Security-Auditing,Security,4625,4625 - An account failed to log on.,120.133.88.0,3,3 - Network,\ADMINISTRATOR,ADMINISTRATOR,"11/16/2024, 11:16:37.885 AM"
"11/16/2024, 11:16:35.179 AM",\ADMINISTRATOR,User,MyLowCostVM,Microsoft-Windows-Security-Auditing,Security,4625,4625 - An account failed to log on.,120.133.88.0,3,3 - Network,\ADMINISTRATOR,ADMINISTRATOR,"11/16/2024, 11:16:57.874 AM"
"11/16/2024, 11:16:38.806 AM",WORKGROUP\MyLowCostVM$,Machine,MyLowCostVM,Microsoft-Windows-Security-Auditing,Security,4799,4799 - A security-enabled local group membership was enumerated,,,,Builtin\Remote Desktop Users,Remote Desktop Users,"11/16/2024, 11:16:57.874 AM"
"11/16/2024, 11:16:41.157 AM",WORKGROUP\MyLowCostVM$,Machine,MyLowCostVM,Microsoft-Windows-Security-Auditing,Security,4799,4799 - A security-enabled local group membership was enumerated,,,,Builtin\Administrators,Administrators,"11/16/2024, 11:17:17.903 AM"
"11/16/2024, 11:16:41.159 AM",WORKGROUP\MyLowCostVM$,Machine,MyLowCostVM,Microsoft-Windows-Security-Auditing,Security,4798,4798 - A user's local group membership was enumerated.,,,,MyLowCostVM\crankthat,crankthat,"11/16/2024, 11:17:17.903 AM"
"11/16/2024, 11:16:41.167 AM",WORKGROUP\MyLowCostVM$,Machine,MyLowCostVM,Microsoft-Windows-Security-Auditing,Security,4798,4798 - A user's local group membership was enumerated.,,,,MyLowCostVM\crankthat,crankthat,"11/16/2024, 11:17:17.903 AM"
"11/16/2024, 11:16:41.168 AM",WORKGROUP\MyLowCostVM$,Machine,MyLowCostVM,Microsoft-Windows-Security-Auditing,Security,4798,4798 - A user's local group membership was enumerated.,,,,MyLowCostVM\DefaultAccount,DefaultAccount,"11/16/2024, 11:17:17.903 AM"
"11/16/2024, 11:16:41.168 AM",WORKGROUP\MyLowCostVM$,Machine,MyLowCostVM,Microsoft-Windows-Security-Auditing,Security,4798,4798 - A user's local group membership was enumerated.,,,,MyLowCostVM\Guest,Guest,"11/16/2024, 11:17:17.903 AM"
"11/16/2024, 11:16:41.168 AM",WORKGROUP\MyLowCostVM$,Machine,MyLowCostVM,Microsoft-Windows-Security-Auditing,Security,4798,4798 - A user's local group membership was enumerated.,,,,MyLowCostVM\WDAGUtilityAccount,WDAGUtilityAccount,"11/16/2024, 11:17:17.903 AM"
"11/16/2024, 11:16:43.281 AM",\ADMINISTRATOR,User,MyLowCostVM,Microsoft-Windows-Security-Auditing,Security,4625,4625 - An account failed to log on.,36.134.25.206,3,3 - Network,\ADMINISTRATOR,ADMINISTRATOR,"11/16/2024, 11:17:17.903 AM"
"11/16/2024, 11:16:43.508 AM",WORKGROUP\MyLowCostVM$,Machine,MyLowCostVM,Microsoft-Windows-Security-Auditing,Security,4798,4798 - A user's local group membership was enumerated.,,,,MyLowCostVM\crankthat,crankthat,"11/16/2024, 11:17:17.903 AM"
"11/16/2024, 11:16:43.512 AM",WORKGROUP\MyLowCostVM$,Machine,MyLowCostVM,Microsoft-Windows-Security-Auditing,Security,4798,4798 - A user's local group membership was enumerated.,,,,MyLowCostVM\crankthat,crankthat,"11/16/2024, 11:17:17.903 AM"
"11/16/2024, 11:16:58.860 AM",\ADMINISTRATOR,User,MyLowCostVM,Microsoft-Windows-Security-Auditing,Security,4625,4625 - An account failed to log on.,120.133.88.0,3,3 - Network,\ADMINISTRATOR,ADMINISTRATOR,"11/16/2024, 11:17:17.903 AM"
"11/16/2024, 11:17:01.260 AM",\ADMIN,User,MyLowCostVM,Microsoft-Windows-Security-Auditing,Security,4625,4625 - An account failed to log on.,218.24.151.212,3,3 - Network,\ADMIN,ADMIN,"11/16/2024, 11:17:37.875 AM"
"11/16/2024, 11:17:22.516 AM",\ADMINISTRATOR,User,MyLowCostVM,Microsoft-Windows-Security-Auditing,Security,4625,4625 - An account failed to log on.,120.133.88.0,3,3 - Network,\ADMINISTRATOR,ADMINISTRATOR,"11/16/2024, 11:17:57.888 AM"
"11/16/2024, 11:17:45.492 AM",\ADMINISTRATOR,User,MyLowCostVM,Microsoft-Windows-Security-Auditing,Security,4625,4625 - An account failed to log on.,36.134.25.206,3,3 - Network,\ADMINISTRATOR,ADMINISTRATOR,"11/16/2024, 11:18:17.860 AM"
"11/16/2024, 11:17:46.184 AM",\ADMINISTRATOR,User,MyLowCostVM,Microsoft-Windows-Security-Auditing,Security,4625,4625 - An account failed to log on.,120.133.88.0,3,3 - Network,\ADMINISTRATOR,ADMINISTRATOR,"11/16/2024, 11:18:17.860 AM"
"11/16/2024, 11:17:54.167 AM",\DELL,User,MyLowCostVM,Microsoft-Windows-Security-Auditing,Security,4625,4625 - An account failed to log on.,218.90.122.42,3,3 - Network,\DELL,DELL,"11/16/2024, 11:18:17.860 AM"
"11/16/2024, 11:17:56.332 AM",\ADMINISTRATOR,User,MyLowCostVM,Microsoft-Windows-Security-Auditing,Security,4625,4625 - An account failed to log on.,116.228.169.194,3,3 - Network,\ADMINISTRATOR,ADMINISTRATOR,"11/16/2024, 11:18:17.860 AM"
"11/16/2024, 11:17:58.319 AM",\ADMINISTRATOR,User,MyLowCostVM,Microsoft-Windows-Security-Auditing,Security,4625,4625 - An account failed to log on.,79.124.56.98,3,3 - Network,\ADMINISTRATOR,ADMINISTRATOR,"11/16/2024, 11:18:17.860 AM"
"11/16/2024, 11:18:12.259 AM",\ADMINISTRATOR,User,MyLowCostVM,Microsoft-Windows-Security-Auditing,Security,4625,4625 - An account failed to log on.,120.133.88.0,3,3 - Network,\ADMINISTRATOR,ADMINISTRATOR,"11/16/2024, 11:18:37.884 AM"
"11/16/2024, 11:18:12.501 AM",\ADMINISTRATOR,User,MyLowCostVM,Microsoft-Windows-Security-Auditing,Security,4625,4625 - An account failed to log on.,218.24.151.212,3,3 - Network,\ADMINISTRATOR,ADMINISTRATOR,"11/16/2024, 11:18:37.884 AM"
"11/16/2024, 11:18:15.431 AM",\ADMINISTRATOR,User,MyLowCostVM,Microsoft-Windows-Security-Auditing,Security,4625,4625 - An account failed to log on.,186.75.215.94,3,3 - Network,\ADMINISTRATOR,ADMINISTRATOR,"11/16/2024, 11:18:37.884 AM"
"11/16/2024, 11:18:38.184 AM",\ADMINISTRATOR,User,MyLowCostVM,Microsoft-Windows-Security-Auditing,Security,4625,4625 - An account failed to log on.,120.133.88.0,3,3 - Network,\ADMINISTRATOR,ADMINISTRATOR,"11/16/2024, 11:18:57.873 AM"
"11/16/2024, 11:18:51.057 AM",\ADMINISTRATOR,User,MyLowCostVM,Microsoft-Windows-Security-Auditing,Security,4625,4625 - An account failed to log on.,36.134.25.206,3,3 - Network,\ADMINISTRATOR,ADMINISTRATOR,"11/16/2024, 11:19:17.872 AM"
"11/16/2024, 11:19:01.842 AM",\ADMINISTRATOR,User,MyLowCostVM,Microsoft-Windows-Security-Auditing,Security,4625,4625 - An account failed to log on.,120.133.88.0,3,3 - Network,\ADMINISTRATOR,ADMINISTRATOR,"11/16/2024, 11:19:37.892 AM"
"11/16/2024, 11:19:21.822 AM",\ADMIN,User,MyLowCostVM,Microsoft-Windows-Security-Auditing,Security,4625,4625 - An account failed to log on.,218.24.151.212,3,3 - Network,\ADMIN,ADMIN,"11/16/2024, 11:19:57.879 AM"
"11/16/2024, 11:19:25.507 AM",\ADMINISTRATOR,User,MyLowCostVM,Microsoft-Windows-Security-Auditing,Security,4625,4625 - An account failed to log on.,120.133.88.0,3,3 - Network,\ADMINISTRATOR,ADMINISTRATOR,"11/16/2024, 11:19:57.879 AM"
"11/16/2024, 11:19:49.181 AM",\ADMINISTRATOR,User,MyLowCostVM,Microsoft-Windows-Security-Auditing,Security,4625,4625 - An account failed to log on.,120.133.88.0,3,3 - Network,\ADMINISTRATOR,ADMINISTRATOR,"11/16/2024, 11:20:17.878 AM"
"11/16/2024, 11:19:49.240 AM",\USER,User,MyLowCostVM,Microsoft-Windows-Security-Auditing,Security,4625,4625 - An account failed to log on.,218.90.122.42,3,3 - Network,\USER,USER,"11/16/2024, 11:20:17.878 AM"
"11/16/2024, 11:19:53.474 AM",\ADMINISTRATOR,User,MyLowCostVM,Microsoft-Windows-Security-Auditing,Security,4625,4625 - An account failed to log on.,36.134.25.206,3,3 - Network,\ADMINISTRATOR,ADMINISTRATOR,"11/16/2024, 11:20:17.878 AM"
"11/16/2024, 11:20:12.798 AM",\ADMINISTRATOR,User,MyLowCostVM,Microsoft-Windows-Security-Auditing,Security,4625,4625 - An account failed to log on.,120.133.88.0,3,3 - Network,\ADMINISTRATOR,ADMINISTRATOR,"11/16/2024, 11:20:37.901 AM"
"11/16/2024, 11:20:19.368 AM",\ADMINISTRATOR,User,MyLowCostVM,Microsoft-Windows-Security-Auditing,Security,4625,4625 - An account failed to log on.,116.228.169.194,3,3 - Network,\ADMINISTRATOR,ADMINISTRATOR,"11/16/2024, 11:20:37.901 AM"
"11/16/2024, 11:20:25.238 AM",\ADMINISTRATOR,User,MyLowCostVM,Microsoft-Windows-Security-Auditing,Security,4625,4625 - An account failed to log on.,79.124.56.98,3,3 - Network,\ADMINISTRATOR,ADMINISTRATOR,"11/16/2024, 11:20:57.867 AM"
"11/16/2024, 11:20:31.676 AM",\ADMINISTRATOR,User,MyLowCostVM,Microsoft-Windows-Security-Auditing,Security,4625,4625 - An account failed to log on.,218.24.151.212,3,3 - Network,\ADMINISTRATOR,ADMINISTRATOR,"11/16/2024, 11:20:57.867 AM"
"11/16/2024, 11:20:36.574 AM",\ADMINISTRATOR,User,MyLowCostVM,Microsoft-Windows-Security-Auditing,Security,4625,4625 - An account failed to log on.,120.133.88.0,3,3 - Network,\ADMINISTRATOR,ADMINISTRATOR,"11/16/2024, 11:20:57.867 AM"
"11/16/2024, 11:20:53.506 AM",\ADMINISTRATOR,User,MyLowCostVM,Microsoft-Windows-Security-Auditing,Security,4625,4625 - An account failed to log on.,36.134.25.206,3,3 - Network,\ADMINISTRATOR,ADMINISTRATOR,"11/16/2024, 11:21:17.879 AM"
"11/16/2024, 11:21:00.181 AM",\ADMINISTRATOR,User,MyLowCostVM,Microsoft-Windows-Security-Auditing,Security,4625,4625 - An account failed to log on.,120.133.88.0,3,3 - Network,\ADMINISTRATOR,ADMINISTRATOR,"11/16/2024, 11:21:37.868 AM"
"11/16/2024, 11:21:23.906 AM",\ADMINISTRATOR,User,MyLowCostVM,Microsoft-Windows-Security-Auditing,Security,4625,4625 - An account failed to log on.,120.133.88.0,3,3 - Network,\ADMINISTRATOR,ADMINISTRATOR,"11/16/2024, 11:21:57.883 AM"
"11/16/2024, 11:21:41.894 AM",\ADMIN,User,MyLowCostVM,Microsoft-Windows-Security-Auditing,Security,4625,4625 - An account failed to log on.,218.24.151.212,3,3 - Network,\ADMIN,ADMIN,"11/16/2024, 11:22:17.881 AM"
"11/16/2024, 11:21:47.568 AM",\ADMINISTRATOR,User,MyLowCostVM,Microsoft-Windows-Security-Auditing,Security,4625,4625 - An account failed to log on.,120.133.88.0,3,3 - Network,\ADMINISTRATOR,ADMINISTRATOR,"11/16/2024, 11:22:17.881 AM"
"11/16/2024, 11:21:50.863 AM",\PC,User,MyLowCostVM,Microsoft-Windows-Security-Auditing,Security,4625,4625 - An account failed to log on.,218.90.122.42,3,3 - Network,\PC,PC,"11/16/2024, 11:22:17.881 AM"
"11/16/2024, 11:21:56.709 AM",\ADMINISTRATOR,User,MyLowCostVM,Microsoft-Windows-Security-Auditing,Security,4625,4625 - An account failed to log on.,36.134.25.206,3,3 - Network,\ADMINISTRATOR,ADMINISTRATOR,"11/16/2024, 11:22:17.881 AM"
"11/16/2024, 11:22:11.233 AM",\ADMINISTRATOR,User,MyLowCostVM,Microsoft-Windows-Security-Auditing,Security,4625,4625 - An account failed to log on.,120.133.88.0,3,3 - Network,\ADMINISTRATOR,ADMINISTRATOR,"11/16/2024, 11:22:37.880 AM"
"11/16/2024, 11:22:34.888 AM",\ADMINISTRATOR,User,MyLowCostVM,Microsoft-Windows-Security-Auditing,Security,4625,4625 - An account failed to log on.,120.133.88.0,3,3 - Network,\ADMINISTRATOR,ADMINISTRATOR,"11/16/2024, 11:22:57.863 AM"
"11/16/2024, 11:22:45.574 AM",\ADMINISTRATOR,User,MyLowCostVM,Microsoft-Windows-Security-Auditing,Security,4625,4625 - An account failed to log on.,116.228.169.194,3,3 - Network,\ADMINISTRATOR,ADMINISTRATOR,"11/16/2024, 11:23:17.889 AM"
"11/16/2024, 11:22:52.243 AM",\ADMINISTRATOR,User,MyLowCostVM,Microsoft-Windows-Security-Auditing,Security,4625,4625 - An account failed to log on.,218.24.151.212,3,3 - Network,\ADMINISTRATOR,ADMINISTRATOR,"11/16/2024, 11:23:17.889 AM"
"11/16/2024, 11:22:58.577 AM",\ADMINISTRATOR,User,MyLowCostVM,Microsoft-Windows-Security-Auditing,Security,4625,4625 - An account failed to log on.,120.133.88.0,3,3 - Network,\ADMINISTRATOR,ADMINISTRATOR,"11/16/2024, 11:23:17.889 AM"
"11/16/2024, 11:23:03.458 AM",\ADMINISTRATOR,User,MyLowCostVM,Microsoft-Windows-Security-Auditing,Security,4625,4625 - An account failed to log on.,36.134.25.206,3,3 - Network,\ADMINISTRATOR,ADMINISTRATOR,"11/16/2024, 11:23:37.903 AM"
"11/16/2024, 11:23:03.724 AM",\ADMINISTRATOR,User,MyLowCostVM,Microsoft-Windows-Security-Auditing,Security,4625,4625 - An account failed to log on.,79.124.56.98,3,3 - Network,\ADMINISTRATOR,ADMINISTRATOR,"11/16/2024, 11:23:37.903 AM"
"11/16/2024, 11:23:22.249 AM",\ADMINISTRATOR,User,MyLowCostVM,Microsoft-Windows-Security-Auditing,Security,4625,4625 - An account failed to log on.,120.133.88.0,3,3 - Network,\ADMINISTRATOR,ADMINISTRATOR,"11/16/2024, 11:23:57.879 AM"
"11/16/2024, 11:23:28.660 AM",\ADMINISTRATOR,User,MyLowCostVM,Microsoft-Windows-Security-Auditing,Security,4625,4625 - An account failed to log on.,186.75.215.94,3,3 - Network,\ADMINISTRATOR,ADMINISTRATOR,"11/16/2024, 11:23:57.879 AM"
"11/16/2024, 11:23:43.022 AM",\ADMINISTRATOR,User,MyLowCostVM,Microsoft-Windows-Security-Auditing,Security,4625,4625 - An account failed to log on.,218.90.122.42,3,3 - Network,\ADMINISTRATOR,ADMINISTRATOR,"11/16/2024, 11:24:17.907 AM"
"11/16/2024, 11:23:45.937 AM",\ADMINISTRATOR,User,MyLowCostVM,Microsoft-Windows-Security-Auditing,Security,4625,4625 - An account failed to log on.,120.133.88.0,3,3 - Network,\ADMINISTRATOR,ADMINISTRATOR,"11/16/2024, 11:24:17.907 AM"
"11/16/2024, 11:24:02.529 AM",\ADMINISTRATOR,User,MyLowCostVM,Microsoft-Windows-Security-Auditing,Security,4625,4625 - An account failed to log on.,36.134.25.206,3,3 - Network,\ADMINISTRATOR,ADMINISTRATOR,"11/16/2024, 11:24:37.899 AM"
"11/16/2024, 11:24:02.750 AM",\ADMIN,User,MyLowCostVM,Microsoft-Windows-Security-Auditing,Security,4625,4625 - An account failed to log on.,218.24.151.212,3,3 - Network,\ADMIN,ADMIN,"11/16/2024, 11:24:37.899 AM"
"11/16/2024, 11:24:09.674 AM",\ADMINISTRATOR,User,MyLowCostVM,Microsoft-Windows-Security-Auditing,Security,4625,4625 - An account failed to log on.,120.133.88.0,3,3 - Network,\ADMINISTRATOR,ADMINISTRATOR,"11/16/2024, 11:24:37.899 AM"
"11/16/2024, 11:24:33.329 AM",\ADMINISTRATOR,User,MyLowCostVM,Microsoft-Windows-Security-Auditing,Security,4625,4625 - An account failed to log on.,120.133.88.0,3,3 - Network,\ADMINISTRATOR,ADMINISTRATOR,"11/16/2024, 11:24:57.889 AM"
"11/16/2024, 11:24:56.949 AM",\ADMINISTRATOR,User,MyLowCostVM,Microsoft-Windows-Security-Auditing,Security,4625,4625 - An account failed to log on.,120.133.88.0,3,3 - Network,\ADMINISTRATOR,ADMINISTRATOR,"11/16/2024, 11:25:17.882 AM"
"11/16/2024, 11:25:01.241 AM",\ADMINISTRATOR,User,MyLowCostVM,Microsoft-Windows-Security-Auditing,Security,4625,4625 - An account failed to log on.,36.134.25.206,3,3 - Network,\ADMINISTRATOR,ADMINISTRATOR,"11/16/2024, 11:25:37.857 AM"
"11/16/2024, 11:25:04.293 AM",\ADMINISTRATOR,User,MyLowCostVM,Microsoft-Windows-Security-Auditing,Security,4625,4625 - An account failed to log on.,116.228.169.194,3,3 - Network,\ADMINISTRATOR,ADMINISTRATOR,"11/16/2024, 11:25:37.857 AM"
"11/16/2024, 11:25:11.968 AM",\ADMINISTRATOR,User,MyLowCostVM,Microsoft-Windows-Security-Auditing,Security,4625,4625 - An account failed to log on.,218.24.151.212,3,3 - Network,\ADMINISTRATOR,ADMINISTRATOR,"11/16/2024, 11:25:37.857 AM"
"11/16/2024, 11:25:20.711 AM",\ADMINISTRATOR,User,MyLowCostVM,Microsoft-Windows-Security-Auditing,Security,4625,4625 - An account failed to log on.,120.133.88.0,3,3 - Network,\ADMINISTRATOR,ADMINISTRATOR,"11/16/2024, 11:25:57.868 AM"
"11/16/2024, 11:25:26.352 AM",\ADMIN,User,MyLowCostVM,Microsoft-Windows-Security-Auditing,Security,4625,4625 - An account failed to log on.,218.90.122.42,3,3 - Network,\ADMIN,ADMIN,"11/16/2024, 11:25:57.868 AM"
"11/16/2024, 11:25:44.404 AM",\ADMINISTRATOR,User,MyLowCostVM,Microsoft-Windows-Security-Auditing,Security,4625,4625 - An account failed to log on.,120.133.88.0,3,3 - Network,\ADMINISTRATOR,ADMINISTRATOR,"11/16/2024, 11:26:17.917 AM"
"11/16/2024, 11:25:54.291 AM",\ADMINISTRATOR,User,MyLowCostVM,Microsoft-Windows-Security-Auditing,Security,4625,4625 - An account failed to log on.,79.124.56.98,3,3 - Network,\ADMINISTRATOR,ADMINISTRATOR,"11/16/2024, 11:26:17.917 AM"
"11/16/2024, 11:26:02.668 AM",\ADMINISTRATOR,User,MyLowCostVM,Microsoft-Windows-Security-Auditing,Security,4625,4625 - An account failed to log on.,36.134.25.206,3,3 - Network,\ADMINISTRATOR,ADMINISTRATOR,"11/16/2024, 11:26:37.879 AM"
"11/16/2024, 11:26:04.613 AM",\ADMINISTRATOR,User,MyLowCostVM,Microsoft-Windows-Security-Auditing,Security,4625,4625 - An account failed to log on.,186.75.215.94,3,3 - Network,\ADMINISTRATOR,ADMINISTRATOR,"11/16/2024, 11:26:37.879 AM"
"11/16/2024, 11:26:08.088 AM",\ADMINISTRATOR,User,MyLowCostVM,Microsoft-Windows-Security-Auditing,Security,4625,4625 - An account failed to log on.,120.133.88.0,3,3 - Network,\ADMINISTRATOR,ADMINISTRATOR,"11/16/2024, 11:26:37.879 AM"
"11/16/2024, 11:26:25.367 AM",\ADMIN,User,MyLowCostVM,Microsoft-Windows-Security-Auditing,Security,4625,4625 - An account failed to log on.,218.24.151.212,3,3 - Network,\ADMIN,ADMIN,"11/16/2024, 11:26:57.870 AM"
"11/16/2024, 11:26:31.754 AM",\ADMINISTRATOR,User,MyLowCostVM,Microsoft-Windows-Security-Auditing,Security,4625,4625 - An account failed to log on.,120.133.88.0,3,3 - Network,\ADMINISTRATOR,ADMINISTRATOR,"11/16/2024, 11:26:57.870 AM"
"11/16/2024, 11:26:55.426 AM",\ADMINISTRATOR,User,MyLowCostVM,Microsoft-Windows-Security-Auditing,Security,4625,4625 - An account failed to log on.,120.133.88.0,3,3 - Network,\ADMINISTRATOR,ADMINISTRATOR,"11/16/2024, 11:27:17.883 AM"
"11/16/2024, 11:27:09.794 AM",\ADMINISTRATOR,User,MyLowCostVM,Microsoft-Windows-Security-Auditing,Security,4625,4625 - An account failed to log on.,36.134.25.206,3,3 - Network,\ADMINISTRATOR,ADMINISTRATOR,"11/16/2024, 11:27:37.880 AM"
"11/16/2024, 11:27:19.179 AM",\ADMINISTRATOR,User,MyLowCostVM,Microsoft-Windows-Security-Auditing,Security,4625,4625 - An account failed to log on.,120.133.88.0,3,3 - Network,\ADMINISTRATOR,ADMINISTRATOR,"11/16/2024, 11:27:37.880 AM"
"11/16/2024, 11:27:26.870 AM",\ADMINISTRATOR,User,MyLowCostVM,Microsoft-Windows-Security-Auditing,Security,4625,4625 - An account failed to log on.,116.228.169.194,3,3 - Network,\ADMINISTRATOR,ADMINISTRATOR,"11/16/2024, 11:27:57.862 AM"
"11/16/2024, 11:27:28.445 AM",\TEST,User,MyLowCostVM,Microsoft-Windows-Security-Auditing,Security,4625,4625 - An account failed to log on.,218.90.122.42,3,3 - Network,\TEST,TEST,"11/16/2024, 11:27:57.862 AM"
"11/16/2024, 11:27:38.032 AM",\ADMINISTRATOR,User,MyLowCostVM,Microsoft-Windows-Security-Auditing,Security,4625,4625 - An account failed to log on.,218.24.151.212,3,3 - Network,\ADMINISTRATOR,ADMINISTRATOR,"11/16/2024, 11:27:57.862 AM"
"11/16/2024, 11:27:42.785 AM",\ADMINISTRATOR,User,MyLowCostVM,Microsoft-Windows-Security-Auditing,Security,4625,4625 - An account failed to log on.,120.133.88.0,3,3 - Network,\ADMINISTRATOR,ADMINISTRATOR,"11/16/2024, 11:28:17.902 AM"
"11/16/2024, 11:28:06.516 AM",\ADMINISTRATOR,User,MyLowCostVM,Microsoft-Windows-Security-Auditing,Security,4625,4625 - An account failed to log on.,120.133.88.0,3,3 - Network,\ADMINISTRATOR,ADMINISTRATOR,"11/16/2024, 11:28:37.891 AM"
"11/16/2024, 11:28:11.852 AM",\ADMINISTRATOR,User,MyLowCostVM,Microsoft-Windows-Security-Auditing,Security,4625,4625 - An account failed to log on.,36.134.25.206,3,3 - Network,\ADMINISTRATOR,ADMINISTRATOR,"11/16/2024, 11:28:37.891 AM"
"11/16/2024, 11:28:27.196 AM",\ADMINISTRATOR,User,MyLowCostVM,Microsoft-Windows-Security-Auditing,Security,4625,4625 - An account failed to log on.,79.124.56.98,3,3 - Network,\ADMINISTRATOR,ADMINISTRATOR,"11/16/2024, 11:28:57.884 AM"
"11/16/2024, 11:28:30.200 AM",\ADMINISTRATOR,User,MyLowCostVM,Microsoft-Windows-Security-Auditing,Security,4625,4625 - An account failed to log on.,120.133.88.0,3,3 - Network,\ADMINISTRATOR,ADMINISTRATOR,"11/16/2024, 11:28:57.884 AM"
"11/16/2024, 11:28:40.939 AM",\ADMINISTRATOR,User,MyLowCostVM,Microsoft-Windows-Security-Auditing,Security,4625,4625 - An account failed to log on.,186.75.215.94,3,3 - Network,\ADMINISTRATOR,ADMINISTRATOR,"11/16/2024, 11:29:17.890 AM"
"11/16/2024, 11:28:50.620 AM",\ADMIN,User,MyLowCostVM,Microsoft-Windows-Security-Auditing,Security,4625,4625 - An account failed to log on.,218.24.151.212,3,3 - Network,\ADMIN,ADMIN,"11/16/2024, 11:29:17.890 AM"
"11/16/2024, 11:28:53.965 AM",\ADMINISTRATOR,User,MyLowCostVM,Microsoft-Windows-Security-Auditing,Security,4625,4625 - An account failed to log on.,120.133.88.0,3,3 - Network,\ADMINISTRATOR,ADMINISTRATOR,"11/16/2024, 11:29:17.890 AM"
"11/16/2024, 11:29:10.681 AM",\ROOT,User,MyLowCostVM,Microsoft-Windows-Security-Auditing,Security,4625,4625 - An account failed to log on.,218.90.122.42,3,3 - Network,\ROOT,ROOT,"11/16/2024, 11:29:37.860 AM"
"11/16/2024, 11:29:13.764 AM",\ADMINISTRATOR,User,MyLowCostVM,Microsoft-Windows-Security-Auditing,Security,4625,4625 - An account failed to log on.,36.134.25.206,3,3 - Network,\ADMINISTRATOR,ADMINISTRATOR,"11/16/2024, 11:29:37.860 AM"
"11/16/2024, 11:29:17.633 AM",\ADMINISTRATOR,User,MyLowCostVM,Microsoft-Windows-Security-Auditing,Security,4625,4625 - An account failed to log on.,120.133.88.0,3,3 - Network,\ADMINISTRATOR,ADMINISTRATOR,"11/16/2024, 11:29:37.860 AM"
"11/16/2024, 11:29:41.382 AM",\ADMINISTRATOR,User,MyLowCostVM,Microsoft-Windows-Security-Auditing,Security,4625,4625 - An account failed to log on.,120.133.88.0,3,3 - Network,\ADMINISTRATOR,ADMINISTRATOR,"11/16/2024, 11:30:17.900 AM"
"11/16/2024, 11:29:48.610 AM",\ADMINISTRATOR,User,MyLowCostVM,Microsoft-Windows-Security-Auditing,Security,4625,4625 - An account failed to log on.,116.228.169.194,3,3 - Network,\ADMINISTRATOR,ADMINISTRATOR,"11/16/2024, 11:30:17.900 AM"
"11/16/2024, 11:30:01.299 AM",\ADMINISTRATOR,User,MyLowCostVM,Microsoft-Windows-Security-Auditing,Security,4625,4625 - An account failed to log on.,218.24.151.212,3,3 - Network,\ADMINISTRATOR,ADMINISTRATOR,"11/16/2024, 11:30:37.875 AM"
"11/16/2024, 11:30:05.022 AM",\ADMINISTRATOR,User,MyLowCostVM,Microsoft-Windows-Security-Auditing,Security,4625,4625 - An account failed to log on.,120.133.88.0,3,3 - Network,\ADMINISTRATOR,ADMINISTRATOR,"11/16/2024, 11:30:37.875 AM"
"11/16/2024, 11:30:17.154 AM",\ADMINISTRATOR,User,MyLowCostVM,Microsoft-Windows-Security-Auditing,Security,4625,4625 - An account failed to log on.,36.134.25.206,3,3 - Network,\ADMINISTRATOR,ADMINISTRATOR,"11/16/2024, 11:30:37.875 AM"
"11/16/2024, 11:30:28.849 AM",\ADMINISTRATOR,User,MyLowCostVM,Microsoft-Windows-Security-Auditing,Security,4625,4625 - An account failed to log on.,120.133.88.0,3,3 - Network,\ADMINISTRATOR,ADMINISTRATOR,"11/16/2024, 11:30:57.868 AM"
"11/16/2024, 11:30:52.614 AM",\ADMINISTRATOR,User,MyLowCostVM,Microsoft-Windows-Security-Auditing,Security,4625,4625 - An account failed to log on.,120.133.88.0,3,3 - Network,\ADMINISTRATOR,ADMINISTRATOR,"11/16/2024, 11:31:17.880 AM"
"11/16/2024, 11:30:54.316 AM",\ADMINISTRATOR,User,MyLowCostVM,Microsoft-Windows-Security-Auditing,Security,4625,4625 - An account failed to log on.,79.124.56.98,3,3 - Network,\ADMINISTRATOR,ADMINISTRATOR,"11/16/2024, 11:31:17.880 AM"
"11/16/2024, 11:31:07.086 AM",\DELL,User,MyLowCostVM,Microsoft-Windows-Security-Auditing,Security,4625,4625 - An account failed to log on.,218.90.122.42,3,3 - Network,\DELL,DELL,"11/16/2024, 11:31:37.933 AM"
"11/16/2024, 11:31:12.852 AM",\ADMIN,User,MyLowCostVM,Microsoft-Windows-Security-Auditing,Security,4625,4625 - An account failed to log on.,218.24.151.212,3,3 - Network,\ADMIN,ADMIN,"11/16/2024, 11:31:37.933 AM"
"11/16/2024, 11:31:16.250 AM",\ADMINISTRATOR,User,MyLowCostVM,Microsoft-Windows-Security-Auditing,Security,4625,4625 - An account failed to log on.,120.133.88.0,3,3 - Network,\ADMINISTRATOR,ADMINISTRATOR,"11/16/2024, 11:31:37.933 AM"
"11/16/2024, 11:31:17.378 AM",\ADMINISTRATOR,User,MyLowCostVM,Microsoft-Windows-Security-Auditing,Security,4625,4625 - An account failed to log on.,36.134.25.206,3,3 - Network,\ADMINISTRATOR,ADMINISTRATOR,"11/16/2024, 11:31:37.933 AM"
"11/16/2024, 11:31:17.400 AM",\ADMINISTRATOR,User,MyLowCostVM,Microsoft-Windows-Security-Auditing,Security,4625,4625 - An account failed to log on.,186.75.215.94,3,3 - Network,\ADMINISTRATOR,ADMINISTRATOR,"11/16/2024, 11:31:37.933 AM"
"11/16/2024, 11:31:39.923 AM",\ADMINISTRATOR,User,MyLowCostVM,Microsoft-Windows-Security-Auditing,Security,4625,4625 - An account failed to log on.,120.133.88.0,3,3 - Network,\ADMINISTRATOR,ADMINISTRATOR,"11/16/2024, 11:31:57.872 AM"
"11/16/2024, 11:32:03.591 AM",\ADMINISTRATOR,User,MyLowCostVM,Microsoft-Windows-Security-Auditing,Security,4625,4625 - An account failed to log on.,120.133.88.0,3,3 - Network,\ADMINISTRATOR,ADMINISTRATOR,"11/16/2024, 11:32:37.882 AM"
"11/16/2024, 11:32:17.445 AM",\ADMINISTRATOR,User,MyLowCostVM,Microsoft-Windows-Security-Auditing,Security,4625,4625 - An account failed to log on.,116.228.169.194,3,3 - Network,\ADMINISTRATOR,ADMINISTRATOR,"11/16/2024, 11:32:37.882 AM"
"11/16/2024, 11:32:23.082 AM",\ADMINISTRATOR,User,MyLowCostVM,Microsoft-Windows-Security-Auditing,Security,4625,4625 - An account failed to log on.,218.24.151.212,3,3 - Network,\ADMINISTRATOR,ADMINISTRATOR,"11/16/2024, 11:32:57.884 AM"
"11/16/2024, 11:32:24.199 AM",\ADMINISTRATOR,User,MyLowCostVM,Microsoft-Windows-Security-Auditing,Security,4625,4625 - An account failed to log on.,36.134.25.206,3,3 - Network,\ADMINISTRATOR,ADMINISTRATOR,"11/16/2024, 11:32:57.884 AM"
"11/16/2024, 11:32:27.308 AM",\ADMINISTRATOR,User,MyLowCostVM,Microsoft-Windows-Security-Auditing,Security,4625,4625 - An account failed to log on.,120.133.88.0,3,3 - Network,\ADMINISTRATOR,ADMINISTRATOR,"11/16/2024, 11:32:57.884 AM"
"11/16/2024, 11:32:50.958 AM",\ADMINISTRATOR,User,MyLowCostVM,Microsoft-Windows-Security-Auditing,Security,4625,4625 - An account failed to log on.,120.133.88.0,3,3 - Network,\ADMINISTRATOR,ADMINISTRATOR,"11/16/2024, 11:33:17.868 AM"
"11/16/2024, 11:33:04.095 AM",\USER,User,MyLowCostVM,Microsoft-Windows-Security-Auditing,Security,4625,4625 - An account failed to log on.,218.90.122.42,3,3 - Network,\USER,USER,"11/16/2024, 11:33:37.885 AM"
"11/16/2024, 11:33:14.632 AM",\ADMINISTRATOR,User,MyLowCostVM,Microsoft-Windows-Security-Auditing,Security,4625,4625 - An account failed to log on.,120.133.88.0,3,3 - Network,\ADMINISTRATOR,ADMINISTRATOR,"11/16/2024, 11:33:37.885 AM"
"11/16/2024, 11:33:21.355 AM",\ADMINISTRATOR,User,MyLowCostVM,Microsoft-Windows-Security-Auditing,Security,4625,4625 - An account failed to log on.,79.124.56.98,3,3 - Network,\ADMINISTRATOR,ADMINISTRATOR,"11/16/2024, 11:33:57.885 AM"
"11/16/2024, 11:33:24.452 AM",\ADMINISTRATOR,User,MyLowCostVM,Microsoft-Windows-Security-Auditing,Security,4625,4625 - An account failed to log on.,36.134.25.206,3,3 - Network,\ADMINISTRATOR,ADMINISTRATOR,"11/16/2024, 11:33:57.885 AM"
"11/16/2024, 11:33:36.442 AM",\ADMIN,User,MyLowCostVM,Microsoft-Windows-Security-Auditing,Security,4625,4625 - An account failed to log on.,218.24.151.212,3,3 - Network,\ADMIN,ADMIN,"11/16/2024, 11:33:57.885 AM"
"11/16/2024, 11:33:38.359 AM",\ADMINISTRATOR,User,MyLowCostVM,Microsoft-Windows-Security-Auditing,Security,4625,4625 - An account failed to log on.,120.133.88.0,3,3 - Network,\ADMINISTRATOR,ADMINISTRATOR,"11/16/2024, 11:33:57.885 AM"
"11/16/2024, 11:33:55.927 AM",\ADMINISTRATOR,User,MyLowCostVM,Microsoft-Windows-Security-Auditing,Security,4625,4625 - An account failed to log on.,186.75.215.94,3,3 - Network,\ADMINISTRATOR,ADMINISTRATOR,"11/16/2024, 11:34:17.870 AM"
"11/16/2024, 11:34:02.049 AM",\ADMINISTRATOR,User,MyLowCostVM,Microsoft-Windows-Security-Auditing,Security,4625,4625 - An account failed to log on.,120.133.88.0,3,3 - Network,\ADMINISTRATOR,ADMINISTRATOR,"11/16/2024, 11:34:37.895 AM"
"11/16/2024, 11:34:25.738 AM",\ADMINISTRATOR,User,MyLowCostVM,Microsoft-Windows-Security-Auditing,Security,4625,4625 - An account failed to log on.,120.133.88.0,3,3 - Network,\ADMINISTRATOR,ADMINISTRATOR,"11/16/2024, 11:34:57.908 AM"
"11/16/2024, 11:34:29.716 AM",\ADMINISTRATOR,User,MyLowCostVM,Microsoft-Windows-Security-Auditing,Security,4625,4625 - An account failed to log on.,36.134.25.206,3,3 - Network,\ADMINISTRATOR,ADMINISTRATOR,"11/16/2024, 11:34:57.908 AM"
"11/16/2024, 11:34:40.923 AM",\ADMINISTRATOR,User,MyLowCostVM,Microsoft-Windows-Security-Auditing,Security,4625,4625 - An account failed to log on.,116.228.169.194,3,3 - Network,\ADMINISTRATOR,ADMINISTRATOR,"11/16/2024, 11:35:17.875 AM"
"11/16/2024, 11:34:47.512 AM",\ADMINISTRATOR,User,MyLowCostVM,Microsoft-Windows-Security-Auditing,Security,4625,4625 - An account failed to log on.,218.24.151.212,3,3 - Network,\ADMINISTRATOR,ADMINISTRATOR,"11/16/2024, 11:35:17.875 AM"
"11/16/2024, 11:34:49.387 AM",\ADMINISTRATOR,User,MyLowCostVM,Microsoft-Windows-Security-Auditing,Security,4625,4625 - An account failed to log on.,120.133.88.0,3,3 - Network,\ADMINISTRATOR,ADMINISTRATOR,"11/16/2024, 11:35:17.875 AM"
"11/16/2024, 11:34:58.897 AM",\PC,User,MyLowCostVM,Microsoft-Windows-Security-Auditing,Security,4625,4625 - An account failed to log on.,218.90.122.42,3,3 - Network,\PC,PC,"11/16/2024, 11:35:17.875 AM"
"11/16/2024, 11:35:13.113 AM",\ADMINISTRATOR,User,MyLowCostVM,Microsoft-Windows-Security-Auditing,Security,4625,4625 - An account failed to log on.,120.133.88.0,3,3 - Network,\ADMINISTRATOR,ADMINISTRATOR,"11/16/2024, 11:35:37.877 AM"
"11/16/2024, 11:35:29.669 AM",\ADMINISTRATOR,User,MyLowCostVM,Microsoft-Windows-Security-Auditing,Security,4625,4625 - An account failed to log on.,36.134.25.206,3,3 - Network,\ADMINISTRATOR,ADMINISTRATOR,"11/16/2024, 11:35:57.849 AM"
"11/16/2024, 11:35:36.790 AM",\ADMINISTRATOR,User,MyLowCostVM,Microsoft-Windows-Security-Auditing,Security,4625,4625 - An account failed to log on.,120.133.88.0,3,3 - Network,\ADMINISTRATOR,ADMINISTRATOR,"11/16/2024, 11:35:57.849 AM"
"11/16/2024, 11:35:56.569 AM",\ADMINISTRATOR,User,MyLowCostVM,Microsoft-Windows-Security-Auditing,Security,4625,4625 - An account failed to log on.,79.124.56.98,3,3 - Network,\ADMINISTRATOR,ADMINISTRATOR,"11/16/2024, 11:36:17.877 AM"
"11/16/2024, 11:36:00.454 AM",\ADMINISTRATOR,User,MyLowCostVM,Microsoft-Windows-Security-Auditing,Security,4625,4625 - An account failed to log on.,120.133.88.0,3,3 - Network,\ADMINISTRATOR,ADMINISTRATOR,"11/16/2024, 11:36:37.888 AM"
"11/16/2024, 11:36:00.548 AM",\ADMIN,User,MyLowCostVM,Microsoft-Windows-Security-Auditing,Security,4625,4625 - An account failed to log on.,218.24.151.212,3,3 - Network,\ADMIN,ADMIN,"11/16/2024, 11:36:37.888 AM"
"11/16/2024, 11:36:24.169 AM",\ADMINISTRATOR,User,MyLowCostVM,Microsoft-Windows-Security-Auditing,Security,4625,4625 - An account failed to log on.,120.133.88.0,3,3 - Network,\ADMINISTRATOR,ADMINISTRATOR,"11/16/2024, 11:36:57.840 AM"
"11/16/2024, 11:36:33.750 AM",\ADMINISTRATOR,User,MyLowCostVM,Microsoft-Windows-Security-Auditing,Security,4625,4625 - An account failed to log on.,186.75.215.94,3,3 - Network,\ADMINISTRATOR,ADMINISTRATOR,"11/16/2024, 11:36:57.840 AM"
"11/16/2024, 11:36:38.407 AM",\ADMINISTRATOR,User,MyLowCostVM,Microsoft-Windows-Security-Auditing,Security,4625,4625 - An account failed to log on.,36.134.25.206,3,3 - Network,\ADMINISTRATOR,ADMINISTRATOR,"11/16/2024, 11:36:57.840 AM"
"11/16/2024, 11:36:47.841 AM",\ADMINISTRATOR,User,MyLowCostVM,Microsoft-Windows-Security-Auditing,Security,4625,4625 - An account failed to log on.,120.133.88.0,3,3 - Network,\ADMINISTRATOR,ADMINISTRATOR,"11/16/2024, 11:37:17.870 AM"
"11/16/2024, 11:36:49.171 AM",\ADMINISTRATOR,User,MyLowCostVM,Microsoft-Windows-Security-Auditing,Security,4625,4625 - An account failed to log on.,218.90.122.42,3,3 - Network,\ADMINISTRATOR,ADMINISTRATOR,"11/16/2024, 11:37:17.870 AM"
"11/16/2024, 11:37:03.829 AM",\ADMINISTRATOR,User,MyLowCostVM,Microsoft-Windows-Security-Auditing,Security,4625,4625 - An account failed to log on.,116.228.169.194,3,3 - Network,\ADMINISTRATOR,ADMINISTRATOR,"11/16/2024, 11:37:37.884 AM"
"11/16/2024, 11:37:11.524 AM",\ADMINISTRATOR,User,MyLowCostVM,Microsoft-Windows-Security-Auditing,Security,4625,4625 - An account failed to log on.,120.133.88.0,3,3 - Network,\ADMINISTRATOR,ADMINISTRATOR,"11/16/2024, 11:37:37.884 AM"
"11/16/2024, 11:37:13.459 AM",\ADMINISTRATOR,User,MyLowCostVM,Microsoft-Windows-Security-Auditing,Security,4625,4625 - An account failed to log on.,218.24.151.212,3,3 - Network,\ADMINISTRATOR,ADMINISTRATOR,"11/16/2024, 11:37:37.884 AM"
"11/16/2024, 11:37:35.201 AM",\ADMINISTRATOR,User,MyLowCostVM,Microsoft-Windows-Security-Auditing,Security,4625,4625 - An account failed to log on.,120.133.88.0,3,3 - Network,\ADMINISTRATOR,ADMINISTRATOR,"11/16/2024, 11:37:57.895 AM"
"11/16/2024, 11:37:38.269 AM",\ADMINISTRATOR,User,MyLowCostVM,Microsoft-Windows-Security-Auditing,Security,4625,4625 - An account failed to log on.,36.134.25.206,3,3 - Network,\ADMINISTRATOR,ADMINISTRATOR,"11/16/2024, 11:37:57.895 AM"
"11/16/2024, 11:37:58.872 AM",\ADMINISTRATOR,User,MyLowCostVM,Microsoft-Windows-Security-Auditing,Security,4625,4625 - An account failed to log on.,120.133.88.0,3,3 - Network,\ADMINISTRATOR,ADMINISTRATOR,"11/16/2024, 11:38:17.857 AM"
"11/16/2024, 11:38:22.605 AM",\ADMINISTRATOR,User,MyLowCostVM,Microsoft-Windows-Security-Auditing,Security,4625,4625 - An account failed to log on.,120.133.88.0,3,3 - Network,\ADMINISTRATOR,ADMINISTRATOR,"11/16/2024, 11:38:57.858 AM"
"11/16/2024, 11:38:28.192 AM",\ADMIN,User,MyLowCostVM,Microsoft-Windows-Security-Auditing,Security,4625,4625 - An account failed to log on.,218.24.151.212,3,3 - Network,\ADMIN,ADMIN,"11/16/2024, 11:38:57.858 AM"
"11/16/2024, 11:38:31.060 AM",\ADMINISTRATOR,User,MyLowCostVM,Microsoft-Windows-Security-Auditing,Security,4625,4625 - An account failed to log on.,79.124.56.98,3,3 - Network,\ADMINISTRATOR,ADMINISTRATOR,"11/16/2024, 11:38:57.858 AM"
"11/16/2024, 11:38:41.210 AM",\ADMIN,User,MyLowCostVM,Microsoft-Windows-Security-Auditing,Security,4625,4625 - An account failed to log on.,218.90.122.42,3,3 - Network,\ADMIN,ADMIN,"11/16/2024, 11:39:17.878 AM"
"11/16/2024, 11:38:42.377 AM",\ADMINISTRATOR,User,MyLowCostVM,Microsoft-Windows-Security-Auditing,Security,4625,4625 - An account failed to log on.,36.134.25.206,3,3 - Network,\ADMINISTRATOR,ADMINISTRATOR,"11/16/2024, 11:39:17.878 AM"
"11/16/2024, 11:38:46.186 AM",\ADMINISTRATOR,User,MyLowCostVM,Microsoft-Windows-Security-Auditing,Security,4625,4625 - An account failed to log on.,120.133.88.0,3,3 - Network,\ADMINISTRATOR,ADMINISTRATOR,"11/16/2024, 11:39:17.878 AM"
"11/16/2024, 11:39:09.889 AM",\ADMINISTRATOR,User,MyLowCostVM,Microsoft-Windows-Security-Auditing,Security,4625,4625 - An account failed to log on.,120.133.88.0,3,3 - Network,\ADMINISTRATOR,ADMINISTRATOR,"11/16/2024, 11:39:37.859 AM"
"11/16/2024, 11:39:10.696 AM",\ADMINISTRATOR,User,MyLowCostVM,Microsoft-Windows-Security-Auditing,Security,4625,4625 - An account failed to log on.,186.75.215.94,3,3 - Network,\ADMINISTRATOR,ADMINISTRATOR,"11/16/2024, 11:39:37.859 AM"
"11/16/2024, 11:39:30.861 AM",\ADMINISTRATOR,User,MyLowCostVM,Microsoft-Windows-Security-Auditing,Security,4625,4625 - An account failed to log on.,116.228.169.194,3,3 - Network,\ADMINISTRATOR,ADMINISTRATOR,"11/16/2024, 11:39:57.874 AM"
"11/16/2024, 11:39:33.509 AM",\ADMINISTRATOR,User,MyLowCostVM,Microsoft-Windows-Security-Auditing,Security,4625,4625 - An account failed to log on.,120.133.88.0,3,3 - Network,\ADMINISTRATOR,ADMINISTRATOR,"11/16/2024, 11:39:57.874 AM"
"11/16/2024, 11:39:39.380 AM",\ADMINISTRATOR,User,MyLowCostVM,Microsoft-Windows-Security-Auditing,Security,4625,4625 - An account failed to log on.,218.24.151.212,3,3 - Network,\ADMINISTRATOR,ADMINISTRATOR,"11/16/2024, 11:39:57.874 AM"
"11/16/2024, 11:39:45.675 AM",\ADMINISTRATOR,User,MyLowCostVM,Microsoft-Windows-Security-Auditing,Security,4625,4625 - An account failed to log on.,36.134.25.206,3,3 - Network,\ADMINISTRATOR,ADMINISTRATOR,"11/16/2024, 11:40:17.883 AM"
"11/16/2024, 11:39:57.190 AM",\ADMINISTRATOR,User,MyLowCostVM,Microsoft-Windows-Security-Auditing,Security,4625,4625 - An account failed to log on.,120.133.88.0,3,3 - Network,\ADMINISTRATOR,ADMINISTRATOR,"11/16/2024, 11:40:17.883 AM"
"11/16/2024, 11:40:20.956 AM",\ADMINISTRATOR,User,MyLowCostVM,Microsoft-Windows-Security-Auditing,Security,4625,4625 - An account failed to log on.,120.133.88.0,3,3 - Network,\ADMINISTRATOR,ADMINISTRATOR,"11/16/2024, 11:40:57.872 AM"
"11/16/2024, 11:40:33.186 AM",\TEST,User,MyLowCostVM,Microsoft-Windows-Security-Auditing,Security,4625,4625 - An account failed to log on.,218.90.122.42,3,3 - Network,\TEST,TEST,"11/16/2024, 11:40:57.872 AM"
"11/16/2024, 11:40:44.685 AM",\ADMINISTRATOR,User,MyLowCostVM,Microsoft-Windows-Security-Auditing,Security,4625,4625 - An account failed to log on.,120.133.88.0,3,3 - Network,\ADMINISTRATOR,ADMINISTRATOR,"11/16/2024, 11:41:17.879 AM"
"11/16/2024, 11:40:47.693 AM",\ADMINISTRATOR,User,MyLowCostVM,Microsoft-Windows-Security-Auditing,Security,4625,4625 - An account failed to log on.,36.134.25.206,3,3 - Network,\ADMINISTRATOR,ADMINISTRATOR,"11/16/2024, 11:41:17.879 AM"
"11/16/2024, 11:40:50.832 AM",\ADMIN,User,MyLowCostVM,Microsoft-Windows-Security-Auditing,Security,4625,4625 - An account failed to log on.,218.24.151.212,3,3 - Network,\ADMIN,ADMIN,"11/16/2024, 11:41:17.879 AM"
"11/16/2024, 11:40:59.630 AM",\ADMINISTRATOR,User,MyLowCostVM,Microsoft-Windows-Security-Auditing,Security,4625,4625 - An account failed to log on.,79.124.56.98,3,3 - Network,\ADMINISTRATOR,ADMINISTRATOR,"11/16/2024, 11:41:17.879 AM"
"11/16/2024, 11:41:08.333 AM",\ADMINISTRATOR,User,MyLowCostVM,Microsoft-Windows-Security-Auditing,Security,4625,4625 - An account failed to log on.,120.133.88.0,3,3 - Network,\ADMINISTRATOR,ADMINISTRATOR,"11/16/2024, 11:41:37.869 AM"
"11/16/2024, 11:41:32.069 AM",\ADMINISTRATOR,User,MyLowCostVM,Microsoft-Windows-Security-Auditing,Security,4625,4625 - An account failed to log on.,120.133.88.0,3,3 - Network,\ADMINISTRATOR,ADMINISTRATOR,"11/16/2024, 11:41:57.866 AM"
"11/16/2024, 11:41:48.480 AM",\ADMINISTRATOR,User,MyLowCostVM,Microsoft-Windows-Security-Auditing,Security,4625,4625 - An account failed to log on.,186.75.215.94,3,3 - Network,\ADMINISTRATOR,ADMINISTRATOR,"11/16/2024, 11:42:17.854 AM"
"11/16/2024, 11:41:49.429 AM",\ADMINISTRATOR,User,MyLowCostVM,Microsoft-Windows-Security-Auditing,Security,4625,4625 - An account failed to log on.,36.134.25.206,3,3 - Network,\ADMINISTRATOR,ADMINISTRATOR,"11/16/2024, 11:42:17.854 AM"
"11/16/2024, 11:41:55.782 AM",\ADMINISTRATOR,User,MyLowCostVM,Microsoft-Windows-Security-Auditing,Security,4625,4625 - An account failed to log on.,120.133.88.0,3,3 - Network,\ADMINISTRATOR,ADMINISTRATOR,"11/16/2024, 11:42:17.854 AM"
"11/16/2024, 11:42:00.667 AM",\ADMINISTRATOR,User,MyLowCostVM,Microsoft-Windows-Security-Auditing,Security,4625,4625 - An account failed to log on.,218.24.151.212,3,3 - Network,\ADMINISTRATOR,ADMINISTRATOR,"11/16/2024, 11:42:37.874 AM"
"11/16/2024, 11:42:03.239 AM",\ADMINISTRATOR,User,MyLowCostVM,Microsoft-Windows-Security-Auditing,Security,4625,4625 - An account failed to log on.,116.228.169.194,3,3 - Network,\ADMINISTRATOR,ADMINISTRATOR,"11/16/2024, 11:42:37.874 AM"
"11/16/2024, 11:42:19.487 AM",\ADMINISTRATOR,User,MyLowCostVM,Microsoft-Windows-Security-Auditing,Security,4625,4625 - An account failed to log on.,120.133.88.0,3,3 - Network,\ADMINISTRATOR,ADMINISTRATOR,"11/16/2024, 11:42:37.874 AM"
"11/16/2024, 11:42:34.576 AM",\ROOT,User,MyLowCostVM,Microsoft-Windows-Security-Auditing,Security,4625,4625 - An account failed to log on.,218.90.122.42,3,3 - Network,\ROOT,ROOT,"11/16/2024, 11:42:57.877 AM"
"11/16/2024, 11:42:43.141 AM",\ADMINISTRATOR,User,MyLowCostVM,Microsoft-Windows-Security-Auditing,Security,4625,4625 - An account failed to log on.,120.133.88.0,3,3 - Network,\ADMINISTRATOR,ADMINISTRATOR,"11/16/2024, 11:43:17.876 AM"
"11/16/2024, 11:42:52.571 AM",\ADMINISTRATOR,User,MyLowCostVM,Microsoft-Windows-Security-Auditing,Security,4625,4625 - An account failed to log on.,36.134.25.206,3,3 - Network,\ADMINISTRATOR,ADMINISTRATOR,"11/16/2024, 11:43:17.876 AM"
"11/16/2024, 11:43:06.837 AM",\ADMINISTRATOR,User,MyLowCostVM,Microsoft-Windows-Security-Auditing,Security,4625,4625 - An account failed to log on.,120.133.88.0,3,3 - Network,\ADMINISTRATOR,ADMINISTRATOR,"11/16/2024, 11:43:37.885 AM"
"11/16/2024, 11:43:12.795 AM",\ADMIN,User,MyLowCostVM,Microsoft-Windows-Security-Auditing,Security,4625,4625 - An account failed to log on.,218.24.151.212,3,3 - Network,\ADMIN,ADMIN,"11/16/2024, 11:43:37.885 AM"
"11/16/2024, 11:43:20.524 AM",\ADMINISTRATOR,User,MyLowCostVM,Microsoft-Windows-Security-Auditing,Security,4625,4625 - An account failed to log on.,79.124.56.98,3,3 - Network,\ADMINISTRATOR,ADMINISTRATOR,"11/16/2024, 11:43:57.863 AM"
