"11/16/2024, 6:18:32.228 AM",\ADMINISTRATOR,User,MyLowCostVM,Microsoft-Windows-Security-Auditing,Security,4625,4625 - An account failed to log on.,87.251.75.64,3,3 - Network,\ADMINISTRATOR,ADMINISTRATOR,"11/16/2024, 6:18:57.889 AM"
"11/16/2024, 6:18:41.931 AM",\ADMINISTRATOR,User,MyLowCostVM,Microsoft-Windows-Security-Auditing,Security,4625,4625 - An account failed to log on.,218.90.122.42,3,3 - Network,\ADMINISTRATOR,ADMINISTRATOR,"11/16/2024, 6:19:17.927 AM"
"11/16/2024, 6:18:45.974 AM",\ADMINISTRATOR,User,MyLowCostVM,Microsoft-Windows-Security-Auditing,Security,4625,4625 - An account failed to log on.,120.133.88.0,3,3 - Network,\ADMINISTRATOR,ADMINISTRATOR,"11/16/2024, 6:19:17.927 AM"
"11/16/2024, 6:18:49.010 AM",\ADMINISTRATOR,User,MyLowCostVM,Microsoft-Windows-Security-Auditing,Security,4625,4625 - An account failed to log on.,116.228.169.194,3,3 - Network,\ADMINISTRATOR,ADMINISTRATOR,"11/16/2024, 6:19:17.927 AM"
"11/16/2024, 6:18:49.738 AM",\ADMIN,User,MyLowCostVM,Microsoft-Windows-Security-Auditing,Security,4625,4625 - An account failed to log on.,87.251.75.64,3,3 - Network,\ADMIN,ADMIN,"11/16/2024, 6:19:17.927 AM"
"11/16/2024, 6:19:00.636 AM",\ADMINISTRATOR,User,MyLowCostVM,Microsoft-Windows-Security-Auditing,Security,4625,4625 - An account failed to log on.,186.75.215.94,3,3 - Network,\ADMINISTRATOR,ADMINISTRATOR,"11/16/2024, 6:19:37.924 AM"
"11/16/2024, 6:19:10.182 AM",\ADMINISTRATOR,User,MyLowCostVM,Microsoft-Windows-Security-Auditing,Security,4625,4625 - An account failed to log on.,120.133.88.0,3,3 - Network,\ADMINISTRATOR,ADMINISTRATOR,"11/16/2024, 6:19:37.924 AM"
"11/16/2024, 6:19:11.873 AM",mylowcostvm\mylowcostvm,User,MyLowCostVM,Microsoft-Windows-Security-Auditing,Security,4625,4625 - An account failed to log on.,92.255.57.161,3,3 - Network,mylowcostvm\mylowcostvm,mylowcostvm,"11/16/2024, 6:19:37.924 AM"
"11/16/2024, 6:19:14.201 AM",\mylowcostvm,User,MyLowCostVM,Microsoft-Windows-Security-Auditing,Security,4625,4625 - An account failed to log on.,92.255.57.161,3,3 - Network,\mylowcostvm,mylowcostvm,"11/16/2024, 6:19:37.924 AM"
"11/16/2024, 6:19:16.527 AM",mylowcostvm\mylowcostvm,User,MyLowCostVM,Microsoft-Windows-Security-Auditing,Security,4625,4625 - An account failed to log on.,92.255.57.161,3,3 - Network,mylowcostvm\mylowcostvm,mylowcostvm,"11/16/2024, 6:19:37.924 AM"
"11/16/2024, 6:19:18.876 AM",\mylowcostvm,User,MyLowCostVM,Microsoft-Windows-Security-Auditing,Security,4625,4625 - An account failed to log on.,92.255.57.161,3,3 - Network,\mylowcostvm,mylowcostvm,"11/16/2024, 6:19:37.924 AM"
"11/16/2024, 6:19:21.206 AM",mylowcostvm\mylowcostvm,User,MyLowCostVM,Microsoft-Windows-Security-Auditing,Security,4625,4625 - An account failed to log on.,92.255.57.161,3,3 - Network,mylowcostvm\mylowcostvm,mylowcostvm,"11/16/2024, 6:19:57.909 AM"
"11/16/2024, 6:19:23.534 AM",\mylowcostvm,User,MyLowCostVM,Microsoft-Windows-Security-Auditing,Security,4625,4625 - An account failed to log on.,92.255.57.161,3,3 - Network,\mylowcostvm,mylowcostvm,"11/16/2024, 6:19:57.909 AM"
"11/16/2024, 6:19:25.878 AM",mylowcostvm\mylowcostvm,User,MyLowCostVM,Microsoft-Windows-Security-Auditing,Security,4625,4625 - An account failed to log on.,92.255.57.161,3,3 - Network,mylowcostvm\mylowcostvm,mylowcostvm,"11/16/2024, 6:19:57.909 AM"
"11/16/2024, 6:19:28.230 AM",\mylowcostvm,User,MyLowCostVM,Microsoft-Windows-Security-Auditing,Security,4625,4625 - An account failed to log on.,92.255.57.161,3,3 - Network,\mylowcostvm,mylowcostvm,"11/16/2024, 6:19:57.909 AM"
"11/16/2024, 6:19:28.923 AM",\ADMINISTRATOR,User,MyLowCostVM,Microsoft-Windows-Security-Auditing,Security,4625,4625 - An account failed to log on.,87.251.75.64,3,3 - Network,\ADMINISTRATOR,ADMINISTRATOR,"11/16/2024, 6:19:57.909 AM"
"11/16/2024, 6:19:30.578 AM",mylowcostvm\mylowcostvm,User,MyLowCostVM,Microsoft-Windows-Security-Auditing,Security,4625,4625 - An account failed to log on.,92.255.57.161,3,3 - Network,mylowcostvm\mylowcostvm,mylowcostvm,"11/16/2024, 6:19:57.909 AM"
"11/16/2024, 6:19:32.915 AM",\mylowcostvm,User,MyLowCostVM,Microsoft-Windows-Security-Auditing,Security,4625,4625 - An account failed to log on.,92.255.57.161,3,3 - Network,\mylowcostvm,mylowcostvm,"11/16/2024, 6:19:57.909 AM"
"11/16/2024, 6:19:34.360 AM",\ADMINISTRATOR,User,MyLowCostVM,Microsoft-Windows-Security-Auditing,Security,4625,4625 - An account failed to log on.,120.133.88.0,3,3 - Network,\ADMINISTRATOR,ADMINISTRATOR,"11/16/2024, 6:19:57.909 AM"
"11/16/2024, 6:19:35.079 AM",\ADMIN,User,MyLowCostVM,Microsoft-Windows-Security-Auditing,Security,4625,4625 - An account failed to log on.,218.24.151.212,3,3 - Network,\ADMIN,ADMIN,"11/16/2024, 6:19:57.909 AM"
"11/16/2024, 6:19:35.279 AM",mylowcostvm\mylowcostvm,User,MyLowCostVM,Microsoft-Windows-Security-Auditing,Security,4625,4625 - An account failed to log on.,92.255.57.161,3,3 - Network,mylowcostvm\mylowcostvm,mylowcostvm,"11/16/2024, 6:19:57.909 AM"
"11/16/2024, 6:19:37.630 AM",\mylowcostvm,User,MyLowCostVM,Microsoft-Windows-Security-Auditing,Security,4625,4625 - An account failed to log on.,92.255.57.161,3,3 - Network,\mylowcostvm,mylowcostvm,"11/16/2024, 6:19:57.909 AM"
"11/16/2024, 6:19:39.957 AM",mylowcostvm\mylowcostvm,User,MyLowCostVM,Microsoft-Windows-Security-Auditing,Security,4625,4625 - An account failed to log on.,92.255.57.161,3,3 - Network,mylowcostvm\mylowcostvm,mylowcostvm,"11/16/2024, 6:19:57.909 AM"
"11/16/2024, 6:19:41.653 AM",\ADMINISTRATOR,User,MyLowCostVM,Microsoft-Windows-Security-Auditing,Security,4625,4625 - An account failed to log on.,87.251.75.64,3,3 - Network,\ADMINISTRATOR,ADMINISTRATOR,"11/16/2024, 6:20:17.891 AM"
"11/16/2024, 6:19:42.401 AM",\mylowcostvm,User,MyLowCostVM,Microsoft-Windows-Security-Auditing,Security,4625,4625 - An account failed to log on.,92.255.57.161,3,3 - Network,\mylowcostvm,mylowcostvm,"11/16/2024, 6:20:17.891 AM"
"11/16/2024, 6:19:44.739 AM",mylowcostvm\mylowcostvm,User,MyLowCostVM,Microsoft-Windows-Security-Auditing,Security,4625,4625 - An account failed to log on.,92.255.57.161,3,3 - Network,mylowcostvm\mylowcostvm,mylowcostvm,"11/16/2024, 6:20:17.891 AM"
"11/16/2024, 6:19:47.093 AM",\mylowcostvm,User,MyLowCostVM,Microsoft-Windows-Security-Auditing,Security,4625,4625 - An account failed to log on.,92.255.57.161,3,3 - Network,\mylowcostvm,mylowcostvm,"11/16/2024, 6:20:17.891 AM"
"11/16/2024, 6:19:49.452 AM",mylowcostvm\mylowcostvm,User,MyLowCostVM,Microsoft-Windows-Security-Auditing,Security,4625,4625 - An account failed to log on.,92.255.57.161,3,3 - Network,mylowcostvm\mylowcostvm,mylowcostvm,"11/16/2024, 6:20:17.891 AM"
"11/16/2024, 6:19:51.781 AM",\mylowcostvm,User,MyLowCostVM,Microsoft-Windows-Security-Auditing,Security,4625,4625 - An account failed to log on.,92.255.57.161,3,3 - Network,\mylowcostvm,mylowcostvm,"11/16/2024, 6:20:17.891 AM"
"11/16/2024, 6:19:54.113 AM",mylowcostvm\mylowcostvm,User,MyLowCostVM,Microsoft-Windows-Security-Auditing,Security,4625,4625 - An account failed to log on.,92.255.57.161,3,3 - Network,mylowcostvm\mylowcostvm,mylowcostvm,"11/16/2024, 6:20:17.891 AM"
"11/16/2024, 6:19:56.447 AM",\mylowcostvm,User,MyLowCostVM,Microsoft-Windows-Security-Auditing,Security,4625,4625 - An account failed to log on.,92.255.57.161,3,3 - Network,\mylowcostvm,mylowcostvm,"11/16/2024, 6:20:17.891 AM"
"11/16/2024, 6:19:58.521 AM",\ADMINISTRATOR,User,MyLowCostVM,Microsoft-Windows-Security-Auditing,Security,4625,4625 - An account failed to log on.,120.133.88.0,3,3 - Network,\ADMINISTRATOR,ADMINISTRATOR,"11/16/2024, 6:20:17.891 AM"
"11/16/2024, 6:19:58.926 AM",mylowcostvm\mylowcostvm,User,MyLowCostVM,Microsoft-Windows-Security-Auditing,Security,4625,4625 - An account failed to log on.,92.255.57.161,3,3 - Network,mylowcostvm\mylowcostvm,mylowcostvm,"11/16/2024, 6:20:17.891 AM"
"11/16/2024, 6:20:01.250 AM",\mylowcostvm,User,MyLowCostVM,Microsoft-Windows-Security-Auditing,Security,4625,4625 - An account failed to log on.,92.255.57.161,3,3 - Network,\mylowcostvm,mylowcostvm,"11/16/2024, 6:20:37.903 AM"
"11/16/2024, 6:20:03.600 AM",mylowcostvm\mylowcostvm,User,MyLowCostVM,Microsoft-Windows-Security-Auditing,Security,4625,4625 - An account failed to log on.,92.255.57.161,3,3 - Network,mylowcostvm\mylowcostvm,mylowcostvm,"11/16/2024, 6:20:37.903 AM"
"11/16/2024, 6:20:05.953 AM",\mylowcostvm,User,MyLowCostVM,Microsoft-Windows-Security-Auditing,Security,4625,4625 - An account failed to log on.,92.255.57.161,3,3 - Network,\mylowcostvm,mylowcostvm,"11/16/2024, 6:20:37.903 AM"
"11/16/2024, 6:20:15.820 AM",\ADMINISTRATOR,User,MyLowCostVM,Microsoft-Windows-Security-Auditing,Security,4625,4625 - An account failed to log on.,87.251.75.64,3,3 - Network,\ADMINISTRATOR,ADMINISTRATOR,"11/16/2024, 6:20:37.903 AM"
"11/16/2024, 6:20:22.776 AM",\ADMINISTRATOR,User,MyLowCostVM,Microsoft-Windows-Security-Auditing,Security,4625,4625 - An account failed to log on.,120.133.88.0,3,3 - Network,\ADMINISTRATOR,ADMINISTRATOR,"11/16/2024, 6:20:57.932 AM"
"11/16/2024, 6:20:33.442 AM",\ADMIN,User,MyLowCostVM,Microsoft-Windows-Security-Auditing,Security,4625,4625 - An account failed to log on.,87.251.75.64,3,3 - Network,\ADMIN,ADMIN,"11/16/2024, 6:20:57.932 AM"
"11/16/2024, 6:20:46.632 AM",\ADMIN,User,MyLowCostVM,Microsoft-Windows-Security-Auditing,Security,4625,4625 - An account failed to log on.,218.90.122.42,3,3 - Network,\ADMIN,ADMIN,"11/16/2024, 6:21:17.923 AM"
"11/16/2024, 6:20:46.946 AM",\ADMINISTRATOR,User,MyLowCostVM,Microsoft-Windows-Security-Auditing,Security,4625,4625 - An account failed to log on.,120.133.88.0,3,3 - Network,\ADMINISTRATOR,ADMINISTRATOR,"11/16/2024, 6:21:17.923 AM"
"11/16/2024, 6:20:51.161 AM",\ADMINISTRATOR,User,MyLowCostVM,Microsoft-Windows-Security-Auditing,Security,4625,4625 - An account failed to log on.,218.24.151.212,3,3 - Network,\ADMINISTRATOR,ADMINISTRATOR,"11/16/2024, 6:21:17.923 AM"
"11/16/2024, 6:21:10.076 AM",\ADMINISTRATOR,User,MyLowCostVM,Microsoft-Windows-Security-Auditing,Security,4625,4625 - An account failed to log on.,87.251.75.64,3,3 - Network,\ADMINISTRATOR,ADMINISTRATOR,"11/16/2024, 6:21:37.890 AM"
"11/16/2024, 6:21:11.244 AM",\ADMINISTRATOR,User,MyLowCostVM,Microsoft-Windows-Security-Auditing,Security,4625,4625 - An account failed to log on.,120.133.88.0,3,3 - Network,\ADMINISTRATOR,ADMINISTRATOR,"11/16/2024, 6:21:37.890 AM"
"11/16/2024, 6:21:18.604 AM",\ADMINISTRATOR,User,MyLowCostVM,Microsoft-Windows-Security-Auditing,Security,4625,4625 - An account failed to log on.,116.228.169.194,3,3 - Network,\ADMINISTRATOR,ADMINISTRATOR,"11/16/2024, 6:21:37.890 AM"
"11/16/2024, 6:21:19.309 AM",\ADMINISTRATOR,User,MyLowCostVM,Microsoft-Windows-Security-Auditing,Security,4625,4625 - An account failed to log on.,87.251.75.64,3,3 - Network,\ADMINISTRATOR,ADMINISTRATOR,"11/16/2024, 6:21:37.890 AM"
"11/16/2024, 6:21:35.484 AM",\ADMINISTRATOR,User,MyLowCostVM,Microsoft-Windows-Security-Auditing,Security,4625,4625 - An account failed to log on.,120.133.88.0,3,3 - Network,\ADMINISTRATOR,ADMINISTRATOR,"11/16/2024, 6:21:57.918 AM"
"11/16/2024, 6:21:59.723 AM",\ADMINISTRATOR,User,MyLowCostVM,Microsoft-Windows-Security-Auditing,Security,4625,4625 - An account failed to log on.,120.133.88.0,3,3 - Network,\ADMINISTRATOR,ADMINISTRATOR,"11/16/2024, 6:22:17.886 AM"
"11/16/2024, 6:21:59.959 AM",\ADMINISTRATOR,User,MyLowCostVM,Microsoft-Windows-Security-Auditing,Security,4625,4625 - An account failed to log on.,186.75.215.94,3,3 - Network,\ADMINISTRATOR,ADMINISTRATOR,"11/16/2024, 6:22:17.886 AM"
"11/16/2024, 6:22:07.875 AM",\ADMIN,User,MyLowCostVM,Microsoft-Windows-Security-Auditing,Security,4625,4625 - An account failed to log on.,218.24.151.212,3,3 - Network,\ADMIN,ADMIN,"11/16/2024, 6:22:37.913 AM"
"11/16/2024, 6:22:14.739 AM",\ADMINISTRATOR,User,MyLowCostVM,Microsoft-Windows-Security-Auditing,Security,4625,4625 - An account failed to log on.,87.251.75.64,3,3 - Network,\ADMINISTRATOR,ADMINISTRATOR,"11/16/2024, 6:22:37.913 AM"
"11/16/2024, 6:22:18.124 AM",\ADMIN,User,MyLowCostVM,Microsoft-Windows-Security-Auditing,Security,4625,4625 - An account failed to log on.,87.251.75.64,3,3 - Network,\ADMIN,ADMIN,"11/16/2024, 6:22:37.913 AM"
"11/16/2024, 6:22:23.926 AM",\ADMINISTRATOR,User,MyLowCostVM,Microsoft-Windows-Security-Auditing,Security,4625,4625 - An account failed to log on.,120.133.88.0,3,3 - Network,\ADMINISTRATOR,ADMINISTRATOR,"11/16/2024, 6:22:57.901 AM"
"11/16/2024, 6:22:48.099 AM",\ADMINISTRATOR,User,MyLowCostVM,Microsoft-Windows-Security-Auditing,Security,4625,4625 - An account failed to log on.,120.133.88.0,3,3 - Network,\ADMINISTRATOR,ADMINISTRATOR,"11/16/2024, 6:23:17.892 AM"
"11/16/2024, 6:23:02.593 AM",\TEST,User,MyLowCostVM,Microsoft-Windows-Security-Auditing,Security,4625,4625 - An account failed to log on.,218.90.122.42,3,3 - Network,\TEST,TEST,"11/16/2024, 6:23:37.912 AM"
"11/16/2024, 6:23:05.442 AM",\ADMINISTRATOR,User,MyLowCostVM,Microsoft-Windows-Security-Auditing,Security,4625,4625 - An account failed to log on.,87.251.75.64,3,3 - Network,\ADMINISTRATOR,ADMINISTRATOR,"11/16/2024, 6:23:37.912 AM"
"11/16/2024, 6:23:06.210 AM",\ADMINISTRATOR,User,MyLowCostVM,Microsoft-Windows-Security-Auditing,Security,4625,4625 - An account failed to log on.,87.251.75.64,3,3 - Network,\ADMINISTRATOR,ADMINISTRATOR,"11/16/2024, 6:23:37.912 AM"
"11/16/2024, 6:23:12.338 AM",\ADMINISTRATOR,User,MyLowCostVM,Microsoft-Windows-Security-Auditing,Security,4625,4625 - An account failed to log on.,120.133.88.0,3,3 - Network,\ADMINISTRATOR,ADMINISTRATOR,"11/16/2024, 6:23:37.912 AM"
"11/16/2024, 6:23:25.390 AM",\ADMINISTRATOR,User,MyLowCostVM,Microsoft-Windows-Security-Auditing,Security,4625,4625 - An account failed to log on.,218.24.151.212,3,3 - Network,\ADMINISTRATOR,ADMINISTRATOR,"11/16/2024, 6:23:57.915 AM"
"11/16/2024, 6:23:36.484 AM",\ADMINISTRATOR,User,MyLowCostVM,Microsoft-Windows-Security-Auditing,Security,4625,4625 - An account failed to log on.,120.133.88.0,3,3 - Network,\ADMINISTRATOR,ADMINISTRATOR,"11/16/2024, 6:23:57.915 AM"
"11/16/2024, 6:23:54.886 AM",\ADMINISTRATOR,User,MyLowCostVM,Microsoft-Windows-Security-Auditing,Security,4625,4625 - An account failed to log on.,87.251.75.64,3,3 - Network,\ADMINISTRATOR,ADMINISTRATOR,"11/16/2024, 6:24:17.916 AM"
"11/16/2024, 6:23:55.137 AM",\ADMINISTRATOR,User,MyLowCostVM,Microsoft-Windows-Security-Auditing,Security,4625,4625 - An account failed to log on.,116.228.169.194,3,3 - Network,\ADMINISTRATOR,ADMINISTRATOR,"11/16/2024, 6:24:17.916 AM"
"11/16/2024, 6:23:55.531 AM",\ADMIN,User,MyLowCostVM,Microsoft-Windows-Security-Auditing,Security,4625,4625 - An account failed to log on.,87.251.75.64,3,3 - Network,\ADMIN,ADMIN,"11/16/2024, 6:24:17.916 AM"
"11/16/2024, 6:24:00.644 AM",\ADMINISTRATOR,User,MyLowCostVM,Microsoft-Windows-Security-Auditing,Security,4625,4625 - An account failed to log on.,120.133.88.0,3,3 - Network,\ADMINISTRATOR,ADMINISTRATOR,"11/16/2024, 6:24:37.912 AM"
"11/16/2024, 6:24:24.763 AM",\ADMINISTRATOR,User,MyLowCostVM,Microsoft-Windows-Security-Auditing,Security,4625,4625 - An account failed to log on.,120.133.88.0,3,3 - Network,\ADMINISTRATOR,ADMINISTRATOR,"11/16/2024, 6:24:57.870 AM"
"11/16/2024, 6:24:45.127 AM",\ADMIN,User,MyLowCostVM,Microsoft-Windows-Security-Auditing,Security,4625,4625 - An account failed to log on.,218.24.151.212,3,3 - Network,\ADMIN,ADMIN,"11/16/2024, 6:25:17.921 AM"
"11/16/2024, 6:24:48.920 AM",\ADMINISTRATOR,User,MyLowCostVM,Microsoft-Windows-Security-Auditing,Security,4625,4625 - An account failed to log on.,120.133.88.0,3,3 - Network,\ADMINISTRATOR,ADMINISTRATOR,"11/16/2024, 6:25:17.921 AM"
"11/16/2024, 6:24:52.390 AM",\ADMINISTRATOR,User,MyLowCostVM,Microsoft-Windows-Security-Auditing,Security,4625,4625 - An account failed to log on.,87.251.75.64,3,3 - Network,\ADMINISTRATOR,ADMINISTRATOR,"11/16/2024, 6:25:17.921 AM"
"11/16/2024, 6:24:55.385 AM",\ADMINISTRATOR,User,MyLowCostVM,Microsoft-Windows-Security-Auditing,Security,4625,4625 - An account failed to log on.,87.251.75.64,3,3 - Network,\ADMINISTRATOR,ADMINISTRATOR,"11/16/2024, 6:25:17.921 AM"
"11/16/2024, 6:25:06.437 AM",\ADMINISTRATOR,User,MyLowCostVM,Microsoft-Windows-Security-Auditing,Security,4625,4625 - An account failed to log on.,186.75.215.94,3,3 - Network,\ADMINISTRATOR,ADMINISTRATOR,"11/16/2024, 6:25:37.910 AM"
"11/16/2024, 6:25:13.091 AM",\ADMINISTRATOR,User,MyLowCostVM,Microsoft-Windows-Security-Auditing,Security,4625,4625 - An account failed to log on.,120.133.88.0,3,3 - Network,\ADMINISTRATOR,ADMINISTRATOR,"11/16/2024, 6:25:37.910 AM"
"11/16/2024, 6:25:21.685 AM",\ROOT,User,MyLowCostVM,Microsoft-Windows-Security-Auditing,Security,4625,4625 - An account failed to log on.,218.90.122.42,3,3 - Network,\ROOT,ROOT,"11/16/2024, 6:25:57.918 AM"
"11/16/2024, 6:25:33.043 AM",\ADMIN,User,MyLowCostVM,Microsoft-Windows-Security-Auditing,Security,4625,4625 - An account failed to log on.,87.251.75.64,3,3 - Network,\ADMIN,ADMIN,"11/16/2024, 6:25:57.918 AM"
"11/16/2024, 6:25:37.262 AM",\ADMINISTRATOR,User,MyLowCostVM,Microsoft-Windows-Security-Auditing,Security,4625,4625 - An account failed to log on.,120.133.88.0,3,3 - Network,\ADMINISTRATOR,ADMINISTRATOR,"11/16/2024, 6:25:57.918 AM"
"11/16/2024, 6:25:46.814 AM",\ADMINISTRATOR,User,MyLowCostVM,Microsoft-Windows-Security-Auditing,Security,4625,4625 - An account failed to log on.,87.251.75.64,3,3 - Network,\ADMINISTRATOR,ADMINISTRATOR,"11/16/2024, 6:26:17.913 AM"
"11/16/2024, 6:26:00.816 AM",\ADMINISTRATOR,User,MyLowCostVM,Microsoft-Windows-Security-Auditing,Security,4625,4625 - An account failed to log on.,218.24.151.212,3,3 - Network,\ADMINISTRATOR,ADMINISTRATOR,"11/16/2024, 6:26:37.910 AM"
"11/16/2024, 6:26:01.524 AM",\ADMINISTRATOR,User,MyLowCostVM,Microsoft-Windows-Security-Auditing,Security,4625,4625 - An account failed to log on.,120.133.88.0,3,3 - Network,\ADMINISTRATOR,ADMINISTRATOR,"11/16/2024, 6:26:37.910 AM"
"11/16/2024, 6:26:25.782 AM",\ADMINISTRATOR,User,MyLowCostVM,Microsoft-Windows-Security-Auditing,Security,4625,4625 - An account failed to log on.,120.133.88.0,3,3 - Network,\ADMINISTRATOR,ADMINISTRATOR,"11/16/2024, 6:26:57.856 AM"
"11/16/2024, 6:26:28.119 AM",\ADMINISTRATOR,User,MyLowCostVM,Microsoft-Windows-Security-Auditing,Security,4625,4625 - An account failed to log on.,116.228.169.194,3,3 - Network,\ADMINISTRATOR,ADMINISTRATOR,"11/16/2024, 6:26:57.856 AM"
"11/16/2024, 6:26:32.422 AM",\ADMINISTRATOR,User,MyLowCostVM,Microsoft-Windows-Security-Auditing,Security,4625,4625 - An account failed to log on.,87.251.75.64,3,3 - Network,\ADMINISTRATOR,ADMINISTRATOR,"11/16/2024, 6:26:57.856 AM"
"11/16/2024, 6:26:39.957 AM",\ADMINISTRATOR,User,MyLowCostVM,Microsoft-Windows-Security-Auditing,Security,4625,4625 - An account failed to log on.,87.251.75.64,3,3 - Network,\ADMINISTRATOR,ADMINISTRATOR,"11/16/2024, 6:26:57.856 AM"
"11/16/2024, 6:26:49.974 AM",\ADMINISTRATOR,User,MyLowCostVM,Microsoft-Windows-Security-Auditing,Security,4625,4625 - An account failed to log on.,120.133.88.0,3,3 - Network,\ADMINISTRATOR,ADMINISTRATOR,"11/16/2024, 6:27:17.913 AM"
"11/16/2024, 6:27:14.142 AM",\ADMINISTRATOR,User,MyLowCostVM,Microsoft-Windows-Security-Auditing,Security,4625,4625 - An account failed to log on.,120.133.88.0,3,3 - Network,\ADMINISTRATOR,ADMINISTRATOR,"11/16/2024, 6:27:37.900 AM"
"11/16/2024, 6:27:21.895 AM",\ADMIN,User,MyLowCostVM,Microsoft-Windows-Security-Auditing,Security,4625,4625 - An account failed to log on.,218.24.151.212,3,3 - Network,\ADMIN,ADMIN,"11/16/2024, 6:27:57.924 AM"
"11/16/2024, 6:27:27.210 AM",\ADMINISTRATOR,User,MyLowCostVM,Microsoft-Windows-Security-Auditing,Security,4625,4625 - An account failed to log on.,79.124.56.98,3,3 - Network,\ADMINISTRATOR,ADMINISTRATOR,"11/16/2024, 6:27:57.924 AM"
"11/16/2024, 6:27:38.237 AM",\ADMINISTRATOR,User,MyLowCostVM,Microsoft-Windows-Security-Auditing,Security,4625,4625 - An account failed to log on.,120.133.88.0,3,3 - Network,\ADMINISTRATOR,ADMINISTRATOR,"11/16/2024, 6:27:57.924 AM"
"11/16/2024, 6:27:40.268 AM",\DELL,User,MyLowCostVM,Microsoft-Windows-Security-Auditing,Security,4625,4625 - An account failed to log on.,218.90.122.42,3,3 - Network,\DELL,DELL,"11/16/2024, 6:28:17.905 AM"
"11/16/2024, 6:27:58.210 AM",\ADMINISTRATOR,User,MyLowCostVM,Microsoft-Windows-Security-Auditing,Security,4625,4625 - An account failed to log on.,87.251.75.64,3,3 - Network,\ADMINISTRATOR,ADMINISTRATOR,"11/16/2024, 6:28:17.905 AM"
"11/16/2024, 6:28:02.420 AM",\ADMINISTRATOR,User,MyLowCostVM,Microsoft-Windows-Security-Auditing,Security,4625,4625 - An account failed to log on.,120.133.88.0,3,3 - Network,\ADMINISTRATOR,ADMINISTRATOR,"11/16/2024, 6:28:37.902 AM"
"11/16/2024, 6:28:12.297 AM",\ADMINISTRATOR,User,MyLowCostVM,Microsoft-Windows-Security-Auditing,Security,4625,4625 - An account failed to log on.,186.75.215.94,3,3 - Network,\ADMINISTRATOR,ADMINISTRATOR,"11/16/2024, 6:28:37.902 AM"
"11/16/2024, 6:28:26.627 AM",\ADMINISTRATOR,User,MyLowCostVM,Microsoft-Windows-Security-Auditing,Security,4625,4625 - An account failed to log on.,120.133.88.0,3,3 - Network,\ADMINISTRATOR,ADMINISTRATOR,"11/16/2024, 6:28:57.964 AM"
"11/16/2024, 6:28:41.753 AM",\ADMINISTRATOR,User,MyLowCostVM,Microsoft-Windows-Security-Auditing,Security,4625,4625 - An account failed to log on.,218.24.151.212,3,3 - Network,\ADMINISTRATOR,ADMINISTRATOR,"11/16/2024, 6:29:17.934 AM"
"11/16/2024, 6:28:50.870 AM",\ADMINISTRATOR,User,MyLowCostVM,Microsoft-Windows-Security-Auditing,Security,4625,4625 - An account failed to log on.,120.133.88.0,3,3 - Network,\ADMINISTRATOR,ADMINISTRATOR,"11/16/2024, 6:29:17.934 AM"
"11/16/2024, 6:29:04.069 AM",\ADMINISTRATOR,User,MyLowCostVM,Microsoft-Windows-Security-Auditing,Security,4625,4625 - An account failed to log on.,116.228.169.194,3,3 - Network,\ADMINISTRATOR,ADMINISTRATOR,"11/16/2024, 6:29:37.922 AM"
"11/16/2024, 6:29:13.643 AM",\ADMINISTRATOR,User,MyLowCostVM,Microsoft-Windows-Security-Auditing,Security,4625,4625 - An account failed to log on.,79.124.56.98,3,3 - Network,\ADMINISTRATOR,ADMINISTRATOR,"11/16/2024, 6:29:37.922 AM"
"11/16/2024, 6:29:15.144 AM",\ADMINISTRATOR,User,MyLowCostVM,Microsoft-Windows-Security-Auditing,Security,4625,4625 - An account failed to log on.,120.133.88.0,3,3 - Network,\ADMINISTRATOR,ADMINISTRATOR,"11/16/2024, 6:29:37.922 AM"
"11/16/2024, 6:29:39.370 AM",\ADMINISTRATOR,User,MyLowCostVM,Microsoft-Windows-Security-Auditing,Security,4625,4625 - An account failed to log on.,120.133.88.0,3,3 - Network,\ADMINISTRATOR,ADMINISTRATOR,"11/16/2024, 6:29:57.905 AM"
"11/16/2024, 6:29:50.409 AM",\ADMINISTRATOR,User,MyLowCostVM,Microsoft-Windows-Security-Auditing,Security,4625,4625 - An account failed to log on.,87.251.75.64,3,3 - Network,\ADMINISTRATOR,ADMINISTRATOR,"11/16/2024, 6:30:17.913 AM"
"11/16/2024, 6:29:55.222 AM",\USER,User,MyLowCostVM,Microsoft-Windows-Security-Auditing,Security,4625,4625 - An account failed to log on.,218.90.122.42,3,3 - Network,\USER,USER,"11/16/2024, 6:30:17.913 AM"
"11/16/2024, 6:30:00.242 AM",\ADMIN,User,MyLowCostVM,Microsoft-Windows-Security-Auditing,Security,4625,4625 - An account failed to log on.,218.24.151.212,3,3 - Network,\ADMIN,ADMIN,"11/16/2024, 6:30:37.894 AM"
"11/16/2024, 6:30:03.610 AM",\ADMINISTRATOR,User,MyLowCostVM,Microsoft-Windows-Security-Auditing,Security,4625,4625 - An account failed to log on.,120.133.88.0,3,3 - Network,\ADMINISTRATOR,ADMINISTRATOR,"11/16/2024, 6:30:37.894 AM"
"11/16/2024, 6:30:27.883 AM",\ADMINISTRATOR,User,MyLowCostVM,Microsoft-Windows-Security-Auditing,Security,4625,4625 - An account failed to log on.,120.133.88.0,3,3 - Network,\ADMINISTRATOR,ADMINISTRATOR,"11/16/2024, 6:30:57.902 AM"
"11/16/2024, 6:30:31.425 AM",\ADMINISTRATOR,User,MyLowCostVM,Microsoft-Windows-Security-Auditing,Security,4625,4625 - An account failed to log on.,87.251.75.64,3,3 - Network,\ADMINISTRATOR,ADMINISTRATOR,"11/16/2024, 6:30:57.902 AM"
"11/16/2024, 6:30:52.057 AM",\ADMINISTRATOR,User,MyLowCostVM,Microsoft-Windows-Security-Auditing,Security,4625,4625 - An account failed to log on.,120.133.88.0,3,3 - Network,\ADMINISTRATOR,ADMINISTRATOR,"11/16/2024, 6:31:17.887 AM"
"11/16/2024, 6:31:13.480 AM",\ADMINISTRATOR,User,MyLowCostVM,Microsoft-Windows-Security-Auditing,Security,4625,4625 - An account failed to log on.,79.124.56.98,3,3 - Network,\ADMINISTRATOR,ADMINISTRATOR,"11/16/2024, 6:31:37.903 AM"
"11/16/2024, 6:31:16.274 AM",\ADMINISTRATOR,User,MyLowCostVM,Microsoft-Windows-Security-Auditing,Security,4625,4625 - An account failed to log on.,186.75.215.94,3,3 - Network,\ADMINISTRATOR,ADMINISTRATOR,"11/16/2024, 6:31:37.903 AM"
"11/16/2024, 6:31:16.390 AM",\ADMINISTRATOR,User,MyLowCostVM,Microsoft-Windows-Security-Auditing,Security,4625,4625 - An account failed to log on.,120.133.88.0,3,3 - Network,\ADMINISTRATOR,ADMINISTRATOR,"11/16/2024, 6:31:37.903 AM"
"11/16/2024, 6:31:18.132 AM",\ADMINISTRATOR,User,MyLowCostVM,Microsoft-Windows-Security-Auditing,Security,4625,4625 - An account failed to log on.,218.24.151.212,3,3 - Network,\ADMINISTRATOR,ADMINISTRATOR,"11/16/2024, 6:31:37.903 AM"
"11/16/2024, 6:31:25.215 AM",\ADMINISTRATOR,User,MyLowCostVM,Microsoft-Windows-Security-Auditing,Security,4625,4625 - An account failed to log on.,87.251.75.64,3,3 - Network,\ADMINISTRATOR,ADMINISTRATOR,"11/16/2024, 6:31:57.902 AM"
"11/16/2024, 6:31:39.550 AM",\ADMINISTRATOR,User,MyLowCostVM,Microsoft-Windows-Security-Auditing,Security,4625,4625 - An account failed to log on.,116.228.169.194,3,3 - Network,\ADMINISTRATOR,ADMINISTRATOR,"11/16/2024, 6:31:57.902 AM"
"11/16/2024, 6:31:40.637 AM",\ADMINISTRATOR,User,MyLowCostVM,Microsoft-Windows-Security-Auditing,Security,4625,4625 - An account failed to log on.,120.133.88.0,3,3 - Network,\ADMINISTRATOR,ADMINISTRATOR,"11/16/2024, 6:32:17.896 AM"
"11/16/2024, 6:32:04.835 AM",\ADMINISTRATOR,User,MyLowCostVM,Microsoft-Windows-Security-Auditing,Security,4625,4625 - An account failed to log on.,120.133.88.0,3,3 - Network,\ADMINISTRATOR,ADMINISTRATOR,"11/16/2024, 6:32:37.906 AM"
"11/16/2024, 6:32:12.787 AM",\PC,User,MyLowCostVM,Microsoft-Windows-Security-Auditing,Security,4625,4625 - An account failed to log on.,218.90.122.42,3,3 - Network,\PC,PC,"11/16/2024, 6:32:37.906 AM"
"11/16/2024, 6:32:29.096 AM",\ADMINISTRATOR,User,MyLowCostVM,Microsoft-Windows-Security-Auditing,Security,4625,4625 - An account failed to log on.,120.133.88.0,3,3 - Network,\ADMINISTRATOR,ADMINISTRATOR,"11/16/2024, 6:32:57.881 AM"
"11/16/2024, 6:32:30.664 AM",\ADMINISTRATOR,User,MyLowCostVM,Microsoft-Windows-Security-Auditing,Security,4625,4625 - An account failed to log on.,87.251.75.64,3,3 - Network,\ADMINISTRATOR,ADMINISTRATOR,"11/16/2024, 6:32:57.881 AM"
"11/16/2024, 6:32:34.917 AM",\ADMIN,User,MyLowCostVM,Microsoft-Windows-Security-Auditing,Security,4625,4625 - An account failed to log on.,218.24.151.212,3,3 - Network,\ADMIN,ADMIN,"11/16/2024, 6:32:57.881 AM"
"11/16/2024, 6:32:53.312 AM",\ADMINISTRATOR,User,MyLowCostVM,Microsoft-Windows-Security-Auditing,Security,4625,4625 - An account failed to log on.,120.133.88.0,3,3 - Network,\ADMINISTRATOR,ADMINISTRATOR,"11/16/2024, 6:33:17.900 AM"
"11/16/2024, 6:33:02.371 AM",\ADMINISTRATOR,User,MyLowCostVM,Microsoft-Windows-Security-Auditing,Security,4625,4625 - An account failed to log on.,79.124.56.98,3,3 - Network,\ADMINISTRATOR,ADMINISTRATOR,"11/16/2024, 6:33:37.907 AM"
"11/16/2024, 6:33:07.748 AM",\ADMINISTRATOR,User,MyLowCostVM,Microsoft-Windows-Security-Auditing,Security,4625,4625 - An account failed to log on.,87.251.75.64,3,3 - Network,\ADMINISTRATOR,ADMINISTRATOR,"11/16/2024, 6:33:37.907 AM"
"11/16/2024, 6:33:17.459 AM",\ADMINISTRATOR,User,MyLowCostVM,Microsoft-Windows-Security-Auditing,Security,4625,4625 - An account failed to log on.,120.133.88.0,3,3 - Network,\ADMINISTRATOR,ADMINISTRATOR,"11/16/2024, 6:33:37.907 AM"
"11/16/2024, 6:33:41.616 AM",\ADMINISTRATOR,User,MyLowCostVM,Microsoft-Windows-Security-Auditing,Security,4625,4625 - An account failed to log on.,120.133.88.0,3,3 - Network,\ADMINISTRATOR,ADMINISTRATOR,"11/16/2024, 6:34:17.912 AM"
"11/16/2024, 6:33:45.240 AM",\ADMINISTRATOR,User,MyLowCostVM,Microsoft-Windows-Security-Auditing,Security,4625,4625 - An account failed to log on.,87.251.75.64,3,3 - Network,\ADMINISTRATOR,ADMINISTRATOR,"11/16/2024, 6:34:17.912 AM"
"11/16/2024, 6:33:52.808 AM",\ADMINISTRATOR,User,MyLowCostVM,Microsoft-Windows-Security-Auditing,Security,4625,4625 - An account failed to log on.,218.24.151.212,3,3 - Network,\ADMINISTRATOR,ADMINISTRATOR,"11/16/2024, 6:34:17.912 AM"
"11/16/2024, 6:34:05.715 AM",\ADMINISTRATOR,User,MyLowCostVM,Microsoft-Windows-Security-Auditing,Security,4625,4625 - An account failed to log on.,120.133.88.0,3,3 - Network,\ADMINISTRATOR,ADMINISTRATOR,"11/16/2024, 6:34:37.901 AM"
"11/16/2024, 6:34:15.082 AM",\ADMINISTRATOR,User,MyLowCostVM,Microsoft-Windows-Security-Auditing,Security,4625,4625 - An account failed to log on.,116.228.169.194,3,3 - Network,\ADMINISTRATOR,ADMINISTRATOR,"11/16/2024, 6:34:37.901 AM"
"11/16/2024, 6:34:22.334 AM",\ADMINISTRATOR,User,MyLowCostVM,Microsoft-Windows-Security-Auditing,Security,4625,4625 - An account failed to log on.,87.251.75.64,3,3 - Network,\ADMINISTRATOR,ADMINISTRATOR,"11/16/2024, 6:34:57.924 AM"
"11/16/2024, 6:34:22.530 AM",\ADMINISTRATOR,User,MyLowCostVM,Microsoft-Windows-Security-Auditing,Security,4625,4625 - An account failed to log on.,186.75.215.94,3,3 - Network,\ADMINISTRATOR,ADMINISTRATOR,"11/16/2024, 6:34:57.924 AM"
"11/16/2024, 6:34:28.098 AM",\ADMINISTRATOR,User,MyLowCostVM,Microsoft-Windows-Security-Auditing,Security,4625,4625 - An account failed to log on.,218.90.122.42,3,3 - Network,\ADMINISTRATOR,ADMINISTRATOR,"11/16/2024, 6:34:57.924 AM"
"11/16/2024, 6:34:29.841 AM",\ADMINISTRATOR,User,MyLowCostVM,Microsoft-Windows-Security-Auditing,Security,4625,4625 - An account failed to log on.,120.133.88.0,3,3 - Network,\ADMINISTRATOR,ADMINISTRATOR,"11/16/2024, 6:34:57.924 AM"
"11/16/2024, 6:34:50.893 AM",\ADMINISTRATOR,User,MyLowCostVM,Microsoft-Windows-Security-Auditing,Security,4625,4625 - An account failed to log on.,79.124.56.98,3,3 - Network,\ADMINISTRATOR,ADMINISTRATOR,"11/16/2024, 6:35:17.933 AM"
"11/16/2024, 6:34:53.943 AM",\ADMINISTRATOR,User,MyLowCostVM,Microsoft-Windows-Security-Auditing,Security,4625,4625 - An account failed to log on.,120.133.88.0,3,3 - Network,\ADMINISTRATOR,ADMINISTRATOR,"11/16/2024, 6:35:17.933 AM"
"11/16/2024, 6:35:07.608 AM",\ADMIN,User,MyLowCostVM,Microsoft-Windows-Security-Auditing,Security,4625,4625 - An account failed to log on.,218.24.151.212,3,3 - Network,\ADMIN,ADMIN,"11/16/2024, 6:35:37.928 AM"
"11/16/2024, 6:35:09.864 AM",\ADMINISTRATOR,User,MyLowCostVM,Microsoft-Windows-Security-Auditing,Security,4625,4625 - An account failed to log on.,87.251.75.64,3,3 - Network,\ADMINISTRATOR,ADMINISTRATOR,"11/16/2024, 6:35:37.928 AM"
"11/16/2024, 6:35:18.097 AM",\ADMINISTRATOR,User,MyLowCostVM,Microsoft-Windows-Security-Auditing,Security,4625,4625 - An account failed to log on.,120.133.88.0,3,3 - Network,\ADMINISTRATOR,ADMINISTRATOR,"11/16/2024, 6:35:37.928 AM"
"11/16/2024, 6:35:42.235 AM",\ADMINISTRATOR,User,MyLowCostVM,Microsoft-Windows-Security-Auditing,Security,4625,4625 - An account failed to log on.,120.133.88.0,3,3 - Network,\ADMINISTRATOR,ADMINISTRATOR,"11/16/2024, 6:36:17.900 AM"
"11/16/2024, 6:35:47.967 AM",\ADMINISTRATOR,User,MyLowCostVM,Microsoft-Windows-Security-Auditing,Security,4625,4625 - An account failed to log on.,87.251.75.64,3,3 - Network,\ADMINISTRATOR,ADMINISTRATOR,"11/16/2024, 6:36:17.900 AM"
"11/16/2024, 6:36:06.339 AM",\ADMINISTRATOR,User,MyLowCostVM,Microsoft-Windows-Security-Auditing,Security,4625,4625 - An account failed to log on.,120.133.88.0,3,3 - Network,\ADMINISTRATOR,ADMINISTRATOR,"11/16/2024, 6:36:37.895 AM"
"11/16/2024, 6:36:26.595 AM",\ADMINISTRATOR,User,MyLowCostVM,Microsoft-Windows-Security-Auditing,Security,4625,4625 - An account failed to log on.,218.24.151.212,3,3 - Network,\ADMINISTRATOR,ADMINISTRATOR,"11/16/2024, 6:36:57.908 AM"
"11/16/2024, 6:36:30.530 AM",\ADMINISTRATOR,User,MyLowCostVM,Microsoft-Windows-Security-Auditing,Security,4625,4625 - An account failed to log on.,120.133.88.0,3,3 - Network,\ADMINISTRATOR,ADMINISTRATOR,"11/16/2024, 6:36:57.908 AM"
"11/16/2024, 6:36:40.292 AM",\ADMINISTRATOR,User,MyLowCostVM,Microsoft-Windows-Security-Auditing,Security,4625,4625 - An account failed to log on.,87.251.75.64,3,3 - Network,\ADMINISTRATOR,ADMINISTRATOR,"11/16/2024, 6:37:17.917 AM"
"11/16/2024, 6:36:40.875 AM",\ADMIN,User,MyLowCostVM,Microsoft-Windows-Security-Auditing,Security,4625,4625 - An account failed to log on.,218.90.122.42,3,3 - Network,\ADMIN,ADMIN,"11/16/2024, 6:37:17.917 AM"
"11/16/2024, 6:36:51.233 AM",\ADMINISTRATOR,User,MyLowCostVM,Microsoft-Windows-Security-Auditing,Security,4625,4625 - An account failed to log on.,79.124.56.98,3,3 - Network,\ADMINISTRATOR,ADMINISTRATOR,"11/16/2024, 6:37:17.917 AM"
"11/16/2024, 6:36:54.419 AM",\ADMINISTRATOR,User,MyLowCostVM,Microsoft-Windows-Security-Auditing,Security,4625,4625 - An account failed to log on.,116.228.169.194,3,3 - Network,\ADMINISTRATOR,ADMINISTRATOR,"11/16/2024, 6:37:17.917 AM"
"11/16/2024, 6:36:54.591 AM",\ADMINISTRATOR,User,MyLowCostVM,Microsoft-Windows-Security-Auditing,Security,4625,4625 - An account failed to log on.,120.133.88.0,3,3 - Network,\ADMINISTRATOR,ADMINISTRATOR,"11/16/2024, 6:37:17.917 AM"
"11/16/2024, 6:37:11.107 AM",\ADMINISTRATOR,User,MyLowCostVM,Microsoft-Windows-Security-Auditing,Security,4625,4625 - An account failed to log on.,87.251.75.64,3,3 - Network,\ADMINISTRATOR,ADMINISTRATOR,"11/16/2024, 6:37:37.906 AM"
"11/16/2024, 6:37:18.681 AM",\ADMINISTRATOR,User,MyLowCostVM,Microsoft-Windows-Security-Auditing,Security,4625,4625 - An account failed to log on.,120.133.88.0,3,3 - Network,\ADMINISTRATOR,ADMINISTRATOR,"11/16/2024, 6:37:37.906 AM"
"11/16/2024, 6:37:28.390 AM",\ADMINISTRATOR,User,MyLowCostVM,Microsoft-Windows-Security-Auditing,Security,4625,4625 - An account failed to log on.,186.75.215.94,3,3 - Network,\ADMINISTRATOR,ADMINISTRATOR,"11/16/2024, 6:37:57.845 AM"
"11/16/2024, 6:37:42.854 AM",\ADMINISTRATOR,User,MyLowCostVM,Microsoft-Windows-Security-Auditing,Security,4625,4625 - An account failed to log on.,120.133.88.0,3,3 - Network,\ADMINISTRATOR,ADMINISTRATOR,"11/16/2024, 6:38:17.906 AM"
"11/16/2024, 6:37:45.528 AM",\ADMIN,User,MyLowCostVM,Microsoft-Windows-Security-Auditing,Security,4625,4625 - An account failed to log on.,218.24.151.212,3,3 - Network,\ADMIN,ADMIN,"11/16/2024, 6:38:17.906 AM"
"11/16/2024, 6:38:00.912 AM",\ADMINISTRATOR,User,MyLowCostVM,Microsoft-Windows-Security-Auditing,Security,4625,4625 - An account failed to log on.,87.251.75.64,3,3 - Network,\ADMINISTRATOR,ADMINISTRATOR,"11/16/2024, 6:38:37.892 AM"
"11/16/2024, 6:38:06.961 AM",\ADMINISTRATOR,User,MyLowCostVM,Microsoft-Windows-Security-Auditing,Security,4625,4625 - An account failed to log on.,120.133.88.0,3,3 - Network,\ADMINISTRATOR,ADMINISTRATOR,"11/16/2024, 6:38:37.892 AM"
"11/16/2024, 6:38:31.072 AM",\ADMINISTRATOR,User,MyLowCostVM,Microsoft-Windows-Security-Auditing,Security,4625,4625 - An account failed to log on.,120.133.88.0,3,3 - Network,\ADMINISTRATOR,ADMINISTRATOR,"11/16/2024, 6:38:57.911 AM"
"11/16/2024, 6:38:37.885 AM",\ADMINISTRATOR,User,MyLowCostVM,Microsoft-Windows-Security-Auditing,Security,4625,4625 - An account failed to log on.,87.251.75.64,3,3 - Network,\ADMINISTRATOR,ADMINISTRATOR,"11/16/2024, 6:38:57.911 AM"
"11/16/2024, 6:38:51.774 AM",\ADMINISTRATOR,User,MyLowCostVM,Microsoft-Windows-Security-Auditing,Security,4625,4625 - An account failed to log on.,79.124.56.98,3,3 - Network,\ADMINISTRATOR,ADMINISTRATOR,"11/16/2024, 6:39:17.930 AM"
"11/16/2024, 6:38:55.204 AM",\ADMINISTRATOR,User,MyLowCostVM,Microsoft-Windows-Security-Auditing,Security,4625,4625 - An account failed to log on.,120.133.88.0,3,3 - Network,\ADMINISTRATOR,ADMINISTRATOR,"11/16/2024, 6:39:17.930 AM"
"11/16/2024, 6:38:56.772 AM",\TEST,User,MyLowCostVM,Microsoft-Windows-Security-Auditing,Security,4625,4625 - An account failed to log on.,218.90.122.42,3,3 - Network,\TEST,TEST,"11/16/2024, 6:39:17.930 AM"
"11/16/2024, 6:39:03.163 AM",\ADMINISTRATOR,User,MyLowCostVM,Microsoft-Windows-Security-Auditing,Security,4625,4625 - An account failed to log on.,218.24.151.212,3,3 - Network,\ADMINISTRATOR,ADMINISTRATOR,"11/16/2024, 6:39:37.916 AM"
"11/16/2024, 6:39:19.287 AM",\ADMINISTRATOR,User,MyLowCostVM,Microsoft-Windows-Security-Auditing,Security,4625,4625 - An account failed to log on.,120.133.88.0,3,3 - Network,\ADMINISTRATOR,ADMINISTRATOR,"11/16/2024, 6:39:37.916 AM"
"11/16/2024, 6:39:30.505 AM",\ADMINISTRATOR,User,MyLowCostVM,Microsoft-Windows-Security-Auditing,Security,4625,4625 - An account failed to log on.,87.251.75.64,3,3 - Network,\ADMINISTRATOR,ADMINISTRATOR,"11/16/2024, 6:39:57.899 AM"
"11/16/2024, 6:39:33.432 AM",\ADMINISTRATOR,User,MyLowCostVM,Microsoft-Windows-Security-Auditing,Security,4625,4625 - An account failed to log on.,116.228.169.194,3,3 - Network,\ADMINISTRATOR,ADMINISTRATOR,"11/16/2024, 6:39:57.899 AM"
"11/16/2024, 6:39:43.435 AM",\ADMINISTRATOR,User,MyLowCostVM,Microsoft-Windows-Security-Auditing,Security,4625,4625 - An account failed to log on.,120.133.88.0,3,3 - Network,\ADMINISTRATOR,ADMINISTRATOR,"11/16/2024, 6:40:17.912 AM"
"11/16/2024, 6:40:07.526 AM",\ADMINISTRATOR,User,MyLowCostVM,Microsoft-Windows-Security-Auditing,Security,4625,4625 - An account failed to log on.,120.133.88.0,3,3 - Network,\ADMINISTRATOR,ADMINISTRATOR,"11/16/2024, 6:40:37.901 AM"
"11/16/2024, 6:40:21.182 AM",\ADMIN,User,MyLowCostVM,Microsoft-Windows-Security-Auditing,Security,4625,4625 - An account failed to log on.,218.24.151.212,3,3 - Network,\ADMIN,ADMIN,"11/16/2024, 6:40:57.914 AM"
"11/16/2024, 6:40:23.915 AM",\ADMINISTRATOR,User,MyLowCostVM,Microsoft-Windows-Security-Auditing,Security,4625,4625 - An account failed to log on.,87.251.75.64,3,3 - Network,\ADMINISTRATOR,ADMINISTRATOR,"11/16/2024, 6:40:57.914 AM"
"11/16/2024, 6:40:31.662 AM",\ADMINISTRATOR,User,MyLowCostVM,Microsoft-Windows-Security-Auditing,Security,4625,4625 - An account failed to log on.,120.133.88.0,3,3 - Network,\ADMINISTRATOR,ADMINISTRATOR,"11/16/2024, 6:40:57.914 AM"
"11/16/2024, 6:40:32.543 AM",\ADMINISTRATOR,User,MyLowCostVM,Microsoft-Windows-Security-Auditing,Security,4625,4625 - An account failed to log on.,186.75.215.94,3,3 - Network,\ADMINISTRATOR,ADMINISTRATOR,"11/16/2024, 6:40:57.914 AM"
"11/16/2024, 6:40:55.841 AM",\ADMINISTRATOR,User,MyLowCostVM,Microsoft-Windows-Security-Auditing,Security,4625,4625 - An account failed to log on.,120.133.88.0,3,3 - Network,\ADMINISTRATOR,ADMINISTRATOR,"11/16/2024, 6:41:17.940 AM"
"11/16/2024, 6:40:59.444 AM",\ADMINISTRATOR,User,MyLowCostVM,Microsoft-Windows-Security-Auditing,Security,4625,4625 - An account failed to log on.,79.124.56.98,3,3 - Network,\ADMINISTRATOR,ADMINISTRATOR,"11/16/2024, 6:41:17.940 AM"
"11/16/2024, 6:41:01.282 AM",\ADMINISTRATOR,User,MyLowCostVM,Microsoft-Windows-Security-Auditing,Security,4625,4625 - An account failed to log on.,87.251.75.64,3,3 - Network,\ADMINISTRATOR,ADMINISTRATOR,"11/16/2024, 6:41:37.913 AM"
"11/16/2024, 6:41:10.065 AM",\ROOT,User,MyLowCostVM,Microsoft-Windows-Security-Auditing,Security,4625,4625 - An account failed to log on.,218.90.122.42,3,3 - Network,\ROOT,ROOT,"11/16/2024, 6:41:37.913 AM"
"11/16/2024, 6:41:19.886 AM",\ADMINISTRATOR,User,MyLowCostVM,Microsoft-Windows-Security-Auditing,Security,4625,4625 - An account failed to log on.,120.133.88.0,3,3 - Network,\ADMINISTRATOR,ADMINISTRATOR,"11/16/2024, 6:41:37.913 AM"
"11/16/2024, 6:41:33.490 AM",\ADMINISTRATOR,User,MyLowCostVM,Microsoft-Windows-Security-Auditing,Security,4625,4625 - An account failed to log on.,87.251.75.64,3,3 - Network,\ADMINISTRATOR,ADMINISTRATOR,"11/16/2024, 6:41:57.892 AM"
"11/16/2024, 6:41:38.301 AM",\ADMINISTRATOR,User,MyLowCostVM,Microsoft-Windows-Security-Auditing,Security,4625,4625 - An account failed to log on.,218.24.151.212,3,3 - Network,\ADMINISTRATOR,ADMINISTRATOR,"11/16/2024, 6:41:57.892 AM"
"11/16/2024, 6:41:44.009 AM",\ADMINISTRATOR,User,MyLowCostVM,Microsoft-Windows-Security-Auditing,Security,4625,4625 - An account failed to log on.,120.133.88.0,3,3 - Network,\ADMINISTRATOR,ADMINISTRATOR,"11/16/2024, 6:42:17.887 AM"
"11/16/2024, 6:42:05.261 AM",\ADMINISTRATOR,User,MyLowCostVM,Microsoft-Windows-Security-Auditing,Security,4625,4625 - An account failed to log on.,116.228.169.194,3,3 - Network,\ADMINISTRATOR,ADMINISTRATOR,"11/16/2024, 6:42:37.928 AM"
"11/16/2024, 6:42:08.232 AM",\ADMINISTRATOR,User,MyLowCostVM,Microsoft-Windows-Security-Auditing,Security,4625,4625 - An account failed to log on.,120.133.88.0,3,3 - Network,\ADMINISTRATOR,ADMINISTRATOR,"11/16/2024, 6:42:37.928 AM"
"11/16/2024, 6:42:20.740 AM",\ADMINISTRATOR,User,MyLowCostVM,Microsoft-Windows-Security-Auditing,Security,4625,4625 - An account failed to log on.,87.251.75.64,3,3 - Network,\ADMINISTRATOR,ADMINISTRATOR,"11/16/2024, 6:42:57.897 AM"
"11/16/2024, 6:42:32.297 AM",\ADMINISTRATOR,User,MyLowCostVM,Microsoft-Windows-Security-Auditing,Security,4625,4625 - An account failed to log on.,120.133.88.0,3,3 - Network,\ADMINISTRATOR,ADMINISTRATOR,"11/16/2024, 6:42:57.897 AM"
"11/16/2024, 6:42:54.991 AM",\ADMIN,User,MyLowCostVM,Microsoft-Windows-Security-Auditing,Security,4625,4625 - An account failed to log on.,218.24.151.212,3,3 - Network,\ADMIN,ADMIN,"11/16/2024, 6:43:17.899 AM"
"11/16/2024, 6:42:56.350 AM",\ADMINISTRATOR,User,MyLowCostVM,Microsoft-Windows-Security-Auditing,Security,4625,4625 - An account failed to log on.,120.133.88.0,3,3 - Network,\ADMINISTRATOR,ADMINISTRATOR,"11/16/2024, 6:43:17.899 AM"
"11/16/2024, 6:42:57.003 AM",\ADMINISTRATOR,User,MyLowCostVM,Microsoft-Windows-Security-Auditing,Security,4625,4625 - An account failed to log on.,87.251.75.64,3,3 - Network,\ADMINISTRATOR,ADMINISTRATOR,"11/16/2024, 6:43:17.899 AM"
"11/16/2024, 6:43:08.134 AM",\ADMINISTRATOR,User,MyLowCostVM,Microsoft-Windows-Security-Auditing,Security,4625,4625 - An account failed to log on.,79.124.56.98,3,3 - Network,\ADMINISTRATOR,ADMINISTRATOR,"11/16/2024, 6:43:37.912 AM"
"11/16/2024, 6:43:20.444 AM",\ADMINISTRATOR,User,MyLowCostVM,Microsoft-Windows-Security-Auditing,Security,4625,4625 - An account failed to log on.,120.133.88.0,3,3 - Network,\ADMINISTRATOR,ADMINISTRATOR,"11/16/2024, 6:43:57.926 AM"
"11/16/2024, 6:43:27.778 AM",\DELL,User,MyLowCostVM,Microsoft-Windows-Security-Auditing,Security,4625,4625 - An account failed to log on.,218.90.122.42,3,3 - Network,\DELL,DELL,"11/16/2024, 6:43:57.926 AM"
"11/16/2024, 6:43:38.760 AM",\ADMINISTRATOR,User,MyLowCostVM,Microsoft-Windows-Security-Auditing,Security,4625,4625 - An account failed to log on.,186.75.215.94,3,3 - Network,\ADMINISTRATOR,ADMINISTRATOR,"11/16/2024, 6:43:57.926 AM"
"11/16/2024, 6:43:44.544 AM",\ADMINISTRATOR,User,MyLowCostVM,Microsoft-Windows-Security-Auditing,Security,4625,4625 - An account failed to log on.,120.133.88.0,3,3 - Network,\ADMINISTRATOR,ADMINISTRATOR,"11/16/2024, 6:44:17.898 AM"
"11/16/2024, 6:43:45.206 AM",\ADMINISTRATOR,User,MyLowCostVM,Microsoft-Windows-Security-Auditing,Security,4625,4625 - An account failed to log on.,87.251.75.64,3,3 - Network,\ADMINISTRATOR,ADMINISTRATOR,"11/16/2024, 6:44:17.898 AM"
"11/16/2024, 6:44:08.616 AM",\ADMINISTRATOR,User,MyLowCostVM,Microsoft-Windows-Security-Auditing,Security,4625,4625 - An account failed to log on.,120.133.88.0,3,3 - Network,\ADMINISTRATOR,ADMINISTRATOR,"11/16/2024, 6:44:37.923 AM"
"11/16/2024, 6:44:10.580 AM",\ADMINISTRATOR,User,MyLowCostVM,Microsoft-Windows-Security-Auditing,Security,4625,4625 - An account failed to log on.,218.24.151.212,3,3 - Network,\ADMINISTRATOR,ADMINISTRATOR,"11/16/2024, 6:44:37.923 AM"
"11/16/2024, 6:44:20.258 AM",\ADMINISTRATOR,User,MyLowCostVM,Microsoft-Windows-Security-Auditing,Security,4625,4625 - An account failed to log on.,87.251.75.64,3,3 - Network,\ADMINISTRATOR,ADMINISTRATOR,"11/16/2024, 6:44:57.861 AM"
"11/16/2024, 6:44:32.730 AM",\ADMINISTRATOR,User,MyLowCostVM,Microsoft-Windows-Security-Auditing,Security,4625,4625 - An account failed to log on.,120.133.88.0,3,3 - Network,\ADMINISTRATOR,ADMINISTRATOR,"11/16/2024, 6:44:57.861 AM"
"11/16/2024, 6:44:37.677 AM",\ADMINISTRATOR,User,MyLowCostVM,Microsoft-Windows-Security-Auditing,Security,4625,4625 - An account failed to log on.,116.228.169.194,3,3 - Network,\ADMINISTRATOR,ADMINISTRATOR,"11/16/2024, 6:44:57.861 AM"
"11/16/2024, 6:44:56.808 AM",\ADMINISTRATOR,User,MyLowCostVM,Microsoft-Windows-Security-Auditing,Security,4625,4625 - An account failed to log on.,120.133.88.0,3,3 - Network,\ADMINISTRATOR,ADMINISTRATOR,"11/16/2024, 6:45:17.886 AM"
"11/16/2024, 6:45:07.030 AM",\ADMINISTRATOR,User,MyLowCostVM,Microsoft-Windows-Security-Auditing,Security,4625,4625 - An account failed to log on.,87.251.75.64,3,3 - Network,\ADMINISTRATOR,ADMINISTRATOR,"11/16/2024, 6:45:37.878 AM"
"11/16/2024, 6:45:20.980 AM",\ADMINISTRATOR,User,MyLowCostVM,Microsoft-Windows-Security-Auditing,Security,4625,4625 - An account failed to log on.,120.133.88.0,3,3 - Network,\ADMINISTRATOR,ADMINISTRATOR,"11/16/2024, 6:45:57.910 AM"
"11/16/2024, 6:45:23.532 AM",\ADMINISTRATOR,User,MyLowCostVM,Microsoft-Windows-Security-Auditing,Security,4625,4625 - An account failed to log on.,79.124.56.98,3,3 - Network,\ADMINISTRATOR,ADMINISTRATOR,"11/16/2024, 6:45:57.910 AM"
"11/16/2024, 6:45:26.271 AM",\ADMIN,User,MyLowCostVM,Microsoft-Windows-Security-Auditing,Security,4625,4625 - An account failed to log on.,218.24.151.212,3,3 - Network,\ADMIN,ADMIN,"11/16/2024, 6:45:57.910 AM"
"11/16/2024, 6:45:44.985 AM",\ADMINISTRATOR,User,MyLowCostVM,Microsoft-Windows-Security-Auditing,Security,4625,4625 - An account failed to log on.,120.133.88.0,3,3 - Network,\ADMINISTRATOR,ADMINISTRATOR,"11/16/2024, 6:46:17.897 AM"
"11/16/2024, 6:45:48.723 AM",\ADMINISTRATOR,User,MyLowCostVM,Microsoft-Windows-Security-Auditing,Security,4625,4625 - An account failed to log on.,87.251.75.64,3,3 - Network,\ADMINISTRATOR,ADMINISTRATOR,"11/16/2024, 6:46:17.897 AM"
"11/16/2024, 6:45:55.568 AM",\USER,User,MyLowCostVM,Microsoft-Windows-Security-Auditing,Security,4625,4625 - An account failed to log on.,218.90.122.42,3,3 - Network,\USER,USER,"11/16/2024, 6:46:17.897 AM"
"11/16/2024, 6:46:09.046 AM",\ADMINISTRATOR,User,MyLowCostVM,Microsoft-Windows-Security-Auditing,Security,4625,4625 - An account failed to log on.,120.133.88.0,3,3 - Network,\ADMINISTRATOR,ADMINISTRATOR,"11/16/2024, 6:46:37.915 AM"
"11/16/2024, 6:46:33.171 AM",\ADMINISTRATOR,User,MyLowCostVM,Microsoft-Windows-Security-Auditing,Security,4625,4625 - An account failed to log on.,120.133.88.0,3,3 - Network,\ADMINISTRATOR,ADMINISTRATOR,"11/16/2024, 6:46:57.904 AM"
"11/16/2024, 6:46:38.382 AM",\ADMINISTRATOR,User,MyLowCostVM,Microsoft-Windows-Security-Auditing,Security,4625,4625 - An account failed to log on.,87.251.75.64,3,3 - Network,\ADMINISTRATOR,ADMINISTRATOR,"11/16/2024, 6:46:57.904 AM"
"11/16/2024, 6:46:42.776 AM",\ADMINISTRATOR,User,MyLowCostVM,Microsoft-Windows-Security-Auditing,Security,4625,4625 - An account failed to log on.,218.24.151.212,3,3 - Network,\ADMINISTRATOR,ADMINISTRATOR,"11/16/2024, 6:47:17.931 AM"
"11/16/2024, 6:46:44.236 AM",\ADMINISTRATOR,User,MyLowCostVM,Microsoft-Windows-Security-Auditing,Security,4625,4625 - An account failed to log on.,186.75.215.94,3,3 - Network,\ADMINISTRATOR,ADMINISTRATOR,"11/16/2024, 6:47:17.931 AM"
"11/16/2024, 6:46:57.287 AM",\ADMINISTRATOR,User,MyLowCostVM,Microsoft-Windows-Security-Auditing,Security,4625,4625 - An account failed to log on.,120.133.88.0,3,3 - Network,\ADMINISTRATOR,ADMINISTRATOR,"11/16/2024, 6:47:17.931 AM"
"11/16/2024, 6:47:13.262 AM",\ADMINISTRATOR,User,MyLowCostVM,Microsoft-Windows-Security-Auditing,Security,4625,4625 - An account failed to log on.,116.228.169.194,3,3 - Network,\ADMINISTRATOR,ADMINISTRATOR,"11/16/2024, 6:47:37.906 AM"
"11/16/2024, 6:47:19.271 AM",\ADMINISTRATOR,User,MyLowCostVM,Microsoft-Windows-Security-Auditing,Security,4625,4625 - An account failed to log on.,87.251.75.64,3,3 - Network,\ADMINISTRATOR,ADMINISTRATOR,"11/16/2024, 6:47:37.906 AM"
"11/16/2024, 6:47:21.413 AM",\ADMINISTRATOR,User,MyLowCostVM,Microsoft-Windows-Security-Auditing,Security,4625,4625 - An account failed to log on.,120.133.88.0,3,3 - Network,\ADMINISTRATOR,ADMINISTRATOR,"11/16/2024, 6:47:57.921 AM"
"11/16/2024, 6:47:45.554 AM",\ADMINISTRATOR,User,MyLowCostVM,Microsoft-Windows-Security-Auditing,Security,4625,4625 - An account failed to log on.,120.133.88.0,3,3 - Network,\ADMINISTRATOR,ADMINISTRATOR,"11/16/2024, 6:48:17.907 AM"
"11/16/2024, 6:47:56.276 AM",\PC,User,MyLowCostVM,Microsoft-Windows-Security-Auditing,Security,4625,4625 - An account failed to log on.,218.90.122.42,3,3 - Network,\PC,PC,"11/16/2024, 6:48:17.907 AM"
"11/16/2024, 6:47:58.162 AM",\ADMIN,User,MyLowCostVM,Microsoft-Windows-Security-Auditing,Security,4625,4625 - An account failed to log on.,218.24.151.212,3,3 - Network,\ADMIN,ADMIN,"11/16/2024, 6:48:17.907 AM"
"11/16/2024, 6:48:04.267 AM",\ADMINISTRATOR,User,MyLowCostVM,Microsoft-Windows-Security-Auditing,Security,4625,4625 - An account failed to log on.,87.251.75.64,3,3 - Network,\ADMINISTRATOR,ADMINISTRATOR,"11/16/2024, 6:48:37.925 AM"
"11/16/2024, 6:48:05.093 AM",\ADMINISTRATOR,User,MyLowCostVM,Microsoft-Windows-Security-Auditing,Security,4625,4625 - An account failed to log on.,79.124.56.98,3,3 - Network,\ADMINISTRATOR,ADMINISTRATOR,"11/16/2024, 6:48:37.925 AM"
"11/16/2024, 6:48:09.628 AM",\ADMINISTRATOR,User,MyLowCostVM,Microsoft-Windows-Security-Auditing,Security,4625,4625 - An account failed to log on.,120.133.88.0,3,3 - Network,\ADMINISTRATOR,ADMINISTRATOR,"11/16/2024, 6:48:37.925 AM"
"11/16/2024, 6:48:33.685 AM",\ADMINISTRATOR,User,MyLowCostVM,Microsoft-Windows-Security-Auditing,Security,4625,4625 - An account failed to log on.,120.133.88.0,3,3 - Network,\ADMINISTRATOR,ADMINISTRATOR,"11/16/2024, 6:48:57.891 AM"
