"11/15/2024, 5:04:45.746 PM",\ADMINISTRATOR,User,MyLowCostVM,Microsoft-Windows-Security-Auditing,Security,4625,4625 - An account failed to log on.,120.133.88.0,3,3 - Network,\ADMINISTRATOR,ADMINISTRATOR,"11/15/2024, 5:05:17.998 PM"
"11/15/2024, 5:04:46.597 PM",\scanner,User,MyLowCostVM,Microsoft-Windows-Security-Auditing,Security,4625,4625 - An account failed to log on.,94.232.42.99,3,3 - Network,\scanner,scanner,"11/15/2024, 5:05:17.998 PM"
"11/15/2024, 5:04:47.367 PM",\server,User,MyLowCostVM,Microsoft-Windows-Security-Auditing,Security,4625,4625 - An account failed to log on.,94.232.42.99,3,3 - Network,\server,server,"11/15/2024, 5:05:17.998 PM"
"11/15/2024, 5:04:49.306 PM",\prueba,User,MyLowCostVM,Microsoft-Windows-Security-Auditing,Security,4625,4625 - An account failed to log on.,94.232.42.99,3,3 - Network,\prueba,prueba,"11/15/2024, 5:05:17.998 PM"
"11/15/2024, 5:04:49.660 PM",\admin,User,MyLowCostVM,Microsoft-Windows-Security-Auditing,Security,4625,4625 - An account failed to log on.,94.232.42.99,3,3 - Network,\admin,admin,"11/15/2024, 5:05:17.998 PM"
"11/15/2024, 5:04:49.977 PM",\HP,User,MyLowCostVM,Microsoft-Windows-Security-Auditing,Security,4625,4625 - An account failed to log on.,94.232.42.99,3,3 - Network,\HP,HP,"11/15/2024, 5:05:17.998 PM"
"11/15/2024, 5:04:50.557 PM",\scan,User,MyLowCostVM,Microsoft-Windows-Security-Auditing,Security,4625,4625 - An account failed to log on.,94.232.42.99,3,3 - Network,\scan,scan,"11/15/2024, 5:05:17.998 PM"
"11/15/2024, 5:04:51.621 PM",\scanner,User,MyLowCostVM,Microsoft-Windows-Security-Auditing,Security,4625,4625 - An account failed to log on.,94.232.42.99,3,3 - Network,\scanner,scanner,"11/15/2024, 5:05:17.998 PM"
"11/15/2024, 5:04:52.293 PM",\pos,User,MyLowCostVM,Microsoft-Windows-Security-Auditing,Security,4625,4625 - An account failed to log on.,94.232.42.99,3,3 - Network,\pos,pos,"11/15/2024, 5:05:17.998 PM"
"11/15/2024, 5:04:52.513 PM",\admin,User,MyLowCostVM,Microsoft-Windows-Security-Auditing,Security,4625,4625 - An account failed to log on.,94.232.42.99,3,3 - Network,\admin,admin,"11/15/2024, 5:05:17.998 PM"
"11/15/2024, 5:04:52.872 PM",\server,User,MyLowCostVM,Microsoft-Windows-Security-Auditing,Security,4625,4625 - An account failed to log on.,94.232.42.99,3,3 - Network,\server,server,"11/15/2024, 5:05:17.998 PM"
"11/15/2024, 5:04:53.953 PM",\escaner,User,MyLowCostVM,Microsoft-Windows-Security-Auditing,Security,4625,4625 - An account failed to log on.,94.232.42.99,3,3 - Network,\escaner,escaner,"11/15/2024, 5:05:17.998 PM"
"11/15/2024, 5:04:54.847 PM",\usuario,User,MyLowCostVM,Microsoft-Windows-Security-Auditing,Security,4625,4625 - An account failed to log on.,94.232.42.99,3,3 - Network,\usuario,usuario,"11/15/2024, 5:05:17.998 PM"
"11/15/2024, 5:04:55.126 PM",\pos,User,MyLowCostVM,Microsoft-Windows-Security-Auditing,Security,4625,4625 - An account failed to log on.,94.232.42.99,3,3 - Network,\pos,pos,"11/15/2024, 5:05:17.998 PM"
"11/15/2024, 5:04:55.197 PM",\test,User,MyLowCostVM,Microsoft-Windows-Security-Auditing,Security,4625,4625 - An account failed to log on.,94.232.42.99,3,3 - Network,\test,test,"11/15/2024, 5:05:17.998 PM"
"11/15/2024, 5:04:57.160 PM",\temp,User,MyLowCostVM,Microsoft-Windows-Security-Auditing,Security,4625,4625 - An account failed to log on.,94.232.42.99,3,3 - Network,\temp,temp,"11/15/2024, 5:05:17.998 PM"
"11/15/2024, 5:04:57.275 PM",\student,User,MyLowCostVM,Microsoft-Windows-Security-Auditing,Security,4625,4625 - An account failed to log on.,94.232.42.99,3,3 - Network,\student,student,"11/15/2024, 5:05:17.998 PM"
"11/15/2024, 5:04:57.435 PM",\Dell,User,MyLowCostVM,Microsoft-Windows-Security-Auditing,Security,4625,4625 - An account failed to log on.,94.232.42.99,3,3 - Network,\Dell,Dell,"11/15/2024, 5:05:17.998 PM"
"11/15/2024, 5:04:57.518 PM",\test,User,MyLowCostVM,Microsoft-Windows-Security-Auditing,Security,4625,4625 - An account failed to log on.,94.232.42.99,3,3 - Network,\test,test,"11/15/2024, 5:05:17.998 PM"
"11/15/2024, 5:04:59.486 PM",\temp,User,MyLowCostVM,Microsoft-Windows-Security-Auditing,Security,4625,4625 - An account failed to log on.,94.232.42.99,3,3 - Network,\temp,temp,"11/15/2024, 5:05:17.998 PM"
"11/15/2024, 5:04:59.604 PM",\prueba,User,MyLowCostVM,Microsoft-Windows-Security-Auditing,Security,4625,4625 - An account failed to log on.,94.232.42.99,3,3 - Network,\prueba,prueba,"11/15/2024, 5:05:17.998 PM"
"11/15/2024, 5:04:59.751 PM",\HP,User,MyLowCostVM,Microsoft-Windows-Security-Auditing,Security,4625,4625 - An account failed to log on.,94.232.42.99,3,3 - Network,\HP,HP,"11/15/2024, 5:05:17.998 PM"
"11/15/2024, 5:04:59.831 PM",\server,User,MyLowCostVM,Microsoft-Windows-Security-Auditing,Security,4625,4625 - An account failed to log on.,94.232.42.99,3,3 - Network,\server,server,"11/15/2024, 5:05:17.998 PM"
"11/15/2024, 5:05:01.809 PM",\user,User,MyLowCostVM,Microsoft-Windows-Security-Auditing,Security,4625,4625 - An account failed to log on.,94.232.42.99,3,3 - Network,\user,user,"11/15/2024, 5:05:38.008 PM"
"11/15/2024, 5:05:02.075 PM",\HP,User,MyLowCostVM,Microsoft-Windows-Security-Auditing,Security,4625,4625 - An account failed to log on.,94.232.42.99,3,3 - Network,\HP,HP,"11/15/2024, 5:05:38.008 PM"
"11/15/2024, 5:05:02.152 PM",\test,User,MyLowCostVM,Microsoft-Windows-Security-Auditing,Security,4625,4625 - An account failed to log on.,94.232.42.99,3,3 - Network,\test,test,"11/15/2024, 5:05:38.008 PM"
"11/15/2024, 5:05:02.452 PM",\prueba,User,MyLowCostVM,Microsoft-Windows-Security-Auditing,Security,4625,4625 - An account failed to log on.,94.232.42.99,3,3 - Network,\prueba,prueba,"11/15/2024, 5:05:38.008 PM"
"11/15/2024, 5:05:04.388 PM",\Asus,User,MyLowCostVM,Microsoft-Windows-Security-Auditing,Security,4625,4625 - An account failed to log on.,94.232.42.99,3,3 - Network,\Asus,Asus,"11/15/2024, 5:05:38.008 PM"
"11/15/2024, 5:05:04.461 PM",\scan,User,MyLowCostVM,Microsoft-Windows-Security-Auditing,Security,4625,4625 - An account failed to log on.,94.232.42.99,3,3 - Network,\scan,scan,"11/15/2024, 5:05:38.008 PM"
"11/15/2024, 5:05:04.756 PM",\scanner,User,MyLowCostVM,Microsoft-Windows-Security-Auditing,Security,4625,4625 - An account failed to log on.,94.232.42.99,3,3 - Network,\scanner,scanner,"11/15/2024, 5:05:38.008 PM"
"11/15/2024, 5:05:05.122 PM",\user,User,MyLowCostVM,Microsoft-Windows-Security-Auditing,Security,4625,4625 - An account failed to log on.,94.232.42.99,3,3 - Network,\user,user,"11/15/2024, 5:05:38.008 PM"
"11/15/2024, 5:05:06.765 PM",\office,User,MyLowCostVM,Microsoft-Windows-Security-Auditing,Security,4625,4625 - An account failed to log on.,94.232.42.99,3,3 - Network,\office,office,"11/15/2024, 5:05:38.008 PM"
"11/15/2024, 5:05:07.074 PM",\Asus,User,MyLowCostVM,Microsoft-Windows-Security-Auditing,Security,4625,4625 - An account failed to log on.,94.232.42.99,3,3 - Network,\Asus,Asus,"11/15/2024, 5:05:38.008 PM"
"11/15/2024, 5:05:07.437 PM",\admin,User,MyLowCostVM,Microsoft-Windows-Security-Auditing,Security,4625,4625 - An account failed to log on.,94.232.42.99,3,3 - Network,\admin,admin,"11/15/2024, 5:05:38.008 PM"
"11/15/2024, 5:05:08.150 PM",\scanner,User,MyLowCostVM,Microsoft-Windows-Security-Auditing,Security,4625,4625 - An account failed to log on.,94.232.42.99,3,3 - Network,\scanner,scanner,"11/15/2024, 5:05:38.008 PM"
"11/15/2024, 5:05:09.077 PM",\server,User,MyLowCostVM,Microsoft-Windows-Security-Auditing,Security,4625,4625 - An account failed to log on.,94.232.42.99,3,3 - Network,\server,server,"11/15/2024, 5:05:38.008 PM"
"11/15/2024, 5:05:09.406 PM",\Asus,User,MyLowCostVM,Microsoft-Windows-Security-Auditing,Security,4625,4625 - An account failed to log on.,94.232.42.99,3,3 - Network,\Asus,Asus,"11/15/2024, 5:05:38.008 PM"
"11/15/2024, 5:05:10.311 PM",\user,User,MyLowCostVM,Microsoft-Windows-Security-Auditing,Security,4625,4625 - An account failed to log on.,94.232.42.99,3,3 - Network,\user,user,"11/15/2024, 5:05:38.008 PM"
"11/15/2024, 5:05:10.557 PM",\student,User,MyLowCostVM,Microsoft-Windows-Security-Auditing,Security,4625,4625 - An account failed to log on.,94.232.42.99,3,3 - Network,\student,student,"11/15/2024, 5:05:38.008 PM"
"11/15/2024, 5:05:10.667 PM",\ADMINISTRATOR,User,MyLowCostVM,Microsoft-Windows-Security-Auditing,Security,4625,4625 - An account failed to log on.,20.235.247.188,3,3 - Network,\ADMINISTRATOR,ADMINISTRATOR,"11/15/2024, 5:05:38.008 PM"
"11/15/2024, 5:05:12.630 PM",\usuario,User,MyLowCostVM,Microsoft-Windows-Security-Auditing,Security,4625,4625 - An account failed to log on.,94.232.42.99,3,3 - Network,\usuario,usuario,"11/15/2024, 5:05:38.008 PM"
"11/15/2024, 5:05:12.882 PM",\escaner,User,MyLowCostVM,Microsoft-Windows-Security-Auditing,Security,4625,4625 - An account failed to log on.,94.232.42.99,3,3 - Network,\escaner,escaner,"11/15/2024, 5:05:38.008 PM"
"11/15/2024, 5:05:14.391 PM",\office,User,MyLowCostVM,Microsoft-Windows-Security-Auditing,Security,4625,4625 - An account failed to log on.,94.232.42.99,3,3 - Network,\office,office,"11/15/2024, 5:05:38.008 PM"
"11/15/2024, 5:05:14.722 PM",\pos,User,MyLowCostVM,Microsoft-Windows-Security-Auditing,Security,4625,4625 - An account failed to log on.,94.232.42.99,3,3 - Network,\pos,pos,"11/15/2024, 5:05:38.008 PM"
"11/15/2024, 5:05:14.953 PM",\temp,User,MyLowCostVM,Microsoft-Windows-Security-Auditing,Security,4625,4625 - An account failed to log on.,94.232.42.99,3,3 - Network,\temp,temp,"11/15/2024, 5:05:38.008 PM"
"11/15/2024, 5:05:15.094 PM",\ADMINISTRATOR,User,MyLowCostVM,Microsoft-Windows-Security-Auditing,Security,4625,4625 - An account failed to log on.,120.133.88.0,3,3 - Network,\ADMINISTRATOR,ADMINISTRATOR,"11/15/2024, 5:05:38.008 PM"
"11/15/2024, 5:05:16.729 PM",\test,User,MyLowCostVM,Microsoft-Windows-Security-Auditing,Security,4625,4625 - An account failed to log on.,94.232.42.99,3,3 - Network,\test,test,"11/15/2024, 5:05:38.008 PM"
"11/15/2024, 5:05:17.040 PM",\pos,User,MyLowCostVM,Microsoft-Windows-Security-Auditing,Security,4625,4625 - An account failed to log on.,94.232.42.99,3,3 - Network,\pos,pos,"11/15/2024, 5:05:38.008 PM"
"11/15/2024, 5:05:18.390 PM",\prueba,User,MyLowCostVM,Microsoft-Windows-Security-Auditing,Security,4625,4625 - An account failed to log on.,94.232.42.99,3,3 - Network,\prueba,prueba,"11/15/2024, 5:05:38.008 PM"
"11/15/2024, 5:05:19.361 PM",\Asus,User,MyLowCostVM,Microsoft-Windows-Security-Auditing,Security,4625,4625 - An account failed to log on.,94.232.42.99,3,3 - Network,\Asus,Asus,"11/15/2024, 5:05:38.008 PM"
"11/15/2024, 5:05:19.593 PM",\scan,User,MyLowCostVM,Microsoft-Windows-Security-Auditing,Security,4625,4625 - An account failed to log on.,94.232.42.99,3,3 - Network,\scan,scan,"11/15/2024, 5:05:38.008 PM"
"11/15/2024, 5:05:20.352 PM",\usuario,User,MyLowCostVM,Microsoft-Windows-Security-Auditing,Security,4625,4625 - An account failed to log on.,94.232.42.99,3,3 - Network,\usuario,usuario,"11/15/2024, 5:05:57.991 PM"
"11/15/2024, 5:05:20.758 PM",\scanner,User,MyLowCostVM,Microsoft-Windows-Security-Auditing,Security,4625,4625 - An account failed to log on.,94.232.42.99,3,3 - Network,\scanner,scanner,"11/15/2024, 5:05:57.991 PM"
"11/15/2024, 5:05:21.686 PM",\HP,User,MyLowCostVM,Microsoft-Windows-Security-Auditing,Security,4625,4625 - An account failed to log on.,94.232.42.99,3,3 - Network,\HP,HP,"11/15/2024, 5:05:57.991 PM"
"11/15/2024, 5:05:21.907 PM",\scan,User,MyLowCostVM,Microsoft-Windows-Security-Auditing,Security,4625,4625 - An account failed to log on.,94.232.42.99,3,3 - Network,\scan,scan,"11/15/2024, 5:05:57.991 PM"
"11/15/2024, 5:05:23.045 PM",\user,User,MyLowCostVM,Microsoft-Windows-Security-Auditing,Security,4625,4625 - An account failed to log on.,94.232.42.99,3,3 - Network,\user,user,"11/15/2024, 5:05:57.991 PM"
"11/15/2024, 5:05:24.701 PM",\server,User,MyLowCostVM,Microsoft-Windows-Security-Auditing,Security,4625,4625 - An account failed to log on.,94.232.42.99,3,3 - Network,\server,server,"11/15/2024, 5:05:57.991 PM"
"11/15/2024, 5:05:25.357 PM",\user,User,MyLowCostVM,Microsoft-Windows-Security-Auditing,Security,4625,4625 - An account failed to log on.,94.232.42.99,3,3 - Network,\user,user,"11/15/2024, 5:05:57.991 PM"
"11/15/2024, 5:05:27.565 PM",\test,User,MyLowCostVM,Microsoft-Windows-Security-Auditing,Security,4625,4625 - An account failed to log on.,94.232.42.99,3,3 - Network,\test,test,"11/15/2024, 5:05:57.991 PM"
"11/15/2024, 5:05:27.680 PM",\temp,User,MyLowCostVM,Microsoft-Windows-Security-Auditing,Security,4625,4625 - An account failed to log on.,94.232.42.99,3,3 - Network,\temp,temp,"11/15/2024, 5:05:57.991 PM"
"11/15/2024, 5:05:28.405 PM",\Asus,User,MyLowCostVM,Microsoft-Windows-Security-Auditing,Security,4625,4625 - An account failed to log on.,94.232.42.99,3,3 - Network,\Asus,Asus,"11/15/2024, 5:05:57.991 PM"
"11/15/2024, 5:05:30.452 PM",\office,User,MyLowCostVM,Microsoft-Windows-Security-Auditing,Security,4625,4625 - An account failed to log on.,94.232.42.99,3,3 - Network,\office,office,"11/15/2024, 5:05:57.991 PM"
"11/15/2024, 5:05:30.746 PM",\pos,User,MyLowCostVM,Microsoft-Windows-Security-Auditing,Security,4625,4625 - An account failed to log on.,94.232.42.99,3,3 - Network,\pos,pos,"11/15/2024, 5:05:57.991 PM"
"11/15/2024, 5:05:32.589 PM",\temp,User,MyLowCostVM,Microsoft-Windows-Security-Auditing,Security,4625,4625 - An account failed to log on.,94.232.42.99,3,3 - Network,\temp,temp,"11/15/2024, 5:05:57.991 PM"
"11/15/2024, 5:05:33.067 PM",\scanner,User,MyLowCostVM,Microsoft-Windows-Security-Auditing,Security,4625,4625 - An account failed to log on.,94.232.42.99,3,3 - Network,\scanner,scanner,"11/15/2024, 5:05:57.991 PM"
"11/15/2024, 5:05:33.185 PM",\office,User,MyLowCostVM,Microsoft-Windows-Security-Auditing,Security,4625,4625 - An account failed to log on.,94.232.42.99,3,3 - Network,\office,office,"11/15/2024, 5:05:57.991 PM"
"11/15/2024, 5:05:34.106 PM",\Asus,User,MyLowCostVM,Microsoft-Windows-Security-Auditing,Security,4625,4625 - An account failed to log on.,94.232.42.99,3,3 - Network,\Asus,Asus,"11/15/2024, 5:05:57.991 PM"
"11/15/2024, 5:05:34.917 PM",\usuario,User,MyLowCostVM,Microsoft-Windows-Security-Auditing,Security,4625,4625 - An account failed to log on.,94.232.42.99,3,3 - Network,\usuario,usuario,"11/15/2024, 5:05:57.991 PM"
"11/15/2024, 5:05:35.508 PM",\server,User,MyLowCostVM,Microsoft-Windows-Security-Auditing,Security,4625,4625 - An account failed to log on.,94.232.42.99,3,3 - Network,\server,server,"11/15/2024, 5:05:57.991 PM"
"11/15/2024, 5:05:35.857 PM",\scanner,User,MyLowCostVM,Microsoft-Windows-Security-Auditing,Security,4625,4625 - An account failed to log on.,94.232.42.99,3,3 - Network,\scanner,scanner,"11/15/2024, 5:05:57.991 PM"
"11/15/2024, 5:05:36.810 PM",\HP,User,MyLowCostVM,Microsoft-Windows-Security-Auditing,Security,4625,4625 - An account failed to log on.,94.232.42.99,3,3 - Network,\HP,HP,"11/15/2024, 5:05:57.991 PM"
"11/15/2024, 5:05:37.237 PM",\temp,User,MyLowCostVM,Microsoft-Windows-Security-Auditing,Security,4625,4625 - An account failed to log on.,94.232.42.99,3,3 - Network,\temp,temp,"11/15/2024, 5:05:57.991 PM"
"11/15/2024, 5:05:38.169 PM",\student,User,MyLowCostVM,Microsoft-Windows-Security-Auditing,Security,4625,4625 - An account failed to log on.,94.232.42.99,3,3 - Network,\student,student,"11/15/2024, 5:05:57.991 PM"
"11/15/2024, 5:05:40.264 PM",\pos,User,MyLowCostVM,Microsoft-Windows-Security-Auditing,Security,4625,4625 - An account failed to log on.,94.232.42.99,3,3 - Network,\pos,pos,"11/15/2024, 5:06:17.997 PM"
"11/15/2024, 5:05:40.486 PM",\prueba,User,MyLowCostVM,Microsoft-Windows-Security-Auditing,Security,4625,4625 - An account failed to log on.,94.232.42.99,3,3 - Network,\prueba,prueba,"11/15/2024, 5:06:17.997 PM"
"11/15/2024, 5:05:40.803 PM",\server,User,MyLowCostVM,Microsoft-Windows-Security-Auditing,Security,4625,4625 - An account failed to log on.,94.232.42.99,3,3 - Network,\server,server,"11/15/2024, 5:06:17.997 PM"
"11/15/2024, 5:05:43.608 PM",\pos,User,MyLowCostVM,Microsoft-Windows-Security-Auditing,Security,4625,4625 - An account failed to log on.,94.232.42.99,3,3 - Network,\pos,pos,"11/15/2024, 5:06:17.997 PM"
"11/15/2024, 5:05:44.530 PM",\ADMINISTRATOR,User,MyLowCostVM,Microsoft-Windows-Security-Auditing,Security,4625,4625 - An account failed to log on.,120.133.88.0,3,3 - Network,\ADMINISTRATOR,ADMINISTRATOR,"11/15/2024, 5:06:17.997 PM"
"11/15/2024, 5:05:46.470 PM",\HP,User,MyLowCostVM,Microsoft-Windows-Security-Auditing,Security,4625,4625 - An account failed to log on.,94.232.42.99,3,3 - Network,\HP,HP,"11/15/2024, 5:06:17.997 PM"
"11/15/2024, 5:05:48.254 PM",domain\Administrator,User,MyLowCostVM,Microsoft-Windows-Security-Auditing,Security,4625,4625 - An account failed to log on.,193.122.94.68,3,3 - Network,domain\Administrator,Administrator,"11/15/2024, 5:06:17.997 PM"
"11/15/2024, 5:05:50.655 PM",\student,User,MyLowCostVM,Microsoft-Windows-Security-Auditing,Security,4625,4625 - An account failed to log on.,94.232.42.99,3,3 - Network,\student,student,"11/15/2024, 5:06:17.997 PM"
"11/15/2024, 5:05:51.964 PM",\HP,User,MyLowCostVM,Microsoft-Windows-Security-Auditing,Security,4625,4625 - An account failed to log on.,94.232.42.99,3,3 - Network,\HP,HP,"11/15/2024, 5:06:17.997 PM"
"11/15/2024, 5:05:53.921 PM",\prueba,User,MyLowCostVM,Microsoft-Windows-Security-Auditing,Security,4625,4625 - An account failed to log on.,94.232.42.99,3,3 - Network,\prueba,prueba,"11/15/2024, 5:06:17.997 PM"
"11/15/2024, 5:05:54.265 PM",\Dell,User,MyLowCostVM,Microsoft-Windows-Security-Auditing,Security,4625,4625 - An account failed to log on.,94.232.42.99,3,3 - Network,\Dell,Dell,"11/15/2024, 5:06:17.997 PM"
"11/15/2024, 5:05:56.232 PM",\student,User,MyLowCostVM,Microsoft-Windows-Security-Auditing,Security,4625,4625 - An account failed to log on.,94.232.42.99,3,3 - Network,\student,student,"11/15/2024, 5:06:17.997 PM"
"11/15/2024, 5:06:14.084 PM",\ADMINISTRATOR,User,MyLowCostVM,Microsoft-Windows-Security-Auditing,Security,4625,4625 - An account failed to log on.,120.133.88.0,3,3 - Network,\ADMINISTRATOR,ADMINISTRATOR,"11/15/2024, 5:06:37.996 PM"
"11/15/2024, 5:06:33.081 PM",domain\Administrator,User,MyLowCostVM,Microsoft-Windows-Security-Auditing,Security,4625,4625 - An account failed to log on.,193.122.94.68,3,3 - Network,domain\Administrator,Administrator,"11/15/2024, 5:06:58.013 PM"
"11/15/2024, 5:06:43.457 PM",\ADMINISTRATOR,User,MyLowCostVM,Microsoft-Windows-Security-Auditing,Security,4625,4625 - An account failed to log on.,120.133.88.0,3,3 - Network,\ADMINISTRATOR,ADMINISTRATOR,"11/15/2024, 5:07:18.021 PM"
"11/15/2024, 5:07:02.084 PM",\ADMINISTRATOR,User,MyLowCostVM,Microsoft-Windows-Security-Auditing,Security,4625,4625 - An account failed to log on.,186.75.215.94,3,3 - Network,\ADMINISTRATOR,ADMINISTRATOR,"11/15/2024, 5:07:38.004 PM"
"11/15/2024, 5:07:12.692 PM",\ADMINISTRATOR,User,MyLowCostVM,Microsoft-Windows-Security-Auditing,Security,4625,4625 - An account failed to log on.,120.133.88.0,3,3 - Network,\ADMINISTRATOR,ADMINISTRATOR,"11/15/2024, 5:07:38.004 PM"
"11/15/2024, 5:07:41.838 PM",\ADMINISTRATOR,User,MyLowCostVM,Microsoft-Windows-Security-Auditing,Security,4625,4625 - An account failed to log on.,120.133.88.0,3,3 - Network,\ADMINISTRATOR,ADMINISTRATOR,"11/15/2024, 5:08:17.981 PM"
"11/15/2024, 5:07:47.516 PM",\ADMINISTRATOR,User,MyLowCostVM,Microsoft-Windows-Security-Auditing,Security,4625,4625 - An account failed to log on.,20.235.247.188,3,3 - Network,\ADMINISTRATOR,ADMINISTRATOR,"11/15/2024, 5:08:17.981 PM"
"11/15/2024, 5:07:53.159 PM",domain\Administrator,User,MyLowCostVM,Microsoft-Windows-Security-Auditing,Security,4625,4625 - An account failed to log on.,193.122.94.68,3,3 - Network,domain\Administrator,Administrator,"11/15/2024, 5:08:17.981 PM"
"11/15/2024, 5:08:11.117 PM",\ADMINISTRATOR,User,MyLowCostVM,Microsoft-Windows-Security-Auditing,Security,4625,4625 - An account failed to log on.,120.133.88.0,3,3 - Network,\ADMINISTRATOR,ADMINISTRATOR,"11/15/2024, 5:08:37.990 PM"
"11/15/2024, 5:08:37.417 PM",domain\Administrator,User,MyLowCostVM,Microsoft-Windows-Security-Auditing,Security,4625,4625 - An account failed to log on.,193.122.94.68,3,3 - Network,domain\Administrator,Administrator,"11/15/2024, 5:08:57.978 PM"
"11/15/2024, 5:08:40.383 PM",\ADMINISTRATOR,User,MyLowCostVM,Microsoft-Windows-Security-Auditing,Security,4625,4625 - An account failed to log on.,120.133.88.0,3,3 - Network,\ADMINISTRATOR,ADMINISTRATOR,"11/15/2024, 5:09:18.006 PM"
"11/15/2024, 5:09:09.586 PM",\ADMINISTRATOR,User,MyLowCostVM,Microsoft-Windows-Security-Auditing,Security,4625,4625 - An account failed to log on.,120.133.88.0,3,3 - Network,\ADMINISTRATOR,ADMINISTRATOR,"11/15/2024, 5:09:37.978 PM"
"11/15/2024, 5:09:38.742 PM",\ADMINISTRATOR,User,MyLowCostVM,Microsoft-Windows-Security-Auditing,Security,4625,4625 - An account failed to log on.,120.133.88.0,3,3 - Network,\ADMINISTRATOR,ADMINISTRATOR,"11/15/2024, 5:09:57.983 PM"
"11/15/2024, 5:09:56.707 PM",domain\Administrator,User,MyLowCostVM,Microsoft-Windows-Security-Auditing,Security,4625,4625 - An account failed to log on.,193.122.94.68,3,3 - Network,domain\Administrator,Administrator,"11/15/2024, 5:10:17.985 PM"
"11/15/2024, 5:10:04.397 PM",\ADMINISTRATOR,User,MyLowCostVM,Microsoft-Windows-Security-Auditing,Security,4625,4625 - An account failed to log on.,186.75.215.94,3,3 - Network,\ADMINISTRATOR,ADMINISTRATOR,"11/15/2024, 5:10:37.984 PM"
"11/15/2024, 5:10:07.843 PM",\ADMINISTRATOR,User,MyLowCostVM,Microsoft-Windows-Security-Auditing,Security,4625,4625 - An account failed to log on.,120.133.88.0,3,3 - Network,\ADMINISTRATOR,ADMINISTRATOR,"11/15/2024, 5:10:37.984 PM"
"11/15/2024, 5:10:22.300 PM",\ADMINISTRATOR,User,MyLowCostVM,Microsoft-Windows-Security-Auditing,Security,4625,4625 - An account failed to log on.,20.235.247.188,3,3 - Network,\ADMINISTRATOR,ADMINISTRATOR,"11/15/2024, 5:10:57.991 PM"
"11/15/2024, 5:10:36.934 PM",\ADMINISTRATOR,User,MyLowCostVM,Microsoft-Windows-Security-Auditing,Security,4625,4625 - An account failed to log on.,120.133.88.0,3,3 - Network,\ADMINISTRATOR,ADMINISTRATOR,"11/15/2024, 5:10:57.991 PM"
"11/15/2024, 5:10:39.300 PM",domain\Administrator,User,MyLowCostVM,Microsoft-Windows-Security-Auditing,Security,4625,4625 - An account failed to log on.,193.122.94.68,3,3 - Network,domain\Administrator,Administrator,"11/15/2024, 5:10:57.991 PM"
"11/15/2024, 5:11:06.106 PM",\ADMINISTRATOR,User,MyLowCostVM,Microsoft-Windows-Security-Auditing,Security,4625,4625 - An account failed to log on.,120.133.88.0,3,3 - Network,\ADMINISTRATOR,ADMINISTRATOR,"11/15/2024, 5:11:37.989 PM"
"11/15/2024, 5:11:35.210 PM",\ADMINISTRATOR,User,MyLowCostVM,Microsoft-Windows-Security-Auditing,Security,4625,4625 - An account failed to log on.,120.133.88.0,3,3 - Network,\ADMINISTRATOR,ADMINISTRATOR,"11/15/2024, 5:11:57.993 PM"
"11/15/2024, 5:11:58.713 PM",domain\Administrator,User,MyLowCostVM,Microsoft-Windows-Security-Auditing,Security,4625,4625 - An account failed to log on.,193.122.94.68,3,3 - Network,domain\Administrator,Administrator,"11/15/2024, 5:12:17.985 PM"
"11/15/2024, 5:12:04.346 PM",\ADMINISTRATOR,User,MyLowCostVM,Microsoft-Windows-Security-Auditing,Security,4625,4625 - An account failed to log on.,120.133.88.0,3,3 - Network,\ADMINISTRATOR,ADMINISTRATOR,"11/15/2024, 5:12:38.008 PM"
"11/15/2024, 5:12:20.099 PM",NT AUTHORITY\SYSTEM,Machine,MyLowCostVM,Microsoft-Windows-Security-Auditing,Security,4624,4624 - An account was successfully logged on.,-,5,5 - Service,NT AUTHORITY\SYSTEM,SYSTEM,"11/15/2024, 5:12:57.984 PM"
"11/15/2024, 5:12:20.099 PM",NT AUTHORITY\SYSTEM,Machine,MyLowCostVM,Microsoft-Windows-Security-Auditing,Security,4672,4672 - Special privileges assigned to new logon.,,,,,,"11/15/2024, 5:12:57.984 PM"
"11/15/2024, 5:12:33.415 PM",\ADMINISTRATOR,User,MyLowCostVM,Microsoft-Windows-Security-Auditing,Security,4625,4625 - An account failed to log on.,120.133.88.0,3,3 - Network,\ADMINISTRATOR,ADMINISTRATOR,"11/15/2024, 5:12:57.984 PM"
"11/15/2024, 5:12:43.742 PM",domain\Administrator,User,MyLowCostVM,Microsoft-Windows-Security-Auditing,Security,4625,4625 - An account failed to log on.,193.122.94.68,3,3 - Network,domain\Administrator,Administrator,"11/15/2024, 5:13:17.996 PM"
"11/15/2024, 5:12:58.805 PM",\ADMINISTRATOR,User,MyLowCostVM,Microsoft-Windows-Security-Auditing,Security,4625,4625 - An account failed to log on.,20.235.247.188,3,3 - Network,\ADMINISTRATOR,ADMINISTRATOR,"11/15/2024, 5:13:17.996 PM"
"11/15/2024, 5:13:02.541 PM",\ADMINISTRATOR,User,MyLowCostVM,Microsoft-Windows-Security-Auditing,Security,4625,4625 - An account failed to log on.,120.133.88.0,3,3 - Network,\ADMINISTRATOR,ADMINISTRATOR,"11/15/2024, 5:13:37.991 PM"
"11/15/2024, 5:13:11.999 PM",\ADMINISTRATOR,User,MyLowCostVM,Microsoft-Windows-Security-Auditing,Security,4625,4625 - An account failed to log on.,186.75.215.94,3,3 - Network,\ADMINISTRATOR,ADMINISTRATOR,"11/15/2024, 5:13:37.991 PM"
"11/15/2024, 5:13:16.788 PM",WORKGROUP\MyLowCostVM$,Machine,MyLowCostVM,Microsoft-Windows-Security-Auditing,Security,4799,4799 - A security-enabled local group membership was enumerated,,,,Builtin\Remote Desktop Users,Remote Desktop Users,"11/15/2024, 5:13:37.991 PM"
"11/15/2024, 5:13:19.054 PM",WORKGROUP\MyLowCostVM$,Machine,MyLowCostVM,Microsoft-Windows-Security-Auditing,Security,4799,4799 - A security-enabled local group membership was enumerated,,,,Builtin\Administrators,Administrators,"11/15/2024, 5:13:37.991 PM"
"11/15/2024, 5:13:19.056 PM",WORKGROUP\MyLowCostVM$,Machine,MyLowCostVM,Microsoft-Windows-Security-Auditing,Security,4798,4798 - A user's local group membership was enumerated.,,,,MyLowCostVM\crankthat,crankthat,"11/15/2024, 5:13:37.991 PM"
"11/15/2024, 5:13:19.063 PM",WORKGROUP\MyLowCostVM$,Machine,MyLowCostVM,Microsoft-Windows-Security-Auditing,Security,4798,4798 - A user's local group membership was enumerated.,,,,MyLowCostVM\crankthat,crankthat,"11/15/2024, 5:13:37.991 PM"
"11/15/2024, 5:13:19.064 PM",WORKGROUP\MyLowCostVM$,Machine,MyLowCostVM,Microsoft-Windows-Security-Auditing,Security,4798,4798 - A user's local group membership was enumerated.,,,,MyLowCostVM\DefaultAccount,DefaultAccount,"11/15/2024, 5:13:37.991 PM"
"11/15/2024, 5:13:19.064 PM",WORKGROUP\MyLowCostVM$,Machine,MyLowCostVM,Microsoft-Windows-Security-Auditing,Security,4798,4798 - A user's local group membership was enumerated.,,,,MyLowCostVM\Guest,Guest,"11/15/2024, 5:13:37.991 PM"
"11/15/2024, 5:13:19.064 PM",WORKGROUP\MyLowCostVM$,Machine,MyLowCostVM,Microsoft-Windows-Security-Auditing,Security,4798,4798 - A user's local group membership was enumerated.,,,,MyLowCostVM\WDAGUtilityAccount,WDAGUtilityAccount,"11/15/2024, 5:13:37.991 PM"
"11/15/2024, 5:13:21.394 PM",WORKGROUP\MyLowCostVM$,Machine,MyLowCostVM,Microsoft-Windows-Security-Auditing,Security,4798,4798 - A user's local group membership was enumerated.,,,,MyLowCostVM\crankthat,crankthat,"11/15/2024, 5:13:57.995 PM"
"11/15/2024, 5:13:21.397 PM",WORKGROUP\MyLowCostVM$,Machine,MyLowCostVM,Microsoft-Windows-Security-Auditing,Security,4798,4798 - A user's local group membership was enumerated.,,,,MyLowCostVM\crankthat,crankthat,"11/15/2024, 5:13:57.995 PM"
"11/15/2024, 5:13:31.500 PM",\ADMINISTRATOR,User,MyLowCostVM,Microsoft-Windows-Security-Auditing,Security,4625,4625 - An account failed to log on.,120.133.88.0,3,3 - Network,\ADMINISTRATOR,ADMINISTRATOR,"11/15/2024, 5:13:57.995 PM"
"11/15/2024, 5:14:00.536 PM",\ADMINISTRATOR,User,MyLowCostVM,Microsoft-Windows-Security-Auditing,Security,4625,4625 - An account failed to log on.,120.133.88.0,3,3 - Network,\ADMINISTRATOR,ADMINISTRATOR,"11/15/2024, 5:14:38.001 PM"
"11/15/2024, 5:14:02.919 PM",domain\Administrator,User,MyLowCostVM,Microsoft-Windows-Security-Auditing,Security,4625,4625 - An account failed to log on.,193.122.94.68,3,3 - Network,domain\Administrator,Administrator,"11/15/2024, 5:14:38.001 PM"
"11/15/2024, 5:14:29.434 PM",\ADMINISTRATOR,User,MyLowCostVM,Microsoft-Windows-Security-Auditing,Security,4625,4625 - An account failed to log on.,120.133.88.0,3,3 - Network,\ADMINISTRATOR,ADMINISTRATOR,"11/15/2024, 5:14:57.996 PM"
"11/15/2024, 5:14:46.854 PM",domain\Administrator,User,MyLowCostVM,Microsoft-Windows-Security-Auditing,Security,4625,4625 - An account failed to log on.,193.122.94.68,3,3 - Network,domain\Administrator,Administrator,"11/15/2024, 5:15:18.002 PM"
"11/15/2024, 5:14:58.406 PM",\ADMINISTRATOR,User,MyLowCostVM,Microsoft-Windows-Security-Auditing,Security,4625,4625 - An account failed to log on.,120.133.88.0,3,3 - Network,\ADMINISTRATOR,ADMINISTRATOR,"11/15/2024, 5:15:18.002 PM"
"11/15/2024, 5:15:27.405 PM",\ADMINISTRATOR,User,MyLowCostVM,Microsoft-Windows-Security-Auditing,Security,4625,4625 - An account failed to log on.,120.133.88.0,3,3 - Network,\ADMINISTRATOR,ADMINISTRATOR,"11/15/2024, 5:15:57.981 PM"
"11/15/2024, 5:15:36.972 PM",\ADMINISTRATOR,User,MyLowCostVM,Microsoft-Windows-Security-Auditing,Security,4625,4625 - An account failed to log on.,20.235.247.188,3,3 - Network,\ADMINISTRATOR,ADMINISTRATOR,"11/15/2024, 5:15:57.981 PM"
"11/15/2024, 5:15:56.380 PM",\ADMINISTRATOR,User,MyLowCostVM,Microsoft-Windows-Security-Auditing,Security,4625,4625 - An account failed to log on.,120.133.88.0,3,3 - Network,\ADMINISTRATOR,ADMINISTRATOR,"11/15/2024, 5:16:18.018 PM"
"11/15/2024, 5:16:07.906 PM",domain\Administrator,User,MyLowCostVM,Microsoft-Windows-Security-Auditing,Security,4625,4625 - An account failed to log on.,193.122.94.68,3,3 - Network,domain\Administrator,Administrator,"11/15/2024, 5:16:37.981 PM"
"11/15/2024, 5:16:18.262 PM",\ADMINISTRATOR,User,MyLowCostVM,Microsoft-Windows-Security-Auditing,Security,4625,4625 - An account failed to log on.,186.75.215.94,3,3 - Network,\ADMINISTRATOR,ADMINISTRATOR,"11/15/2024, 5:16:37.981 PM"
"11/15/2024, 5:16:25.441 PM",\ADMINISTRATOR,User,MyLowCostVM,Microsoft-Windows-Security-Auditing,Security,4625,4625 - An account failed to log on.,120.133.88.0,3,3 - Network,\ADMINISTRATOR,ADMINISTRATOR,"11/15/2024, 5:16:57.986 PM"
"11/15/2024, 5:16:51.715 PM",domain\Administrator,User,MyLowCostVM,Microsoft-Windows-Security-Auditing,Security,4625,4625 - An account failed to log on.,193.122.94.68,3,3 - Network,domain\Administrator,Administrator,"11/15/2024, 5:17:17.990 PM"
"11/15/2024, 5:16:54.617 PM",\ADMINISTRATOR,User,MyLowCostVM,Microsoft-Windows-Security-Auditing,Security,4625,4625 - An account failed to log on.,120.133.88.0,3,3 - Network,\ADMINISTRATOR,ADMINISTRATOR,"11/15/2024, 5:17:17.990 PM"
"11/15/2024, 5:17:23.965 PM",\ADMINISTRATOR,User,MyLowCostVM,Microsoft-Windows-Security-Auditing,Security,4625,4625 - An account failed to log on.,120.133.88.0,3,3 - Network,\ADMINISTRATOR,ADMINISTRATOR,"11/15/2024, 5:17:57.995 PM"
"11/15/2024, 5:17:52.805 PM",\ADMINISTRATOR,User,MyLowCostVM,Microsoft-Windows-Security-Auditing,Security,4625,4625 - An account failed to log on.,120.133.88.0,3,3 - Network,\ADMINISTRATOR,ADMINISTRATOR,"11/15/2024, 5:18:17.983 PM"
"11/15/2024, 5:18:10.822 PM",\ADMINISTRATOR,User,MyLowCostVM,Microsoft-Windows-Security-Auditing,Security,4625,4625 - An account failed to log on.,20.235.247.188,3,3 - Network,\ADMINISTRATOR,ADMINISTRATOR,"11/15/2024, 5:18:37.991 PM"
"11/15/2024, 5:18:10.982 PM",domain\Administrator,User,MyLowCostVM,Microsoft-Windows-Security-Auditing,Security,4625,4625 - An account failed to log on.,193.122.94.68,3,3 - Network,domain\Administrator,Administrator,"11/15/2024, 5:18:37.991 PM"
"11/15/2024, 5:18:21.695 PM",\ADMINISTRATOR,User,MyLowCostVM,Microsoft-Windows-Security-Auditing,Security,4625,4625 - An account failed to log on.,120.133.88.0,3,3 - Network,\ADMINISTRATOR,ADMINISTRATOR,"11/15/2024, 5:18:57.981 PM"
"11/15/2024, 5:18:50.613 PM",\ADMINISTRATOR,User,MyLowCostVM,Microsoft-Windows-Security-Auditing,Security,4625,4625 - An account failed to log on.,120.133.88.0,3,3 - Network,\ADMINISTRATOR,ADMINISTRATOR,"11/15/2024, 5:19:17.983 PM"
"11/15/2024, 5:18:54.835 PM",domain\Administrator,User,MyLowCostVM,Microsoft-Windows-Security-Auditing,Security,4625,4625 - An account failed to log on.,193.122.94.68,3,3 - Network,domain\Administrator,Administrator,"11/15/2024, 5:19:17.983 PM"
"11/15/2024, 5:19:19.566 PM",\ADMINISTRATOR,User,MyLowCostVM,Microsoft-Windows-Security-Auditing,Security,4625,4625 - An account failed to log on.,120.133.88.0,3,3 - Network,\ADMINISTRATOR,ADMINISTRATOR,"11/15/2024, 5:19:37.985 PM"
"11/15/2024, 5:19:23.888 PM",\ADMINISTRATOR,User,MyLowCostVM,Microsoft-Windows-Security-Auditing,Security,4625,4625 - An account failed to log on.,186.75.215.94,3,3 - Network,\ADMINISTRATOR,ADMINISTRATOR,"11/15/2024, 5:19:57.998 PM"
"11/15/2024, 5:19:48.469 PM",\ADMINISTRATOR,User,MyLowCostVM,Microsoft-Windows-Security-Auditing,Security,4625,4625 - An account failed to log on.,120.133.88.0,3,3 - Network,\ADMINISTRATOR,ADMINISTRATOR,"11/15/2024, 5:20:18.002 PM"
"11/15/2024, 5:20:15.505 PM",domain\Administrator,User,MyLowCostVM,Microsoft-Windows-Security-Auditing,Security,4625,4625 - An account failed to log on.,193.122.94.68,3,3 - Network,domain\Administrator,Administrator,"11/15/2024, 5:20:38.001 PM"
"11/15/2024, 5:20:17.407 PM",\ADMINISTRATOR,User,MyLowCostVM,Microsoft-Windows-Security-Auditing,Security,4625,4625 - An account failed to log on.,120.133.88.0,3,3 - Network,\ADMINISTRATOR,ADMINISTRATOR,"11/15/2024, 5:20:38.001 PM"
"11/15/2024, 5:20:46.393 PM",\ADMINISTRATOR,User,MyLowCostVM,Microsoft-Windows-Security-Auditing,Security,4625,4625 - An account failed to log on.,120.133.88.0,3,3 - Network,\ADMINISTRATOR,ADMINISTRATOR,"11/15/2024, 5:21:18.008 PM"
"11/15/2024, 5:20:51.317 PM",\ADMINISTRATOR,User,MyLowCostVM,Microsoft-Windows-Security-Auditing,Security,4625,4625 - An account failed to log on.,20.235.247.188,3,3 - Network,\ADMINISTRATOR,ADMINISTRATOR,"11/15/2024, 5:21:18.008 PM"
"11/15/2024, 5:21:01.224 PM",domain\Administrator,User,MyLowCostVM,Microsoft-Windows-Security-Auditing,Security,4625,4625 - An account failed to log on.,193.122.94.68,3,3 - Network,domain\Administrator,Administrator,"11/15/2024, 5:21:37.989 PM"
"11/15/2024, 5:21:15.728 PM",\ADMINISTRATOR,User,MyLowCostVM,Microsoft-Windows-Security-Auditing,Security,4625,4625 - An account failed to log on.,120.133.88.0,3,3 - Network,\ADMINISTRATOR,ADMINISTRATOR,"11/15/2024, 5:21:37.989 PM"
"11/15/2024, 5:21:44.836 PM",\ADMINISTRATOR,User,MyLowCostVM,Microsoft-Windows-Security-Auditing,Security,4625,4625 - An account failed to log on.,120.133.88.0,3,3 - Network,\ADMINISTRATOR,ADMINISTRATOR,"11/15/2024, 5:22:18.000 PM"
"11/15/2024, 5:22:13.733 PM",\ADMINISTRATOR,User,MyLowCostVM,Microsoft-Windows-Security-Auditing,Security,4625,4625 - An account failed to log on.,120.133.88.0,3,3 - Network,\ADMINISTRATOR,ADMINISTRATOR,"11/15/2024, 5:22:38.009 PM"
"11/15/2024, 5:22:21.460 PM",domain\Administrator,User,MyLowCostVM,Microsoft-Windows-Security-Auditing,Security,4625,4625 - An account failed to log on.,193.122.94.68,3,3 - Network,domain\Administrator,Administrator,"11/15/2024, 5:22:58.013 PM"
"11/15/2024, 5:22:27.940 PM",\ADMINISTRATOR,User,MyLowCostVM,Microsoft-Windows-Security-Auditing,Security,4625,4625 - An account failed to log on.,186.75.215.94,3,3 - Network,\ADMINISTRATOR,ADMINISTRATOR,"11/15/2024, 5:22:58.013 PM"
"11/15/2024, 5:22:42.632 PM",\ADMINISTRATOR,User,MyLowCostVM,Microsoft-Windows-Security-Auditing,Security,4625,4625 - An account failed to log on.,120.133.88.0,3,3 - Network,\ADMINISTRATOR,ADMINISTRATOR,"11/15/2024, 5:23:18.001 PM"
"11/15/2024, 5:23:05.431 PM",domain\Administrator,User,MyLowCostVM,Microsoft-Windows-Security-Auditing,Security,4625,4625 - An account failed to log on.,193.122.94.68,3,3 - Network,domain\Administrator,Administrator,"11/15/2024, 5:23:38.009 PM"
"11/15/2024, 5:23:11.503 PM",\ADMINISTRATOR,User,MyLowCostVM,Microsoft-Windows-Security-Auditing,Security,4625,4625 - An account failed to log on.,120.133.88.0,3,3 - Network,\ADMINISTRATOR,ADMINISTRATOR,"11/15/2024, 5:23:38.009 PM"
"11/15/2024, 5:23:26.490 PM",\ADMINISTRATOR,User,MyLowCostVM,Microsoft-Windows-Security-Auditing,Security,4625,4625 - An account failed to log on.,20.235.247.188,3,3 - Network,\ADMINISTRATOR,ADMINISTRATOR,"11/15/2024, 5:23:57.983 PM"
"11/15/2024, 5:23:40.447 PM",\ADMINISTRATOR,User,MyLowCostVM,Microsoft-Windows-Security-Auditing,Security,4625,4625 - An account failed to log on.,120.133.88.0,3,3 - Network,\ADMINISTRATOR,ADMINISTRATOR,"11/15/2024, 5:24:17.989 PM"
"11/15/2024, 5:24:09.375 PM",\ADMINISTRATOR,User,MyLowCostVM,Microsoft-Windows-Security-Auditing,Security,4625,4625 - An account failed to log on.,120.133.88.0,3,3 - Network,\ADMINISTRATOR,ADMINISTRATOR,"11/15/2024, 5:24:37.996 PM"
"11/15/2024, 5:24:24.585 PM",domain\Administrator,User,MyLowCostVM,Microsoft-Windows-Security-Auditing,Security,4625,4625 - An account failed to log on.,193.122.94.68,3,3 - Network,domain\Administrator,Administrator,"11/15/2024, 5:24:57.990 PM"
"11/15/2024, 5:24:38.295 PM",\ADMINISTRATOR,User,MyLowCostVM,Microsoft-Windows-Security-Auditing,Security,4625,4625 - An account failed to log on.,120.133.88.0,3,3 - Network,\ADMINISTRATOR,ADMINISTRATOR,"11/15/2024, 5:24:57.990 PM"
"11/15/2024, 5:25:07.262 PM",\ADMINISTRATOR,User,MyLowCostVM,Microsoft-Windows-Security-Auditing,Security,4625,4625 - An account failed to log on.,120.133.88.0,3,3 - Network,\ADMINISTRATOR,ADMINISTRATOR,"11/15/2024, 5:25:37.997 PM"
"11/15/2024, 5:25:08.335 PM",domain\Administrator,User,MyLowCostVM,Microsoft-Windows-Security-Auditing,Security,4625,4625 - An account failed to log on.,193.122.94.68,3,3 - Network,domain\Administrator,Administrator,"11/15/2024, 5:25:37.997 PM"
"11/15/2024, 5:25:36.067 PM",\ADMINISTRATOR,User,MyLowCostVM,Microsoft-Windows-Security-Auditing,Security,4625,4625 - An account failed to log on.,120.133.88.0,3,3 - Network,\ADMINISTRATOR,ADMINISTRATOR,"11/15/2024, 5:25:57.989 PM"
"11/15/2024, 5:25:36.392 PM",\ADMINISTRATOR,User,MyLowCostVM,Microsoft-Windows-Security-Auditing,Security,4625,4625 - An account failed to log on.,186.75.215.94,3,3 - Network,\ADMINISTRATOR,ADMINISTRATOR,"11/15/2024, 5:25:57.989 PM"
"11/15/2024, 5:26:01.019 PM",\ADMINISTRATOR,User,MyLowCostVM,Microsoft-Windows-Security-Auditing,Security,4625,4625 - An account failed to log on.,20.235.247.188,3,3 - Network,\ADMINISTRATOR,ADMINISTRATOR,"11/15/2024, 5:26:38.021 PM"
"11/15/2024, 5:26:04.843 PM",\ADMINISTRATOR,User,MyLowCostVM,Microsoft-Windows-Security-Auditing,Security,4625,4625 - An account failed to log on.,120.133.88.0,3,3 - Network,\ADMINISTRATOR,ADMINISTRATOR,"11/15/2024, 5:26:38.021 PM"
"11/15/2024, 5:26:27.951 PM",domain\Administrator,User,MyLowCostVM,Microsoft-Windows-Security-Auditing,Security,4625,4625 - An account failed to log on.,193.122.94.68,3,3 - Network,domain\Administrator,Administrator,"11/15/2024, 5:26:57.988 PM"
"11/15/2024, 5:26:33.700 PM",\ADMINISTRATOR,User,MyLowCostVM,Microsoft-Windows-Security-Auditing,Security,4625,4625 - An account failed to log on.,120.133.88.0,3,3 - Network,\ADMINISTRATOR,ADMINISTRATOR,"11/15/2024, 5:26:57.988 PM"
"11/15/2024, 5:27:02.535 PM",\ADMINISTRATOR,User,MyLowCostVM,Microsoft-Windows-Security-Auditing,Security,4625,4625 - An account failed to log on.,120.133.88.0,3,3 - Network,\ADMINISTRATOR,ADMINISTRATOR,"11/15/2024, 5:27:37.977 PM"
"11/15/2024, 5:27:20.596 PM",domain\Administrator,User,MyLowCostVM,Microsoft-Windows-Security-Auditing,Security,4625,4625 - An account failed to log on.,193.122.94.68,3,3 - Network,domain\Administrator,Administrator,"11/15/2024, 5:27:57.993 PM"
"11/15/2024, 5:27:31.463 PM",\ADMINISTRATOR,User,MyLowCostVM,Microsoft-Windows-Security-Auditing,Security,4625,4625 - An account failed to log on.,120.133.88.0,3,3 - Network,\ADMINISTRATOR,ADMINISTRATOR,"11/15/2024, 5:27:57.993 PM"
"11/15/2024, 5:28:00.393 PM",\ADMINISTRATOR,User,MyLowCostVM,Microsoft-Windows-Security-Auditing,Security,4625,4625 - An account failed to log on.,120.133.88.0,3,3 - Network,\ADMINISTRATOR,ADMINISTRATOR,"11/15/2024, 5:28:37.984 PM"
"11/15/2024, 5:28:29.276 PM",\ADMINISTRATOR,User,MyLowCostVM,Microsoft-Windows-Security-Auditing,Security,4625,4625 - An account failed to log on.,120.133.88.0,3,3 - Network,\ADMINISTRATOR,ADMINISTRATOR,"11/15/2024, 5:28:57.999 PM"
"11/15/2024, 5:28:36.655 PM",\ADMINISTRATOR,User,MyLowCostVM,Microsoft-Windows-Security-Auditing,Security,4625,4625 - An account failed to log on.,20.235.247.188,3,3 - Network,\ADMINISTRATOR,ADMINISTRATOR,"11/15/2024, 5:28:57.999 PM"
"11/15/2024, 5:28:40.073 PM",domain\Administrator,User,MyLowCostVM,Microsoft-Windows-Security-Auditing,Security,4625,4625 - An account failed to log on.,193.122.94.68,3,3 - Network,domain\Administrator,Administrator,"11/15/2024, 5:29:17.978 PM"
"11/15/2024, 5:28:42.428 PM",\ADMINISTRATOR,User,MyLowCostVM,Microsoft-Windows-Security-Auditing,Security,4625,4625 - An account failed to log on.,186.75.215.94,3,3 - Network,\ADMINISTRATOR,ADMINISTRATOR,"11/15/2024, 5:29:17.978 PM"
"11/15/2024, 5:28:58.053 PM",\ADMINISTRATOR,User,MyLowCostVM,Microsoft-Windows-Security-Auditing,Security,4625,4625 - An account failed to log on.,120.133.88.0,3,3 - Network,\ADMINISTRATOR,ADMINISTRATOR,"11/15/2024, 5:29:17.978 PM"
"11/15/2024, 5:29:23.720 PM",domain\Administrator,User,MyLowCostVM,Microsoft-Windows-Security-Auditing,Security,4625,4625 - An account failed to log on.,193.122.94.68,3,3 - Network,domain\Administrator,Administrator,"11/15/2024, 5:29:57.997 PM"
"11/15/2024, 5:29:26.827 PM",\ADMINISTRATOR,User,MyLowCostVM,Microsoft-Windows-Security-Auditing,Security,4625,4625 - An account failed to log on.,120.133.88.0,3,3 - Network,\ADMINISTRATOR,ADMINISTRATOR,"11/15/2024, 5:29:57.997 PM"
"11/15/2024, 5:29:55.441 PM",\ADMINISTRATOR,User,MyLowCostVM,Microsoft-Windows-Security-Auditing,Security,4625,4625 - An account failed to log on.,120.133.88.0,3,3 - Network,\ADMINISTRATOR,ADMINISTRATOR,"11/15/2024, 5:30:18.000 PM"
"11/15/2024, 5:30:24.012 PM",\ADMINISTRATOR,User,MyLowCostVM,Microsoft-Windows-Security-Auditing,Security,4625,4625 - An account failed to log on.,120.133.88.0,3,3 - Network,\ADMINISTRATOR,ADMINISTRATOR,"11/15/2024, 5:30:57.978 PM"
"11/15/2024, 5:30:45.572 PM",domain\Administrator,User,MyLowCostVM,Microsoft-Windows-Security-Auditing,Security,4625,4625 - An account failed to log on.,193.122.94.68,3,3 - Network,domain\Administrator,Administrator,"11/15/2024, 5:31:17.997 PM"
"11/15/2024, 5:30:52.797 PM",\ADMINISTRATOR,User,MyLowCostVM,Microsoft-Windows-Security-Auditing,Security,4625,4625 - An account failed to log on.,120.133.88.0,3,3 - Network,\ADMINISTRATOR,ADMINISTRATOR,"11/15/2024, 5:31:17.997 PM"
"11/15/2024, 5:31:09.438 PM",\ADMINISTRATOR,User,MyLowCostVM,Microsoft-Windows-Security-Auditing,Security,4625,4625 - An account failed to log on.,20.235.247.188,3,3 - Network,\ADMINISTRATOR,ADMINISTRATOR,"11/15/2024, 5:31:37.973 PM"
"11/15/2024, 5:31:21.517 PM",\ADMINISTRATOR,User,MyLowCostVM,Microsoft-Windows-Security-Auditing,Security,4625,4625 - An account failed to log on.,120.133.88.0,3,3 - Network,\ADMINISTRATOR,ADMINISTRATOR,"11/15/2024, 5:31:57.986 PM"
"11/15/2024, 5:31:28.786 PM",domain\Administrator,User,MyLowCostVM,Microsoft-Windows-Security-Auditing,Security,4625,4625 - An account failed to log on.,193.122.94.68,3,3 - Network,domain\Administrator,Administrator,"11/15/2024, 5:31:57.986 PM"
"11/15/2024, 5:31:46.570 PM",\ADMINISTRATOR,User,MyLowCostVM,Microsoft-Windows-Security-Auditing,Security,4625,4625 - An account failed to log on.,186.75.215.94,3,3 - Network,\ADMINISTRATOR,ADMINISTRATOR,"11/15/2024, 5:32:17.999 PM"
"11/15/2024, 5:31:50.235 PM",\ADMINISTRATOR,User,MyLowCostVM,Microsoft-Windows-Security-Auditing,Security,4625,4625 - An account failed to log on.,120.133.88.0,3,3 - Network,\ADMINISTRATOR,ADMINISTRATOR,"11/15/2024, 5:32:17.999 PM"
"11/15/2024, 5:32:18.956 PM",\ADMINISTRATOR,User,MyLowCostVM,Microsoft-Windows-Security-Auditing,Security,4625,4625 - An account failed to log on.,120.133.88.0,3,3 - Network,\ADMINISTRATOR,ADMINISTRATOR,"11/15/2024, 5:32:37.984 PM"
"11/15/2024, 5:32:47.503 PM",\ADMINISTRATOR,User,MyLowCostVM,Microsoft-Windows-Security-Auditing,Security,4625,4625 - An account failed to log on.,120.133.88.0,3,3 - Network,\ADMINISTRATOR,ADMINISTRATOR,"11/15/2024, 5:33:17.992 PM"
"11/15/2024, 5:32:58.424 PM",domain\Administrator,User,MyLowCostVM,Microsoft-Windows-Security-Auditing,Security,4625,4625 - An account failed to log on.,193.122.94.68,3,3 - Network,domain\Administrator,Administrator,"11/15/2024, 5:33:17.992 PM"
"11/15/2024, 5:33:16.125 PM",\ADMINISTRATOR,User,MyLowCostVM,Microsoft-Windows-Security-Auditing,Security,4625,4625 - An account failed to log on.,120.133.88.0,3,3 - Network,\ADMINISTRATOR,ADMINISTRATOR,"11/15/2024, 5:33:38.001 PM"
"11/15/2024, 5:33:44.652 PM",\ADMINISTRATOR,User,MyLowCostVM,Microsoft-Windows-Security-Auditing,Security,4625,4625 - An account failed to log on.,120.133.88.0,3,3 - Network,\ADMINISTRATOR,ADMINISTRATOR,"11/15/2024, 5:34:18.002 PM"
"11/15/2024, 5:33:48.564 PM",\ADMINISTRATOR,User,MyLowCostVM,Microsoft-Windows-Security-Auditing,Security,4625,4625 - An account failed to log on.,20.235.247.188,3,3 - Network,\ADMINISTRATOR,ADMINISTRATOR,"11/15/2024, 5:34:18.002 PM"
"11/15/2024, 5:33:50.982 PM",domain\Administrator,User,MyLowCostVM,Microsoft-Windows-Security-Auditing,Security,4625,4625 - An account failed to log on.,193.122.94.68,3,3 - Network,domain\Administrator,Administrator,"11/15/2024, 5:34:18.002 PM"
"11/15/2024, 5:34:13.335 PM",\ADMINISTRATOR,User,MyLowCostVM,Microsoft-Windows-Security-Auditing,Security,4625,4625 - An account failed to log on.,120.133.88.0,3,3 - Network,\ADMINISTRATOR,ADMINISTRATOR,"11/15/2024, 5:34:37.982 PM"
"11/15/2024, 5:34:41.924 PM",\ADMINISTRATOR,User,MyLowCostVM,Microsoft-Windows-Security-Auditing,Security,4625,4625 - An account failed to log on.,120.133.88.0,3,3 - Network,\ADMINISTRATOR,ADMINISTRATOR,"11/15/2024, 5:35:17.998 PM"
"11/15/2024, 5:34:49.898 PM",\ADMINISTRATOR,User,MyLowCostVM,Microsoft-Windows-Security-Auditing,Security,4625,4625 - An account failed to log on.,186.75.215.94,3,3 - Network,\ADMINISTRATOR,ADMINISTRATOR,"11/15/2024, 5:35:17.998 PM"
"11/15/2024, 5:35:10.384 PM",\ADMINISTRATOR,User,MyLowCostVM,Microsoft-Windows-Security-Auditing,Security,4625,4625 - An account failed to log on.,120.133.88.0,3,3 - Network,\ADMINISTRATOR,ADMINISTRATOR,"11/15/2024, 5:35:37.983 PM"
"11/15/2024, 5:35:20.366 PM",domain\Administrator,User,MyLowCostVM,Microsoft-Windows-Security-Auditing,Security,4625,4625 - An account failed to log on.,193.122.94.68,3,3 - Network,domain\Administrator,Administrator,"11/15/2024, 5:35:57.982 PM"
"11/15/2024, 5:35:38.883 PM",\ADMINISTRATOR,User,MyLowCostVM,Microsoft-Windows-Security-Auditing,Security,4625,4625 - An account failed to log on.,120.133.88.0,3,3 - Network,\ADMINISTRATOR,ADMINISTRATOR,"11/15/2024, 5:35:57.982 PM"
"11/15/2024, 5:36:07.439 PM",\ADMINISTRATOR,User,MyLowCostVM,Microsoft-Windows-Security-Auditing,Security,4625,4625 - An account failed to log on.,120.133.88.0,3,3 - Network,\ADMINISTRATOR,ADMINISTRATOR,"11/15/2024, 5:36:37.973 PM"
"11/15/2024, 5:36:13.253 PM",domain\Administrator,User,MyLowCostVM,Microsoft-Windows-Security-Auditing,Security,4625,4625 - An account failed to log on.,193.122.94.68,3,3 - Network,domain\Administrator,Administrator,"11/15/2024, 5:36:37.973 PM"
"11/15/2024, 5:36:25.370 PM",\ADMINISTRATOR,User,MyLowCostVM,Microsoft-Windows-Security-Auditing,Security,4625,4625 - An account failed to log on.,20.235.247.188,3,3 - Network,\ADMINISTRATOR,ADMINISTRATOR,"11/15/2024, 5:36:57.990 PM"
"11/15/2024, 5:36:35.974 PM",\ADMINISTRATOR,User,MyLowCostVM,Microsoft-Windows-Security-Auditing,Security,4625,4625 - An account failed to log on.,120.133.88.0,3,3 - Network,\ADMINISTRATOR,ADMINISTRATOR,"11/15/2024, 5:36:57.990 PM"
"11/15/2024, 5:37:04.564 PM",\ADMINISTRATOR,User,MyLowCostVM,Microsoft-Windows-Security-Auditing,Security,4625,4625 - An account failed to log on.,120.133.88.0,3,3 - Network,\ADMINISTRATOR,ADMINISTRATOR,"11/15/2024, 5:37:37.980 PM"
"11/15/2024, 5:37:32.957 PM",\ADMINISTRATOR,User,MyLowCostVM,Microsoft-Windows-Security-Auditing,Security,4625,4625 - An account failed to log on.,120.133.88.0,3,3 - Network,\ADMINISTRATOR,ADMINISTRATOR,"11/15/2024, 5:37:57.992 PM"
"11/15/2024, 5:37:42.824 PM",domain\Administrator,User,MyLowCostVM,Microsoft-Windows-Security-Auditing,Security,4625,4625 - An account failed to log on.,193.122.94.68,3,3 - Network,domain\Administrator,Administrator,"11/15/2024, 5:38:17.984 PM"
"11/15/2024, 5:37:51.974 PM",\ADMINISTRATOR,User,MyLowCostVM,Microsoft-Windows-Security-Auditing,Security,4625,4625 - An account failed to log on.,186.75.215.94,3,3 - Network,\ADMINISTRATOR,ADMINISTRATOR,"11/15/2024, 5:38:17.984 PM"
"11/15/2024, 5:38:01.426 PM",\ADMINISTRATOR,User,MyLowCostVM,Microsoft-Windows-Security-Auditing,Security,4625,4625 - An account failed to log on.,120.133.88.0,3,3 - Network,\ADMINISTRATOR,ADMINISTRATOR,"11/15/2024, 5:38:37.990 PM"
"11/15/2024, 5:38:29.915 PM",\ADMINISTRATOR,User,MyLowCostVM,Microsoft-Windows-Security-Auditing,Security,4625,4625 - An account failed to log on.,120.133.88.0,3,3 - Network,\ADMINISTRATOR,ADMINISTRATOR,"11/15/2024, 5:38:57.999 PM"
"11/15/2024, 5:38:35.107 PM",domain\Administrator,User,MyLowCostVM,Microsoft-Windows-Security-Auditing,Security,4625,4625 - An account failed to log on.,193.122.94.68,3,3 - Network,domain\Administrator,Administrator,"11/15/2024, 5:38:57.999 PM"
"11/15/2024, 5:38:58.357 PM",\ADMINISTRATOR,User,MyLowCostVM,Microsoft-Windows-Security-Auditing,Security,4625,4625 - An account failed to log on.,120.133.88.0,3,3 - Network,\ADMINISTRATOR,ADMINISTRATOR,"11/15/2024, 5:39:18.002 PM"
"11/15/2024, 5:38:59.226 PM",\ADMINISTRATOR,User,MyLowCostVM,Microsoft-Windows-Security-Auditing,Security,4625,4625 - An account failed to log on.,20.235.247.188,3,3 - Network,\ADMINISTRATOR,ADMINISTRATOR,"11/15/2024, 5:39:18.002 PM"
