"11/18/2024, 4:25:33.020 AM",\SQLAnalysis,User,MyLowCostVM,Microsoft-Windows-Security-Auditing,Security,4625,4625 - An account failed to log on.,186.219.222.174,3,3 - Network,\SQLAnalysis,SQLAnalysis,"11/18/2024, 4:35:02.210 AM"
"11/18/2024, 4:26:18.786 AM",\YoichiroO,User,MyLowCostVM,Microsoft-Windows-Security-Auditing,Security,4625,4625 - An account failed to log on.,141.95.82.247,3,3 - Network,\YoichiroO,YoichiroO,"11/18/2024, 4:35:02.417 AM"
"11/18/2024, 4:26:27.705 AM",\ADMINISTRATOR,User,MyLowCostVM,Microsoft-Windows-Security-Auditing,Security,4625,4625 - An account failed to log on.,186.75.215.94,3,3 - Network,\ADMINISTRATOR,ADMINISTRATOR,"11/18/2024, 4:35:02.521 AM"
"11/18/2024, 4:27:05.285 AM",\Administrator,User,MyLowCostVM,Microsoft-Windows-Security-Auditing,Security,4625,4625 - An account failed to log on.,179.0.57.108,3,3 - Network,\Administrator,Administrator,"11/18/2024, 4:35:07.812 AM"
"11/18/2024, 4:27:07.479 AM",NT AUTHORITY\SYSTEM,Machine,MyLowCostVM,Microsoft-Windows-Security-Auditing,Security,4624,4624 - An account was successfully logged on.,-,5,5 - Service,NT AUTHORITY\SYSTEM,SYSTEM,"11/18/2024, 4:35:07.812 AM"
"11/18/2024, 4:27:07.479 AM",NT AUTHORITY\SYSTEM,Machine,MyLowCostVM,Microsoft-Windows-Security-Auditing,Security,4672,4672 - Special privileges assigned to new logon.,,,,,,"11/18/2024, 4:35:07.812 AM"
"11/18/2024, 4:27:48.940 AM",\Administrator,User,MyLowCostVM,Microsoft-Windows-Security-Auditing,Security,4625,4625 - An account failed to log on.,141.95.82.247,3,3 - Network,\Administrator,Administrator,"11/18/2024, 4:35:11.199 AM"
"11/18/2024, 4:28:41.236 AM",\mfathi,User,MyLowCostVM,Microsoft-Windows-Security-Auditing,Security,4625,4625 - An account failed to log on.,103.142.87.50,3,3 - Network,\mfathi,mfathi,"11/18/2024, 4:35:11.504 AM"
"11/18/2024, 4:29:15.028 AM",\asamir,User,MyLowCostVM,Microsoft-Windows-Security-Auditing,Security,4625,4625 - An account failed to log on.,189.112.15.18,3,3 - Network,\asamir,asamir,"11/18/2024, 4:35:16.693 AM"
"11/18/2024, 4:29:33.725 AM",\ADMINISTRATOR,User,MyLowCostVM,Microsoft-Windows-Security-Auditing,Security,4625,4625 - An account failed to log on.,186.75.215.94,3,3 - Network,\ADMINISTRATOR,ADMINISTRATOR,"11/18/2024, 4:35:16.778 AM"
"11/18/2024, 4:30:03.420 AM",\Administrator,User,MyLowCostVM,Microsoft-Windows-Security-Auditing,Security,4625,4625 - An account failed to log on.,189.112.15.18,3,3 - Network,\Administrator,Administrator,"11/18/2024, 4:35:17.005 AM"
"11/18/2024, 4:30:53.502 AM",\ime_admin,User,MyLowCostVM,Microsoft-Windows-Security-Auditing,Security,4625,4625 - An account failed to log on.,189.112.15.18,3,3 - Network,\ime_admin,ime_admin,"11/18/2024, 4:35:17.235 AM"
"11/18/2024, 4:31:03.005 AM",NT AUTHORITY\SYSTEM,Machine,MyLowCostVM,Microsoft-Windows-Security-Auditing,Security,4624,4624 - An account was successfully logged on.,-,5,5 - Service,NT AUTHORITY\SYSTEM,SYSTEM,"11/18/2024, 4:35:22.397 AM"
"11/18/2024, 4:31:03.005 AM",NT AUTHORITY\SYSTEM,Machine,MyLowCostVM,Microsoft-Windows-Security-Auditing,Security,4672,4672 - Special privileges assigned to new logon.,,,,,,"11/18/2024, 4:35:22.397 AM"
"11/18/2024, 4:31:03.432 AM",NT AUTHORITY\SYSTEM,Machine,MyLowCostVM,Microsoft-Windows-Security-Auditing,Security,4624,4624 - An account was successfully logged on.,-,5,5 - Service,NT AUTHORITY\SYSTEM,SYSTEM,"11/18/2024, 4:35:22.397 AM"
"11/18/2024, 4:31:03.432 AM",NT AUTHORITY\SYSTEM,Machine,MyLowCostVM,Microsoft-Windows-Security-Auditing,Security,4672,4672 - Special privileges assigned to new logon.,,,,,,"11/18/2024, 4:35:22.397 AM"
"11/18/2024, 4:31:03.918 AM",NT AUTHORITY\SYSTEM,Machine,MyLowCostVM,Microsoft-Windows-Security-Auditing,Security,4624,4624 - An account was successfully logged on.,-,5,5 - Service,NT AUTHORITY\SYSTEM,SYSTEM,"11/18/2024, 4:35:22.397 AM"
"11/18/2024, 4:31:03.918 AM",NT AUTHORITY\SYSTEM,Machine,MyLowCostVM,Microsoft-Windows-Security-Auditing,Security,4672,4672 - Special privileges assigned to new logon.,,,,,,"11/18/2024, 4:35:22.397 AM"
"11/18/2024, 4:31:03.992 AM",,,MyLowCostVM,Microsoft-Windows-Security-Auditing,Security,5379,5379,,,,,,"11/18/2024, 4:35:22.397 AM"
"11/18/2024, 4:31:03.992 AM",,,MyLowCostVM,Microsoft-Windows-Security-Auditing,Security,5379,5379,,,,,,"11/18/2024, 4:35:22.397 AM"
"11/18/2024, 4:31:03.992 AM",,,MyLowCostVM,Microsoft-Windows-Security-Auditing,Security,5379,5379,,,,,,"11/18/2024, 4:35:22.397 AM"
"11/18/2024, 4:31:03.996 AM",,,MyLowCostVM,Microsoft-Windows-Security-Auditing,Security,5379,5379,,,,,,"11/18/2024, 4:35:22.397 AM"
"11/18/2024, 4:31:03.996 AM",,,MyLowCostVM,Microsoft-Windows-Security-Auditing,Security,5379,5379,,,,,,"11/18/2024, 4:35:22.397 AM"
"11/18/2024, 4:31:03.996 AM",,,MyLowCostVM,Microsoft-Windows-Security-Auditing,Security,5379,5379,,,,,,"11/18/2024, 4:35:22.397 AM"
"11/18/2024, 4:31:04.336 AM",NT AUTHORITY\SYSTEM,Machine,MyLowCostVM,Microsoft-Windows-Security-Auditing,Security,4624,4624 - An account was successfully logged on.,-,5,5 - Service,NT AUTHORITY\SYSTEM,SYSTEM,"11/18/2024, 4:35:22.397 AM"
"11/18/2024, 4:31:04.336 AM",NT AUTHORITY\SYSTEM,Machine,MyLowCostVM,Microsoft-Windows-Security-Auditing,Security,4672,4672 - Special privileges assigned to new logon.,,,,,,"11/18/2024, 4:35:22.397 AM"
"11/18/2024, 4:31:04.509 AM",,,MyLowCostVM,Microsoft-Windows-Security-Auditing,Security,5379,5379,,,,,,"11/18/2024, 4:35:22.397 AM"
"11/18/2024, 4:31:04.510 AM",,,MyLowCostVM,Microsoft-Windows-Security-Auditing,Security,5379,5379,,,,,,"11/18/2024, 4:35:22.397 AM"
"11/18/2024, 4:31:04.515 AM",,,MyLowCostVM,Microsoft-Windows-Security-Auditing,Security,5379,5379,,,,,,"11/18/2024, 4:35:22.397 AM"
"11/18/2024, 4:31:04.515 AM",,,MyLowCostVM,Microsoft-Windows-Security-Auditing,Security,5379,5379,,,,,,"11/18/2024, 4:35:22.397 AM"
"11/18/2024, 4:31:04.887 AM",,,MyLowCostVM,Microsoft-Windows-Security-Auditing,Security,5379,5379,,,,,,"11/18/2024, 4:35:22.397 AM"
"11/18/2024, 4:31:04.887 AM",,,MyLowCostVM,Microsoft-Windows-Security-Auditing,Security,5379,5379,,,,,,"11/18/2024, 4:35:22.397 AM"
"11/18/2024, 4:31:04.887 AM",,,MyLowCostVM,Microsoft-Windows-Security-Auditing,Security,5379,5379,,,,,,"11/18/2024, 4:35:22.397 AM"
"11/18/2024, 4:31:04.898 AM",,,MyLowCostVM,Microsoft-Windows-Security-Auditing,Security,5379,5379,,,,,,"11/18/2024, 4:35:22.397 AM"
"11/18/2024, 4:31:04.898 AM",,,MyLowCostVM,Microsoft-Windows-Security-Auditing,Security,5379,5379,,,,,,"11/18/2024, 4:35:22.397 AM"
"11/18/2024, 4:31:04.898 AM",,,MyLowCostVM,Microsoft-Windows-Security-Auditing,Security,5379,5379,,,,,,"11/18/2024, 4:35:22.397 AM"
"11/18/2024, 4:31:05.081 AM",,,MyLowCostVM,Microsoft-Windows-Security-Auditing,Security,5379,5379,,,,,,"11/18/2024, 4:35:22.397 AM"
"11/18/2024, 4:31:05.081 AM",,,MyLowCostVM,Microsoft-Windows-Security-Auditing,Security,5379,5379,,,,,,"11/18/2024, 4:35:22.397 AM"
"11/18/2024, 4:31:05.081 AM",,,MyLowCostVM,Microsoft-Windows-Security-Auditing,Security,5379,5379,,,,,,"11/18/2024, 4:35:22.397 AM"
"11/18/2024, 4:31:05.146 AM",,,MyLowCostVM,Microsoft-Windows-Security-Auditing,Security,5379,5379,,,,,,"11/18/2024, 4:35:22.397 AM"
"11/18/2024, 4:31:05.147 AM",,,MyLowCostVM,Microsoft-Windows-Security-Auditing,Security,5379,5379,,,,,,"11/18/2024, 4:35:22.397 AM"
"11/18/2024, 4:31:05.151 AM",,,MyLowCostVM,Microsoft-Windows-Security-Auditing,Security,5379,5379,,,,,,"11/18/2024, 4:35:22.397 AM"
"11/18/2024, 4:31:05.152 AM",,,MyLowCostVM,Microsoft-Windows-Security-Auditing,Security,5379,5379,,,,,,"11/18/2024, 4:35:22.397 AM"
"11/18/2024, 4:31:05.164 AM",,,MyLowCostVM,Microsoft-Windows-Security-Auditing,Security,5379,5379,,,,,,"11/18/2024, 4:35:22.397 AM"
"11/18/2024, 4:31:05.164 AM",,,MyLowCostVM,Microsoft-Windows-Security-Auditing,Security,5379,5379,,,,,,"11/18/2024, 4:35:22.397 AM"
"11/18/2024, 4:31:05.164 AM",,,MyLowCostVM,Microsoft-Windows-Security-Auditing,Security,5379,5379,,,,,,"11/18/2024, 4:35:22.397 AM"
"11/18/2024, 4:31:05.272 AM",,,MyLowCostVM,Microsoft-Windows-Security-Auditing,Security,5379,5379,,,,,,"11/18/2024, 4:35:22.397 AM"
"11/18/2024, 4:31:05.272 AM",,,MyLowCostVM,Microsoft-Windows-Security-Auditing,Security,5379,5379,,,,,,"11/18/2024, 4:35:22.397 AM"
"11/18/2024, 4:31:05.276 AM",,,MyLowCostVM,Microsoft-Windows-Security-Auditing,Security,5379,5379,,,,,,"11/18/2024, 4:35:22.397 AM"
"11/18/2024, 4:31:05.276 AM",,,MyLowCostVM,Microsoft-Windows-Security-Auditing,Security,5379,5379,,,,,,"11/18/2024, 4:35:22.397 AM"
"11/18/2024, 4:31:05.423 AM",,,MyLowCostVM,Microsoft-Windows-Security-Auditing,Security,5379,5379,,,,,,"11/18/2024, 4:35:22.397 AM"
"11/18/2024, 4:31:05.423 AM",,,MyLowCostVM,Microsoft-Windows-Security-Auditing,Security,5379,5379,,,,,,"11/18/2024, 4:35:22.397 AM"
"11/18/2024, 4:31:05.426 AM",,,MyLowCostVM,Microsoft-Windows-Security-Auditing,Security,5379,5379,,,,,,"11/18/2024, 4:35:22.397 AM"
"11/18/2024, 4:31:05.426 AM",,,MyLowCostVM,Microsoft-Windows-Security-Auditing,Security,5379,5379,,,,,,"11/18/2024, 4:35:22.397 AM"
"11/18/2024, 4:31:05.470 AM",,,MyLowCostVM,Microsoft-Windows-Security-Auditing,Security,5379,5379,,,,,,"11/18/2024, 4:35:22.397 AM"
"11/18/2024, 4:31:05.470 AM",,,MyLowCostVM,Microsoft-Windows-Security-Auditing,Security,5379,5379,,,,,,"11/18/2024, 4:35:22.397 AM"
"11/18/2024, 4:31:05.474 AM",,,MyLowCostVM,Microsoft-Windows-Security-Auditing,Security,5379,5379,,,,,,"11/18/2024, 4:35:22.397 AM"
"11/18/2024, 4:31:05.474 AM",,,MyLowCostVM,Microsoft-Windows-Security-Auditing,Security,5379,5379,,,,,,"11/18/2024, 4:35:22.397 AM"
"11/18/2024, 4:31:06.416 AM",NT AUTHORITY\SYSTEM,Machine,MyLowCostVM,Microsoft-Windows-Security-Auditing,Security,4624,4624 - An account was successfully logged on.,-,5,5 - Service,NT AUTHORITY\SYSTEM,SYSTEM,"11/18/2024, 4:35:22.397 AM"
"11/18/2024, 4:31:06.416 AM",NT AUTHORITY\SYSTEM,Machine,MyLowCostVM,Microsoft-Windows-Security-Auditing,Security,4672,4672 - Special privileges assigned to new logon.,,,,,,"11/18/2024, 4:35:22.397 AM"
"11/18/2024, 4:31:09.433 AM",,,MyLowCostVM,Microsoft-Windows-Security-Auditing,Security,5379,5379,,,,,,"11/18/2024, 4:35:22.397 AM"
"11/18/2024, 4:31:09.434 AM",,,MyLowCostVM,Microsoft-Windows-Security-Auditing,Security,5379,5379,,,,,,"11/18/2024, 4:35:22.397 AM"
"11/18/2024, 4:31:09.434 AM",,,MyLowCostVM,Microsoft-Windows-Security-Auditing,Security,5379,5379,,,,,,"11/18/2024, 4:35:22.397 AM"
"11/18/2024, 4:31:09.690 AM",,,MyLowCostVM,Microsoft-Windows-Security-Auditing,Security,5379,5379,,,,,,"11/18/2024, 4:35:22.397 AM"
"11/18/2024, 4:31:09.690 AM",,,MyLowCostVM,Microsoft-Windows-Security-Auditing,Security,5379,5379,,,,,,"11/18/2024, 4:35:22.397 AM"
"11/18/2024, 4:31:09.694 AM",,,MyLowCostVM,Microsoft-Windows-Security-Auditing,Security,5379,5379,,,,,,"11/18/2024, 4:35:22.397 AM"
"11/18/2024, 4:31:09.694 AM",,,MyLowCostVM,Microsoft-Windows-Security-Auditing,Security,5379,5379,,,,,,"11/18/2024, 4:35:22.397 AM"
"11/18/2024, 4:31:26.187 AM",WORKGROUP\MyLowCostVM$,Machine,MyLowCostVM,Microsoft-Windows-Security-Auditing,Security,4798,4798 - A user's local group membership was enumerated.,,,,MyLowCostVM\Guest,Guest,"11/18/2024, 4:35:22.478 AM"
"11/18/2024, 4:31:26.244 AM",NT AUTHORITY\SYSTEM,Machine,MyLowCostVM,Microsoft-Windows-Security-Auditing,Security,4624,4624 - An account was successfully logged on.,-,5,5 - Service,NT AUTHORITY\SYSTEM,SYSTEM,"11/18/2024, 4:35:22.478 AM"
"11/18/2024, 4:31:26.244 AM",NT AUTHORITY\SYSTEM,Machine,MyLowCostVM,Microsoft-Windows-Security-Auditing,Security,4672,4672 - Special privileges assigned to new logon.,,,,,,"11/18/2024, 4:35:22.478 AM"
"11/18/2024, 4:31:30.982 AM",NT AUTHORITY\SYSTEM,Machine,MyLowCostVM,Microsoft-Windows-Security-Auditing,Security,4624,4624 - An account was successfully logged on.,-,5,5 - Service,NT AUTHORITY\SYSTEM,SYSTEM,"11/18/2024, 4:35:22.478 AM"
"11/18/2024, 4:31:30.982 AM",NT AUTHORITY\SYSTEM,Machine,MyLowCostVM,Microsoft-Windows-Security-Auditing,Security,4672,4672 - Special privileges assigned to new logon.,,,,,,"11/18/2024, 4:35:22.478 AM"
"11/18/2024, 4:31:31.008 AM",NT AUTHORITY\SYSTEM,Machine,MyLowCostVM,Microsoft-Windows-Security-Auditing,Security,4624,4624 - An account was successfully logged on.,-,5,5 - Service,NT AUTHORITY\SYSTEM,SYSTEM,"11/18/2024, 4:35:22.478 AM"
"11/18/2024, 4:31:31.008 AM",NT AUTHORITY\SYSTEM,Machine,MyLowCostVM,Microsoft-Windows-Security-Auditing,Security,4672,4672 - Special privileges assigned to new logon.,,,,,,"11/18/2024, 4:35:22.478 AM"
"11/18/2024, 4:31:35.857 AM",NT AUTHORITY\SYSTEM,Machine,MyLowCostVM,Microsoft-Windows-Security-Auditing,Security,4624,4624 - An account was successfully logged on.,-,5,5 - Service,NT AUTHORITY\SYSTEM,SYSTEM,"11/18/2024, 4:35:22.478 AM"
"11/18/2024, 4:31:35.857 AM",NT AUTHORITY\SYSTEM,Machine,MyLowCostVM,Microsoft-Windows-Security-Auditing,Security,4672,4672 - Special privileges assigned to new logon.,,,,,,"11/18/2024, 4:35:22.478 AM"
"11/18/2024, 4:31:41.016 AM",,,MyLowCostVM,Microsoft-Windows-Security-Auditing,Security,5379,5379,,,,,,"11/18/2024, 4:35:22.600 AM"
"11/18/2024, 4:31:41.016 AM",,,MyLowCostVM,Microsoft-Windows-Security-Auditing,Security,5379,5379,,,,,,"11/18/2024, 4:35:22.600 AM"
"11/18/2024, 4:31:41.016 AM",,,MyLowCostVM,Microsoft-Windows-Security-Auditing,Security,5379,5379,,,,,,"11/18/2024, 4:35:22.600 AM"
"11/18/2024, 4:31:41.285 AM",,,MyLowCostVM,Microsoft-Windows-Security-Auditing,Security,5379,5379,,,,,,"11/18/2024, 4:35:22.600 AM"
"11/18/2024, 4:31:41.285 AM",,,MyLowCostVM,Microsoft-Windows-Security-Auditing,Security,5379,5379,,,,,,"11/18/2024, 4:35:22.600 AM"
"11/18/2024, 4:31:41.288 AM",,,MyLowCostVM,Microsoft-Windows-Security-Auditing,Security,5379,5379,,,,,,"11/18/2024, 4:35:22.600 AM"
"11/18/2024, 4:31:41.288 AM",,,MyLowCostVM,Microsoft-Windows-Security-Auditing,Security,5379,5379,,,,,,"11/18/2024, 4:35:22.600 AM"
"11/18/2024, 4:31:44.360 AM",\SERVER,User,MyLowCostVM,Microsoft-Windows-Security-Auditing,Security,4625,4625 - An account failed to log on.,179.0.57.108,3,3 - Network,\SERVER,SERVER,"11/18/2024, 4:35:22.600 AM"
"11/18/2024, 4:32:21.413 AM",,,MyLowCostVM,Microsoft-Windows-Security-Auditing,Security,5379,5379,,,,,,"11/18/2024, 4:35:22.818 AM"
"11/18/2024, 4:32:21.413 AM",,,MyLowCostVM,Microsoft-Windows-Security-Auditing,Security,5379,5379,,,,,,"11/18/2024, 4:35:22.818 AM"
"11/18/2024, 4:32:21.414 AM",,,MyLowCostVM,Microsoft-Windows-Security-Auditing,Security,5379,5379,,,,,,"11/18/2024, 4:35:22.818 AM"
"11/18/2024, 4:32:21.700 AM",,,MyLowCostVM,Microsoft-Windows-Security-Auditing,Security,5379,5379,,,,,,"11/18/2024, 4:35:22.818 AM"
"11/18/2024, 4:32:21.701 AM",,,MyLowCostVM,Microsoft-Windows-Security-Auditing,Security,5379,5379,,,,,,"11/18/2024, 4:35:22.818 AM"
"11/18/2024, 4:32:21.704 AM",,,MyLowCostVM,Microsoft-Windows-Security-Auditing,Security,5379,5379,,,,,,"11/18/2024, 4:35:22.818 AM"
"11/18/2024, 4:32:21.704 AM",,,MyLowCostVM,Microsoft-Windows-Security-Auditing,Security,5379,5379,,,,,,"11/18/2024, 4:35:22.818 AM"
"11/18/2024, 4:32:21.706 AM",NT AUTHORITY\SYSTEM,Machine,MyLowCostVM,Microsoft-Windows-Security-Auditing,Security,4624,4624 - An account was successfully logged on.,-,5,5 - Service,NT AUTHORITY\SYSTEM,SYSTEM,"11/18/2024, 4:35:22.818 AM"
"11/18/2024, 4:32:21.706 AM",NT AUTHORITY\SYSTEM,Machine,MyLowCostVM,Microsoft-Windows-Security-Auditing,Security,4672,4672 - Special privileges assigned to new logon.,,,,,,"11/18/2024, 4:35:22.818 AM"
"11/18/2024, 4:32:28.346 AM",\FaxAgent,User,MyLowCostVM,Microsoft-Windows-Security-Auditing,Security,4625,4625 - An account failed to log on.,179.0.57.108,3,3 - Network,\FaxAgent,FaxAgent,"11/18/2024, 4:35:22.818 AM"
"11/18/2024, 4:32:37.054 AM",\ADMINISTRATOR,User,MyLowCostVM,Microsoft-Windows-Security-Auditing,Security,4625,4625 - An account failed to log on.,186.75.215.94,3,3 - Network,\ADMINISTRATOR,ADMINISTRATOR,"11/18/2024, 4:35:22.818 AM"
"11/18/2024, 4:33:07.403 AM",NT AUTHORITY\SYSTEM,Machine,MyLowCostVM,Microsoft-Windows-Security-Auditing,Security,4624,4624 - An account was successfully logged on.,-,5,5 - Service,NT AUTHORITY\SYSTEM,SYSTEM,"11/18/2024, 4:35:23.032 AM"
"11/18/2024, 4:33:07.403 AM",NT AUTHORITY\SYSTEM,Machine,MyLowCostVM,Microsoft-Windows-Security-Auditing,Security,4672,4672 - Special privileges assigned to new logon.,,,,,,"11/18/2024, 4:35:23.032 AM"
"11/18/2024, 4:33:08.933 AM",NT AUTHORITY\SYSTEM,Machine,MyLowCostVM,Microsoft-Windows-Security-Auditing,Security,4624,4624 - An account was successfully logged on.,-,5,5 - Service,NT AUTHORITY\SYSTEM,SYSTEM,"11/18/2024, 4:35:23.032 AM"
"11/18/2024, 4:33:08.933 AM",NT AUTHORITY\SYSTEM,Machine,MyLowCostVM,Microsoft-Windows-Security-Auditing,Security,4672,4672 - Special privileges assigned to new logon.,,,,,,"11/18/2024, 4:35:23.032 AM"
"11/18/2024, 4:33:18.412 AM",\emoses,User,MyLowCostVM,Microsoft-Windows-Security-Auditing,Security,4625,4625 - An account failed to log on.,141.95.82.247,3,3 - Network,\emoses,emoses,"11/18/2024, 4:35:23.032 AM"
"11/18/2024, 4:34:46.790 AM",\mwelsch,User,MyLowCostVM,Microsoft-Windows-Security-Auditing,Security,4625,4625 - An account failed to log on.,177.4.107.235,3,3 - Network,\mwelsch,mwelsch,"11/18/2024, 4:35:31.102 AM"
"11/18/2024, 4:35:41.658 AM",\mwelsch,User,MyLowCostVM,Microsoft-Windows-Security-Auditing,Security,4625,4625 - An account failed to log on.,186.219.222.174,3,3 - Network,\mwelsch,mwelsch,"11/18/2024, 4:36:31.088 AM"
"11/18/2024, 4:35:46.181 AM",\ADMINISTRATOR,User,MyLowCostVM,Microsoft-Windows-Security-Auditing,Security,4625,4625 - An account failed to log on.,186.75.215.94,3,3 - Network,\ADMINISTRATOR,ADMINISTRATOR,"11/18/2024, 4:36:31.088 AM"
"11/18/2024, 4:36:21.759 AM",\tbradley,User,MyLowCostVM,Microsoft-Windows-Security-Auditing,Security,4625,4625 - An account failed to log on.,141.95.82.247,3,3 - Network,\tbradley,tbradley,"11/18/2024, 4:37:11.068 AM"
"11/18/2024, 4:38:07.911 AM",\packing,User,MyLowCostVM,Microsoft-Windows-Security-Auditing,Security,4625,4625 - An account failed to log on.,103.142.87.50,3,3 - Network,\packing,packing,"11/18/2024, 4:38:51.086 AM"
"11/18/2024, 4:38:36.379 AM",\ehuebbers,User,MyLowCostVM,Microsoft-Windows-Security-Auditing,Security,4625,4625 - An account failed to log on.,177.4.107.235,3,3 - Network,\ehuebbers,ehuebbers,"11/18/2024, 4:39:11.087 AM"
"11/18/2024, 4:38:52.709 AM",\ADMINISTRATOR,User,MyLowCostVM,Microsoft-Windows-Security-Auditing,Security,4625,4625 - An account failed to log on.,186.75.215.94,3,3 - Network,\ADMINISTRATOR,ADMINISTRATOR,"11/18/2024, 4:39:31.087 AM"
"11/18/2024, 4:39:22.867 AM",\wpuser44,User,MyLowCostVM,Microsoft-Windows-Security-Auditing,Security,4625,4625 - An account failed to log on.,189.112.15.18,3,3 - Network,\wpuser44,wpuser44,"11/18/2024, 4:40:11.100 AM"
"11/18/2024, 4:40:19.894 AM",\wpuser10,User,MyLowCostVM,Microsoft-Windows-Security-Auditing,Security,4625,4625 - An account failed to log on.,181.177.12.111,3,3 - Network,\wpuser10,wpuser10,"11/18/2024, 4:40:51.100 AM"
"11/18/2024, 4:41:11.326 AM",\adminii,User,MyLowCostVM,Microsoft-Windows-Security-Auditing,Security,4625,4625 - An account failed to log on.,104.210.220.129,3,3 - Network,\adminii,adminii,"11/18/2024, 4:41:51.082 AM"
"11/18/2024, 4:41:57.217 AM",\ADMINISTRATOR,User,MyLowCostVM,Microsoft-Windows-Security-Auditing,Security,4625,4625 - An account failed to log on.,186.75.215.94,3,3 - Network,\ADMINISTRATOR,ADMINISTRATOR,"11/18/2024, 4:42:31.087 AM"
"11/18/2024, 4:41:58.411 AM",\Administrator,User,MyLowCostVM,Microsoft-Windows-Security-Auditing,Security,4625,4625 - An account failed to log on.,181.177.12.111,3,3 - Network,\Administrator,Administrator,"11/18/2024, 4:42:31.087 AM"
"11/18/2024, 4:42:35.977 AM",\divya,User,MyLowCostVM,Microsoft-Windows-Security-Auditing,Security,4625,4625 - An account failed to log on.,179.0.57.108,3,3 - Network,\divya,divya,"11/18/2024, 4:43:11.081 AM"
"11/18/2024, 4:43:25.726 AM",\sales,User,MyLowCostVM,Microsoft-Windows-Security-Auditing,Security,4625,4625 - An account failed to log on.,179.0.57.108,3,3 - Network,\sales,sales,"11/18/2024, 4:44:11.075 AM"
"11/18/2024, 4:43:30.697 AM",NT AUTHORITY\SYSTEM,Machine,MyLowCostVM,Microsoft-Windows-Security-Auditing,Security,4624,4624 - An account was successfully logged on.,-,5,5 - Service,NT AUTHORITY\SYSTEM,SYSTEM,"11/18/2024, 4:44:11.075 AM"
"11/18/2024, 4:43:30.697 AM",NT AUTHORITY\SYSTEM,Machine,MyLowCostVM,Microsoft-Windows-Security-Auditing,Security,4672,4672 - Special privileges assigned to new logon.,,,,,,"11/18/2024, 4:44:11.075 AM"
"11/18/2024, 4:43:34.860 AM",WORKGROUP\MyLowCostVM$,Machine,MyLowCostVM,Microsoft-Windows-Security-Auditing,Security,4799,4799 - A security-enabled local group membership was enumerated,,,,Builtin\Administrators,Administrators,"11/18/2024, 4:44:11.075 AM"
"11/18/2024, 4:43:34.861 AM",WORKGROUP\MyLowCostVM$,Machine,MyLowCostVM,Microsoft-Windows-Security-Auditing,Security,4799,4799 - A security-enabled local group membership was enumerated,,,,Builtin\Backup Operators,Backup Operators,"11/18/2024, 4:44:11.075 AM"
"11/18/2024, 4:43:35.888 AM",NT AUTHORITY\SYSTEM,Machine,MyLowCostVM,Microsoft-Windows-Security-Auditing,Security,4624,4624 - An account was successfully logged on.,-,5,5 - Service,NT AUTHORITY\SYSTEM,SYSTEM,"11/18/2024, 4:44:11.075 AM"
"11/18/2024, 4:43:35.888 AM",NT AUTHORITY\SYSTEM,Machine,MyLowCostVM,Microsoft-Windows-Security-Auditing,Security,4672,4672 - Special privileges assigned to new logon.,,,,,,"11/18/2024, 4:44:11.075 AM"
"11/18/2024, 4:43:40.890 AM",NT AUTHORITY\SYSTEM,Machine,MyLowCostVM,Microsoft-Windows-Security-Auditing,Security,4624,4624 - An account was successfully logged on.,-,5,5 - Service,NT AUTHORITY\SYSTEM,SYSTEM,"11/18/2024, 4:44:31.078 AM"
"11/18/2024, 4:43:40.890 AM",NT AUTHORITY\SYSTEM,Machine,MyLowCostVM,Microsoft-Windows-Security-Auditing,Security,4672,4672 - Special privileges assigned to new logon.,,,,,,"11/18/2024, 4:44:31.078 AM"
"11/18/2024, 4:43:40.926 AM",WORKGROUP\MyLowCostVM$,Machine,MyLowCostVM,Microsoft-Windows-Security-Auditing,Security,4799,4799 - A security-enabled local group membership was enumerated,,,,Builtin\Administrators,Administrators,"11/18/2024, 4:44:31.078 AM"
"11/18/2024, 4:43:40.927 AM",WORKGROUP\MyLowCostVM$,Machine,MyLowCostVM,Microsoft-Windows-Security-Auditing,Security,4799,4799 - A security-enabled local group membership was enumerated,,,,Builtin\Backup Operators,Backup Operators,"11/18/2024, 4:44:31.078 AM"
"11/18/2024, 4:43:40.935 AM",NT AUTHORITY\SYSTEM,Machine,MyLowCostVM,Microsoft-Windows-Security-Auditing,Security,4624,4624 - An account was successfully logged on.,-,5,5 - Service,NT AUTHORITY\SYSTEM,SYSTEM,"11/18/2024, 4:44:31.078 AM"
"11/18/2024, 4:43:40.935 AM",NT AUTHORITY\SYSTEM,Machine,MyLowCostVM,Microsoft-Windows-Security-Auditing,Security,4672,4672 - Special privileges assigned to new logon.,,,,,,"11/18/2024, 4:44:31.078 AM"
"11/18/2024, 4:43:40.945 AM",WORKGROUP\MyLowCostVM$,Machine,MyLowCostVM,Microsoft-Windows-Security-Auditing,Security,4799,4799 - A security-enabled local group membership was enumerated,,,,Builtin\Administrators,Administrators,"11/18/2024, 4:44:31.078 AM"
"11/18/2024, 4:43:40.946 AM",WORKGROUP\MyLowCostVM$,Machine,MyLowCostVM,Microsoft-Windows-Security-Auditing,Security,4799,4799 - A security-enabled local group membership was enumerated,,,,Builtin\Backup Operators,Backup Operators,"11/18/2024, 4:44:31.078 AM"
"11/18/2024, 4:43:40.956 AM",WORKGROUP\MyLowCostVM$,Machine,MyLowCostVM,Microsoft-Windows-Security-Auditing,Security,4799,4799 - A security-enabled local group membership was enumerated,,,,Builtin\Administrators,Administrators,"11/18/2024, 4:44:31.078 AM"
"11/18/2024, 4:43:40.957 AM",WORKGROUP\MyLowCostVM$,Machine,MyLowCostVM,Microsoft-Windows-Security-Auditing,Security,4799,4799 - A security-enabled local group membership was enumerated,,,,Builtin\Backup Operators,Backup Operators,"11/18/2024, 4:44:31.078 AM"
"11/18/2024, 4:43:40.965 AM",WORKGROUP\MyLowCostVM$,Machine,MyLowCostVM,Microsoft-Windows-Security-Auditing,Security,4799,4799 - A security-enabled local group membership was enumerated,,,,Builtin\Administrators,Administrators,"11/18/2024, 4:44:31.078 AM"
"11/18/2024, 4:43:40.966 AM",WORKGROUP\MyLowCostVM$,Machine,MyLowCostVM,Microsoft-Windows-Security-Auditing,Security,4799,4799 - A security-enabled local group membership was enumerated,,,,Builtin\Backup Operators,Backup Operators,"11/18/2024, 4:44:31.078 AM"
"11/18/2024, 4:44:23.934 AM",\admin,User,MyLowCostVM,Microsoft-Windows-Security-Auditing,Security,4625,4625 - An account failed to log on.,104.210.220.129,3,3 - Network,\admin,admin,"11/18/2024, 4:45:11.076 AM"
"11/18/2024, 4:45:03.582 AM",\ADMINISTRATOR,User,MyLowCostVM,Microsoft-Windows-Security-Auditing,Security,4625,4625 - An account failed to log on.,186.75.215.94,3,3 - Network,\ADMINISTRATOR,ADMINISTRATOR,"11/18/2024, 4:45:51.061 AM"
"11/18/2024, 4:45:56.599 AM",\counterbill,User,MyLowCostVM,Microsoft-Windows-Security-Auditing,Security,4625,4625 - An account failed to log on.,186.219.222.174,3,3 - Network,\counterbill,counterbill,"11/18/2024, 4:46:31.085 AM"
"11/18/2024, 4:46:44.130 AM",\giri,User,MyLowCostVM,Microsoft-Windows-Security-Auditing,Security,4625,4625 - An account failed to log on.,186.219.222.174,3,3 - Network,\giri,giri,"11/18/2024, 4:47:31.075 AM"
"11/18/2024, 4:48:15.825 AM",\foxmeadows,User,MyLowCostVM,Microsoft-Windows-Security-Auditing,Security,4625,4625 - An account failed to log on.,189.112.15.18,3,3 - Network,\foxmeadows,foxmeadows,"11/18/2024, 4:48:51.075 AM"
"11/18/2024, 4:49:09.001 AM",\foxmeadows,User,MyLowCostVM,Microsoft-Windows-Security-Auditing,Security,4625,4625 - An account failed to log on.,186.219.222.174,3,3 - Network,\foxmeadows,foxmeadows,"11/18/2024, 4:49:51.070 AM"
"11/18/2024, 4:49:53.041 AM",\Administrator,User,MyLowCostVM,Microsoft-Windows-Security-Auditing,Security,4625,4625 - An account failed to log on.,177.4.107.235,3,3 - Network,\Administrator,Administrator,"11/18/2024, 4:50:31.079 AM"
"11/18/2024, 4:50:55.853 AM",\Admin,User,MyLowCostVM,Microsoft-Windows-Security-Auditing,Security,4625,4625 - An account failed to log on.,181.177.12.111,3,3 - Network,\Admin,Admin,"11/18/2024, 4:51:31.076 AM"
"11/18/2024, 4:51:17.816 AM",\ADMINISTRATOR,User,MyLowCostVM,Microsoft-Windows-Security-Auditing,Security,4625,4625 - An account failed to log on.,186.75.215.94,3,3 - Network,\ADMINISTRATOR,ADMINISTRATOR,"11/18/2024, 4:51:51.077 AM"
"11/18/2024, 4:51:25.340 AM",\Exam,User,MyLowCostVM,Microsoft-Windows-Security-Auditing,Security,4625,4625 - An account failed to log on.,189.112.15.18,3,3 - Network,\Exam,Exam,"11/18/2024, 4:52:11.078 AM"
"11/18/2024, 4:52:19.123 AM",\Administrator,User,MyLowCostVM,Microsoft-Windows-Security-Auditing,Security,4625,4625 - An account failed to log on.,189.112.15.18,3,3 - Network,\Administrator,Administrator,"11/18/2024, 4:52:51.091 AM"
"11/18/2024, 4:53:06.803 AM",\administrator,User,MyLowCostVM,Microsoft-Windows-Security-Auditing,Security,4625,4625 - An account failed to log on.,189.112.15.18,3,3 - Network,\administrator,administrator,"11/18/2024, 4:53:51.063 AM"
"11/18/2024, 4:54:24.052 AM",\ADMINISTRATOR,User,MyLowCostVM,Microsoft-Windows-Security-Auditing,Security,4625,4625 - An account failed to log on.,186.75.215.94,3,3 - Network,\ADMINISTRATOR,ADMINISTRATOR,"11/18/2024, 4:55:11.072 AM"
"11/18/2024, 4:54:50.143 AM",\bina,User,MyLowCostVM,Microsoft-Windows-Security-Auditing,Security,4625,4625 - An account failed to log on.,177.4.107.235,3,3 - Network,\bina,bina,"11/18/2024, 4:55:31.076 AM"
"11/18/2024, 4:55:41.080 AM",\Administrator,User,MyLowCostVM,Microsoft-Windows-Security-Auditing,Security,4625,4625 - An account failed to log on.,181.177.12.111,3,3 - Network,\Administrator,Administrator,"11/18/2024, 4:56:31.090 AM"
"11/18/2024, 4:56:25.357 AM",\ims,User,MyLowCostVM,Microsoft-Windows-Security-Auditing,Security,4625,4625 - An account failed to log on.,141.95.82.247,3,3 - Network,\ims,ims,"11/18/2024, 4:57:11.069 AM"
"11/18/2024, 4:57:11.932 AM",\ims,User,MyLowCostVM,Microsoft-Windows-Security-Auditing,Security,4625,4625 - An account failed to log on.,189.112.15.18,3,3 - Network,\ims,ims,"11/18/2024, 4:57:51.073 AM"
"11/18/2024, 4:57:30.466 AM",\ADMINISTRATOR,User,MyLowCostVM,Microsoft-Windows-Security-Auditing,Security,4625,4625 - An account failed to log on.,186.75.215.94,3,3 - Network,\ADMINISTRATOR,ADMINISTRATOR,"11/18/2024, 4:58:11.086 AM"
"11/18/2024, 4:58:51.467 AM",\coreadmin,User,MyLowCostVM,Microsoft-Windows-Security-Auditing,Security,4625,4625 - An account failed to log on.,179.0.57.108,3,3 - Network,\coreadmin,coreadmin,"11/18/2024, 4:59:31.047 AM"
"11/18/2024, 4:59:00.466 AM",\admin,User,MyLowCostVM,Microsoft-Windows-Security-Auditing,Security,4625,4625 - An account failed to log on.,144.217.111.52,3,3 - Network,\admin,admin,"11/18/2024, 4:59:51.068 AM"
"11/18/2024, 5:00:29.484 AM",\Allheartadmin,User,MyLowCostVM,Microsoft-Windows-Security-Auditing,Security,4625,4625 - An account failed to log on.,179.0.57.108,3,3 - Network,\Allheartadmin,Allheartadmin,"11/18/2024, 5:01:11.083 AM"
"11/18/2024, 5:00:36.038 AM",\ADMINISTRATOR,User,MyLowCostVM,Microsoft-Windows-Security-Auditing,Security,4625,4625 - An account failed to log on.,186.75.215.94,3,3 - Network,\ADMINISTRATOR,ADMINISTRATOR,"11/18/2024, 5:01:11.083 AM"
"11/18/2024, 5:00:40.185 AM",\support,User,MyLowCostVM,Microsoft-Windows-Security-Auditing,Security,4625,4625 - An account failed to log on.,144.217.111.52,3,3 - Network,\support,support,"11/18/2024, 5:01:31.072 AM"
"11/18/2024, 5:01:17.062 AM",\Providence,User,MyLowCostVM,Microsoft-Windows-Security-Auditing,Security,4625,4625 - An account failed to log on.,189.112.15.18,3,3 - Network,\Providence,Providence,"11/18/2024, 5:01:51.101 AM"
"11/18/2024, 5:02:09.796 AM",\XfmHL,User,MyLowCostVM,Microsoft-Windows-Security-Auditing,Security,4625,4625 - An account failed to log on.,141.95.82.247,3,3 - Network,\XfmHL,XfmHL,"11/18/2024, 5:02:51.080 AM"
"11/18/2024, 5:02:57.009 AM",\Administrator,User,MyLowCostVM,Microsoft-Windows-Security-Auditing,Security,4625,4625 - An account failed to log on.,179.0.57.108,3,3 - Network,\Administrator,Administrator,"11/18/2024, 5:03:31.077 AM"
"11/18/2024, 5:03:42.909 AM",\ADMINISTRATOR,User,MyLowCostVM,Microsoft-Windows-Security-Auditing,Security,4625,4625 - An account failed to log on.,186.75.215.94,3,3 - Network,\ADMINISTRATOR,ADMINISTRATOR,"11/18/2024, 5:04:31.067 AM"
"11/18/2024, 5:03:47.612 AM",\administrator,User,MyLowCostVM,Microsoft-Windows-Security-Auditing,Security,4625,4625 - An account failed to log on.,141.95.82.248,3,3 - Network,\administrator,administrator,"11/18/2024, 5:04:31.067 AM"
"11/18/2024, 5:04:49.922 AM",\Data Center User,User,MyLowCostVM,Microsoft-Windows-Security-Auditing,Security,4625,4625 - An account failed to log on.,181.177.12.111,3,3 - Network,\Data Center User,Data Center User,"11/18/2024, 5:05:31.079 AM"
"11/18/2024, 5:05:19.717 AM",\administrator,User,MyLowCostVM,Microsoft-Windows-Security-Auditing,Security,4625,4625 - An account failed to log on.,189.112.15.18,3,3 - Network,\administrator,administrator,"11/18/2024, 5:05:51.090 AM"
"11/18/2024, 5:06:51.846 AM",\ADMINISTRATOR,User,MyLowCostVM,Microsoft-Windows-Security-Auditing,Security,4625,4625 - An account failed to log on.,186.75.215.94,3,3 - Network,\ADMINISTRATOR,ADMINISTRATOR,"11/18/2024, 5:07:31.077 AM"
"11/18/2024, 5:06:55.587 AM",\support,User,MyLowCostVM,Microsoft-Windows-Security-Auditing,Security,4625,4625 - An account failed to log on.,189.112.15.18,3,3 - Network,\support,support,"11/18/2024, 5:07:31.077 AM"
"11/18/2024, 5:08:40.173 AM",\Administrator,User,MyLowCostVM,Microsoft-Windows-Security-Auditing,Security,4625,4625 - An account failed to log on.,179.0.57.108,3,3 - Network,\Administrator,Administrator,"11/18/2024, 5:09:31.028 AM"
"11/18/2024, 5:09:24.502 AM",\ksPDP,User,MyLowCostVM,Microsoft-Windows-Security-Auditing,Security,4625,4625 - An account failed to log on.,177.4.107.235,3,3 - Network,\ksPDP,ksPDP,"11/18/2024, 5:10:11.068 AM"
"11/18/2024, 5:10:01.597 AM",\ADMINISTRATOR,User,MyLowCostVM,Microsoft-Windows-Security-Auditing,Security,4625,4625 - An account failed to log on.,186.75.215.94,3,3 - Network,\ADMINISTRATOR,ADMINISTRATOR,"11/18/2024, 5:10:51.095 AM"
"11/18/2024, 5:10:24.156 AM",\BaAgK,User,MyLowCostVM,Microsoft-Windows-Security-Auditing,Security,4625,4625 - An account failed to log on.,141.95.82.248,3,3 - Network,\BaAgK,BaAgK,"11/18/2024, 5:11:11.071 AM"
"11/18/2024, 5:12:24.912 AM",\sysadm05,User,MyLowCostVM,Microsoft-Windows-Security-Auditing,Security,4625,4625 - An account failed to log on.,157.55.138.57,3,3 - Network,\sysadm05,sysadm05,"11/18/2024, 5:13:11.071 AM"
"11/18/2024, 5:12:49.692 AM",\rhonda,User,MyLowCostVM,Microsoft-Windows-Security-Auditing,Security,4625,4625 - An account failed to log on.,144.217.111.52,3,3 - Network,\rhonda,rhonda,"11/18/2024, 5:13:31.091 AM"
"11/18/2024, 5:12:57.677 AM",\Administrator,User,MyLowCostVM,Microsoft-Windows-Security-Auditing,Security,4625,4625 - An account failed to log on.,141.95.82.248,3,3 - Network,\Administrator,Administrator,"11/18/2024, 5:13:31.091 AM"
"11/18/2024, 5:13:06.295 AM",\ADMINISTRATOR,User,MyLowCostVM,Microsoft-Windows-Security-Auditing,Security,4625,4625 - An account failed to log on.,186.75.215.94,3,3 - Network,\ADMINISTRATOR,ADMINISTRATOR,"11/18/2024, 5:13:51.078 AM"
"11/18/2024, 5:13:41.019 AM",\Administrator,User,MyLowCostVM,Microsoft-Windows-Security-Auditing,Security,4625,4625 - An account failed to log on.,177.4.107.235,3,3 - Network,\Administrator,Administrator,"11/18/2024, 5:14:31.074 AM"
"11/18/2024, 5:15:40.215 AM",\Admin,User,MyLowCostVM,Microsoft-Windows-Security-Auditing,Security,4625,4625 - An account failed to log on.,103.142.87.50,3,3 - Network,\Admin,Admin,"11/18/2024, 5:16:31.049 AM"
"11/18/2024, 5:16:16.509 AM",\ADMINISTRATOR,User,MyLowCostVM,Microsoft-Windows-Security-Auditing,Security,4625,4625 - An account failed to log on.,186.75.215.94,3,3 - Network,\ADMINISTRATOR,ADMINISTRATOR,"11/18/2024, 5:16:51.061 AM"
"11/18/2024, 5:16:29.730 AM",\prorivertech,User,MyLowCostVM,Microsoft-Windows-Security-Auditing,Security,4625,4625 - An account failed to log on.,103.142.87.50,3,3 - Network,\prorivertech,prorivertech,"11/18/2024, 5:17:11.096 AM"
"11/18/2024, 5:17:06.650 AM",\andre,User,MyLowCostVM,Microsoft-Windows-Security-Auditing,Security,4625,4625 - An account failed to log on.,189.112.15.18,3,3 - Network,\andre,andre,"11/18/2024, 5:17:51.034 AM"
"11/18/2024, 5:17:54.326 AM",\spsadmin,User,MyLowCostVM,Microsoft-Windows-Security-Auditing,Security,4625,4625 - An account failed to log on.,189.112.15.18,3,3 - Network,\spsadmin,spsadmin,"11/18/2024, 5:18:31.066 AM"
"11/18/2024, 5:19:02.287 AM",\office,User,MyLowCostVM,Microsoft-Windows-Security-Auditing,Security,4625,4625 - An account failed to log on.,181.177.12.111,3,3 - Network,\office,office,"11/18/2024, 5:19:51.098 AM"
"11/18/2024, 5:19:39.813 AM",\office,User,MyLowCostVM,Microsoft-Windows-Security-Auditing,Security,4625,4625 - An account failed to log on.,141.95.82.248,3,3 - Network,\office,office,"11/18/2024, 5:20:11.010 AM"
"11/18/2024, 5:20:36.824 AM",\spsadmin,User,MyLowCostVM,Microsoft-Windows-Security-Auditing,Security,4625,4625 - An account failed to log on.,181.177.12.111,3,3 - Network,\spsadmin,spsadmin,"11/18/2024, 5:21:11.077 AM"
"11/18/2024, 5:21:17.461 AM",\MeditabAccess,User,MyLowCostVM,Microsoft-Windows-Security-Auditing,Security,4625,4625 - An account failed to log on.,189.112.15.18,3,3 - Network,\MeditabAccess,MeditabAccess,"11/18/2024, 5:21:51.075 AM"
"11/18/2024, 5:22:15.075 AM",\informix,User,MyLowCostVM,Microsoft-Windows-Security-Auditing,Security,4625,4625 - An account failed to log on.,186.219.222.174,3,3 - Network,\informix,informix,"11/18/2024, 5:22:51.080 AM"
"11/18/2024, 5:22:33.287 AM",\ADMINISTRATOR,User,MyLowCostVM,Microsoft-Windows-Security-Auditing,Security,4625,4625 - An account failed to log on.,186.75.215.94,3,3 - Network,\ADMINISTRATOR,ADMINISTRATOR,"11/18/2024, 5:23:11.089 AM"
"11/18/2024, 5:22:57.828 AM",\Administrador,User,MyLowCostVM,Microsoft-Windows-Security-Auditing,Security,4625,4625 - An account failed to log on.,189.112.15.18,3,3 - Network,\Administrador,Administrador,"11/18/2024, 5:23:31.061 AM"
"11/18/2024, 5:23:33.739 AM",WORKGROUP\MyLowCostVM$,Machine,MyLowCostVM,Microsoft-Windows-Security-Auditing,Security,4799,4799 - A security-enabled local group membership was enumerated,,,,Builtin\Remote Desktop Users,Remote Desktop Users,"11/18/2024, 5:24:11.075 AM"
"11/18/2024, 5:23:36.065 AM",WORKGROUP\MyLowCostVM$,Machine,MyLowCostVM,Microsoft-Windows-Security-Auditing,Security,4799,4799 - A security-enabled local group membership was enumerated,,,,Builtin\Administrators,Administrators,"11/18/2024, 5:24:11.075 AM"
"11/18/2024, 5:23:36.067 AM",WORKGROUP\MyLowCostVM$,Machine,MyLowCostVM,Microsoft-Windows-Security-Auditing,Security,4798,4798 - A user's local group membership was enumerated.,,,,MyLowCostVM\crankthat,crankthat,"11/18/2024, 5:24:11.075 AM"
"11/18/2024, 5:23:36.075 AM",WORKGROUP\MyLowCostVM$,Machine,MyLowCostVM,Microsoft-Windows-Security-Auditing,Security,4798,4798 - A user's local group membership was enumerated.,,,,MyLowCostVM\crankthat,crankthat,"11/18/2024, 5:24:11.075 AM"
"11/18/2024, 5:23:36.076 AM",WORKGROUP\MyLowCostVM$,Machine,MyLowCostVM,Microsoft-Windows-Security-Auditing,Security,4798,4798 - A user's local group membership was enumerated.,,,,MyLowCostVM\DefaultAccount,DefaultAccount,"11/18/2024, 5:24:11.075 AM"
"11/18/2024, 5:23:36.076 AM",WORKGROUP\MyLowCostVM$,Machine,MyLowCostVM,Microsoft-Windows-Security-Auditing,Security,4798,4798 - A user's local group membership was enumerated.,,,,MyLowCostVM\Guest,Guest,"11/18/2024, 5:24:11.075 AM"
"11/18/2024, 5:23:36.076 AM",WORKGROUP\MyLowCostVM$,Machine,MyLowCostVM,Microsoft-Windows-Security-Auditing,Security,4798,4798 - A user's local group membership was enumerated.,,,,MyLowCostVM\WDAGUtilityAccount,WDAGUtilityAccount,"11/18/2024, 5:24:11.075 AM"
"11/18/2024, 5:23:38.405 AM",WORKGROUP\MyLowCostVM$,Machine,MyLowCostVM,Microsoft-Windows-Security-Auditing,Security,4798,4798 - A user's local group membership was enumerated.,,,,MyLowCostVM\crankthat,crankthat,"11/18/2024, 5:24:11.075 AM"
"11/18/2024, 5:23:38.409 AM",WORKGROUP\MyLowCostVM$,Machine,MyLowCostVM,Microsoft-Windows-Security-Auditing,Security,4798,4798 - A user's local group membership was enumerated.,,,,MyLowCostVM\crankthat,crankthat,"11/18/2024, 5:24:11.075 AM"
"11/18/2024, 5:24:04.588 AM",\Administrador,User,MyLowCostVM,Microsoft-Windows-Security-Auditing,Security,4625,4625 - An account failed to log on.,181.177.12.111,3,3 - Network,\Administrador,Administrador,"11/18/2024, 5:24:51.074 AM"
"11/18/2024, 5:24:56.683 AM",\Administrator,User,MyLowCostVM,Microsoft-Windows-Security-Auditing,Security,4625,4625 - An account failed to log on.,181.177.12.111,3,3 - Network,\Administrator,Administrator,"11/18/2024, 5:25:31.072 AM"
"11/18/2024, 5:25:42.358 AM",\ADMINISTRATOR,User,MyLowCostVM,Microsoft-Windows-Security-Auditing,Security,4625,4625 - An account failed to log on.,186.75.215.94,3,3 - Network,\ADMINISTRATOR,ADMINISTRATOR,"11/18/2024, 5:26:31.081 AM"
"11/18/2024, 5:26:32.543 AM",\Administrator,User,MyLowCostVM,Microsoft-Windows-Security-Auditing,Security,4625,4625 - An account failed to log on.,186.219.222.174,3,3 - Network,\Administrator,Administrator,"11/18/2024, 5:27:11.065 AM"
"11/18/2024, 5:26:41.324 AM",\Administrator,User,MyLowCostVM,Microsoft-Windows-Security-Auditing,Security,4625,4625 - An account failed to log on.,157.55.138.57,3,3 - Network,\Administrator,Administrator,"11/18/2024, 5:27:31.063 AM"
"11/18/2024, 5:27:07.483 AM",NT AUTHORITY\SYSTEM,Machine,MyLowCostVM,Microsoft-Windows-Security-Auditing,Security,4624,4624 - An account was successfully logged on.,-,5,5 - Service,NT AUTHORITY\SYSTEM,SYSTEM,"11/18/2024, 5:27:51.071 AM"
"11/18/2024, 5:27:07.483 AM",NT AUTHORITY\SYSTEM,Machine,MyLowCostVM,Microsoft-Windows-Security-Auditing,Security,4672,4672 - Special privileges assigned to new logon.,,,,,,"11/18/2024, 5:27:51.071 AM"
"11/18/2024, 5:27:26.970 AM",\support_388945a1,User,MyLowCostVM,Microsoft-Windows-Security-Auditing,Security,4625,4625 - An account failed to log on.,186.219.222.174,3,3 - Network,\support_388945a1,support_388945a1,"11/18/2024, 5:28:11.074 AM"
"11/18/2024, 5:28:51.032 AM",\ADMINISTRATOR,User,MyLowCostVM,Microsoft-Windows-Security-Auditing,Security,4625,4625 - An account failed to log on.,186.75.215.94,3,3 - Network,\ADMINISTRATOR,ADMINISTRATOR,"11/18/2024, 5:29:31.078 AM"
"11/18/2024, 5:28:55.240 AM",\asp,User,MyLowCostVM,Microsoft-Windows-Security-Auditing,Security,4625,4625 - An account failed to log on.,177.4.107.235,3,3 - Network,\asp,asp,"11/18/2024, 5:29:31.078 AM"
"11/18/2024, 5:29:23.365 AM",\flyer,User,MyLowCostVM,Microsoft-Windows-Security-Auditing,Security,4625,4625 - An account failed to log on.,157.55.138.57,3,3 - Network,\flyer,flyer,"11/18/2024, 5:30:11.100 AM"
"11/18/2024, 5:29:49.495 AM",\asp,User,MyLowCostVM,Microsoft-Windows-Security-Auditing,Security,4625,4625 - An account failed to log on.,189.112.15.18,3,3 - Network,\asp,asp,"11/18/2024, 5:30:31.081 AM"
"11/18/2024, 5:30:45.033 AM",\iisapp,User,MyLowCostVM,Microsoft-Windows-Security-Auditing,Security,4625,4625 - An account failed to log on.,186.219.222.174,3,3 - Network,\iisapp,iisapp,"11/18/2024, 5:31:31.090 AM"
"11/18/2024, 5:31:36.091 AM",\Admin,User,MyLowCostVM,Microsoft-Windows-Security-Auditing,Security,4625,4625 - An account failed to log on.,179.0.57.108,3,3 - Network,\Admin,Admin,"11/18/2024, 5:32:11.079 AM"
"11/18/2024, 5:31:59.467 AM",\ADMINISTRATOR,User,MyLowCostVM,Microsoft-Windows-Security-Auditing,Security,4625,4625 - An account failed to log on.,186.75.215.94,3,3 - Network,\ADMINISTRATOR,ADMINISTRATOR,"11/18/2024, 5:32:31.067 AM"
"11/18/2024, 5:33:55.709 AM",\admin$,Machine,MyLowCostVM,Microsoft-Windows-Security-Auditing,Security,4625,4625 - An account failed to log on.,189.112.15.18,3,3 - Network,\admin$,admin$,"11/18/2024, 5:34:31.073 AM"
"11/18/2024, 5:34:50.309 AM",\Administrator,User,MyLowCostVM,Microsoft-Windows-Security-Auditing,Security,4625,4625 - An account failed to log on.,189.112.15.18,3,3 - Network,\Administrator,Administrator,"11/18/2024, 5:35:31.075 AM"
"11/18/2024, 5:35:09.964 AM",\ADMINISTRATOR,User,MyLowCostVM,Microsoft-Windows-Security-Auditing,Security,4625,4625 - An account failed to log on.,186.75.215.94,3,3 - Network,\ADMINISTRATOR,ADMINISTRATOR,"11/18/2024, 5:35:51.079 AM"
"11/18/2024, 5:35:45.670 AM",\ASP.NET,User,MyLowCostVM,Microsoft-Windows-Security-Auditing,Security,4625,4625 - An account failed to log on.,179.0.57.108,3,3 - Network,\ASP.NET,ASP.NET,"11/18/2024, 5:36:31.083 AM"
"11/18/2024, 5:36:29.825 AM",\21cfr,User,MyLowCostVM,Microsoft-Windows-Security-Auditing,Security,4625,4625 - An account failed to log on.,189.112.15.18,3,3 - Network,\21cfr,21cfr,"11/18/2024, 5:37:11.225 AM"
"11/18/2024, 5:37:22.024 AM",\Administrator,User,MyLowCostVM,Microsoft-Windows-Security-Auditing,Security,4625,4625 - An account failed to log on.,189.112.15.18,3,3 - Network,\Administrator,Administrator,"11/18/2024, 5:38:11.069 AM"
"11/18/2024, 5:38:18.353 AM",\ADMINISTRATOR,User,MyLowCostVM,Microsoft-Windows-Security-Auditing,Security,4625,4625 - An account failed to log on.,186.75.215.94,3,3 - Network,\ADMINISTRATOR,ADMINISTRATOR,"11/18/2024, 5:38:51.135 AM"
"11/18/2024, 5:38:26.052 AM",\Admin,User,MyLowCostVM,Microsoft-Windows-Security-Auditing,Security,4625,4625 - An account failed to log on.,181.177.12.111,3,3 - Network,\Admin,Admin,"11/18/2024, 5:39:11.076 AM"
"11/18/2024, 5:39:04.802 AM",\User,User,MyLowCostVM,Microsoft-Windows-Security-Auditing,Security,4625,4625 - An account failed to log on.,189.112.15.18,3,3 - Network,\User,User,"11/18/2024, 5:39:51.068 AM"
"11/18/2024, 5:39:58.777 AM",\Admin,User,MyLowCostVM,Microsoft-Windows-Security-Auditing,Security,4625,4625 - An account failed to log on.,177.4.107.235,3,3 - Network,\Admin,Admin,"11/18/2024, 5:40:31.068 AM"
"11/18/2024, 5:41:26.302 AM",\ADMINISTRATOR,User,MyLowCostVM,Microsoft-Windows-Security-Auditing,Security,4625,4625 - An account failed to log on.,186.75.215.94,3,3 - Network,\ADMINISTRATOR,ADMINISTRATOR,"11/18/2024, 5:42:11.076 AM"
"11/18/2024, 5:41:50.058 AM",\Administrator,User,MyLowCostVM,Microsoft-Windows-Security-Auditing,Security,4625,4625 - An account failed to log on.,186.219.222.174,3,3 - Network,\Administrator,Administrator,"11/18/2024, 5:42:31.078 AM"
"11/18/2024, 5:42:34.210 AM",\Netrich,User,MyLowCostVM,Microsoft-Windows-Security-Auditing,Security,4625,4625 - An account failed to log on.,189.112.15.18,3,3 - Network,\Netrich,Netrich,"11/18/2024, 5:43:11.069 AM"
"11/18/2024, 5:43:34.283 AM",\Guest,User,MyLowCostVM,Microsoft-Windows-Security-Auditing,Security,4625,4625 - An account failed to log on.,103.142.87.50,3,3 - Network,\Guest,Guest,"11/18/2024, 5:44:11.064 AM"
"11/18/2024, 5:44:20.208 AM",\IAdmin_18,User,MyLowCostVM,Microsoft-Windows-Security-Auditing,Security,4625,4625 - An account failed to log on.,141.95.82.248,3,3 - Network,\IAdmin_18,IAdmin_18,"11/18/2024, 5:45:11.040 AM"
"11/18/2024, 5:44:35.159 AM",\ADMINISTRATOR,User,MyLowCostVM,Microsoft-Windows-Security-Auditing,Security,4625,4625 - An account failed to log on.,186.75.215.94,3,3 - Network,\ADMINISTRATOR,ADMINISTRATOR,"11/18/2024, 5:45:11.040 AM"
"11/18/2024, 5:45:05.631 AM",\Administrator,User,MyLowCostVM,Microsoft-Windows-Security-Auditing,Security,4625,4625 - An account failed to log on.,189.112.15.18,3,3 - Network,\Administrator,Administrator,"11/18/2024, 5:45:51.089 AM"
"11/18/2024, 5:46:02.647 AM",\LocalServer,User,MyLowCostVM,Microsoft-Windows-Security-Auditing,Security,4625,4625 - An account failed to log on.,141.95.82.248,3,3 - Network,\LocalServer,LocalServer,"11/18/2024, 5:46:51.066 AM"
"11/18/2024, 5:47:01.273 AM",\pvtpr,User,MyLowCostVM,Microsoft-Windows-Security-Auditing,Security,4625,4625 - An account failed to log on.,181.177.12.111,3,3 - Network,\pvtpr,pvtpr,"11/18/2024, 5:47:51.087 AM"
"11/18/2024, 5:47:46.977 AM",\ADMINISTRATOR,User,MyLowCostVM,Microsoft-Windows-Security-Auditing,Security,4625,4625 - An account failed to log on.,186.75.215.94,3,3 - Network,\ADMINISTRATOR,ADMINISTRATOR,"11/18/2024, 5:48:31.077 AM"
"11/18/2024, 5:47:57.916 AM",\eduardo,User,MyLowCostVM,Microsoft-Windows-Security-Auditing,Security,4625,4625 - An account failed to log on.,181.177.12.111,3,3 - Network,\eduardo,eduardo,"11/18/2024, 5:48:31.077 AM"
"11/18/2024, 5:48:38.663 AM",\rodrigo,User,MyLowCostVM,Microsoft-Windows-Security-Auditing,Security,4625,4625 - An account failed to log on.,141.95.82.247,3,3 - Network,\rodrigo,rodrigo,"11/18/2024, 5:49:11.087 AM"
"11/18/2024, 5:49:31.633 AM",\Administrador,User,MyLowCostVM,Microsoft-Windows-Security-Auditing,Security,4625,4625 - An account failed to log on.,186.219.222.174,3,3 - Network,\Administrador,Administrador,"11/18/2024, 5:50:11.072 AM"
"11/18/2024, 5:50:56.858 AM",\ADMINISTRATOR,User,MyLowCostVM,Microsoft-Windows-Security-Auditing,Security,4625,4625 - An account failed to log on.,186.75.215.94,3,3 - Network,\ADMINISTRATOR,ADMINISTRATOR,"11/18/2024, 5:51:31.068 AM"
"11/18/2024, 5:51:12.022 AM",,,MyLowCostVM,Microsoft-Windows-Security-Auditing,Security,5058,5058 - Key file operation.,,,,,,"11/18/2024, 5:51:51.073 AM"
"11/18/2024, 5:51:12.023 AM",,,MyLowCostVM,Microsoft-Windows-Security-Auditing,Security,5061,5061 - Cryptographic operation.,,,,,,"11/18/2024, 5:51:51.073 AM"
"11/18/2024, 5:51:17.989 AM",\Admin,User,MyLowCostVM,Microsoft-Windows-Security-Auditing,Security,4625,4625 - An account failed to log on.,181.177.12.111,3,3 - Network,\Admin,Admin,"11/18/2024, 5:51:51.073 AM"
"11/18/2024, 5:51:53.618 AM",\admin,User,MyLowCostVM,Microsoft-Windows-Security-Auditing,Security,4625,4625 - An account failed to log on.,177.4.107.235,3,3 - Network,\admin,admin,"11/18/2024, 5:52:31.069 AM"
"11/18/2024, 5:53:44.728 AM",\admin,User,MyLowCostVM,Microsoft-Windows-Security-Auditing,Security,4625,4625 - An account failed to log on.,141.95.82.247,3,3 - Network,\admin,admin,"11/18/2024, 5:54:31.055 AM"
"11/18/2024, 5:54:05.398 AM",\ADMINISTRATOR,User,MyLowCostVM,Microsoft-Windows-Security-Auditing,Security,4625,4625 - An account failed to log on.,186.75.215.94,3,3 - Network,\ADMINISTRATOR,ADMINISTRATOR,"11/18/2024, 5:54:51.071 AM"
"11/18/2024, 5:55:21.968 AM",\support,User,MyLowCostVM,Microsoft-Windows-Security-Auditing,Security,4625,4625 - An account failed to log on.,179.0.57.108,3,3 - Network,\support,support,"11/18/2024, 5:56:11.070 AM"
"11/18/2024, 5:56:07.033 AM",\Administrator,User,MyLowCostVM,Microsoft-Windows-Security-Auditing,Security,4625,4625 - An account failed to log on.,177.4.107.235,3,3 - Network,\Administrator,Administrator,"11/18/2024, 5:56:51.069 AM"
"11/18/2024, 5:56:59.154 AM",\Bill,User,MyLowCostVM,Microsoft-Windows-Security-Auditing,Security,4625,4625 - An account failed to log on.,189.112.15.18,3,3 - Network,\Bill,Bill,"11/18/2024, 5:57:31.077 AM"
"11/18/2024, 5:57:15.657 AM",\ADMINISTRATOR,User,MyLowCostVM,Microsoft-Windows-Security-Auditing,Security,4625,4625 - An account failed to log on.,186.75.215.94,3,3 - Network,\ADMINISTRATOR,ADMINISTRATOR,"11/18/2024, 5:57:51.080 AM"
"11/18/2024, 5:57:57.926 AM",\xbox,User,MyLowCostVM,Microsoft-Windows-Security-Auditing,Security,4625,4625 - An account failed to log on.,141.95.82.248,3,3 - Network,\xbox,xbox,"11/18/2024, 5:58:31.083 AM"
"11/18/2024, 5:59:00.938 AM",\Lynn,User,MyLowCostVM,Microsoft-Windows-Security-Auditing,Security,4625,4625 - An account failed to log on.,181.177.12.111,3,3 - Network,\Lynn,Lynn,"11/18/2024, 5:59:51.075 AM"
"11/18/2024, 5:59:37.084 AM",\admin,User,MyLowCostVM,Microsoft-Windows-Security-Auditing,Security,4625,4625 - An account failed to log on.,179.0.57.108,3,3 - Network,\admin,admin,"11/18/2024, 6:00:11.082 AM"
