"11/16/2024, 1:55:49.992 AM",\ADMINISTRATOR,User,MyLowCostVM,Microsoft-Windows-Security-Auditing,Security,4625,4625 - An account failed to log on.,186.75.215.94,3,3 - Network,\ADMINISTRATOR,ADMINISTRATOR,"11/16/2024, 1:56:17.907 AM"
"11/16/2024, 1:56:00.735 AM",\ADMINISTRATOR,User,MyLowCostVM,Microsoft-Windows-Security-Auditing,Security,4625,4625 - An account failed to log on.,120.133.88.0,3,3 - Network,\ADMINISTRATOR,ADMINISTRATOR,"11/16/2024, 1:56:37.938 AM"
"11/16/2024, 1:56:25.714 AM",\ADMINISTRATOR,User,MyLowCostVM,Microsoft-Windows-Security-Auditing,Security,4625,4625 - An account failed to log on.,120.133.88.0,3,3 - Network,\ADMINISTRATOR,ADMINISTRATOR,"11/16/2024, 1:56:57.934 AM"
"11/16/2024, 1:56:50.627 AM",\ADMINISTRATOR,User,MyLowCostVM,Microsoft-Windows-Security-Auditing,Security,4625,4625 - An account failed to log on.,120.133.88.0,3,3 - Network,\ADMINISTRATOR,ADMINISTRATOR,"11/16/2024, 1:57:17.913 AM"
"11/16/2024, 1:56:53.606 AM",\ADMINISTRATOR,User,MyLowCostVM,Microsoft-Windows-Security-Auditing,Security,4625,4625 - An account failed to log on.,20.235.247.188,3,3 - Network,\ADMINISTRATOR,ADMINISTRATOR,"11/16/2024, 1:57:17.913 AM"
"11/16/2024, 1:57:15.565 AM",\ADMINISTRATOR,User,MyLowCostVM,Microsoft-Windows-Security-Auditing,Security,4625,4625 - An account failed to log on.,120.133.88.0,3,3 - Network,\ADMINISTRATOR,ADMINISTRATOR,"11/16/2024, 1:57:37.934 AM"
"11/16/2024, 1:57:40.472 AM",\ADMINISTRATOR,User,MyLowCostVM,Microsoft-Windows-Security-Auditing,Security,4625,4625 - An account failed to log on.,120.133.88.0,3,3 - Network,\ADMINISTRATOR,ADMINISTRATOR,"11/16/2024, 1:58:17.911 AM"
"11/16/2024, 1:58:05.386 AM",\ADMINISTRATOR,User,MyLowCostVM,Microsoft-Windows-Security-Auditing,Security,4625,4625 - An account failed to log on.,120.133.88.0,3,3 - Network,\ADMINISTRATOR,ADMINISTRATOR,"11/16/2024, 1:58:37.927 AM"
"11/16/2024, 1:58:16.618 AM",\ADMINISTRATOR,User,MyLowCostVM,Microsoft-Windows-Security-Auditing,Security,4625,4625 - An account failed to log on.,186.75.215.94,3,3 - Network,\ADMINISTRATOR,ADMINISTRATOR,"11/16/2024, 1:58:37.927 AM"
"11/16/2024, 1:58:24.745 AM",\AZUREUSER,User,MyLowCostVM,Microsoft-Windows-Security-Auditing,Security,4625,4625 - An account failed to log on.,94.102.49.171,3,3 - Network,\AZUREUSER,AZUREUSER,"11/16/2024, 1:58:57.933 AM"
"11/16/2024, 1:58:30.293 AM",\ADMINISTRATOR,User,MyLowCostVM,Microsoft-Windows-Security-Auditing,Security,4625,4625 - An account failed to log on.,120.133.88.0,3,3 - Network,\ADMINISTRATOR,ADMINISTRATOR,"11/16/2024, 1:58:57.933 AM"
"11/16/2024, 1:58:55.197 AM",\ADMINISTRATOR,User,MyLowCostVM,Microsoft-Windows-Security-Auditing,Security,4625,4625 - An account failed to log on.,120.133.88.0,3,3 - Network,\ADMINISTRATOR,ADMINISTRATOR,"11/16/2024, 1:59:17.927 AM"
"11/16/2024, 1:59:20.096 AM",\ADMINISTRATOR,User,MyLowCostVM,Microsoft-Windows-Security-Auditing,Security,4625,4625 - An account failed to log on.,120.133.88.0,3,3 - Network,\ADMINISTRATOR,ADMINISTRATOR,"11/16/2024, 1:59:57.937 AM"
"11/16/2024, 1:59:24.710 AM",\ADMINISTRATOR,User,MyLowCostVM,Microsoft-Windows-Security-Auditing,Security,4625,4625 - An account failed to log on.,20.235.247.188,3,3 - Network,\ADMINISTRATOR,ADMINISTRATOR,"11/16/2024, 1:59:57.937 AM"
"11/16/2024, 1:59:45.034 AM",\ADMINISTRATOR,User,MyLowCostVM,Microsoft-Windows-Security-Auditing,Security,4625,4625 - An account failed to log on.,120.133.88.0,3,3 - Network,\ADMINISTRATOR,ADMINISTRATOR,"11/16/2024, 2:00:17.938 AM"
"11/16/2024, 2:00:09.920 AM",\ADMINISTRATOR,User,MyLowCostVM,Microsoft-Windows-Security-Auditing,Security,4625,4625 - An account failed to log on.,120.133.88.0,3,3 - Network,\ADMINISTRATOR,ADMINISTRATOR,"11/16/2024, 2:00:37.928 AM"
"11/16/2024, 2:00:35.051 AM",\ADMINISTRATOR,User,MyLowCostVM,Microsoft-Windows-Security-Auditing,Security,4625,4625 - An account failed to log on.,120.133.88.0,3,3 - Network,\ADMINISTRATOR,ADMINISTRATOR,"11/16/2024, 2:00:57.962 AM"
"11/16/2024, 2:00:44.157 AM",\ADMINISTRATOR,User,MyLowCostVM,Microsoft-Windows-Security-Auditing,Security,4625,4625 - An account failed to log on.,186.75.215.94,3,3 - Network,\ADMINISTRATOR,ADMINISTRATOR,"11/16/2024, 2:01:17.930 AM"
"11/16/2024, 2:01:00.347 AM",\ADMINISTRATOR,User,MyLowCostVM,Microsoft-Windows-Security-Auditing,Security,4625,4625 - An account failed to log on.,120.133.88.0,3,3 - Network,\ADMINISTRATOR,ADMINISTRATOR,"11/16/2024, 2:01:37.928 AM"
"11/16/2024, 2:01:22.283 AM",\AZUREUSER,User,MyLowCostVM,Microsoft-Windows-Security-Auditing,Security,4625,4625 - An account failed to log on.,94.102.49.171,3,3 - Network,\AZUREUSER,AZUREUSER,"11/16/2024, 2:01:57.879 AM"
"11/16/2024, 2:01:25.328 AM",\ADMINISTRATOR,User,MyLowCostVM,Microsoft-Windows-Security-Auditing,Security,4625,4625 - An account failed to log on.,120.133.88.0,3,3 - Network,\ADMINISTRATOR,ADMINISTRATOR,"11/16/2024, 2:01:57.879 AM"
"11/16/2024, 2:01:50.294 AM",\ADMINISTRATOR,User,MyLowCostVM,Microsoft-Windows-Security-Auditing,Security,4625,4625 - An account failed to log on.,120.133.88.0,3,3 - Network,\ADMINISTRATOR,ADMINISTRATOR,"11/16/2024, 2:02:17.941 AM"
"11/16/2024, 2:01:55.986 AM",\ADMINISTRATOR,User,MyLowCostVM,Microsoft-Windows-Security-Auditing,Security,4625,4625 - An account failed to log on.,20.235.247.188,3,3 - Network,\ADMINISTRATOR,ADMINISTRATOR,"11/16/2024, 2:02:17.941 AM"
"11/16/2024, 2:02:15.316 AM",\ADMINISTRATOR,User,MyLowCostVM,Microsoft-Windows-Security-Auditing,Security,4625,4625 - An account failed to log on.,120.133.88.0,3,3 - Network,\ADMINISTRATOR,ADMINISTRATOR,"11/16/2024, 2:02:37.938 AM"
"11/16/2024, 2:02:40.187 AM",\ADMINISTRATOR,User,MyLowCostVM,Microsoft-Windows-Security-Auditing,Security,4625,4625 - An account failed to log on.,120.133.88.0,3,3 - Network,\ADMINISTRATOR,ADMINISTRATOR,"11/16/2024, 2:03:17.924 AM"
"11/16/2024, 2:03:05.113 AM",\ADMINISTRATOR,User,MyLowCostVM,Microsoft-Windows-Security-Auditing,Security,4625,4625 - An account failed to log on.,120.133.88.0,3,3 - Network,\ADMINISTRATOR,ADMINISTRATOR,"11/16/2024, 2:03:37.925 AM"
"11/16/2024, 2:03:11.229 AM",\ADMINISTRATOR,User,MyLowCostVM,Microsoft-Windows-Security-Auditing,Security,4625,4625 - An account failed to log on.,186.75.215.94,3,3 - Network,\ADMINISTRATOR,ADMINISTRATOR,"11/16/2024, 2:03:37.925 AM"
"11/16/2024, 2:03:29.985 AM",\ADMINISTRATOR,User,MyLowCostVM,Microsoft-Windows-Security-Auditing,Security,4625,4625 - An account failed to log on.,120.133.88.0,3,3 - Network,\ADMINISTRATOR,ADMINISTRATOR,"11/16/2024, 2:03:57.911 AM"
"11/16/2024, 2:03:54.849 AM",\ADMINISTRATOR,User,MyLowCostVM,Microsoft-Windows-Security-Auditing,Security,4625,4625 - An account failed to log on.,120.133.88.0,3,3 - Network,\ADMINISTRATOR,ADMINISTRATOR,"11/16/2024, 2:04:17.937 AM"
"11/16/2024, 2:04:19.707 AM",\ADMINISTRATOR,User,MyLowCostVM,Microsoft-Windows-Security-Auditing,Security,4625,4625 - An account failed to log on.,120.133.88.0,3,3 - Network,\ADMINISTRATOR,ADMINISTRATOR,"11/16/2024, 2:04:37.933 AM"
"11/16/2024, 2:04:21.496 AM",\AZUREUSER,User,MyLowCostVM,Microsoft-Windows-Security-Auditing,Security,4625,4625 - An account failed to log on.,94.102.49.171,3,3 - Network,\AZUREUSER,AZUREUSER,"11/16/2024, 2:04:57.899 AM"
"11/16/2024, 2:04:26.448 AM",\ADMINISTRATOR,User,MyLowCostVM,Microsoft-Windows-Security-Auditing,Security,4625,4625 - An account failed to log on.,20.235.247.188,3,3 - Network,\ADMINISTRATOR,ADMINISTRATOR,"11/16/2024, 2:04:57.899 AM"
"11/16/2024, 2:04:44.525 AM",\ADMINISTRATOR,User,MyLowCostVM,Microsoft-Windows-Security-Auditing,Security,4625,4625 - An account failed to log on.,120.133.88.0,3,3 - Network,\ADMINISTRATOR,ADMINISTRATOR,"11/16/2024, 2:05:17.871 AM"
"11/16/2024, 2:05:09.420 AM",\ADMINISTRATOR,User,MyLowCostVM,Microsoft-Windows-Security-Auditing,Security,4625,4625 - An account failed to log on.,120.133.88.0,3,3 - Network,\ADMINISTRATOR,ADMINISTRATOR,"11/16/2024, 2:05:37.943 AM"
"11/16/2024, 2:05:34.327 AM",\ADMINISTRATOR,User,MyLowCostVM,Microsoft-Windows-Security-Auditing,Security,4625,4625 - An account failed to log on.,120.133.88.0,3,3 - Network,\ADMINISTRATOR,ADMINISTRATOR,"11/16/2024, 2:05:57.934 AM"
"11/16/2024, 2:05:39.544 AM",\ADMINISTRATOR,User,MyLowCostVM,Microsoft-Windows-Security-Auditing,Security,4625,4625 - An account failed to log on.,186.75.215.94,3,3 - Network,\ADMINISTRATOR,ADMINISTRATOR,"11/16/2024, 2:05:57.934 AM"
"11/16/2024, 2:05:59.198 AM",\ADMINISTRATOR,User,MyLowCostVM,Microsoft-Windows-Security-Auditing,Security,4625,4625 - An account failed to log on.,120.133.88.0,3,3 - Network,\ADMINISTRATOR,ADMINISTRATOR,"11/16/2024, 2:06:17.950 AM"
"11/16/2024, 2:06:13.048 AM",NT AUTHORITY\SYSTEM,Machine,MyLowCostVM,Microsoft-Windows-Security-Auditing,Security,4624,4624 - An account was successfully logged on.,-,5,5 - Service,NT AUTHORITY\SYSTEM,SYSTEM,"11/16/2024, 2:06:37.937 AM"
"11/16/2024, 2:06:13.048 AM",NT AUTHORITY\SYSTEM,Machine,MyLowCostVM,Microsoft-Windows-Security-Auditing,Security,4672,4672 - Special privileges assigned to new logon.,,,,,,"11/16/2024, 2:06:37.937 AM"
"11/16/2024, 2:06:24.025 AM",\ADMINISTRATOR,User,MyLowCostVM,Microsoft-Windows-Security-Auditing,Security,4625,4625 - An account failed to log on.,120.133.88.0,3,3 - Network,\ADMINISTRATOR,ADMINISTRATOR,"11/16/2024, 2:06:57.934 AM"
"11/16/2024, 2:06:48.951 AM",\ADMINISTRATOR,User,MyLowCostVM,Microsoft-Windows-Security-Auditing,Security,4625,4625 - An account failed to log on.,120.133.88.0,3,3 - Network,\ADMINISTRATOR,ADMINISTRATOR,"11/16/2024, 2:07:17.948 AM"
"11/16/2024, 2:06:58.279 AM",\ADMINISTRATOR,User,MyLowCostVM,Microsoft-Windows-Security-Auditing,Security,4625,4625 - An account failed to log on.,20.235.247.188,3,3 - Network,\ADMINISTRATOR,ADMINISTRATOR,"11/16/2024, 2:07:17.948 AM"
"11/16/2024, 2:07:13.897 AM",\ADMINISTRATOR,User,MyLowCostVM,Microsoft-Windows-Security-Auditing,Security,4625,4625 - An account failed to log on.,120.133.88.0,3,3 - Network,\ADMINISTRATOR,ADMINISTRATOR,"11/16/2024, 2:07:37.937 AM"
"11/16/2024, 2:07:20.635 AM",\AZUREUSER,User,MyLowCostVM,Microsoft-Windows-Security-Auditing,Security,4625,4625 - An account failed to log on.,94.102.49.171,3,3 - Network,\AZUREUSER,AZUREUSER,"11/16/2024, 2:07:57.931 AM"
"11/16/2024, 2:07:38.905 AM",\ADMINISTRATOR,User,MyLowCostVM,Microsoft-Windows-Security-Auditing,Security,4625,4625 - An account failed to log on.,120.133.88.0,3,3 - Network,\ADMINISTRATOR,ADMINISTRATOR,"11/16/2024, 2:07:57.931 AM"
"11/16/2024, 2:08:03.863 AM",\ADMINISTRATOR,User,MyLowCostVM,Microsoft-Windows-Security-Auditing,Security,4625,4625 - An account failed to log on.,120.133.88.0,3,3 - Network,\ADMINISTRATOR,ADMINISTRATOR,"11/16/2024, 2:08:37.962 AM"
"11/16/2024, 2:08:07.202 AM",\ADMINISTRATOR,User,MyLowCostVM,Microsoft-Windows-Security-Auditing,Security,4625,4625 - An account failed to log on.,186.75.215.94,3,3 - Network,\ADMINISTRATOR,ADMINISTRATOR,"11/16/2024, 2:08:37.962 AM"
"11/16/2024, 2:08:28.724 AM",\ADMINISTRATOR,User,MyLowCostVM,Microsoft-Windows-Security-Auditing,Security,4625,4625 - An account failed to log on.,120.133.88.0,3,3 - Network,\ADMINISTRATOR,ADMINISTRATOR,"11/16/2024, 2:08:57.905 AM"
"11/16/2024, 2:08:53.573 AM",\ADMINISTRATOR,User,MyLowCostVM,Microsoft-Windows-Security-Auditing,Security,4625,4625 - An account failed to log on.,120.133.88.0,3,3 - Network,\ADMINISTRATOR,ADMINISTRATOR,"11/16/2024, 2:09:17.939 AM"
"11/16/2024, 2:09:18.465 AM",\ADMINISTRATOR,User,MyLowCostVM,Microsoft-Windows-Security-Auditing,Security,4625,4625 - An account failed to log on.,120.133.88.0,3,3 - Network,\ADMINISTRATOR,ADMINISTRATOR,"11/16/2024, 2:09:37.936 AM"
"11/16/2024, 2:09:27.700 AM",\ADMINISTRATOR,User,MyLowCostVM,Microsoft-Windows-Security-Auditing,Security,4625,4625 - An account failed to log on.,20.235.247.188,3,3 - Network,\ADMINISTRATOR,ADMINISTRATOR,"11/16/2024, 2:09:57.932 AM"
"11/16/2024, 2:09:43.289 AM",\ADMINISTRATOR,User,MyLowCostVM,Microsoft-Windows-Security-Auditing,Security,4625,4625 - An account failed to log on.,120.133.88.0,3,3 - Network,\ADMINISTRATOR,ADMINISTRATOR,"11/16/2024, 2:10:17.909 AM"
"11/16/2024, 2:10:08.150 AM",\ADMINISTRATOR,User,MyLowCostVM,Microsoft-Windows-Security-Auditing,Security,4625,4625 - An account failed to log on.,120.133.88.0,3,3 - Network,\ADMINISTRATOR,ADMINISTRATOR,"11/16/2024, 2:10:37.919 AM"
"11/16/2024, 2:10:19.820 AM",\AZUREUSER,User,MyLowCostVM,Microsoft-Windows-Security-Auditing,Security,4625,4625 - An account failed to log on.,94.102.49.171,3,3 - Network,\AZUREUSER,AZUREUSER,"11/16/2024, 2:10:37.919 AM"
"11/16/2024, 2:10:33.040 AM",\ADMINISTRATOR,User,MyLowCostVM,Microsoft-Windows-Security-Auditing,Security,4625,4625 - An account failed to log on.,120.133.88.0,3,3 - Network,\ADMINISTRATOR,ADMINISTRATOR,"11/16/2024, 2:10:57.924 AM"
"11/16/2024, 2:10:36.117 AM",\ADMINISTRATOR,User,MyLowCostVM,Microsoft-Windows-Security-Auditing,Security,4625,4625 - An account failed to log on.,186.75.215.94,3,3 - Network,\ADMINISTRATOR,ADMINISTRATOR,"11/16/2024, 2:10:57.924 AM"
"11/16/2024, 2:10:57.813 AM",\ADMINISTRATOR,User,MyLowCostVM,Microsoft-Windows-Security-Auditing,Security,4625,4625 - An account failed to log on.,120.133.88.0,3,3 - Network,\ADMINISTRATOR,ADMINISTRATOR,"11/16/2024, 2:11:17.932 AM"
"11/16/2024, 2:11:22.733 AM",\ADMINISTRATOR,User,MyLowCostVM,Microsoft-Windows-Security-Auditing,Security,4625,4625 - An account failed to log on.,120.133.88.0,3,3 - Network,\ADMINISTRATOR,ADMINISTRATOR,"11/16/2024, 2:11:57.935 AM"
"11/16/2024, 2:11:47.620 AM",\ADMINISTRATOR,User,MyLowCostVM,Microsoft-Windows-Security-Auditing,Security,4625,4625 - An account failed to log on.,120.133.88.0,3,3 - Network,\ADMINISTRATOR,ADMINISTRATOR,"11/16/2024, 2:12:17.907 AM"
"11/16/2024, 2:11:59.078 AM",\ADMINISTRATOR,User,MyLowCostVM,Microsoft-Windows-Security-Auditing,Security,4625,4625 - An account failed to log on.,20.235.247.188,3,3 - Network,\ADMINISTRATOR,ADMINISTRATOR,"11/16/2024, 2:12:17.907 AM"
"11/16/2024, 2:12:12.498 AM",\ADMINISTRATOR,User,MyLowCostVM,Microsoft-Windows-Security-Auditing,Security,4625,4625 - An account failed to log on.,120.133.88.0,3,3 - Network,\ADMINISTRATOR,ADMINISTRATOR,"11/16/2024, 2:12:37.943 AM"
"11/16/2024, 2:12:20.102 AM",NT AUTHORITY\SYSTEM,Machine,MyLowCostVM,Microsoft-Windows-Security-Auditing,Security,4624,4624 - An account was successfully logged on.,-,5,5 - Service,NT AUTHORITY\SYSTEM,SYSTEM,"11/16/2024, 2:12:57.922 AM"
"11/16/2024, 2:12:20.102 AM",NT AUTHORITY\SYSTEM,Machine,MyLowCostVM,Microsoft-Windows-Security-Auditing,Security,4672,4672 - Special privileges assigned to new logon.,,,,,,"11/16/2024, 2:12:57.922 AM"
"11/16/2024, 2:12:37.412 AM",\ADMINISTRATOR,User,MyLowCostVM,Microsoft-Windows-Security-Auditing,Security,4625,4625 - An account failed to log on.,120.133.88.0,3,3 - Network,\ADMINISTRATOR,ADMINISTRATOR,"11/16/2024, 2:12:57.922 AM"
"11/16/2024, 2:13:02.315 AM",\ADMINISTRATOR,User,MyLowCostVM,Microsoft-Windows-Security-Auditing,Security,4625,4625 - An account failed to log on.,120.133.88.0,3,3 - Network,\ADMINISTRATOR,ADMINISTRATOR,"11/16/2024, 2:13:37.932 AM"
"11/16/2024, 2:13:05.143 AM",\ADMINISTRATOR,User,MyLowCostVM,Microsoft-Windows-Security-Auditing,Security,4625,4625 - An account failed to log on.,186.75.215.94,3,3 - Network,\ADMINISTRATOR,ADMINISTRATOR,"11/16/2024, 2:13:37.932 AM"
"11/16/2024, 2:13:19.017 AM",\AZUREUSER,User,MyLowCostVM,Microsoft-Windows-Security-Auditing,Security,4625,4625 - An account failed to log on.,94.102.49.171,3,3 - Network,\AZUREUSER,AZUREUSER,"11/16/2024, 2:13:37.932 AM"
"11/16/2024, 2:13:27.159 AM",\ADMINISTRATOR,User,MyLowCostVM,Microsoft-Windows-Security-Auditing,Security,4625,4625 - An account failed to log on.,120.133.88.0,3,3 - Network,\ADMINISTRATOR,ADMINISTRATOR,"11/16/2024, 2:13:57.935 AM"
"11/16/2024, 2:13:52.027 AM",\ADMINISTRATOR,User,MyLowCostVM,Microsoft-Windows-Security-Auditing,Security,4625,4625 - An account failed to log on.,120.133.88.0,3,3 - Network,\ADMINISTRATOR,ADMINISTRATOR,"11/16/2024, 2:14:17.940 AM"
"11/16/2024, 2:14:16.835 AM",\ADMINISTRATOR,User,MyLowCostVM,Microsoft-Windows-Security-Auditing,Security,4625,4625 - An account failed to log on.,120.133.88.0,3,3 - Network,\ADMINISTRATOR,ADMINISTRATOR,"11/16/2024, 2:14:37.929 AM"
"11/16/2024, 2:14:29.852 AM",\ADMINISTRATOR,User,MyLowCostVM,Microsoft-Windows-Security-Auditing,Security,4625,4625 - An account failed to log on.,20.235.247.188,3,3 - Network,\ADMINISTRATOR,ADMINISTRATOR,"11/16/2024, 2:14:57.923 AM"
"11/16/2024, 2:14:41.694 AM",\ADMINISTRATOR,User,MyLowCostVM,Microsoft-Windows-Security-Auditing,Security,4625,4625 - An account failed to log on.,120.133.88.0,3,3 - Network,\ADMINISTRATOR,ADMINISTRATOR,"11/16/2024, 2:15:17.929 AM"
"11/16/2024, 2:14:56.971 AM",WORKGROUP\MyLowCostVM$,Machine,MyLowCostVM,Microsoft-Windows-Security-Auditing,Security,4799,4799 - A security-enabled local group membership was enumerated,,,,Builtin\Remote Desktop Users,Remote Desktop Users,"11/16/2024, 2:15:17.929 AM"
"11/16/2024, 2:14:59.283 AM",WORKGROUP\MyLowCostVM$,Machine,MyLowCostVM,Microsoft-Windows-Security-Auditing,Security,4799,4799 - A security-enabled local group membership was enumerated,,,,Builtin\Administrators,Administrators,"11/16/2024, 2:15:17.929 AM"
"11/16/2024, 2:14:59.285 AM",WORKGROUP\MyLowCostVM$,Machine,MyLowCostVM,Microsoft-Windows-Security-Auditing,Security,4798,4798 - A user's local group membership was enumerated.,,,,MyLowCostVM\crankthat,crankthat,"11/16/2024, 2:15:17.929 AM"
"11/16/2024, 2:14:59.293 AM",WORKGROUP\MyLowCostVM$,Machine,MyLowCostVM,Microsoft-Windows-Security-Auditing,Security,4798,4798 - A user's local group membership was enumerated.,,,,MyLowCostVM\crankthat,crankthat,"11/16/2024, 2:15:17.929 AM"
"11/16/2024, 2:14:59.293 AM",WORKGROUP\MyLowCostVM$,Machine,MyLowCostVM,Microsoft-Windows-Security-Auditing,Security,4798,4798 - A user's local group membership was enumerated.,,,,MyLowCostVM\DefaultAccount,DefaultAccount,"11/16/2024, 2:15:17.929 AM"
"11/16/2024, 2:14:59.294 AM",WORKGROUP\MyLowCostVM$,Machine,MyLowCostVM,Microsoft-Windows-Security-Auditing,Security,4798,4798 - A user's local group membership was enumerated.,,,,MyLowCostVM\Guest,Guest,"11/16/2024, 2:15:17.929 AM"
"11/16/2024, 2:14:59.294 AM",WORKGROUP\MyLowCostVM$,Machine,MyLowCostVM,Microsoft-Windows-Security-Auditing,Security,4798,4798 - A user's local group membership was enumerated.,,,,MyLowCostVM\WDAGUtilityAccount,WDAGUtilityAccount,"11/16/2024, 2:15:17.929 AM"
"11/16/2024, 2:15:01.611 AM",WORKGROUP\MyLowCostVM$,Machine,MyLowCostVM,Microsoft-Windows-Security-Auditing,Security,4798,4798 - A user's local group membership was enumerated.,,,,MyLowCostVM\crankthat,crankthat,"11/16/2024, 2:15:37.964 AM"
"11/16/2024, 2:15:01.615 AM",WORKGROUP\MyLowCostVM$,Machine,MyLowCostVM,Microsoft-Windows-Security-Auditing,Security,4798,4798 - A user's local group membership was enumerated.,,,,MyLowCostVM\crankthat,crankthat,"11/16/2024, 2:15:37.964 AM"
"11/16/2024, 2:15:06.503 AM",\ADMINISTRATOR,User,MyLowCostVM,Microsoft-Windows-Security-Auditing,Security,4625,4625 - An account failed to log on.,120.133.88.0,3,3 - Network,\ADMINISTRATOR,ADMINISTRATOR,"11/16/2024, 2:15:37.964 AM"
"11/16/2024, 2:15:31.331 AM",\ADMINISTRATOR,User,MyLowCostVM,Microsoft-Windows-Security-Auditing,Security,4625,4625 - An account failed to log on.,120.133.88.0,3,3 - Network,\ADMINISTRATOR,ADMINISTRATOR,"11/16/2024, 2:15:57.934 AM"
"11/16/2024, 2:15:34.654 AM",\ADMINISTRATOR,User,MyLowCostVM,Microsoft-Windows-Security-Auditing,Security,4625,4625 - An account failed to log on.,186.75.215.94,3,3 - Network,\ADMINISTRATOR,ADMINISTRATOR,"11/16/2024, 2:15:57.934 AM"
"11/16/2024, 2:15:56.054 AM",\ADMINISTRATOR,User,MyLowCostVM,Microsoft-Windows-Security-Auditing,Security,4625,4625 - An account failed to log on.,120.133.88.0,3,3 - Network,\ADMINISTRATOR,ADMINISTRATOR,"11/16/2024, 2:16:17.963 AM"
"11/16/2024, 2:16:18.312 AM",\AZUREUSER,User,MyLowCostVM,Microsoft-Windows-Security-Auditing,Security,4625,4625 - An account failed to log on.,94.102.49.171,3,3 - Network,\AZUREUSER,AZUREUSER,"11/16/2024, 2:16:37.940 AM"
"11/16/2024, 2:16:20.896 AM",\ADMINISTRATOR,User,MyLowCostVM,Microsoft-Windows-Security-Auditing,Security,4625,4625 - An account failed to log on.,120.133.88.0,3,3 - Network,\ADMINISTRATOR,ADMINISTRATOR,"11/16/2024, 2:16:57.943 AM"
"11/16/2024, 2:16:45.631 AM",\ADMINISTRATOR,User,MyLowCostVM,Microsoft-Windows-Security-Auditing,Security,4625,4625 - An account failed to log on.,120.133.88.0,3,3 - Network,\ADMINISTRATOR,ADMINISTRATOR,"11/16/2024, 2:17:17.921 AM"
"11/16/2024, 2:17:00.105 AM",\ADMINISTRATOR,User,MyLowCostVM,Microsoft-Windows-Security-Auditing,Security,4625,4625 - An account failed to log on.,20.235.247.188,3,3 - Network,\ADMINISTRATOR,ADMINISTRATOR,"11/16/2024, 2:17:37.921 AM"
"11/16/2024, 2:17:10.381 AM",\ADMINISTRATOR,User,MyLowCostVM,Microsoft-Windows-Security-Auditing,Security,4625,4625 - An account failed to log on.,120.133.88.0,3,3 - Network,\ADMINISTRATOR,ADMINISTRATOR,"11/16/2024, 2:17:37.921 AM"
"11/16/2024, 2:17:35.207 AM",\ADMINISTRATOR,User,MyLowCostVM,Microsoft-Windows-Security-Auditing,Security,4625,4625 - An account failed to log on.,120.133.88.0,3,3 - Network,\ADMINISTRATOR,ADMINISTRATOR,"11/16/2024, 2:17:57.954 AM"
"11/16/2024, 2:18:00.007 AM",\ADMINISTRATOR,User,MyLowCostVM,Microsoft-Windows-Security-Auditing,Security,4625,4625 - An account failed to log on.,120.133.88.0,3,3 - Network,\ADMINISTRATOR,ADMINISTRATOR,"11/16/2024, 2:18:37.935 AM"
"11/16/2024, 2:18:02.668 AM",\ADMINISTRATOR,User,MyLowCostVM,Microsoft-Windows-Security-Auditing,Security,4625,4625 - An account failed to log on.,186.75.215.94,3,3 - Network,\ADMINISTRATOR,ADMINISTRATOR,"11/16/2024, 2:18:37.935 AM"
"11/16/2024, 2:18:24.781 AM",\ADMINISTRATOR,User,MyLowCostVM,Microsoft-Windows-Security-Auditing,Security,4625,4625 - An account failed to log on.,120.133.88.0,3,3 - Network,\ADMINISTRATOR,ADMINISTRATOR,"11/16/2024, 2:18:57.934 AM"
"11/16/2024, 2:18:49.610 AM",\ADMINISTRATOR,User,MyLowCostVM,Microsoft-Windows-Security-Auditing,Security,4625,4625 - An account failed to log on.,120.133.88.0,3,3 - Network,\ADMINISTRATOR,ADMINISTRATOR,"11/16/2024, 2:19:17.944 AM"
"11/16/2024, 2:19:14.308 AM",\ADMINISTRATOR,User,MyLowCostVM,Microsoft-Windows-Security-Auditing,Security,4625,4625 - An account failed to log on.,120.133.88.0,3,3 - Network,\ADMINISTRATOR,ADMINISTRATOR,"11/16/2024, 2:19:37.904 AM"
"11/16/2024, 2:19:17.524 AM",\AZUREUSER,User,MyLowCostVM,Microsoft-Windows-Security-Auditing,Security,4625,4625 - An account failed to log on.,94.102.49.171,3,3 - Network,\AZUREUSER,AZUREUSER,"11/16/2024, 2:19:37.904 AM"
"11/16/2024, 2:19:30.581 AM",\ADMINISTRATOR,User,MyLowCostVM,Microsoft-Windows-Security-Auditing,Security,4625,4625 - An account failed to log on.,20.235.247.188,3,3 - Network,\ADMINISTRATOR,ADMINISTRATOR,"11/16/2024, 2:19:57.934 AM"
"11/16/2024, 2:19:39.059 AM",\ADMINISTRATOR,User,MyLowCostVM,Microsoft-Windows-Security-Auditing,Security,4625,4625 - An account failed to log on.,120.133.88.0,3,3 - Network,\ADMINISTRATOR,ADMINISTRATOR,"11/16/2024, 2:19:57.934 AM"
"11/16/2024, 2:20:03.828 AM",\ADMINISTRATOR,User,MyLowCostVM,Microsoft-Windows-Security-Auditing,Security,4625,4625 - An account failed to log on.,120.133.88.0,3,3 - Network,\ADMINISTRATOR,ADMINISTRATOR,"11/16/2024, 2:20:37.927 AM"
"11/16/2024, 2:20:28.674 AM",\ADMINISTRATOR,User,MyLowCostVM,Microsoft-Windows-Security-Auditing,Security,4625,4625 - An account failed to log on.,120.133.88.0,3,3 - Network,\ADMINISTRATOR,ADMINISTRATOR,"11/16/2024, 2:20:57.939 AM"
"11/16/2024, 2:20:32.105 AM",\ADMINISTRATOR,User,MyLowCostVM,Microsoft-Windows-Security-Auditing,Security,4625,4625 - An account failed to log on.,186.75.215.94,3,3 - Network,\ADMINISTRATOR,ADMINISTRATOR,"11/16/2024, 2:20:57.939 AM"
"11/16/2024, 2:20:53.387 AM",\ADMINISTRATOR,User,MyLowCostVM,Microsoft-Windows-Security-Auditing,Security,4625,4625 - An account failed to log on.,120.133.88.0,3,3 - Network,\ADMINISTRATOR,ADMINISTRATOR,"11/16/2024, 2:21:17.914 AM"
"11/16/2024, 2:21:18.169 AM",\ADMINISTRATOR,User,MyLowCostVM,Microsoft-Windows-Security-Auditing,Security,4625,4625 - An account failed to log on.,120.133.88.0,3,3 - Network,\ADMINISTRATOR,ADMINISTRATOR,"11/16/2024, 2:21:37.942 AM"
"11/16/2024, 2:21:42.895 AM",\ADMINISTRATOR,User,MyLowCostVM,Microsoft-Windows-Security-Auditing,Security,4625,4625 - An account failed to log on.,120.133.88.0,3,3 - Network,\ADMINISTRATOR,ADMINISTRATOR,"11/16/2024, 2:22:17.940 AM"
"11/16/2024, 2:22:00.600 AM",\ADMINISTRATOR,User,MyLowCostVM,Microsoft-Windows-Security-Auditing,Security,4625,4625 - An account failed to log on.,20.235.247.188,3,3 - Network,\ADMINISTRATOR,ADMINISTRATOR,"11/16/2024, 2:22:37.932 AM"
"11/16/2024, 2:22:07.775 AM",\ADMINISTRATOR,User,MyLowCostVM,Microsoft-Windows-Security-Auditing,Security,4625,4625 - An account failed to log on.,120.133.88.0,3,3 - Network,\ADMINISTRATOR,ADMINISTRATOR,"11/16/2024, 2:22:37.932 AM"
"11/16/2024, 2:22:17.017 AM",\AZUREUSER,User,MyLowCostVM,Microsoft-Windows-Security-Auditing,Security,4625,4625 - An account failed to log on.,94.102.49.171,3,3 - Network,\AZUREUSER,AZUREUSER,"11/16/2024, 2:22:37.932 AM"
"11/16/2024, 2:22:32.509 AM",\ADMINISTRATOR,User,MyLowCostVM,Microsoft-Windows-Security-Auditing,Security,4625,4625 - An account failed to log on.,120.133.88.0,3,3 - Network,\ADMINISTRATOR,ADMINISTRATOR,"11/16/2024, 2:22:57.921 AM"
"11/16/2024, 2:22:48.305 AM",NT AUTHORITY\SYSTEM,Machine,MyLowCostVM,Microsoft-Windows-Security-Auditing,Security,4624,4624 - An account was successfully logged on.,-,5,5 - Service,NT AUTHORITY\SYSTEM,SYSTEM,"11/16/2024, 2:23:17.909 AM"
"11/16/2024, 2:22:48.305 AM",NT AUTHORITY\SYSTEM,Machine,MyLowCostVM,Microsoft-Windows-Security-Auditing,Security,4672,4672 - Special privileges assigned to new logon.,,,,,,"11/16/2024, 2:23:17.909 AM"
"11/16/2024, 2:22:48.398 AM",NT AUTHORITY\SYSTEM,Machine,MyLowCostVM,Microsoft-Windows-Security-Auditing,Security,4624,4624 - An account was successfully logged on.,-,5,5 - Service,NT AUTHORITY\SYSTEM,SYSTEM,"11/16/2024, 2:23:17.909 AM"
"11/16/2024, 2:22:48.398 AM",NT AUTHORITY\SYSTEM,Machine,MyLowCostVM,Microsoft-Windows-Security-Auditing,Security,4672,4672 - Special privileges assigned to new logon.,,,,,,"11/16/2024, 2:23:17.909 AM"
"11/16/2024, 2:22:48.654 AM",NT AUTHORITY\SYSTEM,Machine,MyLowCostVM,Microsoft-Windows-Security-Auditing,Security,4624,4624 - An account was successfully logged on.,-,5,5 - Service,NT AUTHORITY\SYSTEM,SYSTEM,"11/16/2024, 2:23:17.909 AM"
"11/16/2024, 2:22:48.654 AM",NT AUTHORITY\SYSTEM,Machine,MyLowCostVM,Microsoft-Windows-Security-Auditing,Security,4672,4672 - Special privileges assigned to new logon.,,,,,,"11/16/2024, 2:23:17.909 AM"
"11/16/2024, 2:22:48.703 AM",,,MyLowCostVM,Microsoft-Windows-Security-Auditing,Security,5379,5379,,,,,,"11/16/2024, 2:23:17.909 AM"
"11/16/2024, 2:22:48.703 AM",,,MyLowCostVM,Microsoft-Windows-Security-Auditing,Security,5379,5379,,,,,,"11/16/2024, 2:23:17.909 AM"
"11/16/2024, 2:22:48.704 AM",,,MyLowCostVM,Microsoft-Windows-Security-Auditing,Security,5379,5379,,,,,,"11/16/2024, 2:23:17.909 AM"
"11/16/2024, 2:22:48.706 AM",,,MyLowCostVM,Microsoft-Windows-Security-Auditing,Security,5379,5379,,,,,,"11/16/2024, 2:23:17.909 AM"
"11/16/2024, 2:22:48.706 AM",,,MyLowCostVM,Microsoft-Windows-Security-Auditing,Security,5379,5379,,,,,,"11/16/2024, 2:23:17.909 AM"
"11/16/2024, 2:22:48.706 AM",,,MyLowCostVM,Microsoft-Windows-Security-Auditing,Security,5379,5379,,,,,,"11/16/2024, 2:23:17.909 AM"
"11/16/2024, 2:22:49.144 AM",,,MyLowCostVM,Microsoft-Windows-Security-Auditing,Security,5379,5379,,,,,,"11/16/2024, 2:23:17.909 AM"
"11/16/2024, 2:22:49.144 AM",,,MyLowCostVM,Microsoft-Windows-Security-Auditing,Security,5379,5379,,,,,,"11/16/2024, 2:23:17.909 AM"
"11/16/2024, 2:22:49.148 AM",,,MyLowCostVM,Microsoft-Windows-Security-Auditing,Security,5379,5379,,,,,,"11/16/2024, 2:23:17.909 AM"
"11/16/2024, 2:22:49.148 AM",,,MyLowCostVM,Microsoft-Windows-Security-Auditing,Security,5379,5379,,,,,,"11/16/2024, 2:23:17.909 AM"
"11/16/2024, 2:22:57.255 AM",\ADMINISTRATOR,User,MyLowCostVM,Microsoft-Windows-Security-Auditing,Security,4625,4625 - An account failed to log on.,120.133.88.0,3,3 - Network,\ADMINISTRATOR,ADMINISTRATOR,"11/16/2024, 2:23:17.909 AM"
"11/16/2024, 2:23:22.052 AM",\ADMINISTRATOR,User,MyLowCostVM,Microsoft-Windows-Security-Auditing,Security,4625,4625 - An account failed to log on.,120.133.88.0,3,3 - Network,\ADMINISTRATOR,ADMINISTRATOR,"11/16/2024, 2:23:57.919 AM"
"11/16/2024, 2:23:46.837 AM",\ADMINISTRATOR,User,MyLowCostVM,Microsoft-Windows-Security-Auditing,Security,4625,4625 - An account failed to log on.,120.133.88.0,3,3 - Network,\ADMINISTRATOR,ADMINISTRATOR,"11/16/2024, 2:24:17.912 AM"
"11/16/2024, 2:24:11.652 AM",\ADMINISTRATOR,User,MyLowCostVM,Microsoft-Windows-Security-Auditing,Security,4625,4625 - An account failed to log on.,120.133.88.0,3,3 - Network,\ADMINISTRATOR,ADMINISTRATOR,"11/16/2024, 2:24:37.891 AM"
"11/16/2024, 2:24:28.766 AM",\ADMINISTRATOR,User,MyLowCostVM,Microsoft-Windows-Security-Auditing,Security,4625,4625 - An account failed to log on.,20.235.247.188,3,3 - Network,\ADMINISTRATOR,ADMINISTRATOR,"11/16/2024, 2:24:57.924 AM"
"11/16/2024, 2:24:36.374 AM",\ADMINISTRATOR,User,MyLowCostVM,Microsoft-Windows-Security-Auditing,Security,4625,4625 - An account failed to log on.,120.133.88.0,3,3 - Network,\ADMINISTRATOR,ADMINISTRATOR,"11/16/2024, 2:24:57.924 AM"
"11/16/2024, 2:25:01.095 AM",\ADMINISTRATOR,User,MyLowCostVM,Microsoft-Windows-Security-Auditing,Security,4625,4625 - An account failed to log on.,120.133.88.0,3,3 - Network,\ADMINISTRATOR,ADMINISTRATOR,"11/16/2024, 2:25:37.933 AM"
"11/16/2024, 2:25:16.420 AM",\AZUREUSER,User,MyLowCostVM,Microsoft-Windows-Security-Auditing,Security,4625,4625 - An account failed to log on.,94.102.49.171,3,3 - Network,\AZUREUSER,AZUREUSER,"11/16/2024, 2:25:37.933 AM"
"11/16/2024, 2:25:25.854 AM",\ADMINISTRATOR,User,MyLowCostVM,Microsoft-Windows-Security-Auditing,Security,4625,4625 - An account failed to log on.,120.133.88.0,3,3 - Network,\ADMINISTRATOR,ADMINISTRATOR,"11/16/2024, 2:25:57.954 AM"
"11/16/2024, 2:25:32.666 AM",\ADMINISTRATOR,User,MyLowCostVM,Microsoft-Windows-Security-Auditing,Security,4625,4625 - An account failed to log on.,186.75.215.94,3,3 - Network,\ADMINISTRATOR,ADMINISTRATOR,"11/16/2024, 2:25:57.954 AM"
"11/16/2024, 2:25:50.568 AM",\ADMINISTRATOR,User,MyLowCostVM,Microsoft-Windows-Security-Auditing,Security,4625,4625 - An account failed to log on.,120.133.88.0,3,3 - Network,\ADMINISTRATOR,ADMINISTRATOR,"11/16/2024, 2:26:17.923 AM"
"11/16/2024, 2:26:15.280 AM",\ADMINISTRATOR,User,MyLowCostVM,Microsoft-Windows-Security-Auditing,Security,4625,4625 - An account failed to log on.,120.133.88.0,3,3 - Network,\ADMINISTRATOR,ADMINISTRATOR,"11/16/2024, 2:26:37.926 AM"
"11/16/2024, 2:26:40.018 AM",\ADMINISTRATOR,User,MyLowCostVM,Microsoft-Windows-Security-Auditing,Security,4625,4625 - An account failed to log on.,120.133.88.0,3,3 - Network,\ADMINISTRATOR,ADMINISTRATOR,"11/16/2024, 2:27:17.916 AM"
"11/16/2024, 2:26:59.346 AM",\ADMINISTRATOR,User,MyLowCostVM,Microsoft-Windows-Security-Auditing,Security,4625,4625 - An account failed to log on.,20.235.247.188,3,3 - Network,\ADMINISTRATOR,ADMINISTRATOR,"11/16/2024, 2:27:17.916 AM"
"11/16/2024, 2:27:04.743 AM",\ADMINISTRATOR,User,MyLowCostVM,Microsoft-Windows-Security-Auditing,Security,4625,4625 - An account failed to log on.,120.133.88.0,3,3 - Network,\ADMINISTRATOR,ADMINISTRATOR,"11/16/2024, 2:27:37.904 AM"
"11/16/2024, 2:27:29.480 AM",\ADMINISTRATOR,User,MyLowCostVM,Microsoft-Windows-Security-Auditing,Security,4625,4625 - An account failed to log on.,120.133.88.0,3,3 - Network,\ADMINISTRATOR,ADMINISTRATOR,"11/16/2024, 2:27:57.918 AM"
"11/16/2024, 2:27:54.269 AM",\ADMINISTRATOR,User,MyLowCostVM,Microsoft-Windows-Security-Auditing,Security,4625,4625 - An account failed to log on.,120.133.88.0,3,3 - Network,\ADMINISTRATOR,ADMINISTRATOR,"11/16/2024, 2:28:17.928 AM"
"11/16/2024, 2:28:02.556 AM",\ADMINISTRATOR,User,MyLowCostVM,Microsoft-Windows-Security-Auditing,Security,4625,4625 - An account failed to log on.,186.75.215.94,3,3 - Network,\ADMINISTRATOR,ADMINISTRATOR,"11/16/2024, 2:28:37.924 AM"
"11/16/2024, 2:28:15.885 AM",\AZUREUSER,User,MyLowCostVM,Microsoft-Windows-Security-Auditing,Security,4625,4625 - An account failed to log on.,94.102.49.171,3,3 - Network,\AZUREUSER,AZUREUSER,"11/16/2024, 2:28:37.924 AM"
"11/16/2024, 2:28:18.986 AM",\ADMINISTRATOR,User,MyLowCostVM,Microsoft-Windows-Security-Auditing,Security,4625,4625 - An account failed to log on.,120.133.88.0,3,3 - Network,\ADMINISTRATOR,ADMINISTRATOR,"11/16/2024, 2:28:37.924 AM"
"11/16/2024, 2:28:43.715 AM",\ADMINISTRATOR,User,MyLowCostVM,Microsoft-Windows-Security-Auditing,Security,4625,4625 - An account failed to log on.,120.133.88.0,3,3 - Network,\ADMINISTRATOR,ADMINISTRATOR,"11/16/2024, 2:29:17.940 AM"
"11/16/2024, 2:29:08.486 AM",\ADMINISTRATOR,User,MyLowCostVM,Microsoft-Windows-Security-Auditing,Security,4625,4625 - An account failed to log on.,120.133.88.0,3,3 - Network,\ADMINISTRATOR,ADMINISTRATOR,"11/16/2024, 2:29:37.954 AM"
"11/16/2024, 2:29:25.709 AM",\ADMINISTRATOR,User,MyLowCostVM,Microsoft-Windows-Security-Auditing,Security,4625,4625 - An account failed to log on.,20.235.247.188,3,3 - Network,\ADMINISTRATOR,ADMINISTRATOR,"11/16/2024, 2:29:57.926 AM"
"11/16/2024, 2:29:33.281 AM",\ADMINISTRATOR,User,MyLowCostVM,Microsoft-Windows-Security-Auditing,Security,4625,4625 - An account failed to log on.,120.133.88.0,3,3 - Network,\ADMINISTRATOR,ADMINISTRATOR,"11/16/2024, 2:29:57.926 AM"
"11/16/2024, 2:29:57.966 AM",\ADMINISTRATOR,User,MyLowCostVM,Microsoft-Windows-Security-Auditing,Security,4625,4625 - An account failed to log on.,120.133.88.0,3,3 - Network,\ADMINISTRATOR,ADMINISTRATOR,"11/16/2024, 2:30:17.927 AM"
"11/16/2024, 2:30:22.738 AM",\ADMINISTRATOR,User,MyLowCostVM,Microsoft-Windows-Security-Auditing,Security,4625,4625 - An account failed to log on.,120.133.88.0,3,3 - Network,\ADMINISTRATOR,ADMINISTRATOR,"11/16/2024, 2:30:57.928 AM"
"11/16/2024, 2:30:32.718 AM",\ADMINISTRATOR,User,MyLowCostVM,Microsoft-Windows-Security-Auditing,Security,4625,4625 - An account failed to log on.,186.75.215.94,3,3 - Network,\ADMINISTRATOR,ADMINISTRATOR,"11/16/2024, 2:30:57.928 AM"
"11/16/2024, 2:30:47.527 AM",\ADMINISTRATOR,User,MyLowCostVM,Microsoft-Windows-Security-Auditing,Security,4625,4625 - An account failed to log on.,120.133.88.0,3,3 - Network,\ADMINISTRATOR,ADMINISTRATOR,"11/16/2024, 2:31:17.902 AM"
"11/16/2024, 2:31:12.275 AM",\ADMINISTRATOR,User,MyLowCostVM,Microsoft-Windows-Security-Auditing,Security,4625,4625 - An account failed to log on.,120.133.88.0,3,3 - Network,\ADMINISTRATOR,ADMINISTRATOR,"11/16/2024, 2:31:37.925 AM"
"11/16/2024, 2:31:15.302 AM",\AZUREUSER,User,MyLowCostVM,Microsoft-Windows-Security-Auditing,Security,4625,4625 - An account failed to log on.,94.102.49.171,3,3 - Network,\AZUREUSER,AZUREUSER,"11/16/2024, 2:31:37.925 AM"
"11/16/2024, 2:31:37.146 AM",\ADMINISTRATOR,User,MyLowCostVM,Microsoft-Windows-Security-Auditing,Security,4625,4625 - An account failed to log on.,120.133.88.0,3,3 - Network,\ADMINISTRATOR,ADMINISTRATOR,"11/16/2024, 2:31:57.931 AM"
"11/16/2024, 2:31:59.013 AM",\ADMINISTRATOR,User,MyLowCostVM,Microsoft-Windows-Security-Auditing,Security,4625,4625 - An account failed to log on.,20.235.247.188,3,3 - Network,\ADMINISTRATOR,ADMINISTRATOR,"11/16/2024, 2:32:17.937 AM"
"11/16/2024, 2:32:01.917 AM",\ADMINISTRATOR,User,MyLowCostVM,Microsoft-Windows-Security-Auditing,Security,4625,4625 - An account failed to log on.,120.133.88.0,3,3 - Network,\ADMINISTRATOR,ADMINISTRATOR,"11/16/2024, 2:32:37.939 AM"
"11/16/2024, 2:32:26.695 AM",\ADMINISTRATOR,User,MyLowCostVM,Microsoft-Windows-Security-Auditing,Security,4625,4625 - An account failed to log on.,120.133.88.0,3,3 - Network,\ADMINISTRATOR,ADMINISTRATOR,"11/16/2024, 2:32:57.916 AM"
"11/16/2024, 2:32:51.483 AM",\ADMINISTRATOR,User,MyLowCostVM,Microsoft-Windows-Security-Auditing,Security,4625,4625 - An account failed to log on.,120.133.88.0,3,3 - Network,\ADMINISTRATOR,ADMINISTRATOR,"11/16/2024, 2:33:17.951 AM"
"11/16/2024, 2:33:16.214 AM",\ADMINISTRATOR,User,MyLowCostVM,Microsoft-Windows-Security-Auditing,Security,4625,4625 - An account failed to log on.,120.133.88.0,3,3 - Network,\ADMINISTRATOR,ADMINISTRATOR,"11/16/2024, 2:33:37.930 AM"
"11/16/2024, 2:33:40.911 AM",\ADMINISTRATOR,User,MyLowCostVM,Microsoft-Windows-Security-Auditing,Security,4625,4625 - An account failed to log on.,120.133.88.0,3,3 - Network,\ADMINISTRATOR,ADMINISTRATOR,"11/16/2024, 2:34:17.931 AM"
"11/16/2024, 2:34:05.759 AM",\ADMINISTRATOR,User,MyLowCostVM,Microsoft-Windows-Security-Auditing,Security,4625,4625 - An account failed to log on.,120.133.88.0,3,3 - Network,\ADMINISTRATOR,ADMINISTRATOR,"11/16/2024, 2:34:37.941 AM"
"11/16/2024, 2:34:14.663 AM",\AZUREUSER,User,MyLowCostVM,Microsoft-Windows-Security-Auditing,Security,4625,4625 - An account failed to log on.,94.102.49.171,3,3 - Network,\AZUREUSER,AZUREUSER,"11/16/2024, 2:34:37.941 AM"
"11/16/2024, 2:34:26.841 AM",\ADMINISTRATOR,User,MyLowCostVM,Microsoft-Windows-Security-Auditing,Security,4625,4625 - An account failed to log on.,20.235.247.188,3,3 - Network,\ADMINISTRATOR,ADMINISTRATOR,"11/16/2024, 2:34:57.940 AM"
"11/16/2024, 2:34:30.507 AM",\ADMINISTRATOR,User,MyLowCostVM,Microsoft-Windows-Security-Auditing,Security,4625,4625 - An account failed to log on.,120.133.88.0,3,3 - Network,\ADMINISTRATOR,ADMINISTRATOR,"11/16/2024, 2:34:57.940 AM"
"11/16/2024, 2:34:55.278 AM",\ADMINISTRATOR,User,MyLowCostVM,Microsoft-Windows-Security-Auditing,Security,4625,4625 - An account failed to log on.,120.133.88.0,3,3 - Network,\ADMINISTRATOR,ADMINISTRATOR,"11/16/2024, 2:35:17.933 AM"
"11/16/2024, 2:35:20.041 AM",\ADMINISTRATOR,User,MyLowCostVM,Microsoft-Windows-Security-Auditing,Security,4625,4625 - An account failed to log on.,120.133.88.0,3,3 - Network,\ADMINISTRATOR,ADMINISTRATOR,"11/16/2024, 2:35:57.931 AM"
"11/16/2024, 2:35:31.165 AM",\ADMINISTRATOR,User,MyLowCostVM,Microsoft-Windows-Security-Auditing,Security,4625,4625 - An account failed to log on.,186.75.215.94,3,3 - Network,\ADMINISTRATOR,ADMINISTRATOR,"11/16/2024, 2:35:57.931 AM"
"11/16/2024, 2:35:44.809 AM",\ADMINISTRATOR,User,MyLowCostVM,Microsoft-Windows-Security-Auditing,Security,4625,4625 - An account failed to log on.,120.133.88.0,3,3 - Network,\ADMINISTRATOR,ADMINISTRATOR,"11/16/2024, 2:36:17.903 AM"
"11/16/2024, 2:36:09.513 AM",\ADMINISTRATOR,User,MyLowCostVM,Microsoft-Windows-Security-Auditing,Security,4625,4625 - An account failed to log on.,120.133.88.0,3,3 - Network,\ADMINISTRATOR,ADMINISTRATOR,"11/16/2024, 2:36:37.929 AM"
"11/16/2024, 2:36:34.257 AM",\ADMINISTRATOR,User,MyLowCostVM,Microsoft-Windows-Security-Auditing,Security,4625,4625 - An account failed to log on.,120.133.88.0,3,3 - Network,\ADMINISTRATOR,ADMINISTRATOR,"11/16/2024, 2:36:58.410 AM"
"11/16/2024, 2:36:59.051 AM",\ADMINISTRATOR,User,MyLowCostVM,Microsoft-Windows-Security-Auditing,Security,4625,4625 - An account failed to log on.,120.133.88.0,3,3 - Network,\ADMINISTRATOR,ADMINISTRATOR,"11/16/2024, 2:37:17.933 AM"
"11/16/2024, 2:36:59.460 AM",\ADMINISTRATOR,User,MyLowCostVM,Microsoft-Windows-Security-Auditing,Security,4625,4625 - An account failed to log on.,20.235.247.188,3,3 - Network,\ADMINISTRATOR,ADMINISTRATOR,"11/16/2024, 2:37:17.933 AM"
"11/16/2024, 2:37:14.148 AM",\AZUREUSER,User,MyLowCostVM,Microsoft-Windows-Security-Auditing,Security,4625,4625 - An account failed to log on.,94.102.49.171,3,3 - Network,\AZUREUSER,AZUREUSER,"11/16/2024, 2:37:37.954 AM"
"11/16/2024, 2:37:23.689 AM",\ADMINISTRATOR,User,MyLowCostVM,Microsoft-Windows-Security-Auditing,Security,4625,4625 - An account failed to log on.,120.133.88.0,3,3 - Network,\ADMINISTRATOR,ADMINISTRATOR,"11/16/2024, 2:37:57.932 AM"
"11/16/2024, 2:37:48.457 AM",\ADMINISTRATOR,User,MyLowCostVM,Microsoft-Windows-Security-Auditing,Security,4625,4625 - An account failed to log on.,120.133.88.0,3,3 - Network,\ADMINISTRATOR,ADMINISTRATOR,"11/16/2024, 2:38:17.932 AM"
"11/16/2024, 2:38:00.121 AM",\ADMINISTRATOR,User,MyLowCostVM,Microsoft-Windows-Security-Auditing,Security,4625,4625 - An account failed to log on.,186.75.215.94,3,3 - Network,\ADMINISTRATOR,ADMINISTRATOR,"11/16/2024, 2:38:37.927 AM"
"11/16/2024, 2:38:13.123 AM",\ADMINISTRATOR,User,MyLowCostVM,Microsoft-Windows-Security-Auditing,Security,4625,4625 - An account failed to log on.,120.133.88.0,3,3 - Network,\ADMINISTRATOR,ADMINISTRATOR,"11/16/2024, 2:38:37.927 AM"
"11/16/2024, 2:38:37.886 AM",\ADMINISTRATOR,User,MyLowCostVM,Microsoft-Windows-Security-Auditing,Security,4625,4625 - An account failed to log on.,120.133.88.0,3,3 - Network,\ADMINISTRATOR,ADMINISTRATOR,"11/16/2024, 2:38:57.926 AM"
"11/16/2024, 2:39:02.627 AM",\ADMINISTRATOR,User,MyLowCostVM,Microsoft-Windows-Security-Auditing,Security,4625,4625 - An account failed to log on.,120.133.88.0,3,3 - Network,\ADMINISTRATOR,ADMINISTRATOR,"11/16/2024, 2:39:37.907 AM"
"11/16/2024, 2:39:27.344 AM",\ADMINISTRATOR,User,MyLowCostVM,Microsoft-Windows-Security-Auditing,Security,4625,4625 - An account failed to log on.,120.133.88.0,3,3 - Network,\ADMINISTRATOR,ADMINISTRATOR,"11/16/2024, 2:39:57.928 AM"
"11/16/2024, 2:39:30.480 AM",\ADMINISTRATOR,User,MyLowCostVM,Microsoft-Windows-Security-Auditing,Security,4625,4625 - An account failed to log on.,20.235.247.188,3,3 - Network,\ADMINISTRATOR,ADMINISTRATOR,"11/16/2024, 2:39:57.928 AM"
"11/16/2024, 2:39:52.079 AM",\ADMINISTRATOR,User,MyLowCostVM,Microsoft-Windows-Security-Auditing,Security,4625,4625 - An account failed to log on.,120.133.88.0,3,3 - Network,\ADMINISTRATOR,ADMINISTRATOR,"11/16/2024, 2:40:17.939 AM"
"11/16/2024, 2:40:13.235 AM",\AZUREUSER,User,MyLowCostVM,Microsoft-Windows-Security-Auditing,Security,4625,4625 - An account failed to log on.,94.102.49.171,3,3 - Network,\AZUREUSER,AZUREUSER,"11/16/2024, 2:40:37.916 AM"
"11/16/2024, 2:40:16.788 AM",\ADMINISTRATOR,User,MyLowCostVM,Microsoft-Windows-Security-Auditing,Security,4625,4625 - An account failed to log on.,120.133.88.0,3,3 - Network,\ADMINISTRATOR,ADMINISTRATOR,"11/16/2024, 2:40:37.916 AM"
"11/16/2024, 2:40:31.737 AM",\ADMINISTRATOR,User,MyLowCostVM,Microsoft-Windows-Security-Auditing,Security,4625,4625 - An account failed to log on.,186.75.215.94,3,3 - Network,\ADMINISTRATOR,ADMINISTRATOR,"11/16/2024, 2:40:57.896 AM"
"11/16/2024, 2:40:41.553 AM",\ADMINISTRATOR,User,MyLowCostVM,Microsoft-Windows-Security-Auditing,Security,4625,4625 - An account failed to log on.,120.133.88.0,3,3 - Network,\ADMINISTRATOR,ADMINISTRATOR,"11/16/2024, 2:41:17.907 AM"
"11/16/2024, 2:41:06.363 AM",\ADMINISTRATOR,User,MyLowCostVM,Microsoft-Windows-Security-Auditing,Security,4625,4625 - An account failed to log on.,120.133.88.0,3,3 - Network,\ADMINISTRATOR,ADMINISTRATOR,"11/16/2024, 2:41:37.941 AM"
"11/16/2024, 2:41:31.153 AM",\ADMINISTRATOR,User,MyLowCostVM,Microsoft-Windows-Security-Auditing,Security,4625,4625 - An account failed to log on.,120.133.88.0,3,3 - Network,\ADMINISTRATOR,ADMINISTRATOR,"11/16/2024, 2:41:57.956 AM"
"11/16/2024, 2:41:33.072 AM",NT AUTHORITY\SYSTEM,Machine,MyLowCostVM,Microsoft-Windows-Security-Auditing,Security,4624,4624 - An account was successfully logged on.,-,5,5 - Service,NT AUTHORITY\SYSTEM,SYSTEM,"11/16/2024, 2:41:57.956 AM"
"11/16/2024, 2:41:33.072 AM",NT AUTHORITY\SYSTEM,Machine,MyLowCostVM,Microsoft-Windows-Security-Auditing,Security,4672,4672 - Special privileges assigned to new logon.,,,,,,"11/16/2024, 2:41:57.956 AM"
"11/16/2024, 2:41:33.109 AM",,,MyLowCostVM,Microsoft-Windows-Security-Auditing,Security,5379,5379,,,,,,"11/16/2024, 2:41:57.956 AM"
"11/16/2024, 2:41:33.109 AM",,,MyLowCostVM,Microsoft-Windows-Security-Auditing,Security,5379,5379,,,,,,"11/16/2024, 2:41:57.956 AM"
"11/16/2024, 2:41:33.109 AM",,,MyLowCostVM,Microsoft-Windows-Security-Auditing,Security,5379,5379,,,,,,"11/16/2024, 2:41:57.956 AM"
"11/16/2024, 2:41:33.111 AM",,,MyLowCostVM,Microsoft-Windows-Security-Auditing,Security,5379,5379,,,,,,"11/16/2024, 2:41:57.956 AM"
"11/16/2024, 2:41:33.112 AM",,,MyLowCostVM,Microsoft-Windows-Security-Auditing,Security,5379,5379,,,,,,"11/16/2024, 2:41:57.956 AM"
"11/16/2024, 2:41:33.112 AM",,,MyLowCostVM,Microsoft-Windows-Security-Auditing,Security,5379,5379,,,,,,"11/16/2024, 2:41:57.956 AM"
"11/16/2024, 2:41:33.560 AM",,,MyLowCostVM,Microsoft-Windows-Security-Auditing,Security,5379,5379,,,,,,"11/16/2024, 2:41:57.956 AM"
"11/16/2024, 2:41:33.561 AM",,,MyLowCostVM,Microsoft-Windows-Security-Auditing,Security,5379,5379,,,,,,"11/16/2024, 2:41:57.956 AM"
"11/16/2024, 2:41:33.564 AM",,,MyLowCostVM,Microsoft-Windows-Security-Auditing,Security,5379,5379,,,,,,"11/16/2024, 2:41:57.956 AM"
"11/16/2024, 2:41:33.564 AM",,,MyLowCostVM,Microsoft-Windows-Security-Auditing,Security,5379,5379,,,,,,"11/16/2024, 2:41:57.956 AM"
"11/16/2024, 2:41:55.879 AM",\ADMINISTRATOR,User,MyLowCostVM,Microsoft-Windows-Security-Auditing,Security,4625,4625 - An account failed to log on.,120.133.88.0,3,3 - Network,\ADMINISTRATOR,ADMINISTRATOR,"11/16/2024, 2:42:17.941 AM"
"11/16/2024, 2:41:58.021 AM",\ADMINISTRATOR,User,MyLowCostVM,Microsoft-Windows-Security-Auditing,Security,4625,4625 - An account failed to log on.,20.235.247.188,3,3 - Network,\ADMINISTRATOR,ADMINISTRATOR,"11/16/2024, 2:42:17.941 AM"
"11/16/2024, 2:42:20.616 AM",\ADMINISTRATOR,User,MyLowCostVM,Microsoft-Windows-Security-Auditing,Security,4625,4625 - An account failed to log on.,120.133.88.0,3,3 - Network,\ADMINISTRATOR,ADMINISTRATOR,"11/16/2024, 2:42:57.907 AM"
"11/16/2024, 2:42:45.372 AM",\ADMINISTRATOR,User,MyLowCostVM,Microsoft-Windows-Security-Auditing,Security,4625,4625 - An account failed to log on.,120.133.88.0,3,3 - Network,\ADMINISTRATOR,ADMINISTRATOR,"11/16/2024, 2:43:17.927 AM"
"11/16/2024, 2:43:02.432 AM",\ADMINISTRATOR,User,MyLowCostVM,Microsoft-Windows-Security-Auditing,Security,4625,4625 - An account failed to log on.,186.75.215.94,3,3 - Network,\ADMINISTRATOR,ADMINISTRATOR,"11/16/2024, 2:43:37.874 AM"
"11/16/2024, 2:43:10.051 AM",\ADMINISTRATOR,User,MyLowCostVM,Microsoft-Windows-Security-Auditing,Security,4625,4625 - An account failed to log on.,120.133.88.0,3,3 - Network,\ADMINISTRATOR,ADMINISTRATOR,"11/16/2024, 2:43:37.874 AM"
"11/16/2024, 2:43:12.381 AM",\AZUREUSER,User,MyLowCostVM,Microsoft-Windows-Security-Auditing,Security,4625,4625 - An account failed to log on.,94.102.49.171,3,3 - Network,\AZUREUSER,AZUREUSER,"11/16/2024, 2:43:37.874 AM"
"11/16/2024, 2:43:34.858 AM",\ADMINISTRATOR,User,MyLowCostVM,Microsoft-Windows-Security-Auditing,Security,4625,4625 - An account failed to log on.,120.133.88.0,3,3 - Network,\ADMINISTRATOR,ADMINISTRATOR,"11/16/2024, 2:43:57.907 AM"
"11/16/2024, 2:43:59.592 AM",\ADMINISTRATOR,User,MyLowCostVM,Microsoft-Windows-Security-Auditing,Security,4625,4625 - An account failed to log on.,120.133.88.0,3,3 - Network,\ADMINISTRATOR,ADMINISTRATOR,"11/16/2024, 2:44:17.934 AM"
"11/16/2024, 2:44:24.277 AM",\ADMINISTRATOR,User,MyLowCostVM,Microsoft-Windows-Security-Auditing,Security,4625,4625 - An account failed to log on.,120.133.88.0,3,3 - Network,\ADMINISTRATOR,ADMINISTRATOR,"11/16/2024, 2:44:57.921 AM"
"11/16/2024, 2:44:29.572 AM",\ADMINISTRATOR,User,MyLowCostVM,Microsoft-Windows-Security-Auditing,Security,4625,4625 - An account failed to log on.,20.235.247.188,3,3 - Network,\ADMINISTRATOR,ADMINISTRATOR,"11/16/2024, 2:44:57.921 AM"
"11/16/2024, 2:44:49.027 AM",\ADMINISTRATOR,User,MyLowCostVM,Microsoft-Windows-Security-Auditing,Security,4625,4625 - An account failed to log on.,120.133.88.0,3,3 - Network,\ADMINISTRATOR,ADMINISTRATOR,"11/16/2024, 2:45:17.925 AM"
"11/16/2024, 2:45:13.798 AM",\ADMINISTRATOR,User,MyLowCostVM,Microsoft-Windows-Security-Auditing,Security,4625,4625 - An account failed to log on.,120.133.88.0,3,3 - Network,\ADMINISTRATOR,ADMINISTRATOR,"11/16/2024, 2:45:37.918 AM"
"11/16/2024, 2:45:32.766 AM",\ADMINISTRATOR,User,MyLowCostVM,Microsoft-Windows-Security-Auditing,Security,4625,4625 - An account failed to log on.,186.75.215.94,3,3 - Network,\ADMINISTRATOR,ADMINISTRATOR,"11/16/2024, 2:45:57.929 AM"
"11/16/2024, 2:45:38.522 AM",\ADMINISTRATOR,User,MyLowCostVM,Microsoft-Windows-Security-Auditing,Security,4625,4625 - An account failed to log on.,120.133.88.0,3,3 - Network,\ADMINISTRATOR,ADMINISTRATOR,"11/16/2024, 2:45:57.929 AM"
"11/16/2024, 2:46:03.226 AM",\ADMINISTRATOR,User,MyLowCostVM,Microsoft-Windows-Security-Auditing,Security,4625,4625 - An account failed to log on.,120.133.88.0,3,3 - Network,\ADMINISTRATOR,ADMINISTRATOR,"11/16/2024, 2:46:37.935 AM"
"11/16/2024, 2:46:11.424 AM",\AZUREUSER,User,MyLowCostVM,Microsoft-Windows-Security-Auditing,Security,4625,4625 - An account failed to log on.,94.102.49.171,3,3 - Network,\AZUREUSER,AZUREUSER,"11/16/2024, 2:46:37.935 AM"
"11/16/2024, 2:46:27.950 AM",\ADMINISTRATOR,User,MyLowCostVM,Microsoft-Windows-Security-Auditing,Security,4625,4625 - An account failed to log on.,120.133.88.0,3,3 - Network,\ADMINISTRATOR,ADMINISTRATOR,"11/16/2024, 2:46:57.925 AM"
"11/16/2024, 2:46:52.677 AM",\ADMINISTRATOR,User,MyLowCostVM,Microsoft-Windows-Security-Auditing,Security,4625,4625 - An account failed to log on.,120.133.88.0,3,3 - Network,\ADMINISTRATOR,ADMINISTRATOR,"11/16/2024, 2:47:17.954 AM"
"11/16/2024, 2:46:59.300 AM",\ADMINISTRATOR,User,MyLowCostVM,Microsoft-Windows-Security-Auditing,Security,4625,4625 - An account failed to log on.,20.235.247.188,3,3 - Network,\ADMINISTRATOR,ADMINISTRATOR,"11/16/2024, 2:47:17.954 AM"
"11/16/2024, 2:47:17.452 AM",\ADMINISTRATOR,User,MyLowCostVM,Microsoft-Windows-Security-Auditing,Security,4625,4625 - An account failed to log on.,120.133.88.0,3,3 - Network,\ADMINISTRATOR,ADMINISTRATOR,"11/16/2024, 2:47:37.922 AM"
