"11/16/2024, 9:22:53.584 AM",\ADMINISTRATOR,User,MyLowCostVM,Microsoft-Windows-Security-Auditing,Security,4625,4625 - An account failed to log on.,120.133.88.0,3,3 - Network,\ADMINISTRATOR,ADMINISTRATOR,"11/16/2024, 9:23:17.871 AM"
"11/16/2024, 9:23:13.202 AM",\ADMINISTRATOR,User,MyLowCostVM,Microsoft-Windows-Security-Auditing,Security,4625,4625 - An account failed to log on.,36.134.25.206,3,3 - Network,\ADMINISTRATOR,ADMINISTRATOR,"11/16/2024, 9:23:37.901 AM"
"11/16/2024, 9:23:17.683 AM",\ADMINISTRATOR,User,MyLowCostVM,Microsoft-Windows-Security-Auditing,Security,4625,4625 - An account failed to log on.,120.133.88.0,3,3 - Network,\ADMINISTRATOR,ADMINISTRATOR,"11/16/2024, 9:23:37.901 AM"
"11/16/2024, 9:23:28.357 AM",\ADMINISTRATOR,User,MyLowCostVM,Microsoft-Windows-Security-Auditing,Security,4625,4625 - An account failed to log on.,116.228.169.194,3,3 - Network,\ADMINISTRATOR,ADMINISTRATOR,"11/16/2024, 9:23:57.863 AM"
"11/16/2024, 9:23:34.336 AM",\ADMIN,User,MyLowCostVM,Microsoft-Windows-Security-Auditing,Security,4625,4625 - An account failed to log on.,218.90.122.42,3,3 - Network,\ADMIN,ADMIN,"11/16/2024, 9:23:57.863 AM"
"11/16/2024, 9:23:41.772 AM",\ADMINISTRATOR,User,MyLowCostVM,Microsoft-Windows-Security-Auditing,Security,4625,4625 - An account failed to log on.,120.133.88.0,3,3 - Network,\ADMINISTRATOR,ADMINISTRATOR,"11/16/2024, 9:24:17.885 AM"
"11/16/2024, 9:23:51.627 AM",\ADMINISTRATOR,User,MyLowCostVM,Microsoft-Windows-Security-Auditing,Security,4625,4625 - An account failed to log on.,218.24.151.212,3,3 - Network,\ADMINISTRATOR,ADMINISTRATOR,"11/16/2024, 9:24:17.885 AM"
"11/16/2024, 9:24:05.870 AM",\ADMINISTRATOR,User,MyLowCostVM,Microsoft-Windows-Security-Auditing,Security,4625,4625 - An account failed to log on.,120.133.88.0,3,3 - Network,\ADMINISTRATOR,ADMINISTRATOR,"11/16/2024, 9:24:37.890 AM"
"11/16/2024, 9:24:23.423 AM",\ADMINISTRATOR,User,MyLowCostVM,Microsoft-Windows-Security-Auditing,Security,4625,4625 - An account failed to log on.,36.134.25.206,3,3 - Network,\ADMINISTRATOR,ADMINISTRATOR,"11/16/2024, 9:24:57.889 AM"
"11/16/2024, 9:24:30.037 AM",\ADMINISTRATOR,User,MyLowCostVM,Microsoft-Windows-Security-Auditing,Security,4625,4625 - An account failed to log on.,120.133.88.0,3,3 - Network,\ADMINISTRATOR,ADMINISTRATOR,"11/16/2024, 9:24:57.889 AM"
"11/16/2024, 9:24:42.925 AM",\ADMINISTRATOR,User,MyLowCostVM,Microsoft-Windows-Security-Auditing,Security,4625,4625 - An account failed to log on.,79.124.56.98,3,3 - Network,\ADMINISTRATOR,ADMINISTRATOR,"11/16/2024, 9:25:17.882 AM"
"11/16/2024, 9:24:54.211 AM",\ADMINISTRATOR,User,MyLowCostVM,Microsoft-Windows-Security-Auditing,Security,4625,4625 - An account failed to log on.,120.133.88.0,3,3 - Network,\ADMINISTRATOR,ADMINISTRATOR,"11/16/2024, 9:25:17.882 AM"
"11/16/2024, 9:25:05.587 AM",\ADMIN,User,MyLowCostVM,Microsoft-Windows-Security-Auditing,Security,4625,4625 - An account failed to log on.,218.24.151.212,3,3 - Network,\ADMIN,ADMIN,"11/16/2024, 9:25:37.900 AM"
"11/16/2024, 9:25:08.467 AM",\ADMINISTRATOR,User,MyLowCostVM,Microsoft-Windows-Security-Auditing,Security,4625,4625 - An account failed to log on.,186.75.215.94,3,3 - Network,\ADMINISTRATOR,ADMINISTRATOR,"11/16/2024, 9:25:37.900 AM"
"11/16/2024, 9:25:18.419 AM",\ADMINISTRATOR,User,MyLowCostVM,Microsoft-Windows-Security-Auditing,Security,4625,4625 - An account failed to log on.,120.133.88.0,3,3 - Network,\ADMINISTRATOR,ADMINISTRATOR,"11/16/2024, 9:25:37.900 AM"
"11/16/2024, 9:25:28.663 AM",\ADMINISTRATOR,User,MyLowCostVM,Microsoft-Windows-Security-Auditing,Security,4625,4625 - An account failed to log on.,36.134.25.206,3,3 - Network,\ADMINISTRATOR,ADMINISTRATOR,"11/16/2024, 9:25:57.877 AM"
"11/16/2024, 9:25:32.097 AM",\TEST,User,MyLowCostVM,Microsoft-Windows-Security-Auditing,Security,4625,4625 - An account failed to log on.,218.90.122.42,3,3 - Network,\TEST,TEST,"11/16/2024, 9:25:57.877 AM"
"11/16/2024, 9:25:42.676 AM",\ADMINISTRATOR,User,MyLowCostVM,Microsoft-Windows-Security-Auditing,Security,4625,4625 - An account failed to log on.,120.133.88.0,3,3 - Network,\ADMINISTRATOR,ADMINISTRATOR,"11/16/2024, 9:26:17.918 AM"
"11/16/2024, 9:25:59.542 AM",\ADMINISTRATOR,User,MyLowCostVM,Microsoft-Windows-Security-Auditing,Security,4625,4625 - An account failed to log on.,116.228.169.194,3,3 - Network,\ADMINISTRATOR,ADMINISTRATOR,"11/16/2024, 9:26:17.918 AM"
"11/16/2024, 9:26:07.234 AM",\ADMINISTRATOR,User,MyLowCostVM,Microsoft-Windows-Security-Auditing,Security,4625,4625 - An account failed to log on.,120.133.88.0,3,3 - Network,\ADMINISTRATOR,ADMINISTRATOR,"11/16/2024, 9:26:37.871 AM"
"11/16/2024, 9:26:19.840 AM",\ADMINISTRATOR,User,MyLowCostVM,Microsoft-Windows-Security-Auditing,Security,4625,4625 - An account failed to log on.,218.24.151.212,3,3 - Network,\ADMINISTRATOR,ADMINISTRATOR,"11/16/2024, 9:26:37.871 AM"
"11/16/2024, 9:26:31.827 AM",\ADMINISTRATOR,User,MyLowCostVM,Microsoft-Windows-Security-Auditing,Security,4625,4625 - An account failed to log on.,120.133.88.0,3,3 - Network,\ADMINISTRATOR,ADMINISTRATOR,"11/16/2024, 9:26:57.891 AM"
"11/16/2024, 9:26:38.464 AM",\ADMINISTRATOR,User,MyLowCostVM,Microsoft-Windows-Security-Auditing,Security,4625,4625 - An account failed to log on.,36.134.25.206,3,3 - Network,\ADMINISTRATOR,ADMINISTRATOR,"11/16/2024, 9:26:57.891 AM"
"11/16/2024, 9:26:56.347 AM",\ADMINISTRATOR,User,MyLowCostVM,Microsoft-Windows-Security-Auditing,Security,4625,4625 - An account failed to log on.,120.133.88.0,3,3 - Network,\ADMINISTRATOR,ADMINISTRATOR,"11/16/2024, 9:27:17.904 AM"
"11/16/2024, 9:27:13.994 AM",\ADMINISTRATOR,User,MyLowCostVM,Microsoft-Windows-Security-Auditing,Security,4625,4625 - An account failed to log on.,79.124.56.98,3,3 - Network,\ADMINISTRATOR,ADMINISTRATOR,"11/16/2024, 9:27:37.894 AM"
"11/16/2024, 9:27:21.151 AM",\ADMINISTRATOR,User,MyLowCostVM,Microsoft-Windows-Security-Auditing,Security,4625,4625 - An account failed to log on.,120.133.88.0,3,3 - Network,\ADMINISTRATOR,ADMINISTRATOR,"11/16/2024, 9:27:57.888 AM"
"11/16/2024, 9:27:32.458 AM",\ADMIN,User,MyLowCostVM,Microsoft-Windows-Security-Auditing,Security,4625,4625 - An account failed to log on.,218.24.151.212,3,3 - Network,\ADMIN,ADMIN,"11/16/2024, 9:27:57.888 AM"
"11/16/2024, 9:27:33.021 AM",\ROOT,User,MyLowCostVM,Microsoft-Windows-Security-Auditing,Security,4625,4625 - An account failed to log on.,218.90.122.42,3,3 - Network,\ROOT,ROOT,"11/16/2024, 9:27:57.888 AM"
"11/16/2024, 9:27:35.389 AM",\ADMINISTRATOR,User,MyLowCostVM,Microsoft-Windows-Security-Auditing,Security,4625,4625 - An account failed to log on.,186.75.215.94,3,3 - Network,\ADMINISTRATOR,ADMINISTRATOR,"11/16/2024, 9:27:57.888 AM"
"11/16/2024, 9:27:46.511 AM",\ADMINISTRATOR,User,MyLowCostVM,Microsoft-Windows-Security-Auditing,Security,4625,4625 - An account failed to log on.,120.133.88.0,3,3 - Network,\ADMINISTRATOR,ADMINISTRATOR,"11/16/2024, 9:28:17.899 AM"
"11/16/2024, 9:27:50.037 AM",\ADMINISTRATOR,User,MyLowCostVM,Microsoft-Windows-Security-Auditing,Security,4625,4625 - An account failed to log on.,36.134.25.206,3,3 - Network,\ADMINISTRATOR,ADMINISTRATOR,"11/16/2024, 9:28:17.899 AM"
"11/16/2024, 9:28:12.559 AM",\ADMINISTRATOR,User,MyLowCostVM,Microsoft-Windows-Security-Auditing,Security,4625,4625 - An account failed to log on.,120.133.88.0,3,3 - Network,\ADMINISTRATOR,ADMINISTRATOR,"11/16/2024, 9:28:37.864 AM"
"11/16/2024, 9:28:29.218 AM",\ADMINISTRATOR,User,MyLowCostVM,Microsoft-Windows-Security-Auditing,Security,4625,4625 - An account failed to log on.,116.228.169.194,3,3 - Network,\ADMINISTRATOR,ADMINISTRATOR,"11/16/2024, 9:28:57.904 AM"
"11/16/2024, 9:28:39.237 AM",\ADMINISTRATOR,User,MyLowCostVM,Microsoft-Windows-Security-Auditing,Security,4625,4625 - An account failed to log on.,120.133.88.0,3,3 - Network,\ADMINISTRATOR,ADMINISTRATOR,"11/16/2024, 9:28:57.904 AM"
"11/16/2024, 9:28:44.858 AM",\ADMINISTRATOR,User,MyLowCostVM,Microsoft-Windows-Security-Auditing,Security,4625,4625 - An account failed to log on.,218.24.151.212,3,3 - Network,\ADMINISTRATOR,ADMINISTRATOR,"11/16/2024, 9:29:17.902 AM"
"11/16/2024, 9:28:55.207 AM",\ADMINISTRATOR,User,MyLowCostVM,Microsoft-Windows-Security-Auditing,Security,4625,4625 - An account failed to log on.,36.134.25.206,3,3 - Network,\ADMINISTRATOR,ADMINISTRATOR,"11/16/2024, 9:29:17.902 AM"
"11/16/2024, 9:29:07.063 AM",\ADMINISTRATOR,User,MyLowCostVM,Microsoft-Windows-Security-Auditing,Security,4625,4625 - An account failed to log on.,120.133.88.0,3,3 - Network,\ADMINISTRATOR,ADMINISTRATOR,"11/16/2024, 9:29:37.887 AM"
"11/16/2024, 9:29:32.883 AM",\DELL,User,MyLowCostVM,Microsoft-Windows-Security-Auditing,Security,4625,4625 - An account failed to log on.,218.90.122.42,3,3 - Network,\DELL,DELL,"11/16/2024, 9:29:57.873 AM"
"11/16/2024, 9:29:37.023 AM",\ADMINISTRATOR,User,MyLowCostVM,Microsoft-Windows-Security-Auditing,Security,4625,4625 - An account failed to log on.,120.133.88.0,3,3 - Network,\ADMINISTRATOR,ADMINISTRATOR,"11/16/2024, 9:29:57.873 AM"
"11/16/2024, 9:29:43.552 AM",\ADMINISTRATOR,User,MyLowCostVM,Microsoft-Windows-Security-Auditing,Security,4625,4625 - An account failed to log on.,79.124.56.98,3,3 - Network,\ADMINISTRATOR,ADMINISTRATOR,"11/16/2024, 9:30:17.904 AM"
"11/16/2024, 9:29:59.280 AM",\ADMIN,User,MyLowCostVM,Microsoft-Windows-Security-Auditing,Security,4625,4625 - An account failed to log on.,218.24.151.212,3,3 - Network,\ADMIN,ADMIN,"11/16/2024, 9:30:17.904 AM"
"11/16/2024, 9:29:59.653 AM",\ADMINISTRATOR,User,MyLowCostVM,Microsoft-Windows-Security-Auditing,Security,4625,4625 - An account failed to log on.,36.134.25.206,3,3 - Network,\ADMINISTRATOR,ADMINISTRATOR,"11/16/2024, 9:30:17.904 AM"
"11/16/2024, 9:30:03.040 AM",\ADMINISTRATOR,User,MyLowCostVM,Microsoft-Windows-Security-Auditing,Security,4625,4625 - An account failed to log on.,186.75.215.94,3,3 - Network,\ADMINISTRATOR,ADMINISTRATOR,"11/16/2024, 9:30:37.885 AM"
"11/16/2024, 9:30:09.940 AM",\ADMINISTRATOR,User,MyLowCostVM,Microsoft-Windows-Security-Auditing,Security,4625,4625 - An account failed to log on.,120.133.88.0,3,3 - Network,\ADMINISTRATOR,ADMINISTRATOR,"11/16/2024, 9:30:37.885 AM"
"11/16/2024, 9:30:55.623 AM",\ADMINISTRATOR,User,MyLowCostVM,Microsoft-Windows-Security-Auditing,Security,4625,4625 - An account failed to log on.,120.133.88.0,3,3 - Network,\ADMINISTRATOR,ADMINISTRATOR,"11/16/2024, 9:31:17.903 AM"
"11/16/2024, 9:31:02.381 AM",\ADMINISTRATOR,User,MyLowCostVM,Microsoft-Windows-Security-Auditing,Security,4625,4625 - An account failed to log on.,116.228.169.194,3,3 - Network,\ADMINISTRATOR,ADMINISTRATOR,"11/16/2024, 9:31:37.866 AM"
"11/16/2024, 9:31:13.259 AM",\ADMINISTRATOR,User,MyLowCostVM,Microsoft-Windows-Security-Auditing,Security,4625,4625 - An account failed to log on.,218.24.151.212,3,3 - Network,\ADMINISTRATOR,ADMINISTRATOR,"11/16/2024, 9:31:37.866 AM"
"11/16/2024, 9:31:14.796 AM",\ADMINISTRATOR,User,MyLowCostVM,Microsoft-Windows-Security-Auditing,Security,4625,4625 - An account failed to log on.,120.133.88.0,3,3 - Network,\ADMINISTRATOR,ADMINISTRATOR,"11/16/2024, 9:31:37.866 AM"
"11/16/2024, 9:31:16.294 AM",\ADMINISTRATOR,User,MyLowCostVM,Microsoft-Windows-Security-Auditing,Security,4625,4625 - An account failed to log on.,36.134.25.206,3,3 - Network,\ADMINISTRATOR,ADMINISTRATOR,"11/16/2024, 9:31:37.866 AM"
"11/16/2024, 9:31:30.359 AM",\USER,User,MyLowCostVM,Microsoft-Windows-Security-Auditing,Security,4625,4625 - An account failed to log on.,218.90.122.42,3,3 - Network,\USER,USER,"11/16/2024, 9:31:57.875 AM"
"11/16/2024, 9:31:38.628 AM",\ADMINISTRATOR,User,MyLowCostVM,Microsoft-Windows-Security-Auditing,Security,4625,4625 - An account failed to log on.,120.133.88.0,3,3 - Network,\ADMINISTRATOR,ADMINISTRATOR,"11/16/2024, 9:31:57.875 AM"
"11/16/2024, 9:32:02.476 AM",\ADMINISTRATOR,User,MyLowCostVM,Microsoft-Windows-Security-Auditing,Security,4625,4625 - An account failed to log on.,120.133.88.0,3,3 - Network,\ADMINISTRATOR,ADMINISTRATOR,"11/16/2024, 9:32:37.887 AM"
"11/16/2024, 9:32:14.081 AM",\ADMINISTRATOR,User,MyLowCostVM,Microsoft-Windows-Security-Auditing,Security,4625,4625 - An account failed to log on.,36.134.25.206,3,3 - Network,\ADMINISTRATOR,ADMINISTRATOR,"11/16/2024, 9:32:37.887 AM"
"11/16/2024, 9:32:23.622 AM",\ADMINISTRATOR,User,MyLowCostVM,Microsoft-Windows-Security-Auditing,Security,4625,4625 - An account failed to log on.,79.124.56.98,3,3 - Network,\ADMINISTRATOR,ADMINISTRATOR,"11/16/2024, 9:32:57.908 AM"
"11/16/2024, 9:32:26.318 AM",\ADMINISTRATOR,User,MyLowCostVM,Microsoft-Windows-Security-Auditing,Security,4625,4625 - An account failed to log on.,120.133.88.0,3,3 - Network,\ADMINISTRATOR,ADMINISTRATOR,"11/16/2024, 9:32:57.908 AM"
"11/16/2024, 9:32:28.451 AM",\ADMIN,User,MyLowCostVM,Microsoft-Windows-Security-Auditing,Security,4625,4625 - An account failed to log on.,218.24.151.212,3,3 - Network,\ADMIN,ADMIN,"11/16/2024, 9:32:57.908 AM"
"11/16/2024, 9:32:29.832 AM",\ADMINISTRATOR,User,MyLowCostVM,Microsoft-Windows-Security-Auditing,Security,4625,4625 - An account failed to log on.,186.75.215.94,3,3 - Network,\ADMINISTRATOR,ADMINISTRATOR,"11/16/2024, 9:32:57.908 AM"
"11/16/2024, 9:32:50.138 AM",\ADMINISTRATOR,User,MyLowCostVM,Microsoft-Windows-Security-Auditing,Security,4625,4625 - An account failed to log on.,120.133.88.0,3,3 - Network,\ADMINISTRATOR,ADMINISTRATOR,"11/16/2024, 9:33:17.889 AM"
"11/16/2024, 9:33:13.965 AM",\ADMINISTRATOR,User,MyLowCostVM,Microsoft-Windows-Security-Auditing,Security,4625,4625 - An account failed to log on.,120.133.88.0,3,3 - Network,\ADMINISTRATOR,ADMINISTRATOR,"11/16/2024, 9:33:37.894 AM"
"11/16/2024, 9:33:27.375 AM",\ADMINISTRATOR,User,MyLowCostVM,Microsoft-Windows-Security-Auditing,Security,4625,4625 - An account failed to log on.,36.134.25.206,3,3 - Network,\ADMINISTRATOR,ADMINISTRATOR,"11/16/2024, 9:33:57.888 AM"
"11/16/2024, 9:33:34.427 AM",\PC,User,MyLowCostVM,Microsoft-Windows-Security-Auditing,Security,4625,4625 - An account failed to log on.,218.90.122.42,3,3 - Network,\PC,PC,"11/16/2024, 9:33:57.888 AM"
"11/16/2024, 9:33:36.356 AM",\ADMINISTRATOR,User,MyLowCostVM,Microsoft-Windows-Security-Auditing,Security,4625,4625 - An account failed to log on.,116.228.169.194,3,3 - Network,\ADMINISTRATOR,ADMINISTRATOR,"11/16/2024, 9:33:57.888 AM"
"11/16/2024, 9:33:37.788 AM",\ADMINISTRATOR,User,MyLowCostVM,Microsoft-Windows-Security-Auditing,Security,4625,4625 - An account failed to log on.,120.133.88.0,3,3 - Network,\ADMINISTRATOR,ADMINISTRATOR,"11/16/2024, 9:33:57.888 AM"
"11/16/2024, 9:33:45.089 AM",\ADMINISTRATOR,User,MyLowCostVM,Microsoft-Windows-Security-Auditing,Security,4625,4625 - An account failed to log on.,218.24.151.212,3,3 - Network,\ADMINISTRATOR,ADMINISTRATOR,"11/16/2024, 9:34:17.915 AM"
"11/16/2024, 9:34:01.642 AM",\ADMINISTRATOR,User,MyLowCostVM,Microsoft-Windows-Security-Auditing,Security,4625,4625 - An account failed to log on.,120.133.88.0,3,3 - Network,\ADMINISTRATOR,ADMINISTRATOR,"11/16/2024, 9:34:37.891 AM"
"11/16/2024, 9:34:25.414 AM",\ADMINISTRATOR,User,MyLowCostVM,Microsoft-Windows-Security-Auditing,Security,4625,4625 - An account failed to log on.,120.133.88.0,3,3 - Network,\ADMINISTRATOR,ADMINISTRATOR,"11/16/2024, 9:34:57.891 AM"
"11/16/2024, 9:34:37.117 AM",\ADMINISTRATOR,User,MyLowCostVM,Microsoft-Windows-Security-Auditing,Security,4625,4625 - An account failed to log on.,36.134.25.206,3,3 - Network,\ADMINISTRATOR,ADMINISTRATOR,"11/16/2024, 9:34:57.891 AM"
"11/16/2024, 9:34:49.320 AM",\ADMINISTRATOR,User,MyLowCostVM,Microsoft-Windows-Security-Auditing,Security,4625,4625 - An account failed to log on.,120.133.88.0,3,3 - Network,\ADMINISTRATOR,ADMINISTRATOR,"11/16/2024, 9:35:17.899 AM"
"11/16/2024, 9:34:56.263 AM",\ADMINISTRATOR,User,MyLowCostVM,Microsoft-Windows-Security-Auditing,Security,4625,4625 - An account failed to log on.,186.75.215.94,3,3 - Network,\ADMINISTRATOR,ADMINISTRATOR,"11/16/2024, 9:35:17.899 AM"
"11/16/2024, 9:34:59.796 AM",\ADMIN,User,MyLowCostVM,Microsoft-Windows-Security-Auditing,Security,4625,4625 - An account failed to log on.,218.24.151.212,3,3 - Network,\ADMIN,ADMIN,"11/16/2024, 9:35:17.899 AM"
"11/16/2024, 9:35:08.875 AM",\ADMINISTRATOR,User,MyLowCostVM,Microsoft-Windows-Security-Auditing,Security,4625,4625 - An account failed to log on.,79.124.56.98,3,3 - Network,\ADMINISTRATOR,ADMINISTRATOR,"11/16/2024, 9:35:37.892 AM"
"11/16/2024, 9:35:13.163 AM",\ADMINISTRATOR,User,MyLowCostVM,Microsoft-Windows-Security-Auditing,Security,4625,4625 - An account failed to log on.,120.133.88.0,3,3 - Network,\ADMINISTRATOR,ADMINISTRATOR,"11/16/2024, 9:35:37.892 AM"
"11/16/2024, 9:35:34.432 AM",\ADMINISTRATOR,User,MyLowCostVM,Microsoft-Windows-Security-Auditing,Security,4625,4625 - An account failed to log on.,218.90.122.42,3,3 - Network,\ADMINISTRATOR,ADMINISTRATOR,"11/16/2024, 9:35:57.893 AM"
"11/16/2024, 9:35:37.003 AM",\ADMINISTRATOR,User,MyLowCostVM,Microsoft-Windows-Security-Auditing,Security,4625,4625 - An account failed to log on.,120.133.88.0,3,3 - Network,\ADMINISTRATOR,ADMINISTRATOR,"11/16/2024, 9:35:57.893 AM"
"11/16/2024, 9:35:45.727 AM",\ADMINISTRATOR,User,MyLowCostVM,Microsoft-Windows-Security-Auditing,Security,4625,4625 - An account failed to log on.,36.134.25.206,3,3 - Network,\ADMINISTRATOR,ADMINISTRATOR,"11/16/2024, 9:36:17.836 AM"
"11/16/2024, 9:36:00.861 AM",\ADMINISTRATOR,User,MyLowCostVM,Microsoft-Windows-Security-Auditing,Security,4625,4625 - An account failed to log on.,120.133.88.0,3,3 - Network,\ADMINISTRATOR,ADMINISTRATOR,"11/16/2024, 9:36:37.894 AM"
"11/16/2024, 9:36:03.769 AM",\ADMINISTRATOR,User,MyLowCostVM,Microsoft-Windows-Security-Auditing,Security,4625,4625 - An account failed to log on.,116.228.169.194,3,3 - Network,\ADMINISTRATOR,ADMINISTRATOR,"11/16/2024, 9:36:37.894 AM"
"11/16/2024, 9:36:12.070 AM",\ADMINISTRATOR,User,MyLowCostVM,Microsoft-Windows-Security-Auditing,Security,4625,4625 - An account failed to log on.,218.24.151.212,3,3 - Network,\ADMINISTRATOR,ADMINISTRATOR,"11/16/2024, 9:36:37.894 AM"
"11/16/2024, 9:36:24.731 AM",\ADMINISTRATOR,User,MyLowCostVM,Microsoft-Windows-Security-Auditing,Security,4625,4625 - An account failed to log on.,120.133.88.0,3,3 - Network,\ADMINISTRATOR,ADMINISTRATOR,"11/16/2024, 9:36:57.878 AM"
"11/16/2024, 9:36:45.782 AM",\ADMINISTRATOR,User,MyLowCostVM,Microsoft-Windows-Security-Auditing,Security,4625,4625 - An account failed to log on.,36.134.25.206,3,3 - Network,\ADMINISTRATOR,ADMINISTRATOR,"11/16/2024, 9:37:17.902 AM"
"11/16/2024, 9:36:48.564 AM",\ADMINISTRATOR,User,MyLowCostVM,Microsoft-Windows-Security-Auditing,Security,4625,4625 - An account failed to log on.,120.133.88.0,3,3 - Network,\ADMINISTRATOR,ADMINISTRATOR,"11/16/2024, 9:37:17.902 AM"
"11/16/2024, 9:37:12.407 AM",\ADMINISTRATOR,User,MyLowCostVM,Microsoft-Windows-Security-Auditing,Security,4625,4625 - An account failed to log on.,120.133.88.0,3,3 - Network,\ADMINISTRATOR,ADMINISTRATOR,"11/16/2024, 9:37:37.904 AM"
"11/16/2024, 9:37:21.547 AM",\ADMINISTRATOR,User,MyLowCostVM,Microsoft-Windows-Security-Auditing,Security,4625,4625 - An account failed to log on.,186.75.215.94,3,3 - Network,\ADMINISTRATOR,ADMINISTRATOR,"11/16/2024, 9:37:57.900 AM"
"11/16/2024, 9:37:24.793 AM",\ADMIN,User,MyLowCostVM,Microsoft-Windows-Security-Auditing,Security,4625,4625 - An account failed to log on.,218.24.151.212,3,3 - Network,\ADMIN,ADMIN,"11/16/2024, 9:37:57.900 AM"
"11/16/2024, 9:37:36.256 AM",\ADMINISTRATOR,User,MyLowCostVM,Microsoft-Windows-Security-Auditing,Security,4625,4625 - An account failed to log on.,120.133.88.0,3,3 - Network,\ADMINISTRATOR,ADMINISTRATOR,"11/16/2024, 9:37:57.900 AM"
"11/16/2024, 9:37:40.655 AM",\ADMIN,User,MyLowCostVM,Microsoft-Windows-Security-Auditing,Security,4625,4625 - An account failed to log on.,218.90.122.42,3,3 - Network,\ADMIN,ADMIN,"11/16/2024, 9:38:17.893 AM"
"11/16/2024, 9:37:48.440 AM",\ADMINISTRATOR,User,MyLowCostVM,Microsoft-Windows-Security-Auditing,Security,4625,4625 - An account failed to log on.,79.124.56.98,3,3 - Network,\ADMINISTRATOR,ADMINISTRATOR,"11/16/2024, 9:38:17.893 AM"
"11/16/2024, 9:37:52.039 AM",\ADMINISTRATOR,User,MyLowCostVM,Microsoft-Windows-Security-Auditing,Security,4625,4625 - An account failed to log on.,36.134.25.206,3,3 - Network,\ADMINISTRATOR,ADMINISTRATOR,"11/16/2024, 9:38:17.893 AM"
"11/16/2024, 9:38:00.033 AM",\ADMINISTRATOR,User,MyLowCostVM,Microsoft-Windows-Security-Auditing,Security,4625,4625 - An account failed to log on.,120.133.88.0,3,3 - Network,\ADMINISTRATOR,ADMINISTRATOR,"11/16/2024, 9:38:37.890 AM"
"11/16/2024, 9:38:23.850 AM",\ADMINISTRATOR,User,MyLowCostVM,Microsoft-Windows-Security-Auditing,Security,4625,4625 - An account failed to log on.,120.133.88.0,3,3 - Network,\ADMINISTRATOR,ADMINISTRATOR,"11/16/2024, 9:38:57.845 AM"
"11/16/2024, 9:38:36.749 AM",\ADMINISTRATOR,User,MyLowCostVM,Microsoft-Windows-Security-Auditing,Security,4625,4625 - An account failed to log on.,218.24.151.212,3,3 - Network,\ADMINISTRATOR,ADMINISTRATOR,"11/16/2024, 9:38:57.845 AM"
"11/16/2024, 9:38:37.423 AM",\ADMINISTRATOR,User,MyLowCostVM,Microsoft-Windows-Security-Auditing,Security,4625,4625 - An account failed to log on.,116.228.169.194,3,3 - Network,\ADMINISTRATOR,ADMINISTRATOR,"11/16/2024, 9:38:57.845 AM"
"11/16/2024, 9:38:47.653 AM",\ADMINISTRATOR,User,MyLowCostVM,Microsoft-Windows-Security-Auditing,Security,4625,4625 - An account failed to log on.,120.133.88.0,3,3 - Network,\ADMINISTRATOR,ADMINISTRATOR,"11/16/2024, 9:39:17.873 AM"
"11/16/2024, 9:39:00.165 AM",\ADMINISTRATOR,User,MyLowCostVM,Microsoft-Windows-Security-Auditing,Security,4625,4625 - An account failed to log on.,36.134.25.206,3,3 - Network,\ADMINISTRATOR,ADMINISTRATOR,"11/16/2024, 9:39:37.922 AM"
"11/16/2024, 9:39:11.399 AM",\ADMINISTRATOR,User,MyLowCostVM,Microsoft-Windows-Security-Auditing,Security,4625,4625 - An account failed to log on.,120.133.88.0,3,3 - Network,\ADMINISTRATOR,ADMINISTRATOR,"11/16/2024, 9:39:37.922 AM"
"11/16/2024, 9:39:35.300 AM",\ADMINISTRATOR,User,MyLowCostVM,Microsoft-Windows-Security-Auditing,Security,4625,4625 - An account failed to log on.,120.133.88.0,3,3 - Network,\ADMINISTRATOR,ADMINISTRATOR,"11/16/2024, 9:39:57.889 AM"
"11/16/2024, 9:39:40.634 AM",\TEST,User,MyLowCostVM,Microsoft-Windows-Security-Auditing,Security,4625,4625 - An account failed to log on.,218.90.122.42,3,3 - Network,\TEST,TEST,"11/16/2024, 9:40:17.894 AM"
"11/16/2024, 9:39:47.266 AM",\ADMINISTRATOR,User,MyLowCostVM,Microsoft-Windows-Security-Auditing,Security,4625,4625 - An account failed to log on.,186.75.215.94,3,3 - Network,\ADMINISTRATOR,ADMINISTRATOR,"11/16/2024, 9:40:17.894 AM"
"11/16/2024, 9:39:51.115 AM",\ADMIN,User,MyLowCostVM,Microsoft-Windows-Security-Auditing,Security,4625,4625 - An account failed to log on.,218.24.151.212,3,3 - Network,\ADMIN,ADMIN,"11/16/2024, 9:40:17.894 AM"
"11/16/2024, 9:39:59.110 AM",\ADMINISTRATOR,User,MyLowCostVM,Microsoft-Windows-Security-Auditing,Security,4625,4625 - An account failed to log on.,120.133.88.0,3,3 - Network,\ADMINISTRATOR,ADMINISTRATOR,"11/16/2024, 9:40:17.894 AM"
"11/16/2024, 9:40:07.541 AM",\ADMINISTRATOR,User,MyLowCostVM,Microsoft-Windows-Security-Auditing,Security,4625,4625 - An account failed to log on.,36.134.25.206,3,3 - Network,\ADMINISTRATOR,ADMINISTRATOR,"11/16/2024, 9:40:37.910 AM"
"11/16/2024, 9:40:16.907 AM",\ADMINISTRATOR,User,MyLowCostVM,Microsoft-Windows-Security-Auditing,Security,4625,4625 - An account failed to log on.,79.124.56.98,3,3 - Network,\ADMINISTRATOR,ADMINISTRATOR,"11/16/2024, 9:40:37.910 AM"
"11/16/2024, 9:40:22.910 AM",\ADMINISTRATOR,User,MyLowCostVM,Microsoft-Windows-Security-Auditing,Security,4625,4625 - An account failed to log on.,120.133.88.0,3,3 - Network,\ADMINISTRATOR,ADMINISTRATOR,"11/16/2024, 9:40:57.914 AM"
"11/16/2024, 9:40:46.767 AM",\ADMINISTRATOR,User,MyLowCostVM,Microsoft-Windows-Security-Auditing,Security,4625,4625 - An account failed to log on.,120.133.88.0,3,3 - Network,\ADMINISTRATOR,ADMINISTRATOR,"11/16/2024, 9:41:17.885 AM"
"11/16/2024, 9:41:02.173 AM",\ADMINISTRATOR,User,MyLowCostVM,Microsoft-Windows-Security-Auditing,Security,4625,4625 - An account failed to log on.,218.24.151.212,3,3 - Network,\ADMINISTRATOR,ADMINISTRATOR,"11/16/2024, 9:41:37.889 AM"
"11/16/2024, 9:41:06.252 AM",\ADMINISTRATOR,User,MyLowCostVM,Microsoft-Windows-Security-Auditing,Security,4625,4625 - An account failed to log on.,116.228.169.194,3,3 - Network,\ADMINISTRATOR,ADMINISTRATOR,"11/16/2024, 9:41:37.889 AM"
"11/16/2024, 9:41:10.541 AM",\ADMINISTRATOR,User,MyLowCostVM,Microsoft-Windows-Security-Auditing,Security,4625,4625 - An account failed to log on.,120.133.88.0,3,3 - Network,\ADMINISTRATOR,ADMINISTRATOR,"11/16/2024, 9:41:37.889 AM"
"11/16/2024, 9:41:16.000 AM",\ADMINISTRATOR,User,MyLowCostVM,Microsoft-Windows-Security-Auditing,Security,4625,4625 - An account failed to log on.,36.134.25.206,3,3 - Network,\ADMINISTRATOR,ADMINISTRATOR,"11/16/2024, 9:41:37.889 AM"
"11/16/2024, 9:41:34.323 AM",\ADMINISTRATOR,User,MyLowCostVM,Microsoft-Windows-Security-Auditing,Security,4625,4625 - An account failed to log on.,120.133.88.0,3,3 - Network,\ADMINISTRATOR,ADMINISTRATOR,"11/16/2024, 9:41:57.919 AM"
"11/16/2024, 9:41:58.085 AM",\ADMINISTRATOR,User,MyLowCostVM,Microsoft-Windows-Security-Auditing,Security,4625,4625 - An account failed to log on.,120.133.88.0,3,3 - Network,\ADMINISTRATOR,ADMINISTRATOR,"11/16/2024, 9:42:17.888 AM"
"11/16/2024, 9:42:14.224 AM",\ADMIN,User,MyLowCostVM,Microsoft-Windows-Security-Auditing,Security,4625,4625 - An account failed to log on.,218.24.151.212,3,3 - Network,\ADMIN,ADMIN,"11/16/2024, 9:42:37.886 AM"
"11/16/2024, 9:42:21.831 AM",\ADMINISTRATOR,User,MyLowCostVM,Microsoft-Windows-Security-Auditing,Security,4625,4625 - An account failed to log on.,120.133.88.0,3,3 - Network,\ADMINISTRATOR,ADMINISTRATOR,"11/16/2024, 9:42:57.887 AM"
"11/16/2024, 9:42:26.890 AM",\ADMINISTRATOR,User,MyLowCostVM,Microsoft-Windows-Security-Auditing,Security,4625,4625 - An account failed to log on.,36.134.25.206,3,3 - Network,\ADMINISTRATOR,ADMINISTRATOR,"11/16/2024, 9:42:57.887 AM"
"11/16/2024, 9:42:45.711 AM",\ADMINISTRATOR,User,MyLowCostVM,Microsoft-Windows-Security-Auditing,Security,4625,4625 - An account failed to log on.,120.133.88.0,3,3 - Network,\ADMINISTRATOR,ADMINISTRATOR,"11/16/2024, 9:43:17.884 AM"
"11/16/2024, 9:43:04.957 AM",\ADMINISTRATOR,User,MyLowCostVM,Microsoft-Windows-Security-Auditing,Security,4625,4625 - An account failed to log on.,79.124.56.98,3,3 - Network,\ADMINISTRATOR,ADMINISTRATOR,"11/16/2024, 9:43:37.882 AM"
"11/16/2024, 9:43:09.499 AM",\ADMINISTRATOR,User,MyLowCostVM,Microsoft-Windows-Security-Auditing,Security,4625,4625 - An account failed to log on.,120.133.88.0,3,3 - Network,\ADMINISTRATOR,ADMINISTRATOR,"11/16/2024, 9:43:37.882 AM"
"11/16/2024, 9:43:27.873 AM",\ADMINISTRATOR,User,MyLowCostVM,Microsoft-Windows-Security-Auditing,Security,4625,4625 - An account failed to log on.,218.24.151.212,3,3 - Network,\ADMINISTRATOR,ADMINISTRATOR,"11/16/2024, 9:43:57.881 AM"
"11/16/2024, 9:43:30.913 AM",\ADMINISTRATOR,User,MyLowCostVM,Microsoft-Windows-Security-Auditing,Security,4625,4625 - An account failed to log on.,36.134.25.206,3,3 - Network,\ADMINISTRATOR,ADMINISTRATOR,"11/16/2024, 9:43:57.881 AM"
"11/16/2024, 9:43:33.308 AM",\ADMINISTRATOR,User,MyLowCostVM,Microsoft-Windows-Security-Auditing,Security,4625,4625 - An account failed to log on.,120.133.88.0,3,3 - Network,\ADMINISTRATOR,ADMINISTRATOR,"11/16/2024, 9:43:57.881 AM"
"11/16/2024, 9:43:37.738 AM",\ADMINISTRATOR,User,MyLowCostVM,Microsoft-Windows-Security-Auditing,Security,4625,4625 - An account failed to log on.,116.228.169.194,3,3 - Network,\ADMINISTRATOR,ADMINISTRATOR,"11/16/2024, 9:43:57.881 AM"
"11/16/2024, 9:43:37.773 AM",\DELL,User,MyLowCostVM,Microsoft-Windows-Security-Auditing,Security,4625,4625 - An account failed to log on.,218.90.122.42,3,3 - Network,\DELL,DELL,"11/16/2024, 9:43:57.881 AM"
"11/16/2024, 9:43:57.030 AM",\ADMINISTRATOR,User,MyLowCostVM,Microsoft-Windows-Security-Auditing,Security,4625,4625 - An account failed to log on.,120.133.88.0,3,3 - Network,\ADMINISTRATOR,ADMINISTRATOR,"11/16/2024, 9:44:17.872 AM"
"11/16/2024, 9:44:20.877 AM",\ADMINISTRATOR,User,MyLowCostVM,Microsoft-Windows-Security-Auditing,Security,4625,4625 - An account failed to log on.,120.133.88.0,3,3 - Network,\ADMINISTRATOR,ADMINISTRATOR,"11/16/2024, 9:44:57.868 AM"
"11/16/2024, 9:44:35.220 AM",\ADMINISTRATOR,User,MyLowCostVM,Microsoft-Windows-Security-Auditing,Security,4625,4625 - An account failed to log on.,36.134.25.206,3,3 - Network,\ADMINISTRATOR,ADMINISTRATOR,"11/16/2024, 9:44:57.868 AM"
"11/16/2024, 9:44:39.878 AM",\ADMIN,User,MyLowCostVM,Microsoft-Windows-Security-Auditing,Security,4625,4625 - An account failed to log on.,218.24.151.212,3,3 - Network,\ADMIN,ADMIN,"11/16/2024, 9:44:57.868 AM"
"11/16/2024, 9:44:41.516 AM",\ADMINISTRATOR,User,MyLowCostVM,Microsoft-Windows-Security-Auditing,Security,4625,4625 - An account failed to log on.,186.75.215.94,3,3 - Network,\ADMINISTRATOR,ADMINISTRATOR,"11/16/2024, 9:45:17.882 AM"
"11/16/2024, 9:44:44.680 AM",\ADMINISTRATOR,User,MyLowCostVM,Microsoft-Windows-Security-Auditing,Security,4625,4625 - An account failed to log on.,120.133.88.0,3,3 - Network,\ADMINISTRATOR,ADMINISTRATOR,"11/16/2024, 9:45:17.882 AM"
"11/16/2024, 9:45:08.498 AM",\ADMINISTRATOR,User,MyLowCostVM,Microsoft-Windows-Security-Auditing,Security,4625,4625 - An account failed to log on.,120.133.88.0,3,3 - Network,\ADMINISTRATOR,ADMINISTRATOR,"11/16/2024, 9:45:37.886 AM"
"11/16/2024, 9:45:32.264 AM",\ADMINISTRATOR,User,MyLowCostVM,Microsoft-Windows-Security-Auditing,Security,4625,4625 - An account failed to log on.,120.133.88.0,3,3 - Network,\ADMINISTRATOR,ADMINISTRATOR,"11/16/2024, 9:45:57.837 AM"
"11/16/2024, 9:45:45.426 AM",\ADMINISTRATOR,User,MyLowCostVM,Microsoft-Windows-Security-Auditing,Security,4625,4625 - An account failed to log on.,36.134.25.206,3,3 - Network,\ADMINISTRATOR,ADMINISTRATOR,"11/16/2024, 9:46:17.884 AM"
"11/16/2024, 9:45:47.136 AM",\USER,User,MyLowCostVM,Microsoft-Windows-Security-Auditing,Security,4625,4625 - An account failed to log on.,218.90.122.42,3,3 - Network,\USER,USER,"11/16/2024, 9:46:17.884 AM"
"11/16/2024, 9:45:48.221 AM",\ADMINISTRATOR,User,MyLowCostVM,Microsoft-Windows-Security-Auditing,Security,4625,4625 - An account failed to log on.,79.124.56.98,3,3 - Network,\ADMINISTRATOR,ADMINISTRATOR,"11/16/2024, 9:46:17.884 AM"
"11/16/2024, 9:45:52.314 AM",\ADMINISTRATOR,User,MyLowCostVM,Microsoft-Windows-Security-Auditing,Security,4625,4625 - An account failed to log on.,218.24.151.212,3,3 - Network,\ADMINISTRATOR,ADMINISTRATOR,"11/16/2024, 9:46:17.884 AM"
"11/16/2024, 9:45:56.062 AM",\ADMINISTRATOR,User,MyLowCostVM,Microsoft-Windows-Security-Auditing,Security,4625,4625 - An account failed to log on.,120.133.88.0,3,3 - Network,\ADMINISTRATOR,ADMINISTRATOR,"11/16/2024, 9:46:17.884 AM"
"11/16/2024, 9:46:11.593 AM",\ADMINISTRATOR,User,MyLowCostVM,Microsoft-Windows-Security-Auditing,Security,4625,4625 - An account failed to log on.,116.228.169.194,3,3 - Network,\ADMINISTRATOR,ADMINISTRATOR,"11/16/2024, 9:46:37.881 AM"
"11/16/2024, 9:46:19.863 AM",\ADMINISTRATOR,User,MyLowCostVM,Microsoft-Windows-Security-Auditing,Security,4625,4625 - An account failed to log on.,120.133.88.0,3,3 - Network,\ADMINISTRATOR,ADMINISTRATOR,"11/16/2024, 9:46:37.881 AM"
"11/16/2024, 9:46:43.613 AM",\ADMINISTRATOR,User,MyLowCostVM,Microsoft-Windows-Security-Auditing,Security,4625,4625 - An account failed to log on.,120.133.88.0,3,3 - Network,\ADMINISTRATOR,ADMINISTRATOR,"11/16/2024, 9:47:17.882 AM"
"11/16/2024, 9:46:50.054 AM",\ADMINISTRATOR,User,MyLowCostVM,Microsoft-Windows-Security-Auditing,Security,4625,4625 - An account failed to log on.,36.134.25.206,3,3 - Network,\ADMINISTRATOR,ADMINISTRATOR,"11/16/2024, 9:47:17.882 AM"
"11/16/2024, 9:47:06.126 AM",\ADMIN,User,MyLowCostVM,Microsoft-Windows-Security-Auditing,Security,4625,4625 - An account failed to log on.,218.24.151.212,3,3 - Network,\ADMIN,ADMIN,"11/16/2024, 9:47:37.894 AM"
"11/16/2024, 9:47:07.459 AM",\ADMINISTRATOR,User,MyLowCostVM,Microsoft-Windows-Security-Auditing,Security,4625,4625 - An account failed to log on.,120.133.88.0,3,3 - Network,\ADMINISTRATOR,ADMINISTRATOR,"11/16/2024, 9:47:37.894 AM"
"11/16/2024, 9:47:09.509 AM",\ADMINISTRATOR,User,MyLowCostVM,Microsoft-Windows-Security-Auditing,Security,4625,4625 - An account failed to log on.,186.75.215.94,3,3 - Network,\ADMINISTRATOR,ADMINISTRATOR,"11/16/2024, 9:47:37.894 AM"
"11/16/2024, 9:47:31.266 AM",\ADMINISTRATOR,User,MyLowCostVM,Microsoft-Windows-Security-Auditing,Security,4625,4625 - An account failed to log on.,120.133.88.0,3,3 - Network,\ADMINISTRATOR,ADMINISTRATOR,"11/16/2024, 9:47:57.880 AM"
"11/16/2024, 9:47:37.725 AM",\PC,User,MyLowCostVM,Microsoft-Windows-Security-Auditing,Security,4625,4625 - An account failed to log on.,218.90.122.42,3,3 - Network,\PC,PC,"11/16/2024, 9:47:57.880 AM"
"11/16/2024, 9:47:55.054 AM",\ADMINISTRATOR,User,MyLowCostVM,Microsoft-Windows-Security-Auditing,Security,4625,4625 - An account failed to log on.,120.133.88.0,3,3 - Network,\ADMINISTRATOR,ADMINISTRATOR,"11/16/2024, 9:48:17.881 AM"
"11/16/2024, 9:47:55.901 AM",\ADMINISTRATOR,User,MyLowCostVM,Microsoft-Windows-Security-Auditing,Security,4625,4625 - An account failed to log on.,36.134.25.206,3,3 - Network,\ADMINISTRATOR,ADMINISTRATOR,"11/16/2024, 9:48:17.881 AM"
"11/16/2024, 9:48:18.142 AM",\ADMINISTRATOR,User,MyLowCostVM,Microsoft-Windows-Security-Auditing,Security,4625,4625 - An account failed to log on.,218.24.151.212,3,3 - Network,\ADMINISTRATOR,ADMINISTRATOR,"11/16/2024, 9:48:37.912 AM"
"11/16/2024, 9:48:18.804 AM",\ADMINISTRATOR,User,MyLowCostVM,Microsoft-Windows-Security-Auditing,Security,4625,4625 - An account failed to log on.,120.133.88.0,3,3 - Network,\ADMINISTRATOR,ADMINISTRATOR,"11/16/2024, 9:48:37.912 AM"
"11/16/2024, 9:48:29.193 AM",\ADMINISTRATOR,User,MyLowCostVM,Microsoft-Windows-Security-Auditing,Security,4625,4625 - An account failed to log on.,79.124.56.98,3,3 - Network,\ADMINISTRATOR,ADMINISTRATOR,"11/16/2024, 9:48:57.810 AM"
"11/16/2024, 9:48:42.605 AM",\ADMINISTRATOR,User,MyLowCostVM,Microsoft-Windows-Security-Auditing,Security,4625,4625 - An account failed to log on.,120.133.88.0,3,3 - Network,\ADMINISTRATOR,ADMINISTRATOR,"11/16/2024, 9:49:17.890 AM"
"11/16/2024, 9:48:43.742 AM",\ADMINISTRATOR,User,MyLowCostVM,Microsoft-Windows-Security-Auditing,Security,4625,4625 - An account failed to log on.,116.228.169.194,3,3 - Network,\ADMINISTRATOR,ADMINISTRATOR,"11/16/2024, 9:49:17.890 AM"
"11/16/2024, 9:49:04.511 AM",\ADMINISTRATOR,User,MyLowCostVM,Microsoft-Windows-Security-Auditing,Security,4625,4625 - An account failed to log on.,36.134.25.206,3,3 - Network,\ADMINISTRATOR,ADMINISTRATOR,"11/16/2024, 9:49:37.892 AM"
"11/16/2024, 9:49:06.410 AM",\ADMINISTRATOR,User,MyLowCostVM,Microsoft-Windows-Security-Auditing,Security,4625,4625 - An account failed to log on.,120.133.88.0,3,3 - Network,\ADMINISTRATOR,ADMINISTRATOR,"11/16/2024, 9:49:37.892 AM"
"11/16/2024, 9:49:30.230 AM",\ADMIN,User,MyLowCostVM,Microsoft-Windows-Security-Auditing,Security,4625,4625 - An account failed to log on.,218.24.151.212,3,3 - Network,\ADMIN,ADMIN,"11/16/2024, 9:49:57.886 AM"
"11/16/2024, 9:49:30.255 AM",\ADMINISTRATOR,User,MyLowCostVM,Microsoft-Windows-Security-Auditing,Security,4625,4625 - An account failed to log on.,120.133.88.0,3,3 - Network,\ADMINISTRATOR,ADMINISTRATOR,"11/16/2024, 9:49:57.886 AM"
"11/16/2024, 9:49:35.294 AM",\ADMINISTRATOR,User,MyLowCostVM,Microsoft-Windows-Security-Auditing,Security,4625,4625 - An account failed to log on.,218.90.122.42,3,3 - Network,\ADMINISTRATOR,ADMINISTRATOR,"11/16/2024, 9:49:57.886 AM"
"11/16/2024, 9:49:37.829 AM",\ADMINISTRATOR,User,MyLowCostVM,Microsoft-Windows-Security-Auditing,Security,4625,4625 - An account failed to log on.,186.75.215.94,3,3 - Network,\ADMINISTRATOR,ADMINISTRATOR,"11/16/2024, 9:49:57.886 AM"
"11/16/2024, 9:49:53.974 AM",\ADMINISTRATOR,User,MyLowCostVM,Microsoft-Windows-Security-Auditing,Security,4625,4625 - An account failed to log on.,120.133.88.0,3,3 - Network,\ADMINISTRATOR,ADMINISTRATOR,"11/16/2024, 9:50:17.895 AM"
"11/16/2024, 9:50:08.470 AM",\ADMINISTRATOR,User,MyLowCostVM,Microsoft-Windows-Security-Auditing,Security,4625,4625 - An account failed to log on.,36.134.25.206,3,3 - Network,\ADMINISTRATOR,ADMINISTRATOR,"11/16/2024, 9:50:37.910 AM"
"11/16/2024, 9:50:17.786 AM",\ADMINISTRATOR,User,MyLowCostVM,Microsoft-Windows-Security-Auditing,Security,4625,4625 - An account failed to log on.,120.133.88.0,3,3 - Network,\ADMINISTRATOR,ADMINISTRATOR,"11/16/2024, 9:50:37.910 AM"
"11/16/2024, 9:50:41.556 AM",\ADMINISTRATOR,User,MyLowCostVM,Microsoft-Windows-Security-Auditing,Security,4625,4625 - An account failed to log on.,120.133.88.0,3,3 - Network,\ADMINISTRATOR,ADMINISTRATOR,"11/16/2024, 9:51:17.904 AM"
"11/16/2024, 9:50:41.967 AM",\ADMINISTRATOR,User,MyLowCostVM,Microsoft-Windows-Security-Auditing,Security,4625,4625 - An account failed to log on.,218.24.151.212,3,3 - Network,\ADMINISTRATOR,ADMINISTRATOR,"11/16/2024, 9:51:17.904 AM"
"11/16/2024, 9:51:05.347 AM",\ADMINISTRATOR,User,MyLowCostVM,Microsoft-Windows-Security-Auditing,Security,4625,4625 - An account failed to log on.,120.133.88.0,3,3 - Network,\ADMINISTRATOR,ADMINISTRATOR,"11/16/2024, 9:51:37.889 AM"
"11/16/2024, 9:51:05.679 AM",\ADMINISTRATOR,User,MyLowCostVM,Microsoft-Windows-Security-Auditing,Security,4625,4625 - An account failed to log on.,79.124.56.98,3,3 - Network,\ADMINISTRATOR,ADMINISTRATOR,"11/16/2024, 9:51:37.889 AM"
"11/16/2024, 9:51:16.476 AM",\ADMINISTRATOR,User,MyLowCostVM,Microsoft-Windows-Security-Auditing,Security,4625,4625 - An account failed to log on.,36.134.25.206,3,3 - Network,\ADMINISTRATOR,ADMINISTRATOR,"11/16/2024, 9:51:37.889 AM"
"11/16/2024, 9:51:17.069 AM",\ADMINISTRATOR,User,MyLowCostVM,Microsoft-Windows-Security-Auditing,Security,4625,4625 - An account failed to log on.,116.228.169.194,3,3 - Network,\ADMINISTRATOR,ADMINISTRATOR,"11/16/2024, 9:51:37.889 AM"
"11/16/2024, 9:51:29.116 AM",\ADMINISTRATOR,User,MyLowCostVM,Microsoft-Windows-Security-Auditing,Security,4625,4625 - An account failed to log on.,120.133.88.0,3,3 - Network,\ADMINISTRATOR,ADMINISTRATOR,"11/16/2024, 9:51:57.882 AM"
"11/16/2024, 9:51:42.388 AM",\ADMIN,User,MyLowCostVM,Microsoft-Windows-Security-Auditing,Security,4625,4625 - An account failed to log on.,218.90.122.42,3,3 - Network,\ADMIN,ADMIN,"11/16/2024, 9:52:17.906 AM"
"11/16/2024, 9:51:52.853 AM",\ADMINISTRATOR,User,MyLowCostVM,Microsoft-Windows-Security-Auditing,Security,4625,4625 - An account failed to log on.,120.133.88.0,3,3 - Network,\ADMINISTRATOR,ADMINISTRATOR,"11/16/2024, 9:52:17.906 AM"
"11/16/2024, 9:51:54.714 AM",\ADMIN,User,MyLowCostVM,Microsoft-Windows-Security-Auditing,Security,4625,4625 - An account failed to log on.,218.24.151.212,3,3 - Network,\ADMIN,ADMIN,"11/16/2024, 9:52:17.906 AM"
"11/16/2024, 9:52:05.337 AM",\ADMINISTRATOR,User,MyLowCostVM,Microsoft-Windows-Security-Auditing,Security,4625,4625 - An account failed to log on.,186.75.215.94,3,3 - Network,\ADMINISTRATOR,ADMINISTRATOR,"11/16/2024, 9:52:37.884 AM"
"11/16/2024, 9:52:16.670 AM",\ADMINISTRATOR,User,MyLowCostVM,Microsoft-Windows-Security-Auditing,Security,4625,4625 - An account failed to log on.,120.133.88.0,3,3 - Network,\ADMINISTRATOR,ADMINISTRATOR,"11/16/2024, 9:52:37.884 AM"
"11/16/2024, 9:52:23.250 AM",\ADMINISTRATOR,User,MyLowCostVM,Microsoft-Windows-Security-Auditing,Security,4625,4625 - An account failed to log on.,36.134.25.206,3,3 - Network,\ADMINISTRATOR,ADMINISTRATOR,"11/16/2024, 9:52:57.892 AM"
"11/16/2024, 9:52:40.444 AM",\ADMINISTRATOR,User,MyLowCostVM,Microsoft-Windows-Security-Auditing,Security,4625,4625 - An account failed to log on.,120.133.88.0,3,3 - Network,\ADMINISTRATOR,ADMINISTRATOR,"11/16/2024, 9:53:17.887 AM"
"11/16/2024, 9:53:04.253 AM",\ADMINISTRATOR,User,MyLowCostVM,Microsoft-Windows-Security-Auditing,Security,4625,4625 - An account failed to log on.,120.133.88.0,3,3 - Network,\ADMINISTRATOR,ADMINISTRATOR,"11/16/2024, 9:53:37.887 AM"
"11/16/2024, 9:53:07.207 AM",\ADMINISTRATOR,User,MyLowCostVM,Microsoft-Windows-Security-Auditing,Security,4625,4625 - An account failed to log on.,218.24.151.212,3,3 - Network,\ADMINISTRATOR,ADMINISTRATOR,"11/16/2024, 9:53:37.887 AM"
"11/16/2024, 9:53:28.039 AM",\ADMINISTRATOR,User,MyLowCostVM,Microsoft-Windows-Security-Auditing,Security,4625,4625 - An account failed to log on.,120.133.88.0,3,3 - Network,\ADMINISTRATOR,ADMINISTRATOR,"11/16/2024, 9:53:57.880 AM"
"11/16/2024, 9:53:28.052 AM",\ADMINISTRATOR,User,MyLowCostVM,Microsoft-Windows-Security-Auditing,Security,4625,4625 - An account failed to log on.,36.134.25.206,3,3 - Network,\ADMINISTRATOR,ADMINISTRATOR,"11/16/2024, 9:53:57.880 AM"
"11/16/2024, 9:53:31.854 AM",\TEST,User,MyLowCostVM,Microsoft-Windows-Security-Auditing,Security,4625,4625 - An account failed to log on.,218.90.122.42,3,3 - Network,\TEST,TEST,"11/16/2024, 9:53:57.880 AM"
"11/16/2024, 9:53:37.550 AM",\ADMINISTRATOR,User,MyLowCostVM,Microsoft-Windows-Security-Auditing,Security,4625,4625 - An account failed to log on.,79.124.56.98,3,3 - Network,\ADMINISTRATOR,ADMINISTRATOR,"11/16/2024, 9:53:57.880 AM"
"11/16/2024, 9:53:51.860 AM",\ADMINISTRATOR,User,MyLowCostVM,Microsoft-Windows-Security-Auditing,Security,4625,4625 - An account failed to log on.,120.133.88.0,3,3 - Network,\ADMINISTRATOR,ADMINISTRATOR,"11/16/2024, 9:54:17.879 AM"
"11/16/2024, 9:53:51.937 AM",\ADMINISTRATOR,User,MyLowCostVM,Microsoft-Windows-Security-Auditing,Security,4625,4625 - An account failed to log on.,116.228.169.194,3,3 - Network,\ADMINISTRATOR,ADMINISTRATOR,"11/16/2024, 9:54:17.879 AM"
"11/16/2024, 9:54:15.600 AM",\ADMINISTRATOR,User,MyLowCostVM,Microsoft-Windows-Security-Auditing,Security,4625,4625 - An account failed to log on.,120.133.88.0,3,3 - Network,\ADMINISTRATOR,ADMINISTRATOR,"11/16/2024, 9:54:37.891 AM"
"11/16/2024, 9:54:20.013 AM",\ADMIN,User,MyLowCostVM,Microsoft-Windows-Security-Auditing,Security,4625,4625 - An account failed to log on.,218.24.151.212,3,3 - Network,\ADMIN,ADMIN,"11/16/2024, 9:54:57.858 AM"
"11/16/2024, 9:54:33.496 AM",\ADMINISTRATOR,User,MyLowCostVM,Microsoft-Windows-Security-Auditing,Security,4625,4625 - An account failed to log on.,186.75.215.94,3,3 - Network,\ADMINISTRATOR,ADMINISTRATOR,"11/16/2024, 9:54:57.858 AM"
"11/16/2024, 9:54:37.295 AM",\ADMINISTRATOR,User,MyLowCostVM,Microsoft-Windows-Security-Auditing,Security,4625,4625 - An account failed to log on.,36.134.25.206,3,3 - Network,\ADMINISTRATOR,ADMINISTRATOR,"11/16/2024, 9:54:57.858 AM"
"11/16/2024, 9:54:39.346 AM",\ADMINISTRATOR,User,MyLowCostVM,Microsoft-Windows-Security-Auditing,Security,4625,4625 - An account failed to log on.,120.133.88.0,3,3 - Network,\ADMINISTRATOR,ADMINISTRATOR,"11/16/2024, 9:54:57.858 AM"
"11/16/2024, 9:55:03.105 AM",\ADMINISTRATOR,User,MyLowCostVM,Microsoft-Windows-Security-Auditing,Security,4625,4625 - An account failed to log on.,120.133.88.0,3,3 - Network,\ADMINISTRATOR,ADMINISTRATOR,"11/16/2024, 9:55:37.873 AM"
"11/16/2024, 9:55:23.061 AM",\ROOT,User,MyLowCostVM,Microsoft-Windows-Security-Auditing,Security,4625,4625 - An account failed to log on.,218.90.122.42,3,3 - Network,\ROOT,ROOT,"11/16/2024, 9:55:57.885 AM"
"11/16/2024, 9:55:26.923 AM",\ADMINISTRATOR,User,MyLowCostVM,Microsoft-Windows-Security-Auditing,Security,4625,4625 - An account failed to log on.,120.133.88.0,3,3 - Network,\ADMINISTRATOR,ADMINISTRATOR,"11/16/2024, 9:55:57.885 AM"
"11/16/2024, 9:55:32.581 AM",\ADMINISTRATOR,User,MyLowCostVM,Microsoft-Windows-Security-Auditing,Security,4625,4625 - An account failed to log on.,218.24.151.212,3,3 - Network,\ADMINISTRATOR,ADMINISTRATOR,"11/16/2024, 9:55:57.885 AM"
"11/16/2024, 9:55:43.553 AM",\ADMINISTRATOR,User,MyLowCostVM,Microsoft-Windows-Security-Auditing,Security,4625,4625 - An account failed to log on.,36.134.25.206,3,3 - Network,\ADMINISTRATOR,ADMINISTRATOR,"11/16/2024, 9:56:17.903 AM"
"11/16/2024, 9:55:50.658 AM",\ADMINISTRATOR,User,MyLowCostVM,Microsoft-Windows-Security-Auditing,Security,4625,4625 - An account failed to log on.,120.133.88.0,3,3 - Network,\ADMINISTRATOR,ADMINISTRATOR,"11/16/2024, 9:56:17.903 AM"
"11/16/2024, 9:56:14.438 AM",\ADMINISTRATOR,User,MyLowCostVM,Microsoft-Windows-Security-Auditing,Security,4625,4625 - An account failed to log on.,120.133.88.0,3,3 - Network,\ADMINISTRATOR,ADMINISTRATOR,"11/16/2024, 9:56:37.907 AM"
"11/16/2024, 9:56:16.941 AM",\ADMINISTRATOR,User,MyLowCostVM,Microsoft-Windows-Security-Auditing,Security,4625,4625 - An account failed to log on.,116.228.169.194,3,3 - Network,\ADMINISTRATOR,ADMINISTRATOR,"11/16/2024, 9:56:37.907 AM"
"11/16/2024, 9:56:25.433 AM",\ADMINISTRATOR,User,MyLowCostVM,Microsoft-Windows-Security-Auditing,Security,4625,4625 - An account failed to log on.,79.124.56.98,3,3 - Network,\ADMINISTRATOR,ADMINISTRATOR,"11/16/2024, 9:56:57.887 AM"
"11/16/2024, 9:56:38.154 AM",\ADMINISTRATOR,User,MyLowCostVM,Microsoft-Windows-Security-Auditing,Security,4625,4625 - An account failed to log on.,120.133.88.0,3,3 - Network,\ADMINISTRATOR,ADMINISTRATOR,"11/16/2024, 9:56:57.887 AM"
"11/16/2024, 9:56:44.728 AM",\ADMIN,User,MyLowCostVM,Microsoft-Windows-Security-Auditing,Security,4625,4625 - An account failed to log on.,218.24.151.212,3,3 - Network,\ADMIN,ADMIN,"11/16/2024, 9:57:17.883 AM"
"11/16/2024, 9:56:52.268 AM",\ADMINISTRATOR,User,MyLowCostVM,Microsoft-Windows-Security-Auditing,Security,4625,4625 - An account failed to log on.,36.134.25.206,3,3 - Network,\ADMINISTRATOR,ADMINISTRATOR,"11/16/2024, 9:57:17.883 AM"
"11/16/2024, 9:57:01.955 AM",\ADMINISTRATOR,User,MyLowCostVM,Microsoft-Windows-Security-Auditing,Security,4625,4625 - An account failed to log on.,120.133.88.0,3,3 - Network,\ADMINISTRATOR,ADMINISTRATOR,"11/16/2024, 9:57:37.903 AM"
"11/16/2024, 9:57:03.413 AM",\ADMINISTRATOR,User,MyLowCostVM,Microsoft-Windows-Security-Auditing,Security,4625,4625 - An account failed to log on.,186.75.215.94,3,3 - Network,\ADMINISTRATOR,ADMINISTRATOR,"11/16/2024, 9:57:37.903 AM"
"11/16/2024, 9:57:18.399 AM",\DELL,User,MyLowCostVM,Microsoft-Windows-Security-Auditing,Security,4625,4625 - An account failed to log on.,218.90.122.42,3,3 - Network,\DELL,DELL,"11/16/2024, 9:57:37.903 AM"
"11/16/2024, 9:57:25.717 AM",\ADMINISTRATOR,User,MyLowCostVM,Microsoft-Windows-Security-Auditing,Security,4625,4625 - An account failed to log on.,120.133.88.0,3,3 - Network,\ADMINISTRATOR,ADMINISTRATOR,"11/16/2024, 9:57:57.864 AM"
"11/16/2024, 9:57:49.477 AM",\ADMINISTRATOR,User,MyLowCostVM,Microsoft-Windows-Security-Auditing,Security,4625,4625 - An account failed to log on.,120.133.88.0,3,3 - Network,\ADMINISTRATOR,ADMINISTRATOR,"11/16/2024, 9:58:17.892 AM"
"11/16/2024, 9:57:56.385 AM",\ADMINISTRATOR,User,MyLowCostVM,Microsoft-Windows-Security-Auditing,Security,4625,4625 - An account failed to log on.,36.134.25.206,3,3 - Network,\ADMINISTRATOR,ADMINISTRATOR,"11/16/2024, 9:58:17.892 AM"
"11/16/2024, 9:57:56.540 AM",\ADMINISTRATOR,User,MyLowCostVM,Microsoft-Windows-Security-Auditing,Security,4625,4625 - An account failed to log on.,218.24.151.212,3,3 - Network,\ADMINISTRATOR,ADMINISTRATOR,"11/16/2024, 9:58:17.892 AM"
"11/16/2024, 9:58:13.238 AM",\ADMINISTRATOR,User,MyLowCostVM,Microsoft-Windows-Security-Auditing,Security,4625,4625 - An account failed to log on.,120.133.88.0,3,3 - Network,\ADMINISTRATOR,ADMINISTRATOR,"11/16/2024, 9:58:37.888 AM"
"11/16/2024, 9:58:37.032 AM",\ADMINISTRATOR,User,MyLowCostVM,Microsoft-Windows-Security-Auditing,Security,4625,4625 - An account failed to log on.,120.133.88.0,3,3 - Network,\ADMINISTRATOR,ADMINISTRATOR,"11/16/2024, 9:58:57.890 AM"
"11/16/2024, 9:58:50.249 AM",\ADMINISTRATOR,User,MyLowCostVM,Microsoft-Windows-Security-Auditing,Security,4625,4625 - An account failed to log on.,116.228.169.194,3,3 - Network,\ADMINISTRATOR,ADMINISTRATOR,"11/16/2024, 9:59:17.901 AM"
"11/16/2024, 9:58:57.643 AM",\ADMINISTRATOR,User,MyLowCostVM,Microsoft-Windows-Security-Auditing,Security,4625,4625 - An account failed to log on.,79.124.56.98,3,3 - Network,\ADMINISTRATOR,ADMINISTRATOR,"11/16/2024, 9:59:17.901 AM"
"11/16/2024, 9:59:00.813 AM",\ADMINISTRATOR,User,MyLowCostVM,Microsoft-Windows-Security-Auditing,Security,4625,4625 - An account failed to log on.,120.133.88.0,3,3 - Network,\ADMINISTRATOR,ADMINISTRATOR,"11/16/2024, 9:59:37.892 AM"
"11/16/2024, 9:59:04.378 AM",\ADMINISTRATOR,User,MyLowCostVM,Microsoft-Windows-Security-Auditing,Security,4625,4625 - An account failed to log on.,36.134.25.206,3,3 - Network,\ADMINISTRATOR,ADMINISTRATOR,"11/16/2024, 9:59:37.892 AM"
"11/16/2024, 9:59:11.643 AM",\ADMIN,User,MyLowCostVM,Microsoft-Windows-Security-Auditing,Security,4625,4625 - An account failed to log on.,218.24.151.212,3,3 - Network,\ADMIN,ADMIN,"11/16/2024, 9:59:37.892 AM"
"11/16/2024, 9:59:18.074 AM",\USER,User,MyLowCostVM,Microsoft-Windows-Security-Auditing,Security,4625,4625 - An account failed to log on.,218.90.122.42,3,3 - Network,\USER,USER,"11/16/2024, 9:59:37.892 AM"
"11/16/2024, 9:59:24.585 AM",\ADMINISTRATOR,User,MyLowCostVM,Microsoft-Windows-Security-Auditing,Security,4625,4625 - An account failed to log on.,120.133.88.0,3,3 - Network,\ADMINISTRATOR,ADMINISTRATOR,"11/16/2024, 9:59:57.902 AM"
"11/16/2024, 9:59:33.672 AM",\ADMINISTRATOR,User,MyLowCostVM,Microsoft-Windows-Security-Auditing,Security,4625,4625 - An account failed to log on.,186.75.215.94,3,3 - Network,\ADMINISTRATOR,ADMINISTRATOR,"11/16/2024, 9:59:57.902 AM"
"11/16/2024, 9:59:48.358 AM",\ADMINISTRATOR,User,MyLowCostVM,Microsoft-Windows-Security-Auditing,Security,4625,4625 - An account failed to log on.,120.133.88.0,3,3 - Network,\ADMINISTRATOR,ADMINISTRATOR,"11/16/2024, 10:00:17.882 AM"
"11/16/2024, 10:00:08.744 AM",\ADMINISTRATOR,User,MyLowCostVM,Microsoft-Windows-Security-Auditing,Security,4625,4625 - An account failed to log on.,36.134.25.206,3,3 - Network,\ADMINISTRATOR,ADMINISTRATOR,"11/16/2024, 10:00:37.882 AM"
