"11/15/2024, 10:08:10.465 PM",\ADMINISTRATOR,User,MyLowCostVM,Microsoft-Windows-Security-Auditing,Security,4625,4625 - An account failed to log on.,120.133.88.0,3,3 - Network,\ADMINISTRATOR,ADMINISTRATOR,"11/15/2024, 10:08:37.960 PM"
"11/15/2024, 10:08:12.741 PM",\ADMINISTRATOR,User,MyLowCostVM,Microsoft-Windows-Security-Auditing,Security,4625,4625 - An account failed to log on.,186.75.215.94,3,3 - Network,\ADMINISTRATOR,ADMINISTRATOR,"11/15/2024, 10:08:37.960 PM"
"11/15/2024, 10:08:16.805 PM",\Ï»¿ADMINISTRATOR,User,MyLowCostVM,Microsoft-Windows-Security-Auditing,Security,4625,4625 - An account failed to log on.,194.180.49.161,3,3 - Network,\Ï»¿ADMINISTRATOR,Ï»¿ADMINISTRATOR,"11/15/2024, 10:08:37.960 PM"
"11/15/2024, 10:08:17.419 PM",NT AUTHORITY\SYSTEM,Machine,MyLowCostVM,Microsoft-Windows-Security-Auditing,Security,4624,4624 - An account was successfully logged on.,-,5,5 - Service,NT AUTHORITY\SYSTEM,SYSTEM,"11/15/2024, 10:08:37.960 PM"
"11/15/2024, 10:08:17.419 PM",NT AUTHORITY\SYSTEM,Machine,MyLowCostVM,Microsoft-Windows-Security-Auditing,Security,4672,4672 - Special privileges assigned to new logon.,,,,,,"11/15/2024, 10:08:37.960 PM"
"11/15/2024, 10:08:36.232 PM",\ADMINISTRATOR,User,MyLowCostVM,Microsoft-Windows-Security-Auditing,Security,4625,4625 - An account failed to log on.,120.133.88.0,3,3 - Network,\ADMINISTRATOR,ADMINISTRATOR,"11/15/2024, 10:08:57.922 PM"
"11/15/2024, 10:09:02.009 PM",\ADMINISTRATOR,User,MyLowCostVM,Microsoft-Windows-Security-Auditing,Security,4625,4625 - An account failed to log on.,120.133.88.0,3,3 - Network,\ADMINISTRATOR,ADMINISTRATOR,"11/15/2024, 10:09:37.940 PM"
"11/15/2024, 10:09:27.784 PM",\ADMINISTRATOR,User,MyLowCostVM,Microsoft-Windows-Security-Auditing,Security,4625,4625 - An account failed to log on.,120.133.88.0,3,3 - Network,\ADMINISTRATOR,ADMINISTRATOR,"11/15/2024, 10:09:57.971 PM"
"11/15/2024, 10:09:44.926 PM",\ADMINISTRATOR,User,MyLowCostVM,Microsoft-Windows-Security-Auditing,Security,4625,4625 - An account failed to log on.,20.235.247.188,3,3 - Network,\ADMINISTRATOR,ADMINISTRATOR,"11/15/2024, 10:10:17.972 PM"
"11/15/2024, 10:09:53.576 PM",\ADMINISTRATOR,User,MyLowCostVM,Microsoft-Windows-Security-Auditing,Security,4625,4625 - An account failed to log on.,120.133.88.0,3,3 - Network,\ADMINISTRATOR,ADMINISTRATOR,"11/15/2024, 10:10:17.972 PM"
"11/15/2024, 10:10:19.336 PM",\ADMINISTRATOR,User,MyLowCostVM,Microsoft-Windows-Security-Auditing,Security,4625,4625 - An account failed to log on.,120.133.88.0,3,3 - Network,\ADMINISTRATOR,ADMINISTRATOR,"11/15/2024, 10:10:38.014 PM"
"11/15/2024, 10:10:45.077 PM",\ADMINISTRATOR,User,MyLowCostVM,Microsoft-Windows-Security-Auditing,Security,4625,4625 - An account failed to log on.,120.133.88.0,3,3 - Network,\ADMINISTRATOR,ADMINISTRATOR,"11/15/2024, 10:11:17.962 PM"
"11/15/2024, 10:10:47.136 PM",\AZUREUSER,User,MyLowCostVM,Microsoft-Windows-Security-Auditing,Security,4625,4625 - An account failed to log on.,94.102.49.171,3,3 - Network,\AZUREUSER,AZUREUSER,"11/15/2024, 10:11:17.962 PM"
"11/15/2024, 10:11:10.805 PM",\ADMINISTRATOR,User,MyLowCostVM,Microsoft-Windows-Security-Auditing,Security,4625,4625 - An account failed to log on.,120.133.88.0,3,3 - Network,\ADMINISTRATOR,ADMINISTRATOR,"11/15/2024, 10:11:37.942 PM"
"11/15/2024, 10:11:18.875 PM",\ADMINISTRATOR,User,MyLowCostVM,Microsoft-Windows-Security-Auditing,Security,4625,4625 - An account failed to log on.,186.75.215.94,3,3 - Network,\ADMINISTRATOR,ADMINISTRATOR,"11/15/2024, 10:11:37.942 PM"
"11/15/2024, 10:11:36.571 PM",\ADMINISTRATOR,User,MyLowCostVM,Microsoft-Windows-Security-Auditing,Security,4625,4625 - An account failed to log on.,120.133.88.0,3,3 - Network,\ADMINISTRATOR,ADMINISTRATOR,"11/15/2024, 10:11:57.949 PM"
"11/15/2024, 10:12:02.353 PM",\ADMINISTRATOR,User,MyLowCostVM,Microsoft-Windows-Security-Auditing,Security,4625,4625 - An account failed to log on.,120.133.88.0,3,3 - Network,\ADMINISTRATOR,ADMINISTRATOR,"11/15/2024, 10:12:37.973 PM"
"11/15/2024, 10:12:18.481 PM",\ADMINISTRATOR,User,MyLowCostVM,Microsoft-Windows-Security-Auditing,Security,4625,4625 - An account failed to log on.,20.235.247.188,3,3 - Network,\ADMINISTRATOR,ADMINISTRATOR,"11/15/2024, 10:12:37.973 PM"
"11/15/2024, 10:12:20.090 PM",NT AUTHORITY\SYSTEM,Machine,MyLowCostVM,Microsoft-Windows-Security-Auditing,Security,4624,4624 - An account was successfully logged on.,-,5,5 - Service,NT AUTHORITY\SYSTEM,SYSTEM,"11/15/2024, 10:12:57.958 PM"
"11/15/2024, 10:12:20.090 PM",NT AUTHORITY\SYSTEM,Machine,MyLowCostVM,Microsoft-Windows-Security-Auditing,Security,4672,4672 - Special privileges assigned to new logon.,,,,,,"11/15/2024, 10:12:57.958 PM"
"11/15/2024, 10:12:28.147 PM",\ADMINISTRATOR,User,MyLowCostVM,Microsoft-Windows-Security-Auditing,Security,4625,4625 - An account failed to log on.,120.133.88.0,3,3 - Network,\ADMINISTRATOR,ADMINISTRATOR,"11/15/2024, 10:12:57.958 PM"
"11/15/2024, 10:12:53.875 PM",\ADMINISTRATOR,User,MyLowCostVM,Microsoft-Windows-Security-Auditing,Security,4625,4625 - An account failed to log on.,120.133.88.0,3,3 - Network,\ADMINISTRATOR,ADMINISTRATOR,"11/15/2024, 10:13:17.938 PM"
"11/15/2024, 10:13:19.589 PM",\ADMINISTRATOR,User,MyLowCostVM,Microsoft-Windows-Security-Auditing,Security,4625,4625 - An account failed to log on.,120.133.88.0,3,3 - Network,\ADMINISTRATOR,ADMINISTRATOR,"11/15/2024, 10:13:38.000 PM"
"11/15/2024, 10:13:26.363 PM",\AZUREUSER,User,MyLowCostVM,Microsoft-Windows-Security-Auditing,Security,4625,4625 - An account failed to log on.,94.102.49.171,3,3 - Network,\AZUREUSER,AZUREUSER,"11/15/2024, 10:13:57.955 PM"
"11/15/2024, 10:13:45.239 PM",\ADMINISTRATOR,User,MyLowCostVM,Microsoft-Windows-Security-Auditing,Security,4625,4625 - An account failed to log on.,120.133.88.0,3,3 - Network,\ADMINISTRATOR,ADMINISTRATOR,"11/15/2024, 10:14:17.975 PM"
"11/15/2024, 10:14:11.032 PM",\ADMINISTRATOR,User,MyLowCostVM,Microsoft-Windows-Security-Auditing,Security,4625,4625 - An account failed to log on.,120.133.88.0,3,3 - Network,\ADMINISTRATOR,ADMINISTRATOR,"11/15/2024, 10:14:37.968 PM"
"11/15/2024, 10:14:12.275 PM",WORKGROUP\MyLowCostVM$,Machine,MyLowCostVM,Microsoft-Windows-Security-Auditing,Security,4799,4799 - A security-enabled local group membership was enumerated,,,,Builtin\Remote Desktop Users,Remote Desktop Users,"11/15/2024, 10:14:37.968 PM"
"11/15/2024, 10:14:14.588 PM",WORKGROUP\MyLowCostVM$,Machine,MyLowCostVM,Microsoft-Windows-Security-Auditing,Security,4799,4799 - A security-enabled local group membership was enumerated,,,,Builtin\Administrators,Administrators,"11/15/2024, 10:14:37.968 PM"
"11/15/2024, 10:14:14.590 PM",WORKGROUP\MyLowCostVM$,Machine,MyLowCostVM,Microsoft-Windows-Security-Auditing,Security,4798,4798 - A user's local group membership was enumerated.,,,,MyLowCostVM\crankthat,crankthat,"11/15/2024, 10:14:37.968 PM"
"11/15/2024, 10:14:14.598 PM",WORKGROUP\MyLowCostVM$,Machine,MyLowCostVM,Microsoft-Windows-Security-Auditing,Security,4798,4798 - A user's local group membership was enumerated.,,,,MyLowCostVM\crankthat,crankthat,"11/15/2024, 10:14:37.968 PM"
"11/15/2024, 10:14:14.598 PM",WORKGROUP\MyLowCostVM$,Machine,MyLowCostVM,Microsoft-Windows-Security-Auditing,Security,4798,4798 - A user's local group membership was enumerated.,,,,MyLowCostVM\DefaultAccount,DefaultAccount,"11/15/2024, 10:14:37.968 PM"
"11/15/2024, 10:14:14.598 PM",WORKGROUP\MyLowCostVM$,Machine,MyLowCostVM,Microsoft-Windows-Security-Auditing,Security,4798,4798 - A user's local group membership was enumerated.,,,,MyLowCostVM\Guest,Guest,"11/15/2024, 10:14:37.968 PM"
"11/15/2024, 10:14:14.598 PM",WORKGROUP\MyLowCostVM$,Machine,MyLowCostVM,Microsoft-Windows-Security-Auditing,Security,4798,4798 - A user's local group membership was enumerated.,,,,MyLowCostVM\WDAGUtilityAccount,WDAGUtilityAccount,"11/15/2024, 10:14:37.968 PM"
"11/15/2024, 10:14:16.952 PM",WORKGROUP\MyLowCostVM$,Machine,MyLowCostVM,Microsoft-Windows-Security-Auditing,Security,4798,4798 - A user's local group membership was enumerated.,,,,MyLowCostVM\crankthat,crankthat,"11/15/2024, 10:14:37.968 PM"
"11/15/2024, 10:14:16.955 PM",WORKGROUP\MyLowCostVM$,Machine,MyLowCostVM,Microsoft-Windows-Security-Auditing,Security,4798,4798 - A user's local group membership was enumerated.,,,,MyLowCostVM\crankthat,crankthat,"11/15/2024, 10:14:37.968 PM"
"11/15/2024, 10:14:26.524 PM",\ADMINISTRATOR,User,MyLowCostVM,Microsoft-Windows-Security-Auditing,Security,4625,4625 - An account failed to log on.,186.75.215.94,3,3 - Network,\ADMINISTRATOR,ADMINISTRATOR,"11/15/2024, 10:14:57.972 PM"
"11/15/2024, 10:14:36.728 PM",\ADMINISTRATOR,User,MyLowCostVM,Microsoft-Windows-Security-Auditing,Security,4625,4625 - An account failed to log on.,120.133.88.0,3,3 - Network,\ADMINISTRATOR,ADMINISTRATOR,"11/15/2024, 10:14:57.972 PM"
"11/15/2024, 10:14:41.183 PM",\Test,User,MyLowCostVM,Microsoft-Windows-Security-Auditing,Security,4625,4625 - An account failed to log on.,92.255.57.161,3,3 - Network,\Test,Test,"11/15/2024, 10:15:17.953 PM"
"11/15/2024, 10:14:52.799 PM",\ADMINISTRATOR,User,MyLowCostVM,Microsoft-Windows-Security-Auditing,Security,4625,4625 - An account failed to log on.,20.235.247.188,3,3 - Network,\ADMINISTRATOR,ADMINISTRATOR,"11/15/2024, 10:15:17.953 PM"
"11/15/2024, 10:15:02.504 PM",\ADMINISTRATOR,User,MyLowCostVM,Microsoft-Windows-Security-Auditing,Security,4625,4625 - An account failed to log on.,120.133.88.0,3,3 - Network,\ADMINISTRATOR,ADMINISTRATOR,"11/15/2024, 10:15:37.949 PM"
"11/15/2024, 10:15:28.213 PM",\ADMINISTRATOR,User,MyLowCostVM,Microsoft-Windows-Security-Auditing,Security,4625,4625 - An account failed to log on.,120.133.88.0,3,3 - Network,\ADMINISTRATOR,ADMINISTRATOR,"11/15/2024, 10:15:57.954 PM"
"11/15/2024, 10:15:53.971 PM",\ADMINISTRATOR,User,MyLowCostVM,Microsoft-Windows-Security-Auditing,Security,4625,4625 - An account failed to log on.,120.133.88.0,3,3 - Network,\ADMINISTRATOR,ADMINISTRATOR,"11/15/2024, 10:16:17.960 PM"
"11/15/2024, 10:16:05.449 PM",\AZUREUSER,User,MyLowCostVM,Microsoft-Windows-Security-Auditing,Security,4625,4625 - An account failed to log on.,94.102.49.171,3,3 - Network,\AZUREUSER,AZUREUSER,"11/15/2024, 10:16:37.966 PM"
"11/15/2024, 10:16:19.643 PM",\ADMINISTRATOR,User,MyLowCostVM,Microsoft-Windows-Security-Auditing,Security,4625,4625 - An account failed to log on.,120.133.88.0,3,3 - Network,\ADMINISTRATOR,ADMINISTRATOR,"11/15/2024, 10:16:37.966 PM"
"11/15/2024, 10:16:45.399 PM",\ADMINISTRATOR,User,MyLowCostVM,Microsoft-Windows-Security-Auditing,Security,4625,4625 - An account failed to log on.,120.133.88.0,3,3 - Network,\ADMINISTRATOR,ADMINISTRATOR,"11/15/2024, 10:17:17.929 PM"
"11/15/2024, 10:17:11.144 PM",\ADMINISTRATOR,User,MyLowCostVM,Microsoft-Windows-Security-Auditing,Security,4625,4625 - An account failed to log on.,120.133.88.0,3,3 - Network,\ADMINISTRATOR,ADMINISTRATOR,"11/15/2024, 10:17:37.930 PM"
"11/15/2024, 10:17:29.202 PM",\ADMINISTRATOR,User,MyLowCostVM,Microsoft-Windows-Security-Auditing,Security,4625,4625 - An account failed to log on.,20.235.247.188,3,3 - Network,\ADMINISTRATOR,ADMINISTRATOR,"11/15/2024, 10:17:57.981 PM"
"11/15/2024, 10:17:32.272 PM",\ADMINISTRATOR,User,MyLowCostVM,Microsoft-Windows-Security-Auditing,Security,4625,4625 - An account failed to log on.,186.75.215.94,3,3 - Network,\ADMINISTRATOR,ADMINISTRATOR,"11/15/2024, 10:17:57.981 PM"
"11/15/2024, 10:17:36.885 PM",\ADMINISTRATOR,User,MyLowCostVM,Microsoft-Windows-Security-Auditing,Security,4625,4625 - An account failed to log on.,120.133.88.0,3,3 - Network,\ADMINISTRATOR,ADMINISTRATOR,"11/15/2024, 10:17:57.981 PM"
"11/15/2024, 10:18:02.647 PM",\ADMINISTRATOR,User,MyLowCostVM,Microsoft-Windows-Security-Auditing,Security,4625,4625 - An account failed to log on.,120.133.88.0,3,3 - Network,\ADMINISTRATOR,ADMINISTRATOR,"11/15/2024, 10:18:37.956 PM"
"11/15/2024, 10:18:28.395 PM",\ADMINISTRATOR,User,MyLowCostVM,Microsoft-Windows-Security-Auditing,Security,4625,4625 - An account failed to log on.,120.133.88.0,3,3 - Network,\ADMINISTRATOR,ADMINISTRATOR,"11/15/2024, 10:18:57.954 PM"
"11/15/2024, 10:18:44.700 PM",\AZUREUSER,User,MyLowCostVM,Microsoft-Windows-Security-Auditing,Security,4625,4625 - An account failed to log on.,94.102.49.171,3,3 - Network,\AZUREUSER,AZUREUSER,"11/15/2024, 10:19:17.961 PM"
"11/15/2024, 10:18:54.113 PM",\ADMINISTRATOR,User,MyLowCostVM,Microsoft-Windows-Security-Auditing,Security,4625,4625 - An account failed to log on.,120.133.88.0,3,3 - Network,\ADMINISTRATOR,ADMINISTRATOR,"11/15/2024, 10:19:17.961 PM"
"11/15/2024, 10:19:19.767 PM",\ADMINISTRATOR,User,MyLowCostVM,Microsoft-Windows-Security-Auditing,Security,4625,4625 - An account failed to log on.,120.133.88.0,3,3 - Network,\ADMINISTRATOR,ADMINISTRATOR,"11/15/2024, 10:19:37.922 PM"
"11/15/2024, 10:19:45.489 PM",\ADMINISTRATOR,User,MyLowCostVM,Microsoft-Windows-Security-Auditing,Security,4625,4625 - An account failed to log on.,120.133.88.0,3,3 - Network,\ADMINISTRATOR,ADMINISTRATOR,"11/15/2024, 10:20:17.962 PM"
"11/15/2024, 10:20:00.731 PM",\ADMINISTRATOR,User,MyLowCostVM,Microsoft-Windows-Security-Auditing,Security,4625,4625 - An account failed to log on.,20.235.247.188,3,3 - Network,\ADMINISTRATOR,ADMINISTRATOR,"11/15/2024, 10:20:37.957 PM"
"11/15/2024, 10:20:11.210 PM",\ADMINISTRATOR,User,MyLowCostVM,Microsoft-Windows-Security-Auditing,Security,4625,4625 - An account failed to log on.,120.133.88.0,3,3 - Network,\ADMINISTRATOR,ADMINISTRATOR,"11/15/2024, 10:20:37.957 PM"
"11/15/2024, 10:20:34.773 PM",\ADMINISTRATOR,User,MyLowCostVM,Microsoft-Windows-Security-Auditing,Security,4625,4625 - An account failed to log on.,186.75.215.94,3,3 - Network,\ADMINISTRATOR,ADMINISTRATOR,"11/15/2024, 10:20:57.929 PM"
"11/15/2024, 10:20:36.998 PM",\ADMINISTRATOR,User,MyLowCostVM,Microsoft-Windows-Security-Auditing,Security,4625,4625 - An account failed to log on.,120.133.88.0,3,3 - Network,\ADMINISTRATOR,ADMINISTRATOR,"11/15/2024, 10:20:57.929 PM"
"11/15/2024, 10:21:02.713 PM",\ADMINISTRATOR,User,MyLowCostVM,Microsoft-Windows-Security-Auditing,Security,4625,4625 - An account failed to log on.,120.133.88.0,3,3 - Network,\ADMINISTRATOR,ADMINISTRATOR,"11/15/2024, 10:21:37.973 PM"
"11/15/2024, 10:21:24.073 PM",\AZUREUSER,User,MyLowCostVM,Microsoft-Windows-Security-Auditing,Security,4625,4625 - An account failed to log on.,94.102.49.171,3,3 - Network,\AZUREUSER,AZUREUSER,"11/15/2024, 10:21:57.951 PM"
"11/17/2024, 12:07:21.937 AM",\ADMINISTRATOR,User,MyLowCostVM,Microsoft-Windows-Security-Auditing,Security,4625,4625 - An account failed to log on.,36.134.25.206,3,3 - Network,\ADMINISTRATOR,ADMINISTRATOR,"11/18/2024, 4:25:36.714 AM"
"11/17/2024, 12:07:36.962 AM",\TEST,User,MyLowCostVM,Microsoft-Windows-Security-Auditing,Security,4625,4625 - An account failed to log on.,218.90.122.42,3,3 - Network,\TEST,TEST,"11/18/2024, 4:25:36.714 AM"
"11/17/2024, 12:07:40.493 AM",NT AUTHORITY\SYSTEM,Machine,MyLowCostVM,Microsoft-Windows-Security-Auditing,Security,4624,4624 - An account was successfully logged on.,-,5,5 - Service,NT AUTHORITY\SYSTEM,SYSTEM,"11/18/2024, 4:25:36.878 AM"
"11/17/2024, 12:07:40.493 AM",NT AUTHORITY\SYSTEM,Machine,MyLowCostVM,Microsoft-Windows-Security-Auditing,Security,4672,4672 - Special privileges assigned to new logon.,,,,,,"11/18/2024, 4:25:36.878 AM"
"11/17/2024, 12:07:42.861 AM",\ADMINISTRATOR,User,MyLowCostVM,Microsoft-Windows-Security-Auditing,Security,4625,4625 - An account failed to log on.,116.228.169.194,3,3 - Network,\ADMINISTRATOR,ADMINISTRATOR,"11/18/2024, 4:25:36.878 AM"
"11/17/2024, 12:07:44.884 AM",NT AUTHORITY\SYSTEM,Machine,MyLowCostVM,Microsoft-Windows-Security-Auditing,Security,4624,4624 - An account was successfully logged on.,-,5,5 - Service,NT AUTHORITY\SYSTEM,SYSTEM,"11/18/2024, 4:25:36.878 AM"
"11/17/2024, 12:07:44.884 AM",NT AUTHORITY\SYSTEM,Machine,MyLowCostVM,Microsoft-Windows-Security-Auditing,Security,4672,4672 - Special privileges assigned to new logon.,,,,,,"11/18/2024, 4:25:36.878 AM"
"11/17/2024, 12:07:49.613 AM",\ADMIN,User,MyLowCostVM,Microsoft-Windows-Security-Auditing,Security,4625,4625 - An account failed to log on.,218.24.151.212,3,3 - Network,\ADMIN,ADMIN,"11/18/2024, 4:25:36.878 AM"
"11/17/2024, 12:07:54.829 AM",\ADMINISTRATOR,User,MyLowCostVM,Microsoft-Windows-Security-Auditing,Security,4625,4625 - An account failed to log on.,79.124.56.98,3,3 - Network,\ADMINISTRATOR,ADMINISTRATOR,"11/18/2024, 4:25:36.878 AM"
"11/17/2024, 12:07:56.230 AM",,,MyLowCostVM,Microsoft-Windows-Eventlog,Security,1100,1100 - The event logging service has shut down.,,,,,,"11/18/2024, 4:25:36.878 AM"
"11/18/2024, 4:22:56.098 AM",-\-,Machine,MyLowCostVM,Microsoft-Windows-Security-Auditing,Security,4688,4688 - A new process has been created.,,,,-\-,-,"11/18/2024, 4:34:46.159 AM"
"11/18/2024, 4:22:56.098 AM",,,MyLowCostVM,Microsoft-Windows-Security-Auditing,Security,4696,4696 - A primary token was assigned to process.,,,,,,"11/18/2024, 4:34:46.159 AM"
"11/18/2024, 4:22:56.098 AM",-\-,Machine,MyLowCostVM,Microsoft-Windows-Security-Auditing,Security,4826,4826 - Boot Configuration Data loaded.,,,,,,"11/18/2024, 4:34:46.159 AM"
"11/18/2024, 4:22:56.101 AM",-\-,Machine,MyLowCostVM,Microsoft-Windows-Security-Auditing,Security,4688,4688 - A new process has been created.,,,,-\-,-,"11/18/2024, 4:34:46.159 AM"
"11/18/2024, 4:22:56.313 AM",-\-,Machine,MyLowCostVM,Microsoft-Windows-Security-Auditing,Security,4688,4688 - A new process has been created.,,,,-\-,-,"11/18/2024, 4:34:46.159 AM"
"11/18/2024, 4:22:56.988 AM",-\-,Machine,MyLowCostVM,Microsoft-Windows-Security-Auditing,Security,4688,4688 - A new process has been created.,,,,-\-,-,"11/18/2024, 4:34:46.159 AM"
"11/18/2024, 4:22:57.035 AM",-\-,Machine,MyLowCostVM,Microsoft-Windows-Security-Auditing,Security,4688,4688 - A new process has been created.,,,,-\-,-,"11/18/2024, 4:34:46.159 AM"
"11/18/2024, 4:22:57.110 AM",-\-,Machine,MyLowCostVM,Microsoft-Windows-Security-Auditing,Security,4688,4688 - A new process has been created.,,,,-\-,-,"11/18/2024, 4:34:46.159 AM"
"11/18/2024, 4:22:57.115 AM",-\-,Machine,MyLowCostVM,Microsoft-Windows-Security-Auditing,Security,4688,4688 - A new process has been created.,,,,-\-,-,"11/18/2024, 4:34:46.159 AM"
"11/18/2024, 4:22:57.120 AM",-\-,Machine,MyLowCostVM,Microsoft-Windows-Security-Auditing,Security,4688,4688 - A new process has been created.,,,,-\-,-,"11/18/2024, 4:34:46.159 AM"
"11/18/2024, 4:22:57.143 AM",-\-,Machine,MyLowCostVM,Microsoft-Windows-Security-Auditing,Security,4688,4688 - A new process has been created.,,,,-\-,-,"11/18/2024, 4:34:46.159 AM"
"11/18/2024, 4:22:57.203 AM",-\-,Machine,MyLowCostVM,Microsoft-Windows-Security-Auditing,Security,4688,4688 - A new process has been created.,,,,-\-,-,"11/18/2024, 4:34:46.159 AM"
"11/18/2024, 4:22:57.236 AM",-\-,Machine,MyLowCostVM,Microsoft-Windows-Security-Auditing,Security,4688,4688 - A new process has been created.,,,,-\-,-,"11/18/2024, 4:34:46.159 AM"
"11/18/2024, 4:22:57.296 AM",,,MyLowCostVM,Microsoft-Windows-Security-Auditing,Security,4608,4608 - Windows is starting up.,,,,,,"11/18/2024, 4:34:46.159 AM"
"11/18/2024, 4:22:57.302 AM",NT AUTHORITY\SYSTEM,Machine,MyLowCostVM,Microsoft-Windows-Security-Auditing,Security,4624,4624 - An account was successfully logged on.,-,0,0,NT AUTHORITY\SYSTEM,SYSTEM,"11/18/2024, 4:34:46.159 AM"
"11/18/2024, 4:22:57.408 AM",,,MyLowCostVM,Microsoft-Windows-Security-Auditing,Security,4902,4902 - The Per-user audit policy table was created.,,,,,,"11/18/2024, 4:34:46.159 AM"
"11/18/2024, 4:22:57.454 AM",WORKGROUP\MyLowCostVM$,Machine,MyLowCostVM,Microsoft-Windows-Security-Auditing,Security,4648,4648 - A logon was attempted using explicit credentials.,-,,,Font Driver Host\UMFD-1,UMFD-1,"11/18/2024, 4:34:46.159 AM"
"11/18/2024, 4:22:57.454 AM",Font Driver Host\UMFD-1,User,MyLowCostVM,Microsoft-Windows-Security-Auditing,Security,4624,4624 - An account was successfully logged on.,-,2,2 - Interactive,Font Driver Host\UMFD-1,UMFD-1,"11/18/2024, 4:34:46.159 AM"
"11/18/2024, 4:22:57.456 AM",NT AUTHORITY\SYSTEM,Machine,MyLowCostVM,Microsoft-Windows-Security-Auditing,Security,4624,4624 - An account was successfully logged on.,-,5,5 - Service,NT AUTHORITY\SYSTEM,SYSTEM,"11/18/2024, 4:34:46.159 AM"
"11/18/2024, 4:22:57.456 AM",NT AUTHORITY\SYSTEM,Machine,MyLowCostVM,Microsoft-Windows-Security-Auditing,Security,4672,4672 - Special privileges assigned to new logon.,,,,,,"11/18/2024, 4:34:46.159 AM"
"11/18/2024, 4:22:57.458 AM",WORKGROUP\MyLowCostVM$,Machine,MyLowCostVM,Microsoft-Windows-Security-Auditing,Security,4648,4648 - A logon was attempted using explicit credentials.,-,,,Font Driver Host\UMFD-0,UMFD-0,"11/18/2024, 4:34:46.159 AM"
"11/18/2024, 4:22:57.458 AM",Font Driver Host\UMFD-0,User,MyLowCostVM,Microsoft-Windows-Security-Auditing,Security,4624,4624 - An account was successfully logged on.,-,2,2 - Interactive,Font Driver Host\UMFD-0,UMFD-0,"11/18/2024, 4:34:46.159 AM"
"11/18/2024, 4:22:57.594 AM",NT AUTHORITY\NETWORK SERVICE,Machine,MyLowCostVM,Microsoft-Windows-Security-Auditing,Security,4624,4624 - An account was successfully logged on.,-,5,5 - Service,NT AUTHORITY\NETWORK SERVICE,NETWORK SERVICE,"11/18/2024, 4:34:46.159 AM"
"11/18/2024, 4:22:57.594 AM",NT AUTHORITY\NETWORK SERVICE,Machine,MyLowCostVM,Microsoft-Windows-Security-Auditing,Security,4672,4672 - Special privileges assigned to new logon.,,,,,,"11/18/2024, 4:34:46.159 AM"
"11/18/2024, 4:22:57.631 AM",NT AUTHORITY\SYSTEM,Machine,MyLowCostVM,Microsoft-Windows-Security-Auditing,Security,4624,4624 - An account was successfully logged on.,-,5,5 - Service,NT AUTHORITY\SYSTEM,SYSTEM,"11/18/2024, 4:34:46.159 AM"
"11/18/2024, 4:22:57.631 AM",NT AUTHORITY\SYSTEM,Machine,MyLowCostVM,Microsoft-Windows-Security-Auditing,Security,4672,4672 - Special privileges assigned to new logon.,,,,,,"11/18/2024, 4:34:46.159 AM"
"11/18/2024, 4:22:57.803 AM",WORKGROUP\MyLowCostVM$,Machine,MyLowCostVM,Microsoft-Windows-Security-Auditing,Security,4648,4648 - A logon was attempted using explicit credentials.,-,,,Window Manager\DWM-1,DWM-1,"11/18/2024, 4:34:46.159 AM"
"11/18/2024, 4:22:57.803 AM",Window Manager\DWM-1,User,MyLowCostVM,Microsoft-Windows-Security-Auditing,Security,4624,4624 - An account was successfully logged on.,-,2,2 - Interactive,Window Manager\DWM-1,DWM-1,"11/18/2024, 4:34:46.159 AM"
"11/18/2024, 4:22:57.803 AM",Window Manager\DWM-1,User,MyLowCostVM,Microsoft-Windows-Security-Auditing,Security,4624,4624 - An account was successfully logged on.,-,2,2 - Interactive,Window Manager\DWM-1,DWM-1,"11/18/2024, 4:34:46.159 AM"
"11/18/2024, 4:22:57.803 AM",Window Manager\DWM-1,User,MyLowCostVM,Microsoft-Windows-Security-Auditing,Security,4672,4672 - Special privileges assigned to new logon.,,,,,,"11/18/2024, 4:34:46.159 AM"
"11/18/2024, 4:22:57.803 AM",Window Manager\DWM-1,User,MyLowCostVM,Microsoft-Windows-Security-Auditing,Security,4672,4672 - Special privileges assigned to new logon.,,,,,,"11/18/2024, 4:34:46.159 AM"
"11/18/2024, 4:22:57.964 AM",NT AUTHORITY\SYSTEM,Machine,MyLowCostVM,Microsoft-Windows-Security-Auditing,Security,4624,4624 - An account was successfully logged on.,-,5,5 - Service,NT AUTHORITY\SYSTEM,SYSTEM,"11/18/2024, 4:34:46.159 AM"
"11/18/2024, 4:22:57.964 AM",NT AUTHORITY\SYSTEM,Machine,MyLowCostVM,Microsoft-Windows-Security-Auditing,Security,4672,4672 - Special privileges assigned to new logon.,,,,,,"11/18/2024, 4:34:46.159 AM"
"11/18/2024, 4:22:57.969 AM",NT AUTHORITY\LOCAL SERVICE,Machine,MyLowCostVM,Microsoft-Windows-Security-Auditing,Security,4624,4624 - An account was successfully logged on.,-,5,5 - Service,NT AUTHORITY\LOCAL SERVICE,LOCAL SERVICE,"11/18/2024, 4:34:46.159 AM"
"11/18/2024, 4:22:57.969 AM",NT AUTHORITY\LOCAL SERVICE,Machine,MyLowCostVM,Microsoft-Windows-Security-Auditing,Security,4672,4672 - Special privileges assigned to new logon.,,,,,,"11/18/2024, 4:34:46.159 AM"
"11/18/2024, 4:22:58.030 AM",NT AUTHORITY\SYSTEM,Machine,MyLowCostVM,Microsoft-Windows-Security-Auditing,Security,4624,4624 - An account was successfully logged on.,-,5,5 - Service,NT AUTHORITY\SYSTEM,SYSTEM,"11/18/2024, 4:34:46.159 AM"
"11/18/2024, 4:22:58.030 AM",NT AUTHORITY\SYSTEM,Machine,MyLowCostVM,Microsoft-Windows-Security-Auditing,Security,4672,4672 - Special privileges assigned to new logon.,,,,,,"11/18/2024, 4:34:46.159 AM"
"11/18/2024, 4:22:58.183 AM",NT AUTHORITY\SYSTEM,Machine,MyLowCostVM,Microsoft-Windows-Security-Auditing,Security,4624,4624 - An account was successfully logged on.,-,5,5 - Service,NT AUTHORITY\SYSTEM,SYSTEM,"11/18/2024, 4:34:46.159 AM"
"11/18/2024, 4:22:58.183 AM",NT AUTHORITY\SYSTEM,Machine,MyLowCostVM,Microsoft-Windows-Security-Auditing,Security,4672,4672 - Special privileges assigned to new logon.,,,,,,"11/18/2024, 4:34:46.159 AM"
"11/18/2024, 4:22:58.188 AM",NT AUTHORITY\SYSTEM,Machine,MyLowCostVM,Microsoft-Windows-Security-Auditing,Security,4624,4624 - An account was successfully logged on.,-,5,5 - Service,NT AUTHORITY\SYSTEM,SYSTEM,"11/18/2024, 4:34:46.159 AM"
"11/18/2024, 4:22:58.188 AM",NT AUTHORITY\SYSTEM,Machine,MyLowCostVM,Microsoft-Windows-Security-Auditing,Security,4672,4672 - Special privileges assigned to new logon.,,,,,,"11/18/2024, 4:34:46.159 AM"
"11/18/2024, 4:22:58.188 AM",NT AUTHORITY\SYSTEM,Machine,MyLowCostVM,Microsoft-Windows-Security-Auditing,Security,4624,4624 - An account was successfully logged on.,-,5,5 - Service,NT AUTHORITY\SYSTEM,SYSTEM,"11/18/2024, 4:34:46.159 AM"
"11/18/2024, 4:22:58.188 AM",NT AUTHORITY\SYSTEM,Machine,MyLowCostVM,Microsoft-Windows-Security-Auditing,Security,4672,4672 - Special privileges assigned to new logon.,,,,,,"11/18/2024, 4:34:46.159 AM"
"11/18/2024, 4:22:58.218 AM",NT AUTHORITY\SYSTEM,Machine,MyLowCostVM,Microsoft-Windows-Security-Auditing,Security,4624,4624 - An account was successfully logged on.,-,5,5 - Service,NT AUTHORITY\SYSTEM,SYSTEM,"11/18/2024, 4:34:46.159 AM"
"11/18/2024, 4:22:58.218 AM",NT AUTHORITY\SYSTEM,Machine,MyLowCostVM,Microsoft-Windows-Security-Auditing,Security,4672,4672 - Special privileges assigned to new logon.,,,,,,"11/18/2024, 4:34:46.159 AM"
"11/18/2024, 4:22:58.270 AM",NT AUTHORITY\SYSTEM,Machine,MyLowCostVM,Microsoft-Windows-Security-Auditing,Security,4624,4624 - An account was successfully logged on.,-,5,5 - Service,NT AUTHORITY\SYSTEM,SYSTEM,"11/18/2024, 4:34:46.159 AM"
"11/18/2024, 4:22:58.270 AM",NT AUTHORITY\SYSTEM,Machine,MyLowCostVM,Microsoft-Windows-Security-Auditing,Security,4672,4672 - Special privileges assigned to new logon.,,,,,,"11/18/2024, 4:34:46.159 AM"
"11/18/2024, 4:22:58.320 AM",NT AUTHORITY\SYSTEM,Machine,MyLowCostVM,Microsoft-Windows-Security-Auditing,Security,4624,4624 - An account was successfully logged on.,-,5,5 - Service,NT AUTHORITY\SYSTEM,SYSTEM,"11/18/2024, 4:34:46.159 AM"
"11/18/2024, 4:22:58.320 AM",NT AUTHORITY\SYSTEM,Machine,MyLowCostVM,Microsoft-Windows-Security-Auditing,Security,4672,4672 - Special privileges assigned to new logon.,,,,,,"11/18/2024, 4:34:46.159 AM"
"11/18/2024, 4:23:02.756 AM",NT AUTHORITY\LOCAL SERVICE,Machine,MyLowCostVM,Microsoft-Windows-Security-Auditing,Security,4616,4616 - The system time was changed.,,,,,,"11/18/2024, 4:34:51.301 AM"
"11/18/2024, 4:23:02.918 AM",NT AUTHORITY\SYSTEM,Machine,MyLowCostVM,Microsoft-Windows-Security-Auditing,Security,4624,4624 - An account was successfully logged on.,-,5,5 - Service,NT AUTHORITY\SYSTEM,SYSTEM,"11/18/2024, 4:34:51.301 AM"
"11/18/2024, 4:23:02.918 AM",NT AUTHORITY\SYSTEM,Machine,MyLowCostVM,Microsoft-Windows-Security-Auditing,Security,4672,4672 - Special privileges assigned to new logon.,,,,,,"11/18/2024, 4:34:51.301 AM"
"11/18/2024, 4:23:02.944 AM",NT AUTHORITY\SYSTEM,Machine,MyLowCostVM,Microsoft-Windows-Security-Auditing,Security,4624,4624 - An account was successfully logged on.,-,5,5 - Service,NT AUTHORITY\SYSTEM,SYSTEM,"11/18/2024, 4:34:51.301 AM"
"11/18/2024, 4:23:02.944 AM",NT AUTHORITY\SYSTEM,Machine,MyLowCostVM,Microsoft-Windows-Security-Auditing,Security,4672,4672 - Special privileges assigned to new logon.,,,,,,"11/18/2024, 4:34:51.301 AM"
"11/18/2024, 4:23:03.164 AM",NT AUTHORITY\SYSTEM,Machine,MyLowCostVM,Microsoft-Windows-Security-Auditing,Security,4624,4624 - An account was successfully logged on.,-,5,5 - Service,NT AUTHORITY\SYSTEM,SYSTEM,"11/18/2024, 4:34:51.301 AM"
"11/18/2024, 4:23:03.164 AM",NT AUTHORITY\SYSTEM,Machine,MyLowCostVM,Microsoft-Windows-Security-Auditing,Security,4672,4672 - Special privileges assigned to new logon.,,,,,,"11/18/2024, 4:34:51.301 AM"
"11/18/2024, 4:23:03.368 AM",NT AUTHORITY\SYSTEM,Machine,MyLowCostVM,Microsoft-Windows-Security-Auditing,Security,4624,4624 - An account was successfully logged on.,-,5,5 - Service,NT AUTHORITY\SYSTEM,SYSTEM,"11/18/2024, 4:34:51.301 AM"
"11/18/2024, 4:23:03.368 AM",NT AUTHORITY\SYSTEM,Machine,MyLowCostVM,Microsoft-Windows-Security-Auditing,Security,4672,4672 - Special privileges assigned to new logon.,,,,,,"11/18/2024, 4:34:51.301 AM"
"11/18/2024, 4:23:03.412 AM",NT AUTHORITY\SYSTEM,Machine,MyLowCostVM,Microsoft-Windows-Security-Auditing,Security,4624,4624 - An account was successfully logged on.,-,5,5 - Service,NT AUTHORITY\SYSTEM,SYSTEM,"11/18/2024, 4:34:51.301 AM"
"11/18/2024, 4:23:03.412 AM",NT AUTHORITY\SYSTEM,Machine,MyLowCostVM,Microsoft-Windows-Security-Auditing,Security,4672,4672 - Special privileges assigned to new logon.,,,,,,"11/18/2024, 4:34:51.301 AM"
"11/18/2024, 4:23:03.493 AM",NT AUTHORITY\SYSTEM,Machine,MyLowCostVM,Microsoft-Windows-Security-Auditing,Security,4624,4624 - An account was successfully logged on.,-,5,5 - Service,NT AUTHORITY\SYSTEM,SYSTEM,"11/18/2024, 4:34:51.301 AM"
"11/18/2024, 4:23:03.493 AM",NT AUTHORITY\SYSTEM,Machine,MyLowCostVM,Microsoft-Windows-Security-Auditing,Security,4672,4672 - Special privileges assigned to new logon.,,,,,,"11/18/2024, 4:34:51.301 AM"
"11/18/2024, 4:23:03.646 AM",NT AUTHORITY\SYSTEM,Machine,MyLowCostVM,Microsoft-Windows-Security-Auditing,Security,4624,4624 - An account was successfully logged on.,-,5,5 - Service,NT AUTHORITY\SYSTEM,SYSTEM,"11/18/2024, 4:34:51.301 AM"
"11/18/2024, 4:23:03.646 AM",NT AUTHORITY\SYSTEM,Machine,MyLowCostVM,Microsoft-Windows-Security-Auditing,Security,4672,4672 - Special privileges assigned to new logon.,,,,,,"11/18/2024, 4:34:51.301 AM"
"11/18/2024, 4:23:03.657 AM",,,MyLowCostVM,Microsoft-Windows-Security-Auditing,Security,5033,5033 - The Windows Firewall Driver has started successfully.,,,,,,"11/18/2024, 4:34:51.301 AM"
"11/18/2024, 4:23:04.003 AM",NT AUTHORITY\SYSTEM,Machine,MyLowCostVM,Microsoft-Windows-Security-Auditing,Security,4624,4624 - An account was successfully logged on.,-,5,5 - Service,NT AUTHORITY\SYSTEM,SYSTEM,"11/18/2024, 4:34:51.301 AM"
"11/18/2024, 4:23:04.003 AM",NT AUTHORITY\SYSTEM,Machine,MyLowCostVM,Microsoft-Windows-Security-Auditing,Security,4672,4672 - Special privileges assigned to new logon.,,,,,,"11/18/2024, 4:34:51.301 AM"
"11/18/2024, 4:23:04.004 AM",NT AUTHORITY\SYSTEM,Machine,MyLowCostVM,Microsoft-Windows-Security-Auditing,Security,4624,4624 - An account was successfully logged on.,-,5,5 - Service,NT AUTHORITY\SYSTEM,SYSTEM,"11/18/2024, 4:34:51.301 AM"
"11/18/2024, 4:23:04.004 AM",NT AUTHORITY\SYSTEM,Machine,MyLowCostVM,Microsoft-Windows-Security-Auditing,Security,4672,4672 - Special privileges assigned to new logon.,,,,,,"11/18/2024, 4:34:51.301 AM"
"11/18/2024, 4:23:04.029 AM",NT AUTHORITY\SYSTEM,Machine,MyLowCostVM,Microsoft-Windows-Security-Auditing,Security,4624,4624 - An account was successfully logged on.,-,5,5 - Service,NT AUTHORITY\SYSTEM,SYSTEM,"11/18/2024, 4:34:51.301 AM"
"11/18/2024, 4:23:04.029 AM",NT AUTHORITY\SYSTEM,Machine,MyLowCostVM,Microsoft-Windows-Security-Auditing,Security,4672,4672 - Special privileges assigned to new logon.,,,,,,"11/18/2024, 4:34:51.301 AM"
"11/18/2024, 4:23:04.053 AM",NT AUTHORITY\SYSTEM,Machine,MyLowCostVM,Microsoft-Windows-Security-Auditing,Security,4624,4624 - An account was successfully logged on.,-,5,5 - Service,NT AUTHORITY\SYSTEM,SYSTEM,"11/18/2024, 4:34:51.301 AM"
"11/18/2024, 4:23:04.053 AM",NT AUTHORITY\SYSTEM,Machine,MyLowCostVM,Microsoft-Windows-Security-Auditing,Security,4672,4672 - Special privileges assigned to new logon.,,,,,,"11/18/2024, 4:34:51.301 AM"
"11/18/2024, 4:23:04.081 AM",NT AUTHORITY\SYSTEM,Machine,MyLowCostVM,Microsoft-Windows-Security-Auditing,Security,4624,4624 - An account was successfully logged on.,-,5,5 - Service,NT AUTHORITY\SYSTEM,SYSTEM,"11/18/2024, 4:34:51.301 AM"
"11/18/2024, 4:23:04.081 AM",NT AUTHORITY\SYSTEM,Machine,MyLowCostVM,Microsoft-Windows-Security-Auditing,Security,4672,4672 - Special privileges assigned to new logon.,,,,,,"11/18/2024, 4:34:51.301 AM"
"11/18/2024, 4:23:04.094 AM",NT AUTHORITY\SYSTEM,Machine,MyLowCostVM,Microsoft-Windows-Security-Auditing,Security,4624,4624 - An account was successfully logged on.,-,5,5 - Service,NT AUTHORITY\SYSTEM,SYSTEM,"11/18/2024, 4:34:51.301 AM"
"11/18/2024, 4:23:04.094 AM",NT AUTHORITY\SYSTEM,Machine,MyLowCostVM,Microsoft-Windows-Security-Auditing,Security,4672,4672 - Special privileges assigned to new logon.,,,,,,"11/18/2024, 4:34:51.301 AM"
"11/18/2024, 4:23:04.199 AM",NT AUTHORITY\SYSTEM,Machine,MyLowCostVM,Microsoft-Windows-Security-Auditing,Security,4624,4624 - An account was successfully logged on.,-,5,5 - Service,NT AUTHORITY\SYSTEM,SYSTEM,"11/18/2024, 4:34:51.301 AM"
"11/18/2024, 4:23:04.199 AM",NT AUTHORITY\SYSTEM,Machine,MyLowCostVM,Microsoft-Windows-Security-Auditing,Security,4672,4672 - Special privileges assigned to new logon.,,,,,,"11/18/2024, 4:34:51.301 AM"
"11/18/2024, 4:23:04.224 AM",WORKGROUP\MyLowCostVM$,Machine,MyLowCostVM,Microsoft-Windows-Security-Auditing,Security,4799,4799 - A security-enabled local group membership was enumerated,,,,Builtin\Administrators,Administrators,"11/18/2024, 4:34:51.301 AM"
"11/18/2024, 4:23:04.225 AM",WORKGROUP\MyLowCostVM$,Machine,MyLowCostVM,Microsoft-Windows-Security-Auditing,Security,4799,4799 - A security-enabled local group membership was enumerated,,,,Builtin\Backup Operators,Backup Operators,"11/18/2024, 4:34:51.301 AM"
"11/18/2024, 4:23:04.617 AM",NT AUTHORITY\SYSTEM,Machine,MyLowCostVM,Microsoft-Windows-Security-Auditing,Security,4624,4624 - An account was successfully logged on.,-,5,5 - Service,NT AUTHORITY\SYSTEM,SYSTEM,"11/18/2024, 4:34:51.301 AM"
"11/18/2024, 4:23:04.617 AM",NT AUTHORITY\SYSTEM,Machine,MyLowCostVM,Microsoft-Windows-Security-Auditing,Security,4672,4672 - Special privileges assigned to new logon.,,,,,,"11/18/2024, 4:34:51.301 AM"
"11/18/2024, 4:23:04.666 AM",,,MyLowCostVM,Microsoft-Windows-Security-Auditing,Security,5024,5024 - The Windows Firewall Service has started successfully.,,,,,,"11/18/2024, 4:34:51.301 AM"
"11/18/2024, 4:23:06.048 AM",NT AUTHORITY\SYSTEM,Machine,MyLowCostVM,Microsoft-Windows-Security-Auditing,Security,4624,4624 - An account was successfully logged on.,-,5,5 - Service,NT AUTHORITY\SYSTEM,SYSTEM,"11/18/2024, 4:34:51.301 AM"
"11/18/2024, 4:23:06.048 AM",NT AUTHORITY\SYSTEM,Machine,MyLowCostVM,Microsoft-Windows-Security-Auditing,Security,4672,4672 - Special privileges assigned to new logon.,,,,,,"11/18/2024, 4:34:51.301 AM"
"11/18/2024, 4:23:06.702 AM",WORKGROUP\MyLowCostVM$,Machine,MyLowCostVM,Microsoft-Windows-Security-Auditing,Security,4799,4799 - A security-enabled local group membership was enumerated,,,,Builtin\Administrators,Administrators,"11/18/2024, 4:34:51.301 AM"
"11/18/2024, 4:23:06.703 AM",WORKGROUP\MyLowCostVM$,Machine,MyLowCostVM,Microsoft-Windows-Security-Auditing,Security,4799,4799 - A security-enabled local group membership was enumerated,,,,Builtin\Backup Operators,Backup Operators,"11/18/2024, 4:34:51.301 AM"
"11/18/2024, 4:23:08.185 AM",WORKGROUP\MyLowCostVM$,Machine,MyLowCostVM,Microsoft-Windows-Security-Auditing,Security,4799,4799 - A security-enabled local group membership was enumerated,,,,Builtin\Administrators,Administrators,"11/18/2024, 4:34:51.301 AM"
"11/18/2024, 4:23:08.185 AM",WORKGROUP\MyLowCostVM$,Machine,MyLowCostVM,Microsoft-Windows-Security-Auditing,Security,4799,4799 - A security-enabled local group membership was enumerated,,,,Builtin\Backup Operators,Backup Operators,"11/18/2024, 4:34:51.301 AM"
"11/18/2024, 4:23:10.747 AM",NT AUTHORITY\SYSTEM,Machine,MyLowCostVM,Microsoft-Windows-Security-Auditing,Security,4624,4624 - An account was successfully logged on.,-,5,5 - Service,NT AUTHORITY\SYSTEM,SYSTEM,"11/18/2024, 4:34:51.301 AM"
"11/18/2024, 4:23:10.747 AM",NT AUTHORITY\SYSTEM,Machine,MyLowCostVM,Microsoft-Windows-Security-Auditing,Security,4672,4672 - Special privileges assigned to new logon.,,,,,,"11/18/2024, 4:34:51.301 AM"
"11/18/2024, 4:23:14.082 AM",WORKGROUP\MyLowCostVM$,Machine,MyLowCostVM,Microsoft-Windows-Security-Auditing,Security,4798,4798 - A user's local group membership was enumerated.,,,,MyLowCostVM\crankthat,crankthat,"11/18/2024, 4:34:51.301 AM"
"11/18/2024, 4:23:14.232 AM",NT AUTHORITY\SYSTEM,Machine,MyLowCostVM,Microsoft-Windows-Security-Auditing,Security,4624,4624 - An account was successfully logged on.,-,5,5 - Service,NT AUTHORITY\SYSTEM,SYSTEM,"11/18/2024, 4:34:51.301 AM"
"11/18/2024, 4:23:14.232 AM",NT AUTHORITY\SYSTEM,Machine,MyLowCostVM,Microsoft-Windows-Security-Auditing,Security,4672,4672 - Special privileges assigned to new logon.,,,,,,"11/18/2024, 4:34:51.301 AM"
"11/18/2024, 4:23:14.455 AM",,,MyLowCostVM,Microsoft-Windows-Security-Auditing,Security,5379,5379,,,,,,"11/18/2024, 4:34:51.301 AM"
"11/18/2024, 4:23:14.455 AM",,,MyLowCostVM,Microsoft-Windows-Security-Auditing,Security,5379,5379,,,,,,"11/18/2024, 4:34:51.301 AM"
"11/18/2024, 4:23:14.456 AM",,,MyLowCostVM,Microsoft-Windows-Security-Auditing,Security,5379,5379,,,,,,"11/18/2024, 4:34:51.301 AM"
"11/18/2024, 4:23:14.469 AM",,,MyLowCostVM,Microsoft-Windows-Security-Auditing,Security,5379,5379,,,,,,"11/18/2024, 4:34:51.301 AM"
"11/18/2024, 4:23:14.469 AM",,,MyLowCostVM,Microsoft-Windows-Security-Auditing,Security,5379,5379,,,,,,"11/18/2024, 4:34:51.301 AM"
"11/18/2024, 4:23:14.469 AM",,,MyLowCostVM,Microsoft-Windows-Security-Auditing,Security,5379,5379,,,,,,"11/18/2024, 4:34:51.301 AM"
"11/18/2024, 4:23:14.472 AM",,,MyLowCostVM,Microsoft-Windows-Security-Auditing,Security,5379,5379,,,,,,"11/18/2024, 4:34:51.301 AM"
"11/18/2024, 4:23:14.472 AM",,,MyLowCostVM,Microsoft-Windows-Security-Auditing,Security,5379,5379,,,,,,"11/18/2024, 4:34:51.301 AM"
"11/18/2024, 4:23:14.472 AM",,,MyLowCostVM,Microsoft-Windows-Security-Auditing,Security,5379,5379,,,,,,"11/18/2024, 4:34:51.301 AM"
"11/18/2024, 4:23:14.824 AM",,,MyLowCostVM,Microsoft-Windows-Security-Auditing,Security,5379,5379,,,,,,"11/18/2024, 4:34:51.301 AM"
"11/18/2024, 4:23:15.099 AM",WORKGROUP\MyLowCostVM$,Machine,MyLowCostVM,Microsoft-Windows-Security-Auditing,Security,4799,4799 - A security-enabled local group membership was enumerated,,,,Builtin\Remote Desktop Users,Remote Desktop Users,"11/18/2024, 4:34:51.301 AM"
"11/18/2024, 4:23:17.360 AM",NT AUTHORITY\SYSTEM,Machine,MyLowCostVM,Microsoft-Windows-Security-Auditing,Security,4624,4624 - An account was successfully logged on.,-,5,5 - Service,NT AUTHORITY\SYSTEM,SYSTEM,"11/18/2024, 4:34:51.301 AM"
"11/18/2024, 4:23:17.360 AM",NT AUTHORITY\SYSTEM,Machine,MyLowCostVM,Microsoft-Windows-Security-Auditing,Security,4672,4672 - Special privileges assigned to new logon.,,,,,,"11/18/2024, 4:34:51.301 AM"
"11/18/2024, 4:23:17.383 AM",WORKGROUP\MyLowCostVM$,Machine,MyLowCostVM,Microsoft-Windows-Security-Auditing,Security,4799,4799 - A security-enabled local group membership was enumerated,,,,Builtin\Administrators,Administrators,"11/18/2024, 4:34:51.301 AM"
"11/18/2024, 4:23:17.396 AM",WORKGROUP\MyLowCostVM$,Machine,MyLowCostVM,Microsoft-Windows-Security-Auditing,Security,4798,4798 - A user's local group membership was enumerated.,,,,MyLowCostVM\crankthat,crankthat,"11/18/2024, 4:34:51.301 AM"
"11/18/2024, 4:23:17.470 AM",WORKGROUP\MyLowCostVM$,Machine,MyLowCostVM,Microsoft-Windows-Security-Auditing,Security,4798,4798 - A user's local group membership was enumerated.,,,,MyLowCostVM\crankthat,crankthat,"11/18/2024, 4:34:51.301 AM"
"11/18/2024, 4:23:17.470 AM",WORKGROUP\MyLowCostVM$,Machine,MyLowCostVM,Microsoft-Windows-Security-Auditing,Security,4798,4798 - A user's local group membership was enumerated.,,,,MyLowCostVM\DefaultAccount,DefaultAccount,"11/18/2024, 4:34:51.301 AM"
"11/18/2024, 4:23:17.470 AM",WORKGROUP\MyLowCostVM$,Machine,MyLowCostVM,Microsoft-Windows-Security-Auditing,Security,4798,4798 - A user's local group membership was enumerated.,,,,MyLowCostVM\Guest,Guest,"11/18/2024, 4:34:51.301 AM"
"11/18/2024, 4:23:17.470 AM",WORKGROUP\MyLowCostVM$,Machine,MyLowCostVM,Microsoft-Windows-Security-Auditing,Security,4798,4798 - A user's local group membership was enumerated.,,,,MyLowCostVM\WDAGUtilityAccount,WDAGUtilityAccount,"11/18/2024, 4:34:51.301 AM"
"11/18/2024, 4:23:17.853 AM",NT AUTHORITY\SYSTEM,Machine,MyLowCostVM,Microsoft-Windows-Security-Auditing,Security,4624,4624 - An account was successfully logged on.,-,5,5 - Service,NT AUTHORITY\SYSTEM,SYSTEM,"11/18/2024, 4:34:51.301 AM"
"11/18/2024, 4:23:17.853 AM",NT AUTHORITY\SYSTEM,Machine,MyLowCostVM,Microsoft-Windows-Security-Auditing,Security,4672,4672 - Special privileges assigned to new logon.,,,,,,"11/18/2024, 4:34:51.301 AM"
"11/18/2024, 4:23:19.233 AM",NT AUTHORITY\SYSTEM,Machine,MyLowCostVM,Microsoft-Windows-Security-Auditing,Security,4624,4624 - An account was successfully logged on.,-,5,5 - Service,NT AUTHORITY\SYSTEM,SYSTEM,"11/18/2024, 4:34:51.301 AM"
"11/18/2024, 4:23:19.233 AM",NT AUTHORITY\SYSTEM,Machine,MyLowCostVM,Microsoft-Windows-Security-Auditing,Security,4672,4672 - Special privileges assigned to new logon.,,,,,,"11/18/2024, 4:34:51.301 AM"
"11/18/2024, 4:23:19.757 AM",WORKGROUP\MyLowCostVM$,Machine,MyLowCostVM,Microsoft-Windows-Security-Auditing,Security,4798,4798 - A user's local group membership was enumerated.,,,,MyLowCostVM\crankthat,crankthat,"11/18/2024, 4:34:51.301 AM"
"11/18/2024, 4:23:19.762 AM",WORKGROUP\MyLowCostVM$,Machine,MyLowCostVM,Microsoft-Windows-Security-Auditing,Security,4798,4798 - A user's local group membership was enumerated.,,,,MyLowCostVM\crankthat,crankthat,"11/18/2024, 4:34:51.301 AM"
"11/18/2024, 4:23:21.113 AM",,,MyLowCostVM,Microsoft-Windows-Security-Auditing,Security,5058,5058 - Key file operation.,,,,,,"11/18/2024, 4:34:51.405 AM"
"11/18/2024, 4:23:21.113 AM",,,MyLowCostVM,Microsoft-Windows-Security-Auditing,Security,5061,5061 - Cryptographic operation.,,,,,,"11/18/2024, 4:34:51.405 AM"
"11/18/2024, 4:23:22.100 AM",\ADMINISTRATOR,User,MyLowCostVM,Microsoft-Windows-Security-Auditing,Security,4625,4625 - An account failed to log on.,186.75.215.94,3,3 - Network,\ADMINISTRATOR,ADMINISTRATOR,"11/18/2024, 4:34:51.405 AM"
"11/18/2024, 4:23:23.613 AM",WORKGROUP\MyLowCostVM$,Machine,MyLowCostVM,Microsoft-Windows-Security-Auditing,Security,4799,4799 - A security-enabled local group membership was enumerated,,,,Builtin\Administrators,Administrators,"11/18/2024, 4:34:51.405 AM"
"11/18/2024, 4:23:23.614 AM",WORKGROUP\MyLowCostVM$,Machine,MyLowCostVM,Microsoft-Windows-Security-Auditing,Security,4799,4799 - A security-enabled local group membership was enumerated,,,,Builtin\Backup Operators,Backup Operators,"11/18/2024, 4:34:51.405 AM"
"11/18/2024, 4:23:23.801 AM",NT AUTHORITY\SYSTEM,Machine,MyLowCostVM,Microsoft-Windows-Security-Auditing,Security,4624,4624 - An account was successfully logged on.,-,5,5 - Service,NT AUTHORITY\SYSTEM,SYSTEM,"11/18/2024, 4:34:51.405 AM"
"11/18/2024, 4:23:23.801 AM",NT AUTHORITY\SYSTEM,Machine,MyLowCostVM,Microsoft-Windows-Security-Auditing,Security,4672,4672 - Special privileges assigned to new logon.,,,,,,"11/18/2024, 4:34:51.405 AM"
"11/18/2024, 4:23:25.371 AM",NT AUTHORITY\SYSTEM,Machine,MyLowCostVM,Microsoft-Windows-Security-Auditing,Security,4624,4624 - An account was successfully logged on.,-,5,5 - Service,NT AUTHORITY\SYSTEM,SYSTEM,"11/18/2024, 4:34:51.405 AM"
"11/18/2024, 4:23:25.371 AM",NT AUTHORITY\SYSTEM,Machine,MyLowCostVM,Microsoft-Windows-Security-Auditing,Security,4672,4672 - Special privileges assigned to new logon.,,,,,,"11/18/2024, 4:34:51.405 AM"
"11/18/2024, 4:23:30.203 AM",,,MyLowCostVM,Microsoft-Windows-Security-Auditing,Security,5058,5058 - Key file operation.,,,,,,"11/18/2024, 4:34:51.405 AM"
"11/18/2024, 4:23:30.204 AM",,,MyLowCostVM,Microsoft-Windows-Security-Auditing,Security,5061,5061 - Cryptographic operation.,,,,,,"11/18/2024, 4:34:51.405 AM"
"11/18/2024, 4:23:31.269 AM",WORKGROUP\MyLowCostVM$,Machine,MyLowCostVM,Microsoft-Windows-Security-Auditing,Security,5059,5059 - Key migration operation.,,,,,,"11/18/2024, 4:34:51.405 AM"
"11/18/2024, 4:23:31.270 AM",WORKGROUP\MyLowCostVM$,Machine,MyLowCostVM,Microsoft-Windows-Security-Auditing,Security,5059,5059 - Key migration operation.,,,,,,"11/18/2024, 4:34:51.405 AM"
"11/18/2024, 4:23:31.277 AM",WORKGROUP\MyLowCostVM$,Machine,MyLowCostVM,Microsoft-Windows-Security-Auditing,Security,5059,5059 - Key migration operation.,,,,,,"11/18/2024, 4:34:51.405 AM"
"11/18/2024, 4:23:31.279 AM",WORKGROUP\MyLowCostVM$,Machine,MyLowCostVM,Microsoft-Windows-Security-Auditing,Security,5059,5059 - Key migration operation.,,,,,,"11/18/2024, 4:34:51.405 AM"
"11/18/2024, 4:23:31.300 AM",,,MyLowCostVM,Microsoft-Windows-Security-Auditing,Security,5058,5058 - Key file operation.,,,,,,"11/18/2024, 4:34:51.405 AM"
"11/18/2024, 4:23:31.300 AM",,,MyLowCostVM,Microsoft-Windows-Security-Auditing,Security,5061,5061 - Cryptographic operation.,,,,,,"11/18/2024, 4:34:51.405 AM"
"11/18/2024, 4:23:31.876 AM",WORKGROUP\MyLowCostVM$,Machine,MyLowCostVM,Microsoft-Windows-Security-Auditing,Security,5059,5059 - Key migration operation.,,,,,,"11/18/2024, 4:34:51.405 AM"
"11/18/2024, 4:23:31.882 AM",,,MyLowCostVM,Microsoft-Windows-Security-Auditing,Security,5058,5058 - Key file operation.,,,,,,"11/18/2024, 4:34:51.405 AM"
"11/18/2024, 4:23:31.883 AM",,,MyLowCostVM,Microsoft-Windows-Security-Auditing,Security,5061,5061 - Cryptographic operation.,,,,,,"11/18/2024, 4:34:51.405 AM"
"11/18/2024, 4:23:31.883 AM",,,MyLowCostVM,Microsoft-Windows-Security-Auditing,Security,5058,5058 - Key file operation.,,,,,,"11/18/2024, 4:34:51.405 AM"
"11/18/2024, 4:23:31.895 AM",,,MyLowCostVM,Microsoft-Windows-Security-Auditing,Security,5061,5061 - Cryptographic operation.,,,,,,"11/18/2024, 4:34:51.405 AM"
"11/18/2024, 4:23:31.898 AM",WORKGROUP\MyLowCostVM$,Machine,MyLowCostVM,Microsoft-Windows-Security-Auditing,Security,5059,5059 - Key migration operation.,,,,,,"11/18/2024, 4:34:51.405 AM"
"11/18/2024, 4:23:31.902 AM",,,MyLowCostVM,Microsoft-Windows-Security-Auditing,Security,5058,5058 - Key file operation.,,,,,,"11/18/2024, 4:34:51.405 AM"
"11/18/2024, 4:23:31.903 AM",,,MyLowCostVM,Microsoft-Windows-Security-Auditing,Security,5061,5061 - Cryptographic operation.,,,,,,"11/18/2024, 4:34:51.405 AM"
"11/18/2024, 4:23:32.504 AM",,,MyLowCostVM,Microsoft-Windows-Security-Auditing,Security,5058,5058 - Key file operation.,,,,,,"11/18/2024, 4:34:51.405 AM"
"11/18/2024, 4:23:32.504 AM",,,MyLowCostVM,Microsoft-Windows-Security-Auditing,Security,5061,5061 - Cryptographic operation.,,,,,,"11/18/2024, 4:34:51.405 AM"
"11/18/2024, 4:24:39.129 AM",\SQLSvc,User,MyLowCostVM,Microsoft-Windows-Security-Auditing,Security,4625,4625 - An account failed to log on.,189.112.15.18,3,3 - Network,\SQLSvc,SQLSvc,"11/18/2024, 4:34:51.739 AM"
"11/18/2024, 4:24:41.723 AM",\admin,User,MyLowCostVM,Microsoft-Windows-Security-Auditing,Security,4625,4625 - An account failed to log on.,144.217.111.52,3,3 - Network,\admin,admin,"11/18/2024, 4:34:56.921 AM"
"11/18/2024, 4:25:06.903 AM",,,MyLowCostVM,Microsoft-Windows-Security-Auditing,Security,5058,5058 - Key file operation.,,,,,,"11/18/2024, 4:35:02.083 AM"
"11/18/2024, 4:25:06.904 AM",,,MyLowCostVM,Microsoft-Windows-Security-Auditing,Security,5061,5061 - Cryptographic operation.,,,,,,"11/18/2024, 4:35:02.083 AM"
"11/18/2024, 4:25:06.905 AM",NT AUTHORITY\LOCAL SERVICE,Machine,MyLowCostVM,Microsoft-Windows-Security-Auditing,Security,5059,5059 - Key migration operation.,,,,,,"11/18/2024, 4:35:02.083 AM"
"11/18/2024, 4:25:07.292 AM",NT AUTHORITY\SYSTEM,Machine,MyLowCostVM,Microsoft-Windows-Security-Auditing,Security,4624,4624 - An account was successfully logged on.,-,5,5 - Service,NT AUTHORITY\SYSTEM,SYSTEM,"11/18/2024, 4:35:02.083 AM"
"11/18/2024, 4:25:07.292 AM",NT AUTHORITY\SYSTEM,Machine,MyLowCostVM,Microsoft-Windows-Security-Auditing,Security,4672,4672 - Special privileges assigned to new logon.,,,,,,"11/18/2024, 4:35:02.083 AM"
"11/18/2024, 4:25:07.435 AM",NT AUTHORITY\SYSTEM,Machine,MyLowCostVM,Microsoft-Windows-Security-Auditing,Security,4624,4624 - An account was successfully logged on.,-,5,5 - Service,NT AUTHORITY\SYSTEM,SYSTEM,"11/18/2024, 4:35:02.083 AM"
"11/18/2024, 4:25:07.435 AM",NT AUTHORITY\SYSTEM,Machine,MyLowCostVM,Microsoft-Windows-Security-Auditing,Security,4672,4672 - Special privileges assigned to new logon.,,,,,,"11/18/2024, 4:35:02.083 AM"
"11/18/2024, 4:25:07.487 AM",NT AUTHORITY\SYSTEM,Machine,MyLowCostVM,Microsoft-Windows-Security-Auditing,Security,4624,4624 - An account was successfully logged on.,-,5,5 - Service,NT AUTHORITY\SYSTEM,SYSTEM,"11/18/2024, 4:35:02.083 AM"
"11/18/2024, 4:25:07.487 AM",NT AUTHORITY\SYSTEM,Machine,MyLowCostVM,Microsoft-Windows-Security-Auditing,Security,4672,4672 - Special privileges assigned to new logon.,,,,,,"11/18/2024, 4:35:02.083 AM"
"11/18/2024, 4:25:08.434 AM",NT AUTHORITY\SYSTEM,Machine,MyLowCostVM,Microsoft-Windows-Security-Auditing,Security,4624,4624 - An account was successfully logged on.,-,5,5 - Service,NT AUTHORITY\SYSTEM,SYSTEM,"11/18/2024, 4:35:02.083 AM"
"11/18/2024, 4:25:08.434 AM",NT AUTHORITY\SYSTEM,Machine,MyLowCostVM,Microsoft-Windows-Security-Auditing,Security,4672,4672 - Special privileges assigned to new logon.,,,,,,"11/18/2024, 4:35:02.083 AM"
