"11/15/2024, 4:22:55.040 PM",\ADMINISTRATOR,User,MyLowCostVM,Microsoft-Windows-Security-Auditing,Security,4625,4625 - An account failed to log on.,20.235.247.188,3,3 - Network,\ADMINISTRATOR,ADMINISTRATOR,"11/15/2024, 4:23:17.981 PM"
"11/15/2024, 4:24:09.836 PM",domain\Administrator,User,MyLowCostVM,Microsoft-Windows-Security-Auditing,Security,4625,4625 - An account failed to log on.,193.122.94.68,3,3 - Network,domain\Administrator,Administrator,"11/15/2024, 4:24:37.995 PM"
"11/15/2024, 4:24:26.656 PM",\ADMINISTRATOR,User,MyLowCostVM,Microsoft-Windows-Security-Auditing,Security,4625,4625 - An account failed to log on.,186.75.215.94,3,3 - Network,\ADMINISTRATOR,ADMINISTRATOR,"11/15/2024, 4:24:58.035 PM"
"11/15/2024, 4:24:50.993 PM",domain\Administrator,User,MyLowCostVM,Microsoft-Windows-Security-Auditing,Security,4625,4625 - An account failed to log on.,193.122.94.68,3,3 - Network,domain\Administrator,Administrator,"11/15/2024, 4:25:17.993 PM"
"11/15/2024, 4:25:30.776 PM",\ADMINISTRATOR,User,MyLowCostVM,Microsoft-Windows-Security-Auditing,Security,4625,4625 - An account failed to log on.,20.235.247.188,3,3 - Network,\ADMINISTRATOR,ADMINISTRATOR,"11/15/2024, 4:25:58.007 PM"
"11/15/2024, 4:26:15.460 PM",domain\Administrator,User,MyLowCostVM,Microsoft-Windows-Security-Auditing,Security,4625,4625 - An account failed to log on.,193.122.94.68,3,3 - Network,domain\Administrator,Administrator,"11/15/2024, 4:26:38.011 PM"
"11/15/2024, 4:26:58.135 PM",domain\Administrator,User,MyLowCostVM,Microsoft-Windows-Security-Auditing,Security,4625,4625 - An account failed to log on.,193.122.94.68,3,3 - Network,domain\Administrator,Administrator,"11/15/2024, 4:27:17.992 PM"
"11/15/2024, 4:27:27.969 PM",\ADMINISTRATOR,User,MyLowCostVM,Microsoft-Windows-Security-Auditing,Security,4625,4625 - An account failed to log on.,186.75.215.94,3,3 - Network,\ADMINISTRATOR,ADMINISTRATOR,"11/15/2024, 4:27:57.997 PM"
"11/15/2024, 4:28:07.997 PM",\ADMINISTRATOR,User,MyLowCostVM,Microsoft-Windows-Security-Auditing,Security,4625,4625 - An account failed to log on.,20.235.247.188,3,3 - Network,\ADMINISTRATOR,ADMINISTRATOR,"11/15/2024, 4:28:37.998 PM"
"11/15/2024, 4:28:20.700 PM",domain\Administrator,User,MyLowCostVM,Microsoft-Windows-Security-Auditing,Security,4625,4625 - An account failed to log on.,193.122.94.68,3,3 - Network,domain\Administrator,Administrator,"11/15/2024, 4:28:58.003 PM"
"11/15/2024, 4:29:03.537 PM",domain\Administrator,User,MyLowCostVM,Microsoft-Windows-Security-Auditing,Security,4625,4625 - An account failed to log on.,193.122.94.68,3,3 - Network,domain\Administrator,Administrator,"11/15/2024, 4:29:38.010 PM"
"11/15/2024, 4:30:25.483 PM",domain\Administrator,User,MyLowCostVM,Microsoft-Windows-Security-Auditing,Security,4625,4625 - An account failed to log on.,193.122.94.68,3,3 - Network,domain\Administrator,Administrator,"11/15/2024, 4:30:57.983 PM"
"11/15/2024, 4:30:34.462 PM",\ADMINISTRATOR,User,MyLowCostVM,Microsoft-Windows-Security-Auditing,Security,4625,4625 - An account failed to log on.,186.75.215.94,3,3 - Network,\ADMINISTRATOR,ADMINISTRATOR,"11/15/2024, 4:30:57.983 PM"
"11/15/2024, 4:30:46.156 PM",\ADMINISTRATOR,User,MyLowCostVM,Microsoft-Windows-Security-Auditing,Security,4625,4625 - An account failed to log on.,20.235.247.188,3,3 - Network,\ADMINISTRATOR,ADMINISTRATOR,"11/15/2024, 4:31:18.006 PM"
"11/15/2024, 4:31:07.548 PM",domain\Administrator,User,MyLowCostVM,Microsoft-Windows-Security-Auditing,Security,4625,4625 - An account failed to log on.,193.122.94.68,3,3 - Network,domain\Administrator,Administrator,"11/15/2024, 4:31:37.987 PM"
"11/15/2024, 4:32:29.754 PM",domain\Administrator,User,MyLowCostVM,Microsoft-Windows-Security-Auditing,Security,4625,4625 - An account failed to log on.,193.122.94.68,3,3 - Network,domain\Administrator,Administrator,"11/15/2024, 4:32:57.983 PM"
"11/15/2024, 4:32:45.063 PM",\ADMINISTRATOR,User,MyLowCostVM,Microsoft-Windows-Security-Auditing,Security,4625,4625 - An account failed to log on.,120.133.88.0,3,3 - Network,\ADMINISTRATOR,ADMINISTRATOR,"11/15/2024, 4:33:17.984 PM"
"11/15/2024, 4:33:15.522 PM",domain\Administrator,User,MyLowCostVM,Microsoft-Windows-Security-Auditing,Security,4625,4625 - An account failed to log on.,193.122.94.68,3,3 - Network,domain\Administrator,Administrator,"11/15/2024, 4:33:37.995 PM"
"11/15/2024, 4:33:19.011 PM",\ADMINISTRATOR,User,MyLowCostVM,Microsoft-Windows-Security-Auditing,Security,4625,4625 - An account failed to log on.,120.133.88.0,3,3 - Network,\ADMINISTRATOR,ADMINISTRATOR,"11/15/2024, 4:33:37.995 PM"
"11/15/2024, 4:33:20.379 PM",\ADMINISTRATOR,User,MyLowCostVM,Microsoft-Windows-Security-Auditing,Security,4625,4625 - An account failed to log on.,20.235.247.188,3,3 - Network,\ADMINISTRATOR,ADMINISTRATOR,"11/15/2024, 4:33:57.989 PM"
"11/15/2024, 4:33:40.673 PM",\ADMINISTRATOR,User,MyLowCostVM,Microsoft-Windows-Security-Auditing,Security,4625,4625 - An account failed to log on.,186.75.215.94,3,3 - Network,\ADMINISTRATOR,ADMINISTRATOR,"11/15/2024, 4:34:17.990 PM"
"11/15/2024, 4:33:52.033 PM",\ADMINISTRATOR,User,MyLowCostVM,Microsoft-Windows-Security-Auditing,Security,4625,4625 - An account failed to log on.,120.133.88.0,3,3 - Network,\ADMINISTRATOR,ADMINISTRATOR,"11/15/2024, 4:34:17.990 PM"
"11/15/2024, 4:34:23.982 PM",\ADMINISTRATOR,User,MyLowCostVM,Microsoft-Windows-Security-Auditing,Security,4625,4625 - An account failed to log on.,120.133.88.0,3,3 - Network,\ADMINISTRATOR,ADMINISTRATOR,"11/15/2024, 4:34:57.998 PM"
"11/15/2024, 4:34:38.437 PM",domain\Administrator,User,MyLowCostVM,Microsoft-Windows-Security-Auditing,Security,4625,4625 - An account failed to log on.,193.122.94.68,3,3 - Network,domain\Administrator,Administrator,"11/15/2024, 4:34:57.998 PM"
"11/15/2024, 4:34:55.702 PM",\ADMINISTRATOR,User,MyLowCostVM,Microsoft-Windows-Security-Auditing,Security,4625,4625 - An account failed to log on.,120.133.88.0,3,3 - Network,\ADMINISTRATOR,ADMINISTRATOR,"11/15/2024, 4:35:17.982 PM"
"11/15/2024, 4:35:20.550 PM",domain\Administrator,User,MyLowCostVM,Microsoft-Windows-Security-Auditing,Security,4625,4625 - An account failed to log on.,193.122.94.68,3,3 - Network,domain\Administrator,Administrator,"11/15/2024, 4:35:58.005 PM"
"11/15/2024, 4:35:27.253 PM",\ADMINISTRATOR,User,MyLowCostVM,Microsoft-Windows-Security-Auditing,Security,4625,4625 - An account failed to log on.,120.133.88.0,3,3 - Network,\ADMINISTRATOR,ADMINISTRATOR,"11/15/2024, 4:35:58.005 PM"
"11/15/2024, 4:35:58.579 PM",\ADMINISTRATOR,User,MyLowCostVM,Microsoft-Windows-Security-Auditing,Security,4625,4625 - An account failed to log on.,120.133.88.0,3,3 - Network,\ADMINISTRATOR,ADMINISTRATOR,"11/15/2024, 4:36:17.995 PM"
"11/15/2024, 4:35:58.612 PM",\ADMINISTRATOR,User,MyLowCostVM,Microsoft-Windows-Security-Auditing,Security,4625,4625 - An account failed to log on.,20.235.247.188,3,3 - Network,\ADMINISTRATOR,ADMINISTRATOR,"11/15/2024, 4:36:17.995 PM"
"11/15/2024, 4:36:29.737 PM",\ADMINISTRATOR,User,MyLowCostVM,Microsoft-Windows-Security-Auditing,Security,4625,4625 - An account failed to log on.,120.133.88.0,3,3 - Network,\ADMINISTRATOR,ADMINISTRATOR,"11/15/2024, 4:36:57.977 PM"
"11/15/2024, 4:36:33.987 PM",\ADMINISTRATOR,User,MyLowCostVM,Microsoft-Windows-Security-Auditing,Security,4625,4625 - An account failed to log on.,186.75.215.94,3,3 - Network,\ADMINISTRATOR,ADMINISTRATOR,"11/15/2024, 4:36:57.977 PM"
"11/15/2024, 4:36:42.887 PM",domain\Administrator,User,MyLowCostVM,Microsoft-Windows-Security-Auditing,Security,4625,4625 - An account failed to log on.,193.122.94.68,3,3 - Network,domain\Administrator,Administrator,"11/15/2024, 4:37:17.983 PM"
"11/15/2024, 4:37:00.921 PM",\ADMINISTRATOR,User,MyLowCostVM,Microsoft-Windows-Security-Auditing,Security,4625,4625 - An account failed to log on.,120.133.88.0,3,3 - Network,\ADMINISTRATOR,ADMINISTRATOR,"11/15/2024, 4:37:37.985 PM"
"11/15/2024, 4:37:23.533 PM",domain\Administrator,User,MyLowCostVM,Microsoft-Windows-Security-Auditing,Security,4625,4625 - An account failed to log on.,193.122.94.68,3,3 - Network,domain\Administrator,Administrator,"11/15/2024, 4:37:57.998 PM"
"11/15/2024, 4:37:31.996 PM",\ADMINISTRATOR,User,MyLowCostVM,Microsoft-Windows-Security-Auditing,Security,4625,4625 - An account failed to log on.,120.133.88.0,3,3 - Network,\ADMINISTRATOR,ADMINISTRATOR,"11/15/2024, 4:37:57.998 PM"
"11/15/2024, 4:38:03.217 PM",\ADMINISTRATOR,User,MyLowCostVM,Microsoft-Windows-Security-Auditing,Security,4625,4625 - An account failed to log on.,120.133.88.0,3,3 - Network,\ADMINISTRATOR,ADMINISTRATOR,"11/15/2024, 4:38:38.005 PM"
"11/15/2024, 4:38:34.366 PM",\ADMINISTRATOR,User,MyLowCostVM,Microsoft-Windows-Security-Auditing,Security,4625,4625 - An account failed to log on.,120.133.88.0,3,3 - Network,\ADMINISTRATOR,ADMINISTRATOR,"11/15/2024, 4:38:57.996 PM"
"11/15/2024, 4:38:41.427 PM",\ADMINISTRATOR,User,MyLowCostVM,Microsoft-Windows-Security-Auditing,Security,4625,4625 - An account failed to log on.,20.235.247.188,3,3 - Network,\ADMINISTRATOR,ADMINISTRATOR,"11/15/2024, 4:39:17.994 PM"
"11/15/2024, 4:38:44.531 PM",domain\Administrator,User,MyLowCostVM,Microsoft-Windows-Security-Auditing,Security,4625,4625 - An account failed to log on.,193.122.94.68,3,3 - Network,domain\Administrator,Administrator,"11/15/2024, 4:39:17.994 PM"
"11/15/2024, 4:39:05.309 PM",\ADMINISTRATOR,User,MyLowCostVM,Microsoft-Windows-Security-Auditing,Security,4625,4625 - An account failed to log on.,120.133.88.0,3,3 - Network,\ADMINISTRATOR,ADMINISTRATOR,"11/15/2024, 4:39:38.012 PM"
"11/15/2024, 4:39:26.932 PM",domain\Administrator,User,MyLowCostVM,Microsoft-Windows-Security-Auditing,Security,4625,4625 - An account failed to log on.,193.122.94.68,3,3 - Network,domain\Administrator,Administrator,"11/15/2024, 4:39:57.994 PM"
"11/15/2024, 4:39:36.178 PM",\ADMINISTRATOR,User,MyLowCostVM,Microsoft-Windows-Security-Auditing,Security,4625,4625 - An account failed to log on.,186.75.215.94,3,3 - Network,\ADMINISTRATOR,ADMINISTRATOR,"11/15/2024, 4:39:57.994 PM"
"11/15/2024, 4:39:36.246 PM",\ADMINISTRATOR,User,MyLowCostVM,Microsoft-Windows-Security-Auditing,Security,4625,4625 - An account failed to log on.,120.133.88.0,3,3 - Network,\ADMINISTRATOR,ADMINISTRATOR,"11/15/2024, 4:39:57.994 PM"
"11/15/2024, 4:40:07.217 PM",\ADMINISTRATOR,User,MyLowCostVM,Microsoft-Windows-Security-Auditing,Security,4625,4625 - An account failed to log on.,120.133.88.0,3,3 - Network,\ADMINISTRATOR,ADMINISTRATOR,"11/15/2024, 4:40:37.989 PM"
"11/15/2024, 4:40:38.096 PM",\ADMINISTRATOR,User,MyLowCostVM,Microsoft-Windows-Security-Auditing,Security,4625,4625 - An account failed to log on.,120.133.88.0,3,3 - Network,\ADMINISTRATOR,ADMINISTRATOR,"11/15/2024, 4:40:58.001 PM"
"11/15/2024, 4:40:49.240 PM",domain\Administrator,User,MyLowCostVM,Microsoft-Windows-Security-Auditing,Security,4625,4625 - An account failed to log on.,193.122.94.68,3,3 - Network,domain\Administrator,Administrator,"11/15/2024, 4:41:18.013 PM"
"11/15/2024, 4:40:54.542 PM",mylowcostvm\mylowcostvm,User,MyLowCostVM,Microsoft-Windows-Security-Auditing,Security,4625,4625 - An account failed to log on.,92.255.57.161,3,3 - Network,mylowcostvm\mylowcostvm,mylowcostvm,"11/15/2024, 4:41:18.013 PM"
"11/15/2024, 4:40:56.896 PM",\mylowcostvm,User,MyLowCostVM,Microsoft-Windows-Security-Auditing,Security,4625,4625 - An account failed to log on.,92.255.57.161,3,3 - Network,\mylowcostvm,mylowcostvm,"11/15/2024, 4:41:18.013 PM"
"11/15/2024, 4:40:59.239 PM",mylowcostvm\mylowcostvm,User,MyLowCostVM,Microsoft-Windows-Security-Auditing,Security,4625,4625 - An account failed to log on.,92.255.57.161,3,3 - Network,mylowcostvm\mylowcostvm,mylowcostvm,"11/15/2024, 4:41:18.013 PM"
"11/15/2024, 4:41:01.578 PM",\mylowcostvm,User,MyLowCostVM,Microsoft-Windows-Security-Auditing,Security,4625,4625 - An account failed to log on.,92.255.57.161,3,3 - Network,\mylowcostvm,mylowcostvm,"11/15/2024, 4:41:37.990 PM"
"11/15/2024, 4:41:03.903 PM",mylowcostvm\mylowcostvm,User,MyLowCostVM,Microsoft-Windows-Security-Auditing,Security,4625,4625 - An account failed to log on.,92.255.57.161,3,3 - Network,mylowcostvm\mylowcostvm,mylowcostvm,"11/15/2024, 4:41:37.990 PM"
"11/15/2024, 4:41:06.236 PM",\mylowcostvm,User,MyLowCostVM,Microsoft-Windows-Security-Auditing,Security,4625,4625 - An account failed to log on.,92.255.57.161,3,3 - Network,\mylowcostvm,mylowcostvm,"11/15/2024, 4:41:37.990 PM"
"11/15/2024, 4:41:08.567 PM",mylowcostvm\mylowcostvm,User,MyLowCostVM,Microsoft-Windows-Security-Auditing,Security,4625,4625 - An account failed to log on.,92.255.57.161,3,3 - Network,mylowcostvm\mylowcostvm,mylowcostvm,"11/15/2024, 4:41:37.990 PM"
"11/15/2024, 4:41:08.938 PM",\ADMINISTRATOR,User,MyLowCostVM,Microsoft-Windows-Security-Auditing,Security,4625,4625 - An account failed to log on.,120.133.88.0,3,3 - Network,\ADMINISTRATOR,ADMINISTRATOR,"11/15/2024, 4:41:37.990 PM"
"11/15/2024, 4:41:10.927 PM",\mylowcostvm,User,MyLowCostVM,Microsoft-Windows-Security-Auditing,Security,4625,4625 - An account failed to log on.,92.255.57.161,3,3 - Network,\mylowcostvm,mylowcostvm,"11/15/2024, 4:41:37.990 PM"
"11/15/2024, 4:41:13.259 PM",mylowcostvm\mylowcostvm,User,MyLowCostVM,Microsoft-Windows-Security-Auditing,Security,4625,4625 - An account failed to log on.,92.255.57.161,3,3 - Network,mylowcostvm\mylowcostvm,mylowcostvm,"11/15/2024, 4:41:37.990 PM"
"11/15/2024, 4:41:15.620 PM",\mylowcostvm,User,MyLowCostVM,Microsoft-Windows-Security-Auditing,Security,4625,4625 - An account failed to log on.,92.255.57.161,3,3 - Network,\mylowcostvm,mylowcostvm,"11/15/2024, 4:41:37.990 PM"
"11/15/2024, 4:41:17.963 PM",mylowcostvm\mylowcostvm,User,MyLowCostVM,Microsoft-Windows-Security-Auditing,Security,4625,4625 - An account failed to log on.,92.255.57.161,3,3 - Network,mylowcostvm\mylowcostvm,mylowcostvm,"11/15/2024, 4:41:37.990 PM"
"11/15/2024, 4:41:20.179 PM",\ADMINISTRATOR,User,MyLowCostVM,Microsoft-Windows-Security-Auditing,Security,4625,4625 - An account failed to log on.,20.235.247.188,3,3 - Network,\ADMINISTRATOR,ADMINISTRATOR,"11/15/2024, 4:41:58.017 PM"
"11/15/2024, 4:41:20.315 PM",\mylowcostvm,User,MyLowCostVM,Microsoft-Windows-Security-Auditing,Security,4625,4625 - An account failed to log on.,92.255.57.161,3,3 - Network,\mylowcostvm,mylowcostvm,"11/15/2024, 4:41:58.017 PM"
"11/15/2024, 4:41:22.662 PM",mylowcostvm\mylowcostvm,User,MyLowCostVM,Microsoft-Windows-Security-Auditing,Security,4625,4625 - An account failed to log on.,92.255.57.161,3,3 - Network,mylowcostvm\mylowcostvm,mylowcostvm,"11/15/2024, 4:41:58.017 PM"
"11/15/2024, 4:41:25.018 PM",\mylowcostvm,User,MyLowCostVM,Microsoft-Windows-Security-Auditing,Security,4625,4625 - An account failed to log on.,92.255.57.161,3,3 - Network,\mylowcostvm,mylowcostvm,"11/15/2024, 4:41:58.017 PM"
"11/15/2024, 4:41:27.365 PM",mylowcostvm\mylowcostvm,User,MyLowCostVM,Microsoft-Windows-Security-Auditing,Security,4625,4625 - An account failed to log on.,92.255.57.161,3,3 - Network,mylowcostvm\mylowcostvm,mylowcostvm,"11/15/2024, 4:41:58.017 PM"
"11/15/2024, 4:41:29.705 PM",\mylowcostvm,User,MyLowCostVM,Microsoft-Windows-Security-Auditing,Security,4625,4625 - An account failed to log on.,92.255.57.161,3,3 - Network,\mylowcostvm,mylowcostvm,"11/15/2024, 4:41:58.017 PM"
"11/15/2024, 4:41:32.103 PM",mylowcostvm\mylowcostvm,User,MyLowCostVM,Microsoft-Windows-Security-Auditing,Security,4625,4625 - An account failed to log on.,92.255.57.161,3,3 - Network,mylowcostvm\mylowcostvm,mylowcostvm,"11/15/2024, 4:41:58.017 PM"
"11/15/2024, 4:41:33.708 PM",domain\Administrator,User,MyLowCostVM,Microsoft-Windows-Security-Auditing,Security,4625,4625 - An account failed to log on.,193.122.94.68,3,3 - Network,domain\Administrator,Administrator,"11/15/2024, 4:41:58.017 PM"
"11/15/2024, 4:41:34.437 PM",\mylowcostvm,User,MyLowCostVM,Microsoft-Windows-Security-Auditing,Security,4625,4625 - An account failed to log on.,92.255.57.161,3,3 - Network,\mylowcostvm,mylowcostvm,"11/15/2024, 4:41:58.017 PM"
"11/15/2024, 4:41:36.792 PM",mylowcostvm\mylowcostvm,User,MyLowCostVM,Microsoft-Windows-Security-Auditing,Security,4625,4625 - An account failed to log on.,92.255.57.161,3,3 - Network,mylowcostvm\mylowcostvm,mylowcostvm,"11/15/2024, 4:41:58.017 PM"
"11/15/2024, 4:41:39.141 PM",\mylowcostvm,User,MyLowCostVM,Microsoft-Windows-Security-Auditing,Security,4625,4625 - An account failed to log on.,92.255.57.161,3,3 - Network,\mylowcostvm,mylowcostvm,"11/15/2024, 4:41:58.017 PM"
"11/15/2024, 4:41:39.767 PM",\ADMINISTRATOR,User,MyLowCostVM,Microsoft-Windows-Security-Auditing,Security,4625,4625 - An account failed to log on.,120.133.88.0,3,3 - Network,\ADMINISTRATOR,ADMINISTRATOR,"11/15/2024, 4:41:58.017 PM"
"11/15/2024, 4:41:41.499 PM",mylowcostvm\mylowcostvm,User,MyLowCostVM,Microsoft-Windows-Security-Auditing,Security,4625,4625 - An account failed to log on.,92.255.57.161,3,3 - Network,mylowcostvm\mylowcostvm,mylowcostvm,"11/15/2024, 4:42:17.985 PM"
"11/15/2024, 4:41:43.845 PM",\mylowcostvm,User,MyLowCostVM,Microsoft-Windows-Security-Auditing,Security,4625,4625 - An account failed to log on.,92.255.57.161,3,3 - Network,\mylowcostvm,mylowcostvm,"11/15/2024, 4:42:17.985 PM"
"11/15/2024, 4:42:10.376 PM",\ADMINISTRATOR,User,MyLowCostVM,Microsoft-Windows-Security-Auditing,Security,4625,4625 - An account failed to log on.,120.133.88.0,3,3 - Network,\ADMINISTRATOR,ADMINISTRATOR,"11/15/2024, 4:42:37.990 PM"
"11/15/2024, 4:42:38.203 PM",\ADMINISTRATOR,User,MyLowCostVM,Microsoft-Windows-Security-Auditing,Security,4625,4625 - An account failed to log on.,186.75.215.94,3,3 - Network,\ADMINISTRATOR,ADMINISTRATOR,"11/15/2024, 4:42:57.982 PM"
"11/15/2024, 4:42:41.038 PM",\ADMINISTRATOR,User,MyLowCostVM,Microsoft-Windows-Security-Auditing,Security,4625,4625 - An account failed to log on.,120.133.88.0,3,3 - Network,\ADMINISTRATOR,ADMINISTRATOR,"11/15/2024, 4:43:18.008 PM"
"11/15/2024, 4:42:56.426 PM",domain\Administrator,User,MyLowCostVM,Microsoft-Windows-Security-Auditing,Security,4625,4625 - An account failed to log on.,193.122.94.68,3,3 - Network,domain\Administrator,Administrator,"11/15/2024, 4:43:18.008 PM"
"11/15/2024, 4:43:11.608 PM",\ADMINISTRATOR,User,MyLowCostVM,Microsoft-Windows-Security-Auditing,Security,4625,4625 - An account failed to log on.,120.133.88.0,3,3 - Network,\ADMINISTRATOR,ADMINISTRATOR,"11/15/2024, 4:43:37.996 PM"
"11/15/2024, 4:43:40.751 PM",domain\Administrator,User,MyLowCostVM,Microsoft-Windows-Security-Auditing,Security,4625,4625 - An account failed to log on.,193.122.94.68,3,3 - Network,domain\Administrator,Administrator,"11/15/2024, 4:44:17.998 PM"
"11/15/2024, 4:43:42.181 PM",\ADMINISTRATOR,User,MyLowCostVM,Microsoft-Windows-Security-Auditing,Security,4625,4625 - An account failed to log on.,120.133.88.0,3,3 - Network,\ADMINISTRATOR,ADMINISTRATOR,"11/15/2024, 4:44:17.998 PM"
"11/15/2024, 4:43:58.575 PM",\ADMINISTRATOR,User,MyLowCostVM,Microsoft-Windows-Security-Auditing,Security,4625,4625 - An account failed to log on.,20.235.247.188,3,3 - Network,\ADMINISTRATOR,ADMINISTRATOR,"11/15/2024, 4:44:17.998 PM"
"11/15/2024, 4:44:12.662 PM",\ADMINISTRATOR,User,MyLowCostVM,Microsoft-Windows-Security-Auditing,Security,4625,4625 - An account failed to log on.,120.133.88.0,3,3 - Network,\ADMINISTRATOR,ADMINISTRATOR,"11/15/2024, 4:44:37.992 PM"
"11/15/2024, 4:44:43.133 PM",\ADMINISTRATOR,User,MyLowCostVM,Microsoft-Windows-Security-Auditing,Security,4625,4625 - An account failed to log on.,120.133.88.0,3,3 - Network,\ADMINISTRATOR,ADMINISTRATOR,"11/15/2024, 4:45:17.985 PM"
"11/15/2024, 4:45:02.567 PM",domain\Administrator,User,MyLowCostVM,Microsoft-Windows-Security-Auditing,Security,4625,4625 - An account failed to log on.,193.122.94.68,3,3 - Network,domain\Administrator,Administrator,"11/15/2024, 4:45:37.990 PM"
"11/15/2024, 4:45:13.530 PM",\ADMINISTRATOR,User,MyLowCostVM,Microsoft-Windows-Security-Auditing,Security,4625,4625 - An account failed to log on.,120.133.88.0,3,3 - Network,\ADMINISTRATOR,ADMINISTRATOR,"11/15/2024, 4:45:37.990 PM"
"11/15/2024, 4:45:42.010 PM",\ADMINISTRATOR,User,MyLowCostVM,Microsoft-Windows-Security-Auditing,Security,4625,4625 - An account failed to log on.,186.75.215.94,3,3 - Network,\ADMINISTRATOR,ADMINISTRATOR,"11/15/2024, 4:46:17.996 PM"
"11/15/2024, 4:45:43.819 PM",domain\Administrator,User,MyLowCostVM,Microsoft-Windows-Security-Auditing,Security,4625,4625 - An account failed to log on.,193.122.94.68,3,3 - Network,domain\Administrator,Administrator,"11/15/2024, 4:46:17.996 PM"
"11/15/2024, 4:45:44.001 PM",\ADMINISTRATOR,User,MyLowCostVM,Microsoft-Windows-Security-Auditing,Security,4625,4625 - An account failed to log on.,120.133.88.0,3,3 - Network,\ADMINISTRATOR,ADMINISTRATOR,"11/15/2024, 4:46:17.996 PM"
"11/15/2024, 4:46:14.378 PM",\ADMINISTRATOR,User,MyLowCostVM,Microsoft-Windows-Security-Auditing,Security,4625,4625 - An account failed to log on.,120.133.88.0,3,3 - Network,\ADMINISTRATOR,ADMINISTRATOR,"11/15/2024, 4:46:37.995 PM"
"11/15/2024, 4:46:38.809 PM",\ADMINISTRATOR,User,MyLowCostVM,Microsoft-Windows-Security-Auditing,Security,4625,4625 - An account failed to log on.,20.235.247.188,3,3 - Network,\ADMINISTRATOR,ADMINISTRATOR,"11/15/2024, 4:46:58.188 PM"
"11/15/2024, 4:46:44.683 PM",\ADMINISTRATOR,User,MyLowCostVM,Microsoft-Windows-Security-Auditing,Security,4625,4625 - An account failed to log on.,120.133.88.0,3,3 - Network,\ADMINISTRATOR,ADMINISTRATOR,"11/15/2024, 4:47:18.011 PM"
"11/15/2024, 4:47:08.508 PM",domain\Administrator,User,MyLowCostVM,Microsoft-Windows-Security-Auditing,Security,4625,4625 - An account failed to log on.,193.122.94.68,3,3 - Network,domain\Administrator,Administrator,"11/15/2024, 4:47:37.985 PM"
"11/15/2024, 4:47:14.965 PM",\ADMINISTRATOR,User,MyLowCostVM,Microsoft-Windows-Security-Auditing,Security,4625,4625 - An account failed to log on.,120.133.88.0,3,3 - Network,\ADMINISTRATOR,ADMINISTRATOR,"11/15/2024, 4:47:37.985 PM"
"11/15/2024, 4:47:45.330 PM",\ADMINISTRATOR,User,MyLowCostVM,Microsoft-Windows-Security-Auditing,Security,4625,4625 - An account failed to log on.,120.133.88.0,3,3 - Network,\ADMINISTRATOR,ADMINISTRATOR,"11/15/2024, 4:48:18.014 PM"
"11/15/2024, 4:47:50.221 PM",domain\Administrator,User,MyLowCostVM,Microsoft-Windows-Security-Auditing,Security,4625,4625 - An account failed to log on.,193.122.94.68,3,3 - Network,domain\Administrator,Administrator,"11/15/2024, 4:48:18.014 PM"
"11/15/2024, 4:48:15.586 PM",\ADMINISTRATOR,User,MyLowCostVM,Microsoft-Windows-Security-Auditing,Security,4625,4625 - An account failed to log on.,120.133.88.0,3,3 - Network,\ADMINISTRATOR,ADMINISTRATOR,"11/15/2024, 4:48:37.994 PM"
"11/15/2024, 4:48:45.881 PM",\ADMINISTRATOR,User,MyLowCostVM,Microsoft-Windows-Security-Auditing,Security,4625,4625 - An account failed to log on.,120.133.88.0,3,3 - Network,\ADMINISTRATOR,ADMINISTRATOR,"11/15/2024, 4:49:17.989 PM"
"11/15/2024, 4:48:46.225 PM",\ADMINISTRATOR,User,MyLowCostVM,Microsoft-Windows-Security-Auditing,Security,4625,4625 - An account failed to log on.,186.75.215.94,3,3 - Network,\ADMINISTRATOR,ADMINISTRATOR,"11/15/2024, 4:49:17.989 PM"
"11/15/2024, 4:49:11.604 PM",domain\Administrator,User,MyLowCostVM,Microsoft-Windows-Security-Auditing,Security,4625,4625 - An account failed to log on.,193.122.94.68,3,3 - Network,domain\Administrator,Administrator,"11/15/2024, 4:49:37.991 PM"
"11/15/2024, 4:49:16.058 PM",\ADMINISTRATOR,User,MyLowCostVM,Microsoft-Windows-Security-Auditing,Security,4625,4625 - An account failed to log on.,120.133.88.0,3,3 - Network,\ADMINISTRATOR,ADMINISTRATOR,"11/15/2024, 4:49:37.991 PM"
"11/15/2024, 4:49:16.409 PM",\ADMINISTRATOR,User,MyLowCostVM,Microsoft-Windows-Security-Auditing,Security,4625,4625 - An account failed to log on.,20.235.247.188,3,3 - Network,\ADMINISTRATOR,ADMINISTRATOR,"11/15/2024, 4:49:37.991 PM"
"11/15/2024, 4:49:46.327 PM",\ADMINISTRATOR,User,MyLowCostVM,Microsoft-Windows-Security-Auditing,Security,4625,4625 - An account failed to log on.,120.133.88.0,3,3 - Network,\ADMINISTRATOR,ADMINISTRATOR,"11/15/2024, 4:50:18.005 PM"
"11/15/2024, 4:49:57.438 PM",domain\Administrator,User,MyLowCostVM,Microsoft-Windows-Security-Auditing,Security,4625,4625 - An account failed to log on.,193.122.94.68,3,3 - Network,domain\Administrator,Administrator,"11/15/2024, 4:50:18.005 PM"
"11/15/2024, 4:50:16.516 PM",\ADMINISTRATOR,User,MyLowCostVM,Microsoft-Windows-Security-Auditing,Security,4625,4625 - An account failed to log on.,120.133.88.0,3,3 - Network,\ADMINISTRATOR,ADMINISTRATOR,"11/15/2024, 4:50:37.998 PM"
"11/15/2024, 4:50:46.720 PM",\ADMINISTRATOR,User,MyLowCostVM,Microsoft-Windows-Security-Auditing,Security,4625,4625 - An account failed to log on.,120.133.88.0,3,3 - Network,\ADMINISTRATOR,ADMINISTRATOR,"11/15/2024, 4:51:17.995 PM"
"11/15/2024, 4:51:16.883 PM",\ADMINISTRATOR,User,MyLowCostVM,Microsoft-Windows-Security-Auditing,Security,4625,4625 - An account failed to log on.,120.133.88.0,3,3 - Network,\ADMINISTRATOR,ADMINISTRATOR,"11/15/2024, 4:51:38.012 PM"
"11/15/2024, 4:51:19.831 PM",domain\Administrator,User,MyLowCostVM,Microsoft-Windows-Security-Auditing,Security,4625,4625 - An account failed to log on.,193.122.94.68,3,3 - Network,domain\Administrator,Administrator,"11/15/2024, 4:51:38.012 PM"
"11/15/2024, 4:51:46.132 PM",\ADMINISTRATOR,User,MyLowCostVM,Microsoft-Windows-Security-Auditing,Security,4625,4625 - An account failed to log on.,186.75.215.94,3,3 - Network,\ADMINISTRATOR,ADMINISTRATOR,"11/15/2024, 4:52:17.992 PM"
"11/15/2024, 4:51:46.950 PM",\ADMINISTRATOR,User,MyLowCostVM,Microsoft-Windows-Security-Auditing,Security,4625,4625 - An account failed to log on.,120.133.88.0,3,3 - Network,\ADMINISTRATOR,ADMINISTRATOR,"11/15/2024, 4:52:17.992 PM"
"11/15/2024, 4:51:55.061 PM",\ADMINISTRATOR,User,MyLowCostVM,Microsoft-Windows-Security-Auditing,Security,4625,4625 - An account failed to log on.,20.235.247.188,3,3 - Network,\ADMINISTRATOR,ADMINISTRATOR,"11/15/2024, 4:52:17.992 PM"
"11/15/2024, 4:52:02.484 PM",domain\Administrator,User,MyLowCostVM,Microsoft-Windows-Security-Auditing,Security,4625,4625 - An account failed to log on.,193.122.94.68,3,3 - Network,domain\Administrator,Administrator,"11/15/2024, 4:52:37.992 PM"
"11/15/2024, 4:52:16.955 PM",\ADMINISTRATOR,User,MyLowCostVM,Microsoft-Windows-Security-Auditing,Security,4625,4625 - An account failed to log on.,120.133.88.0,3,3 - Network,\ADMINISTRATOR,ADMINISTRATOR,"11/15/2024, 4:52:37.992 PM"
"11/15/2024, 4:52:47.135 PM",\ADMINISTRATOR,User,MyLowCostVM,Microsoft-Windows-Security-Auditing,Security,4625,4625 - An account failed to log on.,120.133.88.0,3,3 - Network,\ADMINISTRATOR,ADMINISTRATOR,"11/15/2024, 4:53:17.984 PM"
"11/15/2024, 4:53:17.317 PM",\ADMINISTRATOR,User,MyLowCostVM,Microsoft-Windows-Security-Auditing,Security,4625,4625 - An account failed to log on.,120.133.88.0,3,3 - Network,\ADMINISTRATOR,ADMINISTRATOR,"11/15/2024, 4:53:38.005 PM"
"11/15/2024, 4:53:23.579 PM",domain\Administrator,User,MyLowCostVM,Microsoft-Windows-Security-Auditing,Security,4625,4625 - An account failed to log on.,193.122.94.68,3,3 - Network,domain\Administrator,Administrator,"11/15/2024, 4:53:57.983 PM"
"11/15/2024, 4:53:47.479 PM",\ADMINISTRATOR,User,MyLowCostVM,Microsoft-Windows-Security-Auditing,Security,4625,4625 - An account failed to log on.,120.133.88.0,3,3 - Network,\ADMINISTRATOR,ADMINISTRATOR,"11/15/2024, 4:54:17.999 PM"
"11/15/2024, 4:54:05.421 PM",domain\Administrator,User,MyLowCostVM,Microsoft-Windows-Security-Auditing,Security,4625,4625 - An account failed to log on.,193.122.94.68,3,3 - Network,domain\Administrator,Administrator,"11/15/2024, 4:54:37.989 PM"
"11/15/2024, 4:54:17.531 PM",\ADMINISTRATOR,User,MyLowCostVM,Microsoft-Windows-Security-Auditing,Security,4625,4625 - An account failed to log on.,120.133.88.0,3,3 - Network,\ADMINISTRATOR,ADMINISTRATOR,"11/15/2024, 4:54:37.989 PM"
"11/15/2024, 4:54:31.495 PM",\ADMINISTRATOR,User,MyLowCostVM,Microsoft-Windows-Security-Auditing,Security,4625,4625 - An account failed to log on.,20.235.247.188,3,3 - Network,\ADMINISTRATOR,ADMINISTRATOR,"11/15/2024, 4:54:57.998 PM"
"11/15/2024, 4:54:46.587 PM",\ADMINISTRATOR,User,MyLowCostVM,Microsoft-Windows-Security-Auditing,Security,4625,4625 - An account failed to log on.,186.75.215.94,3,3 - Network,\ADMINISTRATOR,ADMINISTRATOR,"11/15/2024, 4:55:17.992 PM"
"11/15/2024, 4:54:47.505 PM",\ADMINISTRATOR,User,MyLowCostVM,Microsoft-Windows-Security-Auditing,Security,4625,4625 - An account failed to log on.,120.133.88.0,3,3 - Network,\ADMINISTRATOR,ADMINISTRATOR,"11/15/2024, 4:55:17.992 PM"
"11/15/2024, 4:55:17.693 PM",\ADMINISTRATOR,User,MyLowCostVM,Microsoft-Windows-Security-Auditing,Security,4625,4625 - An account failed to log on.,120.133.88.0,3,3 - Network,\ADMINISTRATOR,ADMINISTRATOR,"11/15/2024, 4:55:38.009 PM"
"11/15/2024, 4:55:27.640 PM",domain\Administrator,User,MyLowCostVM,Microsoft-Windows-Security-Auditing,Security,4625,4625 - An account failed to log on.,193.122.94.68,3,3 - Network,domain\Administrator,Administrator,"11/15/2024, 4:55:57.990 PM"
"11/15/2024, 4:55:48.253 PM",\ADMINISTRATOR,User,MyLowCostVM,Microsoft-Windows-Security-Auditing,Security,4625,4625 - An account failed to log on.,120.133.88.0,3,3 - Network,\ADMINISTRATOR,ADMINISTRATOR,"11/15/2024, 4:56:18.003 PM"
"11/15/2024, 4:56:12.793 PM",domain\Administrator,User,MyLowCostVM,Microsoft-Windows-Security-Auditing,Security,4625,4625 - An account failed to log on.,193.122.94.68,3,3 - Network,domain\Administrator,Administrator,"11/15/2024, 4:56:37.999 PM"
"11/15/2024, 4:56:18.313 PM",\ADMINISTRATOR,User,MyLowCostVM,Microsoft-Windows-Security-Auditing,Security,4625,4625 - An account failed to log on.,120.133.88.0,3,3 - Network,\ADMINISTRATOR,ADMINISTRATOR,"11/15/2024, 4:56:37.999 PM"
"11/15/2024, 4:56:48.129 PM",\ADMINISTRATOR,User,MyLowCostVM,Microsoft-Windows-Security-Auditing,Security,4625,4625 - An account failed to log on.,120.133.88.0,3,3 - Network,\ADMINISTRATOR,ADMINISTRATOR,"11/15/2024, 4:57:17.997 PM"
"11/15/2024, 4:57:10.753 PM",\ADMINISTRATOR,User,MyLowCostVM,Microsoft-Windows-Security-Auditing,Security,4625,4625 - An account failed to log on.,20.235.247.188,3,3 - Network,\ADMINISTRATOR,ADMINISTRATOR,"11/15/2024, 4:57:37.984 PM"
"11/15/2024, 4:57:18.071 PM",\ADMINISTRATOR,User,MyLowCostVM,Microsoft-Windows-Security-Auditing,Security,4625,4625 - An account failed to log on.,120.133.88.0,3,3 - Network,\ADMINISTRATOR,ADMINISTRATOR,"11/15/2024, 4:57:37.984 PM"
"11/15/2024, 4:57:32.650 PM",domain\Administrator,User,MyLowCostVM,Microsoft-Windows-Security-Auditing,Security,4625,4625 - An account failed to log on.,193.122.94.68,3,3 - Network,domain\Administrator,Administrator,"11/15/2024, 4:57:58.038 PM"
"11/15/2024, 4:57:47.731 PM",\ADMINISTRATOR,User,MyLowCostVM,Microsoft-Windows-Security-Auditing,Security,4625,4625 - An account failed to log on.,186.75.215.94,3,3 - Network,\ADMINISTRATOR,ADMINISTRATOR,"11/15/2024, 4:58:18.004 PM"
"11/15/2024, 4:57:47.868 PM",\ADMINISTRATOR,User,MyLowCostVM,Microsoft-Windows-Security-Auditing,Security,4625,4625 - An account failed to log on.,120.133.88.0,3,3 - Network,\ADMINISTRATOR,ADMINISTRATOR,"11/15/2024, 4:58:18.004 PM"
"11/15/2024, 4:58:16.055 PM",domain\Administrator,User,MyLowCostVM,Microsoft-Windows-Security-Auditing,Security,4625,4625 - An account failed to log on.,193.122.94.68,3,3 - Network,domain\Administrator,Administrator,"11/15/2024, 4:58:37.985 PM"
"11/15/2024, 4:58:17.737 PM",\ADMINISTRATOR,User,MyLowCostVM,Microsoft-Windows-Security-Auditing,Security,4625,4625 - An account failed to log on.,120.133.88.0,3,3 - Network,\ADMINISTRATOR,ADMINISTRATOR,"11/15/2024, 4:58:37.985 PM"
"11/15/2024, 4:58:47.613 PM",\ADMINISTRATOR,User,MyLowCostVM,Microsoft-Windows-Security-Auditing,Security,4625,4625 - An account failed to log on.,120.133.88.0,3,3 - Network,\ADMINISTRATOR,ADMINISTRATOR,"11/15/2024, 4:59:17.987 PM"
"11/15/2024, 4:59:17.342 PM",\ADMINISTRATOR,User,MyLowCostVM,Microsoft-Windows-Security-Auditing,Security,4625,4625 - An account failed to log on.,120.133.88.0,3,3 - Network,\ADMINISTRATOR,ADMINISTRATOR,"11/15/2024, 4:59:37.999 PM"
"11/15/2024, 4:59:35.698 PM",domain\Administrator,User,MyLowCostVM,Microsoft-Windows-Security-Auditing,Security,4625,4625 - An account failed to log on.,193.122.94.68,3,3 - Network,domain\Administrator,Administrator,"11/15/2024, 4:59:57.988 PM"
"11/15/2024, 4:59:47.083 PM",\ADMINISTRATOR,User,MyLowCostVM,Microsoft-Windows-Security-Auditing,Security,4625,4625 - An account failed to log on.,120.133.88.0,3,3 - Network,\ADMINISTRATOR,ADMINISTRATOR,"11/15/2024, 5:00:17.994 PM"
"11/15/2024, 4:59:50.187 PM",\ADMINISTRATOR,User,MyLowCostVM,Microsoft-Windows-Security-Auditing,Security,4625,4625 - An account failed to log on.,20.235.247.188,3,3 - Network,\ADMINISTRATOR,ADMINISTRATOR,"11/15/2024, 5:00:17.994 PM"
"11/15/2024, 5:00:16.790 PM",\ADMINISTRATOR,User,MyLowCostVM,Microsoft-Windows-Security-Auditing,Security,4625,4625 - An account failed to log on.,120.133.88.0,3,3 - Network,\ADMINISTRATOR,ADMINISTRATOR,"11/15/2024, 5:00:38.006 PM"
"11/15/2024, 5:00:20.277 PM",domain\Administrator,User,MyLowCostVM,Microsoft-Windows-Security-Auditing,Security,4625,4625 - An account failed to log on.,193.122.94.68,3,3 - Network,domain\Administrator,Administrator,"11/15/2024, 5:00:57.988 PM"
"11/15/2024, 5:00:46.856 PM",\ADMINISTRATOR,User,MyLowCostVM,Microsoft-Windows-Security-Auditing,Security,4625,4625 - An account failed to log on.,120.133.88.0,3,3 - Network,\ADMINISTRATOR,ADMINISTRATOR,"11/15/2024, 5:01:17.994 PM"
"11/15/2024, 5:00:53.769 PM",\ADMINISTRATOR,User,MyLowCostVM,Microsoft-Windows-Security-Auditing,Security,4625,4625 - An account failed to log on.,186.75.215.94,3,3 - Network,\ADMINISTRATOR,ADMINISTRATOR,"11/15/2024, 5:01:17.994 PM"
"11/15/2024, 5:01:16.973 PM",\ADMINISTRATOR,User,MyLowCostVM,Microsoft-Windows-Security-Auditing,Security,4625,4625 - An account failed to log on.,120.133.88.0,3,3 - Network,\ADMINISTRATOR,ADMINISTRATOR,"11/15/2024, 5:01:37.988 PM"
"11/15/2024, 5:01:41.791 PM",domain\Administrator,User,MyLowCostVM,Microsoft-Windows-Security-Auditing,Security,4625,4625 - An account failed to log on.,193.122.94.68,3,3 - Network,domain\Administrator,Administrator,"11/15/2024, 5:02:18.008 PM"
"11/15/2024, 5:01:47.131 PM",\ADMINISTRATOR,User,MyLowCostVM,Microsoft-Windows-Security-Auditing,Security,4625,4625 - An account failed to log on.,120.133.88.0,3,3 - Network,\ADMINISTRATOR,ADMINISTRATOR,"11/15/2024, 5:02:18.008 PM"
"11/15/2024, 5:02:17.137 PM",\ADMINISTRATOR,User,MyLowCostVM,Microsoft-Windows-Security-Auditing,Security,4625,4625 - An account failed to log on.,120.133.88.0,3,3 - Network,\ADMINISTRATOR,ADMINISTRATOR,"11/15/2024, 5:02:37.980 PM"
"11/15/2024, 5:02:25.516 PM",domain\Administrator,User,MyLowCostVM,Microsoft-Windows-Security-Auditing,Security,4625,4625 - An account failed to log on.,193.122.94.68,3,3 - Network,domain\Administrator,Administrator,"11/15/2024, 5:02:57.985 PM"
"11/15/2024, 5:02:31.394 PM",\ADMINISTRATOR,User,MyLowCostVM,Microsoft-Windows-Security-Auditing,Security,4625,4625 - An account failed to log on.,20.235.247.188,3,3 - Network,\ADMINISTRATOR,ADMINISTRATOR,"11/15/2024, 5:02:57.985 PM"
"11/15/2024, 5:02:47.513 PM",\ADMINISTRATOR,User,MyLowCostVM,Microsoft-Windows-Security-Auditing,Security,4625,4625 - An account failed to log on.,120.133.88.0,3,3 - Network,\ADMINISTRATOR,ADMINISTRATOR,"11/15/2024, 5:03:17.994 PM"
"11/15/2024, 5:03:17.314 PM",\ADMINISTRATOR,User,MyLowCostVM,Microsoft-Windows-Security-Auditing,Security,4625,4625 - An account failed to log on.,120.133.88.0,3,3 - Network,\ADMINISTRATOR,ADMINISTRATOR,"11/15/2024, 5:03:37.981 PM"
"11/15/2024, 5:03:45.309 PM",domain\Administrator,User,MyLowCostVM,Microsoft-Windows-Security-Auditing,Security,4625,4625 - An account failed to log on.,193.122.94.68,3,3 - Network,domain\Administrator,Administrator,"11/15/2024, 5:04:17.998 PM"
"11/15/2024, 5:03:46.848 PM",\ADMINISTRATOR,User,MyLowCostVM,Microsoft-Windows-Security-Auditing,Security,4625,4625 - An account failed to log on.,120.133.88.0,3,3 - Network,\ADMINISTRATOR,ADMINISTRATOR,"11/15/2024, 5:04:17.998 PM"
"11/15/2024, 5:03:57.705 PM",\ADMINISTRATOR,User,MyLowCostVM,Microsoft-Windows-Security-Auditing,Security,4625,4625 - An account failed to log on.,186.75.215.94,3,3 - Network,\ADMINISTRATOR,ADMINISTRATOR,"11/15/2024, 5:04:17.998 PM"
"11/15/2024, 5:03:58.979 PM",\HP,User,MyLowCostVM,Microsoft-Windows-Security-Auditing,Security,4625,4625 - An account failed to log on.,94.232.42.99,3,3 - Network,\HP,HP,"11/15/2024, 5:04:17.998 PM"
"11/15/2024, 5:03:58.997 PM",\test,User,MyLowCostVM,Microsoft-Windows-Security-Auditing,Security,4625,4625 - An account failed to log on.,94.232.42.99,3,3 - Network,\test,test,"11/15/2024, 5:04:17.998 PM"
"11/15/2024, 5:03:59.753 PM",\admin,User,MyLowCostVM,Microsoft-Windows-Security-Auditing,Security,4625,4625 - An account failed to log on.,94.232.42.99,3,3 - Network,\admin,admin,"11/15/2024, 5:04:17.998 PM"
"11/15/2024, 5:04:01.336 PM",\Dell,User,MyLowCostVM,Microsoft-Windows-Security-Auditing,Security,4625,4625 - An account failed to log on.,94.232.42.99,3,3 - Network,\Dell,Dell,"11/15/2024, 5:04:37.991 PM"
"11/15/2024, 5:04:01.339 PM",\scan,User,MyLowCostVM,Microsoft-Windows-Security-Auditing,Security,4625,4625 - An account failed to log on.,94.232.42.99,3,3 - Network,\scan,scan,"11/15/2024, 5:04:37.991 PM"
"11/15/2024, 5:04:02.082 PM",\temp,User,MyLowCostVM,Microsoft-Windows-Security-Auditing,Security,4625,4625 - An account failed to log on.,94.232.42.99,3,3 - Network,\temp,temp,"11/15/2024, 5:04:37.991 PM"
"11/15/2024, 5:04:03.444 PM",\escaner,User,MyLowCostVM,Microsoft-Windows-Security-Auditing,Security,4625,4625 - An account failed to log on.,94.232.42.99,3,3 - Network,\escaner,escaner,"11/15/2024, 5:04:37.991 PM"
"11/15/2024, 5:04:03.644 PM",\Asus,User,MyLowCostVM,Microsoft-Windows-Security-Auditing,Security,4625,4625 - An account failed to log on.,94.232.42.99,3,3 - Network,\Asus,Asus,"11/15/2024, 5:04:37.991 PM"
"11/15/2024, 5:04:03.657 PM",\office,User,MyLowCostVM,Microsoft-Windows-Security-Auditing,Security,4625,4625 - An account failed to log on.,94.232.42.99,3,3 - Network,\office,office,"11/15/2024, 5:04:37.991 PM"
"11/15/2024, 5:04:04.410 PM",\user,User,MyLowCostVM,Microsoft-Windows-Security-Auditing,Security,4625,4625 - An account failed to log on.,94.232.42.99,3,3 - Network,\user,user,"11/15/2024, 5:04:37.991 PM"
"11/15/2024, 5:04:06.004 PM",\test,User,MyLowCostVM,Microsoft-Windows-Security-Auditing,Security,4625,4625 - An account failed to log on.,94.232.42.99,3,3 - Network,\test,test,"11/15/2024, 5:04:37.991 PM"
"11/15/2024, 5:04:06.009 PM",\Asus,User,MyLowCostVM,Microsoft-Windows-Security-Auditing,Security,4625,4625 - An account failed to log on.,94.232.42.99,3,3 - Network,\Asus,Asus,"11/15/2024, 5:04:37.991 PM"
"11/15/2024, 5:04:06.285 PM",\escaner,User,MyLowCostVM,Microsoft-Windows-Security-Auditing,Security,4625,4625 - An account failed to log on.,94.232.42.99,3,3 - Network,\escaner,escaner,"11/15/2024, 5:04:37.991 PM"
"11/15/2024, 5:04:07.133 PM",\admin,User,MyLowCostVM,Microsoft-Windows-Security-Auditing,Security,4625,4625 - An account failed to log on.,94.232.42.99,3,3 - Network,\admin,admin,"11/15/2024, 5:04:37.991 PM"
"11/15/2024, 5:04:08.858 PM",\test,User,MyLowCostVM,Microsoft-Windows-Security-Auditing,Security,4625,4625 - An account failed to log on.,94.232.42.99,3,3 - Network,\test,test,"11/15/2024, 5:04:37.991 PM"
"11/15/2024, 5:04:09.450 PM",\admin,User,MyLowCostVM,Microsoft-Windows-Security-Auditing,Security,4625,4625 - An account failed to log on.,94.232.42.99,3,3 - Network,\admin,admin,"11/15/2024, 5:04:37.991 PM"
"11/15/2024, 5:04:09.833 PM",\escaner,User,MyLowCostVM,Microsoft-Windows-Security-Auditing,Security,4625,4625 - An account failed to log on.,94.232.42.99,3,3 - Network,\escaner,escaner,"11/15/2024, 5:04:37.991 PM"
"11/15/2024, 5:04:11.175 PM",\office,User,MyLowCostVM,Microsoft-Windows-Security-Auditing,Security,4625,4625 - An account failed to log on.,94.232.42.99,3,3 - Network,\office,office,"11/15/2024, 5:04:37.991 PM"
"11/15/2024, 5:04:12.160 PM",\prueba,User,MyLowCostVM,Microsoft-Windows-Security-Auditing,Security,4625,4625 - An account failed to log on.,94.232.42.99,3,3 - Network,\prueba,prueba,"11/15/2024, 5:04:37.991 PM"
"11/15/2024, 5:04:12.246 PM",\admin,User,MyLowCostVM,Microsoft-Windows-Security-Auditing,Security,4625,4625 - An account failed to log on.,94.232.42.99,3,3 - Network,\admin,admin,"11/15/2024, 5:04:37.991 PM"
"11/15/2024, 5:04:13.572 PM",\scan,User,MyLowCostVM,Microsoft-Windows-Security-Auditing,Security,4625,4625 - An account failed to log on.,94.232.42.99,3,3 - Network,\scan,scan,"11/15/2024, 5:04:37.991 PM"
"11/15/2024, 5:04:14.483 PM",\student,User,MyLowCostVM,Microsoft-Windows-Security-Auditing,Security,4625,4625 - An account failed to log on.,94.232.42.99,3,3 - Network,\student,student,"11/15/2024, 5:04:37.991 PM"
"11/15/2024, 5:04:14.563 PM",\user,User,MyLowCostVM,Microsoft-Windows-Security-Auditing,Security,4625,4625 - An account failed to log on.,94.232.42.99,3,3 - Network,\user,user,"11/15/2024, 5:04:37.991 PM"
"11/15/2024, 5:04:15.889 PM",\server,User,MyLowCostVM,Microsoft-Windows-Security-Auditing,Security,4625,4625 - An account failed to log on.,94.232.42.99,3,3 - Network,\server,server,"11/15/2024, 5:04:37.991 PM"
"11/15/2024, 5:04:16.314 PM",\ADMINISTRATOR,User,MyLowCostVM,Microsoft-Windows-Security-Auditing,Security,4625,4625 - An account failed to log on.,120.133.88.0,3,3 - Network,\ADMINISTRATOR,ADMINISTRATOR,"11/15/2024, 5:04:37.991 PM"
"11/15/2024, 5:04:16.324 PM",\Asus,User,MyLowCostVM,Microsoft-Windows-Security-Auditing,Security,4625,4625 - An account failed to log on.,94.232.42.99,3,3 - Network,\Asus,Asus,"11/15/2024, 5:04:37.991 PM"
"11/15/2024, 5:04:16.804 PM",\prueba,User,MyLowCostVM,Microsoft-Windows-Security-Auditing,Security,4625,4625 - An account failed to log on.,94.232.42.99,3,3 - Network,\prueba,prueba,"11/15/2024, 5:04:37.991 PM"
"11/15/2024, 5:04:16.925 PM",\user,User,MyLowCostVM,Microsoft-Windows-Security-Auditing,Security,4625,4625 - An account failed to log on.,94.232.42.99,3,3 - Network,\user,user,"11/15/2024, 5:04:37.991 PM"
"11/15/2024, 5:04:18.633 PM",\Dell,User,MyLowCostVM,Microsoft-Windows-Security-Auditing,Security,4625,4625 - An account failed to log on.,94.232.42.99,3,3 - Network,\Dell,Dell,"11/15/2024, 5:04:37.991 PM"
"11/15/2024, 5:04:19.245 PM",\server,User,MyLowCostVM,Microsoft-Windows-Security-Auditing,Security,4625,4625 - An account failed to log on.,94.232.42.99,3,3 - Network,\server,server,"11/15/2024, 5:04:37.991 PM"
"11/15/2024, 5:04:20.074 PM",\usuario,User,MyLowCostVM,Microsoft-Windows-Security-Auditing,Security,4625,4625 - An account failed to log on.,94.232.42.99,3,3 - Network,\usuario,usuario,"11/15/2024, 5:04:58.000 PM"
"11/15/2024, 5:04:21.624 PM",\escaner,User,MyLowCostVM,Microsoft-Windows-Security-Auditing,Security,4625,4625 - An account failed to log on.,94.232.42.99,3,3 - Network,\escaner,escaner,"11/15/2024, 5:04:58.000 PM"
"11/15/2024, 5:04:22.568 PM",\scan,User,MyLowCostVM,Microsoft-Windows-Security-Auditing,Security,4625,4625 - An account failed to log on.,94.232.42.99,3,3 - Network,\scan,scan,"11/15/2024, 5:04:58.000 PM"
"11/15/2024, 5:04:22.921 PM",\admin,User,MyLowCostVM,Microsoft-Windows-Security-Auditing,Security,4625,4625 - An account failed to log on.,94.232.42.99,3,3 - Network,\admin,admin,"11/15/2024, 5:04:58.000 PM"
"11/15/2024, 5:04:23.948 PM",\pos,User,MyLowCostVM,Microsoft-Windows-Security-Auditing,Security,4625,4625 - An account failed to log on.,94.232.42.99,3,3 - Network,\pos,pos,"11/15/2024, 5:04:58.000 PM"
"11/15/2024, 5:04:23.950 PM",\scanner,User,MyLowCostVM,Microsoft-Windows-Security-Auditing,Security,4625,4625 - An account failed to log on.,94.232.42.99,3,3 - Network,\scanner,scanner,"11/15/2024, 5:04:58.000 PM"
"11/15/2024, 5:04:26.057 PM",\temp,User,MyLowCostVM,Microsoft-Windows-Security-Auditing,Security,4625,4625 - An account failed to log on.,94.232.42.99,3,3 - Network,\temp,temp,"11/15/2024, 5:04:58.000 PM"
"11/15/2024, 5:04:26.665 PM",\student,User,MyLowCostVM,Microsoft-Windows-Security-Auditing,Security,4625,4625 - An account failed to log on.,94.232.42.99,3,3 - Network,\student,student,"11/15/2024, 5:04:58.000 PM"
"11/15/2024, 5:04:27.838 PM",\pos,User,MyLowCostVM,Microsoft-Windows-Security-Auditing,Security,4625,4625 - An account failed to log on.,94.232.42.99,3,3 - Network,\pos,pos,"11/15/2024, 5:04:58.000 PM"
"11/15/2024, 5:04:27.868 PM",\office,User,MyLowCostVM,Microsoft-Windows-Security-Auditing,Security,4625,4625 - An account failed to log on.,94.232.42.99,3,3 - Network,\office,office,"11/15/2024, 5:04:58.000 PM"
"11/15/2024, 5:04:28.026 PM",domain\Administrator,User,MyLowCostVM,Microsoft-Windows-Security-Auditing,Security,4625,4625 - An account failed to log on.,193.122.94.68,3,3 - Network,domain\Administrator,Administrator,"11/15/2024, 5:04:58.000 PM"
"11/15/2024, 5:04:28.379 PM",\usuario,User,MyLowCostVM,Microsoft-Windows-Security-Auditing,Security,4625,4625 - An account failed to log on.,94.232.42.99,3,3 - Network,\usuario,usuario,"11/15/2024, 5:04:58.000 PM"
"11/15/2024, 5:04:28.981 PM",\escaner,User,MyLowCostVM,Microsoft-Windows-Security-Auditing,Security,4625,4625 - An account failed to log on.,94.232.42.99,3,3 - Network,\escaner,escaner,"11/15/2024, 5:04:58.000 PM"
"11/15/2024, 5:04:30.696 PM",\HP,User,MyLowCostVM,Microsoft-Windows-Security-Auditing,Security,4625,4625 - An account failed to log on.,94.232.42.99,3,3 - Network,\HP,HP,"11/15/2024, 5:04:58.000 PM"
"11/15/2024, 5:04:31.297 PM",\student,User,MyLowCostVM,Microsoft-Windows-Security-Auditing,Security,4625,4625 - An account failed to log on.,94.232.42.99,3,3 - Network,\student,student,"11/15/2024, 5:04:58.000 PM"
"11/15/2024, 5:04:31.776 PM",\usuario,User,MyLowCostVM,Microsoft-Windows-Security-Auditing,Security,4625,4625 - An account failed to log on.,94.232.42.99,3,3 - Network,\usuario,usuario,"11/15/2024, 5:04:58.000 PM"
"11/15/2024, 5:04:33.004 PM",\Dell,User,MyLowCostVM,Microsoft-Windows-Security-Auditing,Security,4625,4625 - An account failed to log on.,94.232.42.99,3,3 - Network,\Dell,Dell,"11/15/2024, 5:04:58.000 PM"
"11/15/2024, 5:04:33.381 PM",\scan,User,MyLowCostVM,Microsoft-Windows-Security-Auditing,Security,4625,4625 - An account failed to log on.,94.232.42.99,3,3 - Network,\scan,scan,"11/15/2024, 5:04:58.000 PM"
"11/15/2024, 5:04:33.609 PM",\scanner,User,MyLowCostVM,Microsoft-Windows-Security-Auditing,Security,4625,4625 - An account failed to log on.,94.232.42.99,3,3 - Network,\scanner,scanner,"11/15/2024, 5:04:58.000 PM"
"11/15/2024, 5:04:34.508 PM",\user,User,MyLowCostVM,Microsoft-Windows-Security-Auditing,Security,4625,4625 - An account failed to log on.,94.232.42.99,3,3 - Network,\user,user,"11/15/2024, 5:04:58.000 PM"
"11/15/2024, 5:04:35.941 PM",\student,User,MyLowCostVM,Microsoft-Windows-Security-Auditing,Security,4625,4625 - An account failed to log on.,94.232.42.99,3,3 - Network,\student,student,"11/15/2024, 5:04:58.000 PM"
"11/15/2024, 5:04:36.057 PM",\test,User,MyLowCostVM,Microsoft-Windows-Security-Auditing,Security,4625,4625 - An account failed to log on.,94.232.42.99,3,3 - Network,\test,test,"11/15/2024, 5:04:58.000 PM"
"11/15/2024, 5:04:36.834 PM",\usuario,User,MyLowCostVM,Microsoft-Windows-Security-Auditing,Security,4625,4625 - An account failed to log on.,94.232.42.99,3,3 - Network,\usuario,usuario,"11/15/2024, 5:04:58.000 PM"
"11/15/2024, 5:04:38.267 PM",\prueba,User,MyLowCostVM,Microsoft-Windows-Security-Auditing,Security,4625,4625 - An account failed to log on.,94.232.42.99,3,3 - Network,\prueba,prueba,"11/15/2024, 5:04:58.000 PM"
"11/15/2024, 5:04:38.305 PM",\Dell,User,MyLowCostVM,Microsoft-Windows-Security-Auditing,Security,4625,4625 - An account failed to log on.,94.232.42.99,3,3 - Network,\Dell,Dell,"11/15/2024, 5:04:58.000 PM"
"11/15/2024, 5:04:38.807 PM",\office,User,MyLowCostVM,Microsoft-Windows-Security-Auditing,Security,4625,4625 - An account failed to log on.,94.232.42.99,3,3 - Network,\office,office,"11/15/2024, 5:04:58.000 PM"
"11/15/2024, 5:04:39.712 PM",\usuario,User,MyLowCostVM,Microsoft-Windows-Security-Auditing,Security,4625,4625 - An account failed to log on.,94.232.42.99,3,3 - Network,\usuario,usuario,"11/15/2024, 5:04:58.000 PM"
"11/15/2024, 5:04:40.995 PM",\Dell,User,MyLowCostVM,Microsoft-Windows-Security-Auditing,Security,4625,4625 - An account failed to log on.,94.232.42.99,3,3 - Network,\Dell,Dell,"11/15/2024, 5:05:17.998 PM"
"11/15/2024, 5:04:41.670 PM",\office,User,MyLowCostVM,Microsoft-Windows-Security-Auditing,Security,4625,4625 - An account failed to log on.,94.232.42.99,3,3 - Network,\office,office,"11/15/2024, 5:05:17.998 PM"
"11/15/2024, 5:04:42.021 PM",\admin,User,MyLowCostVM,Microsoft-Windows-Security-Auditing,Security,4625,4625 - An account failed to log on.,94.232.42.99,3,3 - Network,\admin,admin,"11/15/2024, 5:05:17.998 PM"
"11/15/2024, 5:04:43.312 PM",\Dell,User,MyLowCostVM,Microsoft-Windows-Security-Auditing,Security,4625,4625 - An account failed to log on.,94.232.42.99,3,3 - Network,\Dell,Dell,"11/15/2024, 5:05:17.998 PM"
"11/15/2024, 5:04:43.759 PM",\escaner,User,MyLowCostVM,Microsoft-Windows-Security-Auditing,Security,4625,4625 - An account failed to log on.,94.232.42.99,3,3 - Network,\escaner,escaner,"11/15/2024, 5:05:17.998 PM"
"11/15/2024, 5:04:43.990 PM",\scan,User,MyLowCostVM,Microsoft-Windows-Security-Auditing,Security,4625,4625 - An account failed to log on.,94.232.42.99,3,3 - Network,\scan,scan,"11/15/2024, 5:05:17.998 PM"
"11/15/2024, 5:04:44.336 PM",\temp,User,MyLowCostVM,Microsoft-Windows-Security-Auditing,Security,4625,4625 - An account failed to log on.,94.232.42.99,3,3 - Network,\temp,temp,"11/15/2024, 5:05:17.998 PM"
