"11/15/2024, 8:30:25.538 AM",\ADMINISTRATOR,User,MyLowCostVM,Microsoft-Windows-Security-Auditing,Security,4625,4625 - An account failed to log on.,186.75.215.94,3,3 - Network,\ADMINISTRATOR,ADMINISTRATOR,"11/15/2024, 8:30:58.048 AM"
"11/15/2024, 8:33:27.394 AM",\ADMINISTRATOR,User,MyLowCostVM,Microsoft-Windows-Security-Auditing,Security,4625,4625 - An account failed to log on.,186.75.215.94,3,3 - Network,\ADMINISTRATOR,ADMINISTRATOR,"11/15/2024, 8:33:58.046 AM"
"11/15/2024, 8:36:28.860 AM",\ADMINISTRATOR,User,MyLowCostVM,Microsoft-Windows-Security-Auditing,Security,4625,4625 - An account failed to log on.,186.75.215.94,3,3 - Network,\ADMINISTRATOR,ADMINISTRATOR,"11/15/2024, 8:36:58.041 AM"
"11/15/2024, 8:42:29.150 AM",\ADMINISTRATOR,User,MyLowCostVM,Microsoft-Windows-Security-Auditing,Security,4625,4625 - An account failed to log on.,186.75.215.94,3,3 - Network,\ADMINISTRATOR,ADMINISTRATOR,"11/15/2024, 8:42:58.047 AM"
"11/15/2024, 8:45:29.316 AM",\ADMINISTRATOR,User,MyLowCostVM,Microsoft-Windows-Security-Auditing,Security,4625,4625 - An account failed to log on.,186.75.215.94,3,3 - Network,\ADMINISTRATOR,ADMINISTRATOR,"11/15/2024, 8:45:58.047 AM"
"11/15/2024, 8:48:31.282 AM",\ADMINISTRATOR,User,MyLowCostVM,Microsoft-Windows-Security-Auditing,Security,4625,4625 - An account failed to log on.,186.75.215.94,3,3 - Network,\ADMINISTRATOR,ADMINISTRATOR,"11/15/2024, 8:48:58.125 AM"
"11/15/2024, 8:54:40.821 AM",\ADMINISTRATOR,User,MyLowCostVM,Microsoft-Windows-Security-Auditing,Security,4625,4625 - An account failed to log on.,186.75.215.94,3,3 - Network,\ADMINISTRATOR,ADMINISTRATOR,"11/15/2024, 8:55:18.042 AM"
"11/15/2024, 8:57:42.986 AM",\ADMINISTRATOR,User,MyLowCostVM,Microsoft-Windows-Security-Auditing,Security,4625,4625 - An account failed to log on.,186.75.215.94,3,3 - Network,\ADMINISTRATOR,ADMINISTRATOR,"11/15/2024, 8:58:18.048 AM"
"11/15/2024, 9:00:47.108 AM",\ADMINISTRATOR,User,MyLowCostVM,Microsoft-Windows-Security-Auditing,Security,4625,4625 - An account failed to log on.,186.75.215.94,3,3 - Network,\ADMINISTRATOR,ADMINISTRATOR,"11/15/2024, 9:01:18.051 AM"
"11/15/2024, 9:03:50.876 AM",\ADMINISTRATOR,User,MyLowCostVM,Microsoft-Windows-Security-Auditing,Security,4625,4625 - An account failed to log on.,186.75.215.94,3,3 - Network,\ADMINISTRATOR,ADMINISTRATOR,"11/15/2024, 9:04:18.044 AM"
"11/15/2024, 9:06:56.711 AM",\ADMINISTRATOR,User,MyLowCostVM,Microsoft-Windows-Security-Auditing,Security,4625,4625 - An account failed to log on.,186.75.215.94,3,3 - Network,\ADMINISTRATOR,ADMINISTRATOR,"11/15/2024, 9:07:18.039 AM"
"11/15/2024, 9:09:58.719 AM",\ADMINISTRATOR,User,MyLowCostVM,Microsoft-Windows-Security-Auditing,Security,4625,4625 - An account failed to log on.,186.75.215.94,3,3 - Network,\ADMINISTRATOR,ADMINISTRATOR,"11/15/2024, 9:10:18.047 AM"
"11/15/2024, 9:11:47.585 AM",WORKGROUP\MyLowCostVM$,Machine,MyLowCostVM,Microsoft-Windows-Security-Auditing,Security,4799,4799 - A security-enabled local group membership was enumerated,,,,Builtin\Remote Desktop Users,Remote Desktop Users,"11/15/2024, 9:12:18.041 AM"
"11/15/2024, 9:11:49.925 AM",WORKGROUP\MyLowCostVM$,Machine,MyLowCostVM,Microsoft-Windows-Security-Auditing,Security,4799,4799 - A security-enabled local group membership was enumerated,,,,Builtin\Administrators,Administrators,"11/15/2024, 9:12:18.041 AM"
"11/15/2024, 9:11:49.927 AM",WORKGROUP\MyLowCostVM$,Machine,MyLowCostVM,Microsoft-Windows-Security-Auditing,Security,4798,4798 - A user's local group membership was enumerated.,,,,MyLowCostVM\crankthat,crankthat,"11/15/2024, 9:12:18.041 AM"
"11/15/2024, 9:11:49.935 AM",WORKGROUP\MyLowCostVM$,Machine,MyLowCostVM,Microsoft-Windows-Security-Auditing,Security,4798,4798 - A user's local group membership was enumerated.,,,,MyLowCostVM\crankthat,crankthat,"11/15/2024, 9:12:18.041 AM"
"11/15/2024, 9:11:49.935 AM",WORKGROUP\MyLowCostVM$,Machine,MyLowCostVM,Microsoft-Windows-Security-Auditing,Security,4798,4798 - A user's local group membership was enumerated.,,,,MyLowCostVM\DefaultAccount,DefaultAccount,"11/15/2024, 9:12:18.041 AM"
"11/15/2024, 9:11:49.935 AM",WORKGROUP\MyLowCostVM$,Machine,MyLowCostVM,Microsoft-Windows-Security-Auditing,Security,4798,4798 - A user's local group membership was enumerated.,,,,MyLowCostVM\Guest,Guest,"11/15/2024, 9:12:18.041 AM"
"11/15/2024, 9:11:49.935 AM",WORKGROUP\MyLowCostVM$,Machine,MyLowCostVM,Microsoft-Windows-Security-Auditing,Security,4798,4798 - A user's local group membership was enumerated.,,,,MyLowCostVM\WDAGUtilityAccount,WDAGUtilityAccount,"11/15/2024, 9:12:18.041 AM"
"11/15/2024, 9:11:52.275 AM",WORKGROUP\MyLowCostVM$,Machine,MyLowCostVM,Microsoft-Windows-Security-Auditing,Security,4798,4798 - A user's local group membership was enumerated.,,,,MyLowCostVM\crankthat,crankthat,"11/15/2024, 9:12:18.041 AM"
"11/15/2024, 9:11:52.279 AM",WORKGROUP\MyLowCostVM$,Machine,MyLowCostVM,Microsoft-Windows-Security-Auditing,Security,4798,4798 - A user's local group membership was enumerated.,,,,MyLowCostVM\crankthat,crankthat,"11/15/2024, 9:12:18.041 AM"
"11/15/2024, 9:12:19.875 AM",NT AUTHORITY\SYSTEM,Machine,MyLowCostVM,Microsoft-Windows-Security-Auditing,Security,4624,4624 - An account was successfully logged on.,-,5,5 - Service,NT AUTHORITY\SYSTEM,SYSTEM,"11/15/2024, 9:12:38.034 AM"
"11/15/2024, 9:12:19.875 AM",NT AUTHORITY\SYSTEM,Machine,MyLowCostVM,Microsoft-Windows-Security-Auditing,Security,4672,4672 - Special privileges assigned to new logon.,,,,,,"11/15/2024, 9:12:38.034 AM"
"11/15/2024, 9:13:04.783 AM",\ADMINISTRATOR,User,MyLowCostVM,Microsoft-Windows-Security-Auditing,Security,4625,4625 - An account failed to log on.,186.75.215.94,3,3 - Network,\ADMINISTRATOR,ADMINISTRATOR,"11/15/2024, 9:13:38.040 AM"
"11/15/2024, 9:16:09.078 AM",\ADMINISTRATOR,User,MyLowCostVM,Microsoft-Windows-Security-Auditing,Security,4625,4625 - An account failed to log on.,186.75.215.94,3,3 - Network,\ADMINISTRATOR,ADMINISTRATOR,"11/15/2024, 9:16:38.036 AM"
"11/15/2024, 9:22:19.101 AM",\ADMINISTRATOR,User,MyLowCostVM,Microsoft-Windows-Security-Auditing,Security,4625,4625 - An account failed to log on.,186.75.215.94,3,3 - Network,\ADMINISTRATOR,ADMINISTRATOR,"11/15/2024, 9:22:38.037 AM"
"11/15/2024, 9:25:24.767 AM",\ADMINISTRATOR,User,MyLowCostVM,Microsoft-Windows-Security-Auditing,Security,4625,4625 - An account failed to log on.,186.75.215.94,3,3 - Network,\ADMINISTRATOR,ADMINISTRATOR,"11/15/2024, 9:25:58.042 AM"
"11/15/2024, 9:28:31.589 AM",\ADMINISTRATOR,User,MyLowCostVM,Microsoft-Windows-Security-Auditing,Security,4625,4625 - An account failed to log on.,186.75.215.94,3,3 - Network,\ADMINISTRATOR,ADMINISTRATOR,"11/15/2024, 9:28:58.037 AM"
"11/15/2024, 9:31:30.986 AM",\ADMINISTRATOR,User,MyLowCostVM,Microsoft-Windows-Security-Auditing,Security,4625,4625 - An account failed to log on.,186.75.215.94,3,3 - Network,\ADMINISTRATOR,ADMINISTRATOR,"11/15/2024, 9:31:58.040 AM"
"11/15/2024, 9:34:26.370 AM",\ADMINISTRATOR,User,MyLowCostVM,Microsoft-Windows-Security-Auditing,Security,4625,4625 - An account failed to log on.,20.235.247.188,3,3 - Network,\ADMINISTRATOR,ADMINISTRATOR,"11/15/2024, 9:34:58.062 AM"
"11/15/2024, 9:37:36.759 AM",\ADMINISTRATOR,User,MyLowCostVM,Microsoft-Windows-Security-Auditing,Security,4625,4625 - An account failed to log on.,186.75.215.94,3,3 - Network,\ADMINISTRATOR,ADMINISTRATOR,"11/15/2024, 9:37:58.023 AM"
"11/15/2024, 9:40:41.118 AM",\ADMINISTRATOR,User,MyLowCostVM,Microsoft-Windows-Security-Auditing,Security,4625,4625 - An account failed to log on.,186.75.215.94,3,3 - Network,\ADMINISTRATOR,ADMINISTRATOR,"11/15/2024, 9:41:18.038 AM"
"11/15/2024, 9:43:46.901 AM",\ADMINISTRATOR,User,MyLowCostVM,Microsoft-Windows-Security-Auditing,Security,4625,4625 - An account failed to log on.,186.75.215.94,3,3 - Network,\ADMINISTRATOR,ADMINISTRATOR,"11/15/2024, 9:44:18.033 AM"
"11/15/2024, 9:46:50.919 AM",\ADMINISTRATOR,User,MyLowCostVM,Microsoft-Windows-Security-Auditing,Security,4625,4625 - An account failed to log on.,186.75.215.94,3,3 - Network,\ADMINISTRATOR,ADMINISTRATOR,"11/15/2024, 9:47:18.048 AM"
"11/15/2024, 9:49:54.912 AM",\ADMINISTRATOR,User,MyLowCostVM,Microsoft-Windows-Security-Auditing,Security,4625,4625 - An account failed to log on.,186.75.215.94,3,3 - Network,\ADMINISTRATOR,ADMINISTRATOR,"11/15/2024, 9:50:18.039 AM"
"11/15/2024, 9:53:03.192 AM",\ADMINISTRATOR,User,MyLowCostVM,Microsoft-Windows-Security-Auditing,Security,4625,4625 - An account failed to log on.,186.75.215.94,3,3 - Network,\ADMINISTRATOR,ADMINISTRATOR,"11/15/2024, 9:53:38.021 AM"
"11/15/2024, 9:56:09.312 AM",\ADMINISTRATOR,User,MyLowCostVM,Microsoft-Windows-Security-Auditing,Security,4625,4625 - An account failed to log on.,186.75.215.94,3,3 - Network,\ADMINISTRATOR,ADMINISTRATOR,"11/15/2024, 9:56:38.036 AM"
"11/15/2024, 9:59:10.852 AM",\ADMINISTRATOR,User,MyLowCostVM,Microsoft-Windows-Security-Auditing,Security,4625,4625 - An account failed to log on.,186.75.215.94,3,3 - Network,\ADMINISTRATOR,ADMINISTRATOR,"11/15/2024, 9:59:38.027 AM"
"11/15/2024, 10:02:17.278 AM",\ADMINISTRATOR,User,MyLowCostVM,Microsoft-Windows-Security-Auditing,Security,4625,4625 - An account failed to log on.,186.75.215.94,3,3 - Network,\ADMINISTRATOR,ADMINISTRATOR,"11/15/2024, 10:02:38.036 AM"
"11/15/2024, 10:05:25.591 AM",\ADMINISTRATOR,User,MyLowCostVM,Microsoft-Windows-Security-Auditing,Security,4625,4625 - An account failed to log on.,186.75.215.94,3,3 - Network,\ADMINISTRATOR,ADMINISTRATOR,"11/15/2024, 10:05:58.036 AM"
"11/15/2024, 10:08:31.032 AM",\ADMINISTRATOR,User,MyLowCostVM,Microsoft-Windows-Security-Auditing,Security,4625,4625 - An account failed to log on.,186.75.215.94,3,3 - Network,\ADMINISTRATOR,ADMINISTRATOR,"11/15/2024, 10:08:58.057 AM"
"11/15/2024, 10:11:36.874 AM",\ADMINISTRATOR,User,MyLowCostVM,Microsoft-Windows-Security-Auditing,Security,4625,4625 - An account failed to log on.,186.75.215.94,3,3 - Network,\ADMINISTRATOR,ADMINISTRATOR,"11/15/2024, 10:11:58.029 AM"
"11/15/2024, 10:11:58.887 AM",WORKGROUP\MyLowCostVM$,Machine,MyLowCostVM,Microsoft-Windows-Security-Auditing,Security,4799,4799 - A security-enabled local group membership was enumerated,,,,Builtin\Remote Desktop Users,Remote Desktop Users,"11/15/2024, 10:12:18.030 AM"
"11/15/2024, 10:12:01.210 AM",WORKGROUP\MyLowCostVM$,Machine,MyLowCostVM,Microsoft-Windows-Security-Auditing,Security,4799,4799 - A security-enabled local group membership was enumerated,,,,Builtin\Administrators,Administrators,"11/15/2024, 10:12:38.030 AM"
"11/15/2024, 10:12:01.212 AM",WORKGROUP\MyLowCostVM$,Machine,MyLowCostVM,Microsoft-Windows-Security-Auditing,Security,4798,4798 - A user's local group membership was enumerated.,,,,MyLowCostVM\crankthat,crankthat,"11/15/2024, 10:12:38.030 AM"
"11/15/2024, 10:12:01.220 AM",WORKGROUP\MyLowCostVM$,Machine,MyLowCostVM,Microsoft-Windows-Security-Auditing,Security,4798,4798 - A user's local group membership was enumerated.,,,,MyLowCostVM\crankthat,crankthat,"11/15/2024, 10:12:38.030 AM"
"11/15/2024, 10:12:01.221 AM",WORKGROUP\MyLowCostVM$,Machine,MyLowCostVM,Microsoft-Windows-Security-Auditing,Security,4798,4798 - A user's local group membership was enumerated.,,,,MyLowCostVM\DefaultAccount,DefaultAccount,"11/15/2024, 10:12:38.030 AM"
"11/15/2024, 10:12:01.221 AM",WORKGROUP\MyLowCostVM$,Machine,MyLowCostVM,Microsoft-Windows-Security-Auditing,Security,4798,4798 - A user's local group membership was enumerated.,,,,MyLowCostVM\Guest,Guest,"11/15/2024, 10:12:38.030 AM"
"11/15/2024, 10:12:01.221 AM",WORKGROUP\MyLowCostVM$,Machine,MyLowCostVM,Microsoft-Windows-Security-Auditing,Security,4798,4798 - A user's local group membership was enumerated.,,,,MyLowCostVM\WDAGUtilityAccount,WDAGUtilityAccount,"11/15/2024, 10:12:38.030 AM"
"11/15/2024, 10:12:03.605 AM",WORKGROUP\MyLowCostVM$,Machine,MyLowCostVM,Microsoft-Windows-Security-Auditing,Security,4798,4798 - A user's local group membership was enumerated.,,,,MyLowCostVM\crankthat,crankthat,"11/15/2024, 10:12:38.030 AM"
"11/15/2024, 10:12:03.609 AM",WORKGROUP\MyLowCostVM$,Machine,MyLowCostVM,Microsoft-Windows-Security-Auditing,Security,4798,4798 - A user's local group membership was enumerated.,,,,MyLowCostVM\crankthat,crankthat,"11/15/2024, 10:12:38.030 AM"
"11/15/2024, 10:12:19.871 AM",NT AUTHORITY\SYSTEM,Machine,MyLowCostVM,Microsoft-Windows-Security-Auditing,Security,4624,4624 - An account was successfully logged on.,-,5,5 - Service,NT AUTHORITY\SYSTEM,SYSTEM,"11/15/2024, 10:12:38.030 AM"
"11/15/2024, 10:12:19.871 AM",NT AUTHORITY\SYSTEM,Machine,MyLowCostVM,Microsoft-Windows-Security-Auditing,Security,4672,4672 - Special privileges assigned to new logon.,,,,,,"11/15/2024, 10:12:38.030 AM"
"11/15/2024, 10:13:46.196 AM",\ADMINISTRATOR,User,MyLowCostVM,Microsoft-Windows-Security-Auditing,Security,4625,4625 - An account failed to log on.,20.235.247.188,3,3 - Network,\ADMINISTRATOR,ADMINISTRATOR,"11/15/2024, 10:14:18.039 AM"
"11/15/2024, 10:14:42.734 AM",\ADMINISTRATOR,User,MyLowCostVM,Microsoft-Windows-Security-Auditing,Security,4625,4625 - An account failed to log on.,186.75.215.94,3,3 - Network,\ADMINISTRATOR,ADMINISTRATOR,"11/15/2024, 10:15:18.038 AM"
"11/15/2024, 10:17:49.407 AM",\ADMINISTRATOR,User,MyLowCostVM,Microsoft-Windows-Security-Auditing,Security,4625,4625 - An account failed to log on.,186.75.215.94,3,3 - Network,\ADMINISTRATOR,ADMINISTRATOR,"11/15/2024, 10:18:18.030 AM"
"11/15/2024, 10:20:55.715 AM",\ADMINISTRATOR,User,MyLowCostVM,Microsoft-Windows-Security-Auditing,Security,4625,4625 - An account failed to log on.,186.75.215.94,3,3 - Network,\ADMINISTRATOR,ADMINISTRATOR,"11/15/2024, 10:21:18.046 AM"
"11/15/2024, 10:24:03.201 AM",\ADMINISTRATOR,User,MyLowCostVM,Microsoft-Windows-Security-Auditing,Security,4625,4625 - An account failed to log on.,186.75.215.94,3,3 - Network,\ADMINISTRATOR,ADMINISTRATOR,"11/15/2024, 10:24:38.029 AM"
"11/15/2024, 10:27:11.562 AM",\ADMINISTRATOR,User,MyLowCostVM,Microsoft-Windows-Security-Auditing,Security,4625,4625 - An account failed to log on.,186.75.215.94,3,3 - Network,\ADMINISTRATOR,ADMINISTRATOR,"11/15/2024, 10:27:38.042 AM"
"11/15/2024, 10:30:19.681 AM",\ADMINISTRATOR,User,MyLowCostVM,Microsoft-Windows-Security-Auditing,Security,4625,4625 - An account failed to log on.,186.75.215.94,3,3 - Network,\ADMINISTRATOR,ADMINISTRATOR,"11/15/2024, 10:30:38.067 AM"
"11/15/2024, 10:33:27.108 AM",\ADMINISTRATOR,User,MyLowCostVM,Microsoft-Windows-Security-Auditing,Security,4625,4625 - An account failed to log on.,186.75.215.94,3,3 - Network,\ADMINISTRATOR,ADMINISTRATOR,"11/15/2024, 10:33:58.023 AM"
"11/15/2024, 10:36:37.292 AM",\ADMINISTRATOR,User,MyLowCostVM,Microsoft-Windows-Security-Auditing,Security,4625,4625 - An account failed to log on.,186.75.215.94,3,3 - Network,\ADMINISTRATOR,ADMINISTRATOR,"11/15/2024, 10:36:58.029 AM"
"11/15/2024, 10:39:45.340 AM",\ADMINISTRATOR,User,MyLowCostVM,Microsoft-Windows-Security-Auditing,Security,4625,4625 - An account failed to log on.,186.75.215.94,3,3 - Network,\ADMINISTRATOR,ADMINISTRATOR,"11/15/2024, 10:40:18.048 AM"
"11/15/2024, 10:42:54.770 AM",\ADMINISTRATOR,User,MyLowCostVM,Microsoft-Windows-Security-Auditing,Security,4625,4625 - An account failed to log on.,186.75.215.94,3,3 - Network,\ADMINISTRATOR,ADMINISTRATOR,"11/15/2024, 10:43:18.025 AM"
"11/15/2024, 10:43:31.186 AM",\ADMINISTRATOR,User,MyLowCostVM,Microsoft-Windows-Security-Auditing,Security,4625,4625 - An account failed to log on.,20.235.247.188,3,3 - Network,\ADMINISTRATOR,ADMINISTRATOR,"11/15/2024, 10:43:58.022 AM"
"11/15/2024, 10:46:01.558 AM",\ADMINISTRATOR,User,MyLowCostVM,Microsoft-Windows-Security-Auditing,Security,4625,4625 - An account failed to log on.,186.75.215.94,3,3 - Network,\ADMINISTRATOR,ADMINISTRATOR,"11/15/2024, 10:46:38.024 AM"
"11/15/2024, 10:46:22.354 AM",\ADMINISTRATOR,User,MyLowCostVM,Microsoft-Windows-Security-Auditing,Security,4625,4625 - An account failed to log on.,20.235.247.188,3,3 - Network,\ADMINISTRATOR,ADMINISTRATOR,"11/15/2024, 10:46:58.031 AM"
"11/15/2024, 10:49:03.590 AM",\ADMINISTRATOR,User,MyLowCostVM,Microsoft-Windows-Security-Auditing,Security,4625,4625 - An account failed to log on.,186.75.215.94,3,3 - Network,\ADMINISTRATOR,ADMINISTRATOR,"11/15/2024, 10:49:38.030 AM"
"11/15/2024, 10:49:12.321 AM",\ADMINISTRATOR,User,MyLowCostVM,Microsoft-Windows-Security-Auditing,Security,4625,4625 - An account failed to log on.,20.235.247.188,3,3 - Network,\ADMINISTRATOR,ADMINISTRATOR,"11/15/2024, 10:49:38.030 AM"
"11/15/2024, 10:52:03.944 AM",\ADMINISTRATOR,User,MyLowCostVM,Microsoft-Windows-Security-Auditing,Security,4625,4625 - An account failed to log on.,20.235.247.188,3,3 - Network,\ADMINISTRATOR,ADMINISTRATOR,"11/15/2024, 10:52:38.016 AM"
"11/15/2024, 10:52:13.646 AM",\ADMINISTRATOR,User,MyLowCostVM,Microsoft-Windows-Security-Auditing,Security,4625,4625 - An account failed to log on.,186.75.215.94,3,3 - Network,\ADMINISTRATOR,ADMINISTRATOR,"11/15/2024, 10:52:38.016 AM"
"11/15/2024, 10:54:55.964 AM",\ADMINISTRATOR,User,MyLowCostVM,Microsoft-Windows-Security-Auditing,Security,4625,4625 - An account failed to log on.,20.235.247.188,3,3 - Network,\ADMINISTRATOR,ADMINISTRATOR,"11/15/2024, 10:55:18.025 AM"
"11/15/2024, 10:55:19.148 AM",\ADMINISTRATOR,User,MyLowCostVM,Microsoft-Windows-Security-Auditing,Security,4625,4625 - An account failed to log on.,186.75.215.94,3,3 - Network,\ADMINISTRATOR,ADMINISTRATOR,"11/15/2024, 10:55:38.025 AM"
"11/15/2024, 10:57:46.273 AM",\ADMINISTRATOR,User,MyLowCostVM,Microsoft-Windows-Security-Auditing,Security,4625,4625 - An account failed to log on.,20.235.247.188,3,3 - Network,\ADMINISTRATOR,ADMINISTRATOR,"11/15/2024, 10:58:18.051 AM"
"11/15/2024, 10:58:24.916 AM",\ADMINISTRATOR,User,MyLowCostVM,Microsoft-Windows-Security-Auditing,Security,4625,4625 - An account failed to log on.,186.75.215.94,3,3 - Network,\ADMINISTRATOR,ADMINISTRATOR,"11/15/2024, 10:58:58.030 AM"
"11/15/2024, 11:00:36.075 AM",\ADMINISTRATOR,User,MyLowCostVM,Microsoft-Windows-Security-Auditing,Security,4625,4625 - An account failed to log on.,20.235.247.188,3,3 - Network,\ADMINISTRATOR,ADMINISTRATOR,"11/15/2024, 11:00:58.020 AM"
"11/15/2024, 11:01:32.801 AM",\ADMINISTRATOR,User,MyLowCostVM,Microsoft-Windows-Security-Auditing,Security,4625,4625 - An account failed to log on.,186.75.215.94,3,3 - Network,\ADMINISTRATOR,ADMINISTRATOR,"11/15/2024, 11:01:58.021 AM"
"11/15/2024, 11:03:26.275 AM",\ADMINISTRATOR,User,MyLowCostVM,Microsoft-Windows-Security-Auditing,Security,4625,4625 - An account failed to log on.,20.235.247.188,3,3 - Network,\ADMINISTRATOR,ADMINISTRATOR,"11/15/2024, 11:03:58.029 AM"
"11/15/2024, 11:04:41.471 AM",\ADMINISTRATOR,User,MyLowCostVM,Microsoft-Windows-Security-Auditing,Security,4625,4625 - An account failed to log on.,186.75.215.94,3,3 - Network,\ADMINISTRATOR,ADMINISTRATOR,"11/15/2024, 11:05:18.029 AM"
"11/15/2024, 11:06:20.576 AM",\ADMINISTRATOR,User,MyLowCostVM,Microsoft-Windows-Security-Auditing,Security,4625,4625 - An account failed to log on.,20.235.247.188,3,3 - Network,\ADMINISTRATOR,ADMINISTRATOR,"11/15/2024, 11:06:58.018 AM"
"11/15/2024, 11:07:51.479 AM",\ADMINISTRATOR,User,MyLowCostVM,Microsoft-Windows-Security-Auditing,Security,4625,4625 - An account failed to log on.,186.75.215.94,3,3 - Network,\ADMINISTRATOR,ADMINISTRATOR,"11/15/2024, 11:08:18.024 AM"
"11/15/2024, 11:09:11.488 AM",\ADMINISTRATOR,User,MyLowCostVM,Microsoft-Windows-Security-Auditing,Security,4625,4625 - An account failed to log on.,20.235.247.188,3,3 - Network,\ADMINISTRATOR,ADMINISTRATOR,"11/15/2024, 11:09:38.029 AM"
"11/15/2024, 11:11:03.388 AM",\ADMINISTRATOR,User,MyLowCostVM,Microsoft-Windows-Security-Auditing,Security,4625,4625 - An account failed to log on.,186.75.215.94,3,3 - Network,\ADMINISTRATOR,ADMINISTRATOR,"11/15/2024, 11:11:38.013 AM"
"11/15/2024, 11:12:01.563 AM",\ADMINISTRATOR,User,MyLowCostVM,Microsoft-Windows-Security-Auditing,Security,4625,4625 - An account failed to log on.,20.235.247.188,3,3 - Network,\ADMINISTRATOR,ADMINISTRATOR,"11/15/2024, 11:12:38.046 AM"
"11/15/2024, 11:12:10.276 AM",WORKGROUP\MyLowCostVM$,Machine,MyLowCostVM,Microsoft-Windows-Security-Auditing,Security,4799,4799 - A security-enabled local group membership was enumerated,,,,Builtin\Remote Desktop Users,Remote Desktop Users,"11/15/2024, 11:12:38.046 AM"
"11/15/2024, 11:12:12.620 AM",WORKGROUP\MyLowCostVM$,Machine,MyLowCostVM,Microsoft-Windows-Security-Auditing,Security,4799,4799 - A security-enabled local group membership was enumerated,,,,Builtin\Administrators,Administrators,"11/15/2024, 11:12:38.046 AM"
"11/15/2024, 11:12:12.622 AM",WORKGROUP\MyLowCostVM$,Machine,MyLowCostVM,Microsoft-Windows-Security-Auditing,Security,4798,4798 - A user's local group membership was enumerated.,,,,MyLowCostVM\crankthat,crankthat,"11/15/2024, 11:12:38.046 AM"
"11/15/2024, 11:12:12.630 AM",WORKGROUP\MyLowCostVM$,Machine,MyLowCostVM,Microsoft-Windows-Security-Auditing,Security,4798,4798 - A user's local group membership was enumerated.,,,,MyLowCostVM\crankthat,crankthat,"11/15/2024, 11:12:38.046 AM"
"11/15/2024, 11:12:12.630 AM",WORKGROUP\MyLowCostVM$,Machine,MyLowCostVM,Microsoft-Windows-Security-Auditing,Security,4798,4798 - A user's local group membership was enumerated.,,,,MyLowCostVM\DefaultAccount,DefaultAccount,"11/15/2024, 11:12:38.046 AM"
"11/15/2024, 11:12:12.631 AM",WORKGROUP\MyLowCostVM$,Machine,MyLowCostVM,Microsoft-Windows-Security-Auditing,Security,4798,4798 - A user's local group membership was enumerated.,,,,MyLowCostVM\Guest,Guest,"11/15/2024, 11:12:38.046 AM"
"11/15/2024, 11:12:12.631 AM",WORKGROUP\MyLowCostVM$,Machine,MyLowCostVM,Microsoft-Windows-Security-Auditing,Security,4798,4798 - A user's local group membership was enumerated.,,,,MyLowCostVM\WDAGUtilityAccount,WDAGUtilityAccount,"11/15/2024, 11:12:38.046 AM"
"11/15/2024, 11:12:14.917 AM",WORKGROUP\MyLowCostVM$,Machine,MyLowCostVM,Microsoft-Windows-Security-Auditing,Security,4798,4798 - A user's local group membership was enumerated.,,,,MyLowCostVM\crankthat,crankthat,"11/15/2024, 11:12:38.046 AM"
"11/15/2024, 11:12:14.921 AM",WORKGROUP\MyLowCostVM$,Machine,MyLowCostVM,Microsoft-Windows-Security-Auditing,Security,4798,4798 - A user's local group membership was enumerated.,,,,MyLowCostVM\crankthat,crankthat,"11/15/2024, 11:12:38.046 AM"
"11/15/2024, 11:12:19.871 AM",NT AUTHORITY\SYSTEM,Machine,MyLowCostVM,Microsoft-Windows-Security-Auditing,Security,4624,4624 - An account was successfully logged on.,-,5,5 - Service,NT AUTHORITY\SYSTEM,SYSTEM,"11/15/2024, 11:12:38.046 AM"
"11/15/2024, 11:12:19.871 AM",NT AUTHORITY\SYSTEM,Machine,MyLowCostVM,Microsoft-Windows-Security-Auditing,Security,4672,4672 - Special privileges assigned to new logon.,,,,,,"11/15/2024, 11:12:38.046 AM"
"11/15/2024, 11:14:13.484 AM",\ADMINISTRATOR,User,MyLowCostVM,Microsoft-Windows-Security-Auditing,Security,4625,4625 - An account failed to log on.,186.75.215.94,3,3 - Network,\ADMINISTRATOR,ADMINISTRATOR,"11/15/2024, 11:14:38.043 AM"
"11/15/2024, 11:14:59.815 AM",\ADMINISTRATOR,User,MyLowCostVM,Microsoft-Windows-Security-Auditing,Security,4625,4625 - An account failed to log on.,20.235.247.188,3,3 - Network,\ADMINISTRATOR,ADMINISTRATOR,"11/15/2024, 11:15:18.036 AM"
"11/15/2024, 11:17:23.458 AM",\ADMINISTRATOR,User,MyLowCostVM,Microsoft-Windows-Security-Auditing,Security,4625,4625 - An account failed to log on.,186.75.215.94,3,3 - Network,\ADMINISTRATOR,ADMINISTRATOR,"11/15/2024, 11:17:58.027 AM"
"11/15/2024, 11:17:52.503 AM",\ADMINISTRATOR,User,MyLowCostVM,Microsoft-Windows-Security-Auditing,Security,4625,4625 - An account failed to log on.,20.235.247.188,3,3 - Network,\ADMINISTRATOR,ADMINISTRATOR,"11/15/2024, 11:18:18.022 AM"
"11/15/2024, 11:20:33.733 AM",\ADMINISTRATOR,User,MyLowCostVM,Microsoft-Windows-Security-Auditing,Security,4625,4625 - An account failed to log on.,186.75.215.94,3,3 - Network,\ADMINISTRATOR,ADMINISTRATOR,"11/15/2024, 11:20:58.034 AM"
"11/15/2024, 11:20:39.122 AM",\ADMINISTRATOR,User,MyLowCostVM,Microsoft-Windows-Security-Auditing,Security,4625,4625 - An account failed to log on.,20.235.247.188,3,3 - Network,\ADMINISTRATOR,ADMINISTRATOR,"11/15/2024, 11:20:58.034 AM"
"11/15/2024, 11:23:23.345 AM",\ADMINISTRATOR,User,MyLowCostVM,Microsoft-Windows-Security-Auditing,Security,4625,4625 - An account failed to log on.,20.235.247.188,3,3 - Network,\ADMINISTRATOR,ADMINISTRATOR,"11/15/2024, 11:23:58.057 AM"
"11/15/2024, 11:23:44.828 AM",\ADMINISTRATOR,User,MyLowCostVM,Microsoft-Windows-Security-Auditing,Security,4625,4625 - An account failed to log on.,186.75.215.94,3,3 - Network,\ADMINISTRATOR,ADMINISTRATOR,"11/15/2024, 11:24:18.032 AM"
"11/15/2024, 11:26:19.444 AM",\ADMINISTRATOR,User,MyLowCostVM,Microsoft-Windows-Security-Auditing,Security,4625,4625 - An account failed to log on.,20.235.247.188,3,3 - Network,\ADMINISTRATOR,ADMINISTRATOR,"11/15/2024, 11:26:38.014 AM"
"11/15/2024, 11:26:57.389 AM",\ADMINISTRATOR,User,MyLowCostVM,Microsoft-Windows-Security-Auditing,Security,4625,4625 - An account failed to log on.,186.75.215.94,3,3 - Network,\ADMINISTRATOR,ADMINISTRATOR,"11/15/2024, 11:27:18.032 AM"
"11/15/2024, 11:29:08.300 AM",\ADMINISTRATOR,User,MyLowCostVM,Microsoft-Windows-Security-Auditing,Security,4625,4625 - An account failed to log on.,20.235.247.188,3,3 - Network,\ADMINISTRATOR,ADMINISTRATOR,"11/15/2024, 11:29:38.035 AM"
"11/15/2024, 11:30:07.697 AM",\ADMINISTRATOR,User,MyLowCostVM,Microsoft-Windows-Security-Auditing,Security,4625,4625 - An account failed to log on.,186.75.215.94,3,3 - Network,\ADMINISTRATOR,ADMINISTRATOR,"11/15/2024, 11:30:38.016 AM"
"11/15/2024, 11:31:58.642 AM",\ADMINISTRATOR,User,MyLowCostVM,Microsoft-Windows-Security-Auditing,Security,4625,4625 - An account failed to log on.,20.235.247.188,3,3 - Network,\ADMINISTRATOR,ADMINISTRATOR,"11/15/2024, 11:32:18.027 AM"
"11/15/2024, 11:33:15.678 AM",\ADMINISTRATOR,User,MyLowCostVM,Microsoft-Windows-Security-Auditing,Security,4625,4625 - An account failed to log on.,186.75.215.94,3,3 - Network,\ADMINISTRATOR,ADMINISTRATOR,"11/15/2024, 11:33:38.040 AM"
"11/15/2024, 11:34:46.078 AM",\ADMINISTRATOR,User,MyLowCostVM,Microsoft-Windows-Security-Auditing,Security,4625,4625 - An account failed to log on.,20.235.247.188,3,3 - Network,\ADMINISTRATOR,ADMINISTRATOR,"11/15/2024, 11:35:18.029 AM"
"11/15/2024, 11:36:25.059 AM",\ADMINISTRATOR,User,MyLowCostVM,Microsoft-Windows-Security-Auditing,Security,4625,4625 - An account failed to log on.,186.75.215.94,3,3 - Network,\ADMINISTRATOR,ADMINISTRATOR,"11/15/2024, 11:36:58.030 AM"
"11/15/2024, 11:37:38.280 AM",\ADMINISTRATOR,User,MyLowCostVM,Microsoft-Windows-Security-Auditing,Security,4625,4625 - An account failed to log on.,20.235.247.188,3,3 - Network,\ADMINISTRATOR,ADMINISTRATOR,"11/15/2024, 11:37:58.040 AM"
"11/15/2024, 11:39:37.617 AM",\ADMINISTRATOR,User,MyLowCostVM,Microsoft-Windows-Security-Auditing,Security,4625,4625 - An account failed to log on.,186.75.215.94,3,3 - Network,\ADMINISTRATOR,ADMINISTRATOR,"11/15/2024, 11:39:58.042 AM"
"11/15/2024, 11:40:30.508 AM",\ADMINISTRATOR,User,MyLowCostVM,Microsoft-Windows-Security-Auditing,Security,4625,4625 - An account failed to log on.,20.235.247.188,3,3 - Network,\ADMINISTRATOR,ADMINISTRATOR,"11/15/2024, 11:40:58.021 AM"
"11/15/2024, 11:42:47.475 AM",\ADMINISTRATOR,User,MyLowCostVM,Microsoft-Windows-Security-Auditing,Security,4625,4625 - An account failed to log on.,186.75.215.94,3,3 - Network,\ADMINISTRATOR,ADMINISTRATOR,"11/15/2024, 11:43:18.029 AM"
"11/15/2024, 11:43:29.562 AM",\ADMINISTRATOR,User,MyLowCostVM,Microsoft-Windows-Security-Auditing,Security,4625,4625 - An account failed to log on.,20.235.247.188,3,3 - Network,\ADMINISTRATOR,ADMINISTRATOR,"11/15/2024, 11:43:58.012 AM"
"11/15/2024, 11:45:57.533 AM",\ADMINISTRATOR,User,MyLowCostVM,Microsoft-Windows-Security-Auditing,Security,4625,4625 - An account failed to log on.,186.75.215.94,3,3 - Network,\ADMINISTRATOR,ADMINISTRATOR,"11/15/2024, 11:46:18.019 AM"
"11/15/2024, 11:46:27.882 AM",\ADMINISTRATOR,User,MyLowCostVM,Microsoft-Windows-Security-Auditing,Security,4625,4625 - An account failed to log on.,20.235.247.188,3,3 - Network,\ADMINISTRATOR,ADMINISTRATOR,"11/15/2024, 11:46:58.027 AM"
"11/15/2024, 11:49:10.857 AM",\ADMINISTRATOR,User,MyLowCostVM,Microsoft-Windows-Security-Auditing,Security,4625,4625 - An account failed to log on.,186.75.215.94,3,3 - Network,\ADMINISTRATOR,ADMINISTRATOR,"11/15/2024, 11:49:38.008 AM"
"11/15/2024, 11:49:19.846 AM",\ADMINISTRATOR,User,MyLowCostVM,Microsoft-Windows-Security-Auditing,Security,4625,4625 - An account failed to log on.,20.235.247.188,3,3 - Network,\ADMINISTRATOR,ADMINISTRATOR,"11/15/2024, 11:49:38.008 AM"
"11/15/2024, 11:52:05.398 AM",\ADMINISTRATOR,User,MyLowCostVM,Microsoft-Windows-Security-Auditing,Security,4625,4625 - An account failed to log on.,20.235.247.188,3,3 - Network,\ADMINISTRATOR,ADMINISTRATOR,"11/15/2024, 11:52:38.031 AM"
"11/15/2024, 11:52:23.537 AM",\ADMINISTRATOR,User,MyLowCostVM,Microsoft-Windows-Security-Auditing,Security,4625,4625 - An account failed to log on.,186.75.215.94,3,3 - Network,\ADMINISTRATOR,ADMINISTRATOR,"11/15/2024, 11:52:58.041 AM"
"11/15/2024, 11:54:54.368 AM",\ADMINISTRATOR,User,MyLowCostVM,Microsoft-Windows-Security-Auditing,Security,4625,4625 - An account failed to log on.,20.235.247.188,3,3 - Network,\ADMINISTRATOR,ADMINISTRATOR,"11/15/2024, 11:55:18.012 AM"
"11/15/2024, 11:55:31.601 AM",,,MyLowCostVM,Microsoft-Windows-Security-Auditing,Security,5058,5058 - Key file operation.,,,,,,"11/15/2024, 11:55:58.027 AM"
"11/15/2024, 11:55:31.602 AM",,,MyLowCostVM,Microsoft-Windows-Security-Auditing,Security,5061,5061 - Cryptographic operation.,,,,,,"11/15/2024, 11:55:58.027 AM"
"11/15/2024, 11:55:35.379 AM",\ADMINISTRATOR,User,MyLowCostVM,Microsoft-Windows-Security-Auditing,Security,4625,4625 - An account failed to log on.,186.75.215.94,3,3 - Network,\ADMINISTRATOR,ADMINISTRATOR,"11/15/2024, 11:55:58.027 AM"
"11/15/2024, 11:57:44.947 AM",\ADMINISTRATOR,User,MyLowCostVM,Microsoft-Windows-Security-Auditing,Security,4625,4625 - An account failed to log on.,20.235.247.188,3,3 - Network,\ADMINISTRATOR,ADMINISTRATOR,"11/15/2024, 11:58:18.025 AM"
"11/15/2024, 11:58:45.375 AM",\ADMINISTRATOR,User,MyLowCostVM,Microsoft-Windows-Security-Auditing,Security,4625,4625 - An account failed to log on.,186.75.215.94,3,3 - Network,\ADMINISTRATOR,ADMINISTRATOR,"11/15/2024, 11:59:18.020 AM"
"11/15/2024, 12:00:36.849 PM",\ADMINISTRATOR,User,MyLowCostVM,Microsoft-Windows-Security-Auditing,Security,4625,4625 - An account failed to log on.,20.235.247.188,3,3 - Network,\ADMINISTRATOR,ADMINISTRATOR,"11/15/2024, 12:00:58.026 PM"
"11/15/2024, 12:01:57.428 PM",\ADMINISTRATOR,User,MyLowCostVM,Microsoft-Windows-Security-Auditing,Security,4625,4625 - An account failed to log on.,186.75.215.94,3,3 - Network,\ADMINISTRATOR,ADMINISTRATOR,"11/15/2024, 12:02:18.025 PM"
"11/15/2024, 12:03:36.711 PM",\ADMINISTRATOR,User,MyLowCostVM,Microsoft-Windows-Security-Auditing,Security,4625,4625 - An account failed to log on.,20.235.247.188,3,3 - Network,\ADMINISTRATOR,ADMINISTRATOR,"11/15/2024, 12:03:58.007 PM"
"11/15/2024, 12:05:11.346 PM",\ADMINISTRATOR,User,MyLowCostVM,Microsoft-Windows-Security-Auditing,Security,4625,4625 - An account failed to log on.,186.75.215.94,3,3 - Network,\ADMINISTRATOR,ADMINISTRATOR,"11/15/2024, 12:05:38.017 PM"
"11/15/2024, 12:06:30.411 PM",\ADMINISTRATOR,User,MyLowCostVM,Microsoft-Windows-Security-Auditing,Security,4625,4625 - An account failed to log on.,20.235.247.188,3,3 - Network,\ADMINISTRATOR,ADMINISTRATOR,"11/15/2024, 12:06:58.011 PM"
"11/15/2024, 12:08:25.339 PM",\ADMINISTRATOR,User,MyLowCostVM,Microsoft-Windows-Security-Auditing,Security,4625,4625 - An account failed to log on.,186.75.215.94,3,3 - Network,\ADMINISTRATOR,ADMINISTRATOR,"11/15/2024, 12:08:58.014 PM"
"11/15/2024, 12:09:23.673 PM",\ADMINISTRATOR,User,MyLowCostVM,Microsoft-Windows-Security-Auditing,Security,4625,4625 - An account failed to log on.,20.235.247.188,3,3 - Network,\ADMINISTRATOR,ADMINISTRATOR,"11/15/2024, 12:09:58.011 PM"
"11/15/2024, 12:11:37.409 PM",\ADMINISTRATOR,User,MyLowCostVM,Microsoft-Windows-Security-Auditing,Security,4625,4625 - An account failed to log on.,186.75.215.94,3,3 - Network,\ADMINISTRATOR,ADMINISTRATOR,"11/15/2024, 12:11:58.011 PM"
"11/15/2024, 12:12:15.913 PM",\ADMINISTRATOR,User,MyLowCostVM,Microsoft-Windows-Security-Auditing,Security,4625,4625 - An account failed to log on.,20.235.247.188,3,3 - Network,\ADMINISTRATOR,ADMINISTRATOR,"11/15/2024, 12:12:38.007 PM"
"11/15/2024, 12:12:20.133 PM",NT AUTHORITY\SYSTEM,Machine,MyLowCostVM,Microsoft-Windows-Security-Auditing,Security,4624,4624 - An account was successfully logged on.,-,5,5 - Service,NT AUTHORITY\SYSTEM,SYSTEM,"11/15/2024, 12:12:58.017 PM"
"11/15/2024, 12:12:20.133 PM",NT AUTHORITY\SYSTEM,Machine,MyLowCostVM,Microsoft-Windows-Security-Auditing,Security,4672,4672 - Special privileges assigned to new logon.,,,,,,"11/15/2024, 12:12:58.017 PM"
"11/15/2024, 12:12:21.543 PM",WORKGROUP\MyLowCostVM$,Machine,MyLowCostVM,Microsoft-Windows-Security-Auditing,Security,4799,4799 - A security-enabled local group membership was enumerated,,,,Builtin\Remote Desktop Users,Remote Desktop Users,"11/15/2024, 12:12:58.017 PM"
"11/15/2024, 12:12:23.916 PM",WORKGROUP\MyLowCostVM$,Machine,MyLowCostVM,Microsoft-Windows-Security-Auditing,Security,4799,4799 - A security-enabled local group membership was enumerated,,,,Builtin\Administrators,Administrators,"11/15/2024, 12:12:58.017 PM"
"11/15/2024, 12:12:23.918 PM",WORKGROUP\MyLowCostVM$,Machine,MyLowCostVM,Microsoft-Windows-Security-Auditing,Security,4798,4798 - A user's local group membership was enumerated.,,,,MyLowCostVM\crankthat,crankthat,"11/15/2024, 12:12:58.017 PM"
"11/15/2024, 12:12:23.926 PM",WORKGROUP\MyLowCostVM$,Machine,MyLowCostVM,Microsoft-Windows-Security-Auditing,Security,4798,4798 - A user's local group membership was enumerated.,,,,MyLowCostVM\crankthat,crankthat,"11/15/2024, 12:12:58.017 PM"
"11/15/2024, 12:12:23.926 PM",WORKGROUP\MyLowCostVM$,Machine,MyLowCostVM,Microsoft-Windows-Security-Auditing,Security,4798,4798 - A user's local group membership was enumerated.,,,,MyLowCostVM\DefaultAccount,DefaultAccount,"11/15/2024, 12:12:58.017 PM"
"11/15/2024, 12:12:23.926 PM",WORKGROUP\MyLowCostVM$,Machine,MyLowCostVM,Microsoft-Windows-Security-Auditing,Security,4798,4798 - A user's local group membership was enumerated.,,,,MyLowCostVM\Guest,Guest,"11/15/2024, 12:12:58.017 PM"
"11/15/2024, 12:12:23.927 PM",WORKGROUP\MyLowCostVM$,Machine,MyLowCostVM,Microsoft-Windows-Security-Auditing,Security,4798,4798 - A user's local group membership was enumerated.,,,,MyLowCostVM\WDAGUtilityAccount,WDAGUtilityAccount,"11/15/2024, 12:12:58.017 PM"
"11/15/2024, 12:12:26.208 PM",WORKGROUP\MyLowCostVM$,Machine,MyLowCostVM,Microsoft-Windows-Security-Auditing,Security,4798,4798 - A user's local group membership was enumerated.,,,,MyLowCostVM\crankthat,crankthat,"11/15/2024, 12:12:58.017 PM"
"11/15/2024, 12:12:26.212 PM",WORKGROUP\MyLowCostVM$,Machine,MyLowCostVM,Microsoft-Windows-Security-Auditing,Security,4798,4798 - A user's local group membership was enumerated.,,,,MyLowCostVM\crankthat,crankthat,"11/15/2024, 12:12:58.017 PM"
"11/15/2024, 12:14:49.401 PM",\ADMINISTRATOR,User,MyLowCostVM,Microsoft-Windows-Security-Auditing,Security,4625,4625 - An account failed to log on.,186.75.215.94,3,3 - Network,\ADMINISTRATOR,ADMINISTRATOR,"11/15/2024, 12:15:18.029 PM"
"11/15/2024, 12:15:05.034 PM",\ADMINISTRATOR,User,MyLowCostVM,Microsoft-Windows-Security-Auditing,Security,4625,4625 - An account failed to log on.,20.235.247.188,3,3 - Network,\ADMINISTRATOR,ADMINISTRATOR,"11/15/2024, 12:15:38.011 PM"
"11/15/2024, 12:17:54.766 PM",\ADMINISTRATOR,User,MyLowCostVM,Microsoft-Windows-Security-Auditing,Security,4625,4625 - An account failed to log on.,20.235.247.188,3,3 - Network,\ADMINISTRATOR,ADMINISTRATOR,"11/15/2024, 12:18:18.021 PM"
"11/15/2024, 12:18:03.293 PM",\ADMINISTRATOR,User,MyLowCostVM,Microsoft-Windows-Security-Auditing,Security,4625,4625 - An account failed to log on.,186.75.215.94,3,3 - Network,\ADMINISTRATOR,ADMINISTRATOR,"11/15/2024, 12:18:38.013 PM"
"11/15/2024, 12:20:39.091 PM",\ADMINISTRATOR,User,MyLowCostVM,Microsoft-Windows-Security-Auditing,Security,4625,4625 - An account failed to log on.,20.235.247.188,3,3 - Network,\ADMINISTRATOR,ADMINISTRATOR,"11/15/2024, 12:20:58.008 PM"
"11/15/2024, 12:21:17.613 PM",\ADMINISTRATOR,User,MyLowCostVM,Microsoft-Windows-Security-Auditing,Security,4625,4625 - An account failed to log on.,186.75.215.94,3,3 - Network,\ADMINISTRATOR,ADMINISTRATOR,"11/15/2024, 12:21:38.009 PM"
"11/15/2024, 12:23:27.281 PM",\ADMINISTRATOR,User,MyLowCostVM,Microsoft-Windows-Security-Auditing,Security,4625,4625 - An account failed to log on.,20.235.247.188,3,3 - Network,\ADMINISTRATOR,ADMINISTRATOR,"11/15/2024, 12:23:58.017 PM"
"11/15/2024, 12:24:27.528 PM",\ADMINISTRATOR,User,MyLowCostVM,Microsoft-Windows-Security-Auditing,Security,4625,4625 - An account failed to log on.,186.75.215.94,3,3 - Network,\ADMINISTRATOR,ADMINISTRATOR,"11/15/2024, 12:24:58.021 PM"
"11/15/2024, 12:26:18.111 PM",\ADMINISTRATOR,User,MyLowCostVM,Microsoft-Windows-Security-Auditing,Security,4625,4625 - An account failed to log on.,20.235.247.188,3,3 - Network,\ADMINISTRATOR,ADMINISTRATOR,"11/15/2024, 12:26:38.014 PM"
"11/15/2024, 12:27:41.219 PM",\ADMINISTRATOR,User,MyLowCostVM,Microsoft-Windows-Security-Auditing,Security,4625,4625 - An account failed to log on.,186.75.215.94,3,3 - Network,\ADMINISTRATOR,ADMINISTRATOR,"11/15/2024, 12:28:18.039 PM"
"11/15/2024, 12:29:07.574 PM",\ADMINISTRATOR,User,MyLowCostVM,Microsoft-Windows-Security-Auditing,Security,4625,4625 - An account failed to log on.,20.235.247.188,3,3 - Network,\ADMINISTRATOR,ADMINISTRATOR,"11/15/2024, 12:29:38.010 PM"
"11/15/2024, 12:31:51.092 PM",\ADMINISTRATOR,User,MyLowCostVM,Microsoft-Windows-Security-Auditing,Security,4625,4625 - An account failed to log on.,20.235.247.188,3,3 - Network,\ADMINISTRATOR,ADMINISTRATOR,"11/15/2024, 12:32:18.058 PM"
"11/15/2024, 12:34:11.575 PM",\ADMINISTRATOR,User,MyLowCostVM,Microsoft-Windows-Security-Auditing,Security,4625,4625 - An account failed to log on.,186.75.215.94,3,3 - Network,\ADMINISTRATOR,ADMINISTRATOR,"11/15/2024, 12:34:38.025 PM"
"11/15/2024, 12:34:35.113 PM",\ADMINISTRATOR,User,MyLowCostVM,Microsoft-Windows-Security-Auditing,Security,4625,4625 - An account failed to log on.,20.235.247.188,3,3 - Network,\ADMINISTRATOR,ADMINISTRATOR,"11/15/2024, 12:34:58.010 PM"
"11/15/2024, 12:37:19.708 PM",\ADMINISTRATOR,User,MyLowCostVM,Microsoft-Windows-Security-Auditing,Security,4625,4625 - An account failed to log on.,20.235.247.188,3,3 - Network,\ADMINISTRATOR,ADMINISTRATOR,"11/15/2024, 12:37:38.011 PM"
"11/15/2024, 12:37:25.543 PM",\ADMINISTRATOR,User,MyLowCostVM,Microsoft-Windows-Security-Auditing,Security,4625,4625 - An account failed to log on.,186.75.215.94,3,3 - Network,\ADMINISTRATOR,ADMINISTRATOR,"11/15/2024, 12:37:58.011 PM"
"11/15/2024, 12:39:56.903 PM",\ADMINISTRATOR,User,MyLowCostVM,Microsoft-Windows-Security-Auditing,Security,4625,4625 - An account failed to log on.,20.235.247.188,3,3 - Network,\ADMINISTRATOR,ADMINISTRATOR,"11/15/2024, 12:40:18.023 PM"
"11/15/2024, 12:40:38.985 PM",\ADMINISTRATOR,User,MyLowCostVM,Microsoft-Windows-Security-Auditing,Security,4625,4625 - An account failed to log on.,186.75.215.94,3,3 - Network,\ADMINISTRATOR,ADMINISTRATOR,"11/15/2024, 12:40:58.041 PM"
"11/15/2024, 12:42:40.887 PM",\ADMINISTRATOR,User,MyLowCostVM,Microsoft-Windows-Security-Auditing,Security,4625,4625 - An account failed to log on.,20.235.247.188,3,3 - Network,\ADMINISTRATOR,ADMINISTRATOR,"11/15/2024, 12:43:18.002 PM"
"11/15/2024, 12:43:55.574 PM",\ADMINISTRATOR,User,MyLowCostVM,Microsoft-Windows-Security-Auditing,Security,4625,4625 - An account failed to log on.,186.75.215.94,3,3 - Network,\ADMINISTRATOR,ADMINISTRATOR,"11/15/2024, 12:44:18.013 PM"
"11/15/2024, 12:45:25.552 PM",\ADMINISTRATOR,User,MyLowCostVM,Microsoft-Windows-Security-Auditing,Security,4625,4625 - An account failed to log on.,20.235.247.188,3,3 - Network,\ADMINISTRATOR,ADMINISTRATOR,"11/15/2024, 12:45:58.006 PM"
"11/15/2024, 12:47:09.080 PM",\ADMINISTRATOR,User,MyLowCostVM,Microsoft-Windows-Security-Auditing,Security,4625,4625 - An account failed to log on.,186.75.215.94,3,3 - Network,\ADMINISTRATOR,ADMINISTRATOR,"11/15/2024, 12:47:38.031 PM"
"11/15/2024, 12:48:15.733 PM",\ADMINISTRATOR,User,MyLowCostVM,Microsoft-Windows-Security-Auditing,Security,4625,4625 - An account failed to log on.,20.235.247.188,3,3 - Network,\ADMINISTRATOR,ADMINISTRATOR,"11/15/2024, 12:48:38.007 PM"
"11/15/2024, 12:50:21.562 PM",\ADMINISTRATOR,User,MyLowCostVM,Microsoft-Windows-Security-Auditing,Security,4625,4625 - An account failed to log on.,186.75.215.94,3,3 - Network,\ADMINISTRATOR,ADMINISTRATOR,"11/15/2024, 12:50:58.009 PM"
"11/15/2024, 12:51:06.594 PM",\ADMINISTRATOR,User,MyLowCostVM,Microsoft-Windows-Security-Auditing,Security,4625,4625 - An account failed to log on.,20.235.247.188,3,3 - Network,\ADMINISTRATOR,ADMINISTRATOR,"11/15/2024, 12:51:38.007 PM"
"11/15/2024, 12:53:57.580 PM",\ADMINISTRATOR,User,MyLowCostVM,Microsoft-Windows-Security-Auditing,Security,4625,4625 - An account failed to log on.,20.235.247.188,3,3 - Network,\ADMINISTRATOR,ADMINISTRATOR,"11/15/2024, 12:54:18.013 PM"
"11/15/2024, 12:56:50.918 PM",\ADMINISTRATOR,User,MyLowCostVM,Microsoft-Windows-Security-Auditing,Security,4625,4625 - An account failed to log on.,20.235.247.188,3,3 - Network,\ADMINISTRATOR,ADMINISTRATOR,"11/15/2024, 12:57:18.028 PM"
"11/15/2024, 12:56:55.454 PM",\ADMINISTRATOR,User,MyLowCostVM,Microsoft-Windows-Security-Auditing,Security,4625,4625 - An account failed to log on.,186.75.215.94,3,3 - Network,\ADMINISTRATOR,ADMINISTRATOR,"11/15/2024, 12:57:18.028 PM"
"11/15/2024, 12:59:42.187 PM",\ADMINISTRATOR,User,MyLowCostVM,Microsoft-Windows-Security-Auditing,Security,4625,4625 - An account failed to log on.,20.235.247.188,3,3 - Network,\ADMINISTRATOR,ADMINISTRATOR,"11/15/2024, 1:00:18.009 PM"
"11/15/2024, 1:02:28.528 PM",\ADMINISTRATOR,User,MyLowCostVM,Microsoft-Windows-Security-Auditing,Security,4625,4625 - An account failed to log on.,20.235.247.188,3,3 - Network,\ADMINISTRATOR,ADMINISTRATOR,"11/15/2024, 1:02:58.018 PM"
"11/15/2024, 1:05:11.421 PM",\ADMINISTRATOR,User,MyLowCostVM,Microsoft-Windows-Security-Auditing,Security,4625,4625 - An account failed to log on.,20.235.247.188,3,3 - Network,\ADMINISTRATOR,ADMINISTRATOR,"11/15/2024, 1:05:38.002 PM"
"11/15/2024, 1:06:25.486 PM",\ADMINISTRATOR,User,MyLowCostVM,Microsoft-Windows-Security-Auditing,Security,4625,4625 - An account failed to log on.,186.75.215.94,3,3 - Network,\ADMINISTRATOR,ADMINISTRATOR,"11/15/2024, 1:06:58.008 PM"
"11/15/2024, 1:07:57.236 PM",\ADMINISTRATOR,User,MyLowCostVM,Microsoft-Windows-Security-Auditing,Security,4625,4625 - An account failed to log on.,20.235.247.188,3,3 - Network,\ADMINISTRATOR,ADMINISTRATOR,"11/15/2024, 1:08:18.019 PM"
"11/15/2024, 1:08:54.039 PM",\ADMINISTRATOR,User,MyLowCostVM,Microsoft-Windows-Security-Auditing,Security,4625,4625 - An account failed to log on.,186.75.215.94,3,3 - Network,\ADMINISTRATOR,ADMINISTRATOR,"11/15/2024, 1:09:18.009 PM"
"11/15/2024, 1:10:43.196 PM",\ADMINISTRATOR,User,MyLowCostVM,Microsoft-Windows-Security-Auditing,Security,4625,4625 - An account failed to log on.,20.235.247.188,3,3 - Network,\ADMINISTRATOR,ADMINISTRATOR,"11/15/2024, 1:11:18.009 PM"
"11/15/2024, 1:11:22.764 PM",\ADMINISTRATOR,User,MyLowCostVM,Microsoft-Windows-Security-Auditing,Security,4625,4625 - An account failed to log on.,186.75.215.94,3,3 - Network,\ADMINISTRATOR,ADMINISTRATOR,"11/15/2024, 1:11:58.038 PM"
"11/15/2024, 1:12:20.063 PM",NT AUTHORITY\SYSTEM,Machine,MyLowCostVM,Microsoft-Windows-Security-Auditing,Security,4624,4624 - An account was successfully logged on.,-,5,5 - Service,NT AUTHORITY\SYSTEM,SYSTEM,"11/15/2024, 1:12:58.037 PM"
"11/15/2024, 1:12:20.063 PM",NT AUTHORITY\SYSTEM,Machine,MyLowCostVM,Microsoft-Windows-Security-Auditing,Security,4672,4672 - Special privileges assigned to new logon.,,,,,,"11/15/2024, 1:12:58.037 PM"
"11/15/2024, 1:12:32.523 PM",WORKGROUP\MyLowCostVM$,Machine,MyLowCostVM,Microsoft-Windows-Security-Auditing,Security,4799,4799 - A security-enabled local group membership was enumerated,,,,Builtin\Remote Desktop Users,Remote Desktop Users,"11/15/2024, 1:12:58.037 PM"
"11/15/2024, 1:12:34.845 PM",WORKGROUP\MyLowCostVM$,Machine,MyLowCostVM,Microsoft-Windows-Security-Auditing,Security,4799,4799 - A security-enabled local group membership was enumerated,,,,Builtin\Administrators,Administrators,"11/15/2024, 1:12:58.037 PM"
"11/15/2024, 1:12:34.847 PM",WORKGROUP\MyLowCostVM$,Machine,MyLowCostVM,Microsoft-Windows-Security-Auditing,Security,4798,4798 - A user's local group membership was enumerated.,,,,MyLowCostVM\crankthat,crankthat,"11/15/2024, 1:12:58.037 PM"
"11/15/2024, 1:12:34.855 PM",WORKGROUP\MyLowCostVM$,Machine,MyLowCostVM,Microsoft-Windows-Security-Auditing,Security,4798,4798 - A user's local group membership was enumerated.,,,,MyLowCostVM\crankthat,crankthat,"11/15/2024, 1:12:58.037 PM"
"11/15/2024, 1:12:34.855 PM",WORKGROUP\MyLowCostVM$,Machine,MyLowCostVM,Microsoft-Windows-Security-Auditing,Security,4798,4798 - A user's local group membership was enumerated.,,,,MyLowCostVM\DefaultAccount,DefaultAccount,"11/15/2024, 1:12:58.037 PM"
"11/15/2024, 1:12:34.856 PM",WORKGROUP\MyLowCostVM$,Machine,MyLowCostVM,Microsoft-Windows-Security-Auditing,Security,4798,4798 - A user's local group membership was enumerated.,,,,MyLowCostVM\Guest,Guest,"11/15/2024, 1:12:58.037 PM"
"11/15/2024, 1:12:34.856 PM",WORKGROUP\MyLowCostVM$,Machine,MyLowCostVM,Microsoft-Windows-Security-Auditing,Security,4798,4798 - A user's local group membership was enumerated.,,,,MyLowCostVM\WDAGUtilityAccount,WDAGUtilityAccount,"11/15/2024, 1:12:58.037 PM"
"11/15/2024, 1:12:37.230 PM",WORKGROUP\MyLowCostVM$,Machine,MyLowCostVM,Microsoft-Windows-Security-Auditing,Security,4798,4798 - A user's local group membership was enumerated.,,,,MyLowCostVM\crankthat,crankthat,"11/15/2024, 1:12:58.037 PM"
"11/15/2024, 1:12:37.234 PM",WORKGROUP\MyLowCostVM$,Machine,MyLowCostVM,Microsoft-Windows-Security-Auditing,Security,4798,4798 - A user's local group membership was enumerated.,,,,MyLowCostVM\crankthat,crankthat,"11/15/2024, 1:12:58.037 PM"
"11/15/2024, 1:13:25.502 PM",\ADMINISTRATOR,User,MyLowCostVM,Microsoft-Windows-Security-Auditing,Security,4625,4625 - An account failed to log on.,20.235.247.188,3,3 - Network,\ADMINISTRATOR,ADMINISTRATOR,"11/15/2024, 1:13:58.016 PM"
"11/15/2024, 1:16:14.641 PM",\ADMINISTRATOR,User,MyLowCostVM,Microsoft-Windows-Security-Auditing,Security,4625,4625 - An account failed to log on.,20.235.247.188,3,3 - Network,\ADMINISTRATOR,ADMINISTRATOR,"11/15/2024, 1:16:38.009 PM"
"11/15/2024, 1:16:23.292 PM",\ADMINISTRATOR,User,MyLowCostVM,Microsoft-Windows-Security-Auditing,Security,4625,4625 - An account failed to log on.,186.75.215.94,3,3 - Network,\ADMINISTRATOR,ADMINISTRATOR,"11/15/2024, 1:16:58.020 PM"
"11/15/2024, 1:18:55.561 PM",\ADMINISTRATOR,User,MyLowCostVM,Microsoft-Windows-Security-Auditing,Security,4625,4625 - An account failed to log on.,20.235.247.188,3,3 - Network,\ADMINISTRATOR,ADMINISTRATOR,"11/15/2024, 1:19:18.020 PM"
"11/15/2024, 1:21:37.680 PM",\ADMINISTRATOR,User,MyLowCostVM,Microsoft-Windows-Security-Auditing,Security,4625,4625 - An account failed to log on.,20.235.247.188,3,3 - Network,\ADMINISTRATOR,ADMINISTRATOR,"11/15/2024, 1:21:58.021 PM"
"11/15/2024, 1:22:40.174 PM",\ADMINISTRATOR,User,MyLowCostVM,Microsoft-Windows-Security-Auditing,Security,4625,4625 - An account failed to log on.,186.75.215.94,3,3 - Network,\ADMINISTRATOR,ADMINISTRATOR,"11/15/2024, 1:23:18.008 PM"
"11/15/2024, 1:24:25.807 PM",\ADMINISTRATOR,User,MyLowCostVM,Microsoft-Windows-Security-Auditing,Security,4625,4625 - An account failed to log on.,20.235.247.188,3,3 - Network,\ADMINISTRATOR,ADMINISTRATOR,"11/15/2024, 1:24:58.007 PM"
"11/15/2024, 1:25:41.754 PM",\ADMINISTRATOR,User,MyLowCostVM,Microsoft-Windows-Security-Auditing,Security,4625,4625 - An account failed to log on.,186.75.215.94,3,3 - Network,\ADMINISTRATOR,ADMINISTRATOR,"11/15/2024, 1:26:18.015 PM"
"11/15/2024, 1:27:14.450 PM",\ADMINISTRATOR,User,MyLowCostVM,Microsoft-Windows-Security-Auditing,Security,4625,4625 - An account failed to log on.,20.235.247.188,3,3 - Network,\ADMINISTRATOR,ADMINISTRATOR,"11/15/2024, 1:27:38.020 PM"
"11/15/2024, 1:28:34.047 PM",\ADMINISTRATOR,User,MyLowCostVM,Microsoft-Windows-Security-Auditing,Security,4625,4625 - An account failed to log on.,186.75.215.94,3,3 - Network,\ADMINISTRATOR,ADMINISTRATOR,"11/15/2024, 1:28:58.003 PM"
"11/15/2024, 1:29:52.791 PM",\ADMINISTRATOR,User,MyLowCostVM,Microsoft-Windows-Security-Auditing,Security,4625,4625 - An account failed to log on.,20.235.247.188,3,3 - Network,\ADMINISTRATOR,ADMINISTRATOR,"11/15/2024, 1:30:18.008 PM"
"11/15/2024, 1:31:26.329 PM",\ADMINISTRATOR,User,MyLowCostVM,Microsoft-Windows-Security-Auditing,Security,4625,4625 - An account failed to log on.,186.75.215.94,3,3 - Network,\ADMINISTRATOR,ADMINISTRATOR,"11/15/2024, 1:31:58.004 PM"
"11/15/2024, 1:32:41.460 PM",\ADMINISTRATOR,User,MyLowCostVM,Microsoft-Windows-Security-Auditing,Security,4625,4625 - An account failed to log on.,20.235.247.188,3,3 - Network,\ADMINISTRATOR,ADMINISTRATOR,"11/15/2024, 1:33:18.009 PM"
"11/15/2024, 1:34:19.631 PM",\ADMINISTRATOR,User,MyLowCostVM,Microsoft-Windows-Security-Auditing,Security,4625,4625 - An account failed to log on.,186.75.215.94,3,3 - Network,\ADMINISTRATOR,ADMINISTRATOR,"11/15/2024, 1:34:38.007 PM"
"11/15/2024, 1:35:27.641 PM",\ADMINISTRATOR,User,MyLowCostVM,Microsoft-Windows-Security-Auditing,Security,4625,4625 - An account failed to log on.,20.235.247.188,3,3 - Network,\ADMINISTRATOR,ADMINISTRATOR,"11/15/2024, 1:35:58.017 PM"
