"11/16/2024, 5:45:37.981 AM",\ADMINISTRATOR,User,MyLowCostVM,Microsoft-Windows-Security-Auditing,Security,4625,4625 - An account failed to log on.,120.133.88.0,3,3 - Network,\ADMINISTRATOR,ADMINISTRATOR,"11/16/2024, 5:45:57.931 AM"
"11/16/2024, 5:46:02.297 AM",\ADMINISTRATOR,User,MyLowCostVM,Microsoft-Windows-Security-Auditing,Security,4625,4625 - An account failed to log on.,120.133.88.0,3,3 - Network,\ADMINISTRATOR,ADMINISTRATOR,"11/16/2024, 5:46:37.888 AM"
"11/16/2024, 5:46:14.591 AM",\ADMINISTRATOR,User,MyLowCostVM,Microsoft-Windows-Security-Auditing,Security,4625,4625 - An account failed to log on.,218.24.151.212,3,3 - Network,\ADMINISTRATOR,ADMINISTRATOR,"11/16/2024, 5:46:37.888 AM"
"11/16/2024, 5:46:26.701 AM",\ADMINISTRATOR,User,MyLowCostVM,Microsoft-Windows-Security-Auditing,Security,4625,4625 - An account failed to log on.,120.133.88.0,3,3 - Network,\ADMINISTRATOR,ADMINISTRATOR,"11/16/2024, 5:46:57.900 AM"
"11/16/2024, 5:46:42.116 AM",\AZUREUSER,User,MyLowCostVM,Microsoft-Windows-Security-Auditing,Security,4625,4625 - An account failed to log on.,94.102.49.171,3,3 - Network,\AZUREUSER,AZUREUSER,"11/16/2024, 5:47:17.905 AM"
"11/16/2024, 5:46:50.954 AM",\ADMINISTRATOR,User,MyLowCostVM,Microsoft-Windows-Security-Auditing,Security,4625,4625 - An account failed to log on.,120.133.88.0,3,3 - Network,\ADMINISTRATOR,ADMINISTRATOR,"11/16/2024, 5:47:17.905 AM"
"11/16/2024, 5:47:15.275 AM",\ADMINISTRATOR,User,MyLowCostVM,Microsoft-Windows-Security-Auditing,Security,4625,4625 - An account failed to log on.,120.133.88.0,3,3 - Network,\ADMINISTRATOR,ADMINISTRATOR,"11/16/2024, 5:47:37.919 AM"
"11/16/2024, 5:47:39.520 AM",\ADMINISTRATOR,User,MyLowCostVM,Microsoft-Windows-Security-Auditing,Security,4625,4625 - An account failed to log on.,120.133.88.0,3,3 - Network,\ADMINISTRATOR,ADMINISTRATOR,"11/16/2024, 5:47:57.919 AM"
"11/16/2024, 5:47:49.648 AM",\ADMIN,User,MyLowCostVM,Microsoft-Windows-Security-Auditing,Security,4625,4625 - An account failed to log on.,218.24.151.212,3,3 - Network,\ADMIN,ADMIN,"11/16/2024, 5:48:17.901 AM"
"11/16/2024, 5:48:03.838 AM",\ADMINISTRATOR,User,MyLowCostVM,Microsoft-Windows-Security-Auditing,Security,4625,4625 - An account failed to log on.,120.133.88.0,3,3 - Network,\ADMINISTRATOR,ADMINISTRATOR,"11/16/2024, 5:48:37.923 AM"
"11/16/2024, 5:48:10.192 AM",\ADMINISTRATOR,User,MyLowCostVM,Microsoft-Windows-Security-Auditing,Security,4625,4625 - An account failed to log on.,186.75.215.94,3,3 - Network,\ADMINISTRATOR,ADMINISTRATOR,"11/16/2024, 5:48:37.923 AM"
"11/16/2024, 5:48:28.162 AM",\ADMINISTRATOR,User,MyLowCostVM,Microsoft-Windows-Security-Auditing,Security,4625,4625 - An account failed to log on.,120.133.88.0,3,3 - Network,\ADMINISTRATOR,ADMINISTRATOR,"11/16/2024, 5:48:57.914 AM"
"11/16/2024, 5:48:52.509 AM",\ADMINISTRATOR,User,MyLowCostVM,Microsoft-Windows-Security-Auditing,Security,4625,4625 - An account failed to log on.,120.133.88.0,3,3 - Network,\ADMINISTRATOR,ADMINISTRATOR,"11/16/2024, 5:49:17.933 AM"
"11/16/2024, 5:49:16.923 AM",\ADMINISTRATOR,User,MyLowCostVM,Microsoft-Windows-Security-Auditing,Security,4625,4625 - An account failed to log on.,120.133.88.0,3,3 - Network,\ADMINISTRATOR,ADMINISTRATOR,"11/16/2024, 5:49:37.911 AM"
"11/16/2024, 5:49:23.472 AM",\ADMINISTRATOR,User,MyLowCostVM,Microsoft-Windows-Security-Auditing,Security,4625,4625 - An account failed to log on.,218.24.151.212,3,3 - Network,\ADMINISTRATOR,ADMINISTRATOR,"11/16/2024, 5:49:57.841 AM"
"11/16/2024, 5:49:41.187 AM",\ADMINISTRATOR,User,MyLowCostVM,Microsoft-Windows-Security-Auditing,Security,4625,4625 - An account failed to log on.,120.133.88.0,3,3 - Network,\ADMINISTRATOR,ADMINISTRATOR,"11/16/2024, 5:50:17.933 AM"
"11/16/2024, 5:49:42.340 AM",\AZUREUSER,User,MyLowCostVM,Microsoft-Windows-Security-Auditing,Security,4625,4625 - An account failed to log on.,94.102.49.171,3,3 - Network,\AZUREUSER,AZUREUSER,"11/16/2024, 5:50:17.933 AM"
"11/16/2024, 5:50:05.500 AM",\ADMINISTRATOR,User,MyLowCostVM,Microsoft-Windows-Security-Auditing,Security,4625,4625 - An account failed to log on.,120.133.88.0,3,3 - Network,\ADMINISTRATOR,ADMINISTRATOR,"11/16/2024, 5:50:37.909 AM"
"11/16/2024, 5:50:29.788 AM",\ADMINISTRATOR,User,MyLowCostVM,Microsoft-Windows-Security-Auditing,Security,4625,4625 - An account failed to log on.,120.133.88.0,3,3 - Network,\ADMINISTRATOR,ADMINISTRATOR,"11/16/2024, 5:50:57.903 AM"
"11/16/2024, 5:50:54.021 AM",\ADMINISTRATOR,User,MyLowCostVM,Microsoft-Windows-Security-Auditing,Security,4625,4625 - An account failed to log on.,120.133.88.0,3,3 - Network,\ADMINISTRATOR,ADMINISTRATOR,"11/16/2024, 5:51:17.906 AM"
"11/16/2024, 5:50:54.167 AM",\ADMIN,User,MyLowCostVM,Microsoft-Windows-Security-Auditing,Security,4625,4625 - An account failed to log on.,218.24.151.212,3,3 - Network,\ADMIN,ADMIN,"11/16/2024, 5:51:17.906 AM"
"11/16/2024, 5:51:11.863 AM",\ADMINISTRATOR,User,MyLowCostVM,Microsoft-Windows-Security-Auditing,Security,4625,4625 - An account failed to log on.,186.75.215.94,3,3 - Network,\ADMINISTRATOR,ADMINISTRATOR,"11/16/2024, 5:51:37.898 AM"
"11/16/2024, 5:51:18.317 AM",\ADMINISTRATOR,User,MyLowCostVM,Microsoft-Windows-Security-Auditing,Security,4625,4625 - An account failed to log on.,120.133.88.0,3,3 - Network,\ADMINISTRATOR,ADMINISTRATOR,"11/16/2024, 5:51:37.898 AM"
"11/16/2024, 5:51:42.590 AM",\ADMINISTRATOR,User,MyLowCostVM,Microsoft-Windows-Security-Auditing,Security,4625,4625 - An account failed to log on.,120.133.88.0,3,3 - Network,\ADMINISTRATOR,ADMINISTRATOR,"11/16/2024, 5:52:17.929 AM"
"11/16/2024, 5:52:06.864 AM",\ADMINISTRATOR,User,MyLowCostVM,Microsoft-Windows-Security-Auditing,Security,4625,4625 - An account failed to log on.,120.133.88.0,3,3 - Network,\ADMINISTRATOR,ADMINISTRATOR,"11/16/2024, 5:52:37.912 AM"
"11/16/2024, 5:52:12.421 AM",\ADMINISTRATOR,User,MyLowCostVM,Microsoft-Windows-Security-Auditing,Security,4625,4625 - An account failed to log on.,218.24.151.212,3,3 - Network,\ADMINISTRATOR,ADMINISTRATOR,"11/16/2024, 5:52:37.912 AM"
"11/16/2024, 5:52:31.139 AM",\ADMINISTRATOR,User,MyLowCostVM,Microsoft-Windows-Security-Auditing,Security,4625,4625 - An account failed to log on.,120.133.88.0,3,3 - Network,\ADMINISTRATOR,ADMINISTRATOR,"11/16/2024, 5:52:57.928 AM"
"11/16/2024, 5:52:55.458 AM",\ADMINISTRATOR,User,MyLowCostVM,Microsoft-Windows-Security-Auditing,Security,4625,4625 - An account failed to log on.,120.133.88.0,3,3 - Network,\ADMINISTRATOR,ADMINISTRATOR,"11/16/2024, 5:53:17.899 AM"
"11/16/2024, 5:53:19.710 AM",\ADMINISTRATOR,User,MyLowCostVM,Microsoft-Windows-Security-Auditing,Security,4625,4625 - An account failed to log on.,120.133.88.0,3,3 - Network,\ADMINISTRATOR,ADMINISTRATOR,"11/16/2024, 5:53:37.918 AM"
"11/16/2024, 5:53:33.493 AM",\ADMIN,User,MyLowCostVM,Microsoft-Windows-Security-Auditing,Security,4625,4625 - An account failed to log on.,218.24.151.212,3,3 - Network,\ADMIN,ADMIN,"11/16/2024, 5:53:57.908 AM"
"11/16/2024, 5:53:43.896 AM",\ADMINISTRATOR,User,MyLowCostVM,Microsoft-Windows-Security-Auditing,Security,4625,4625 - An account failed to log on.,120.133.88.0,3,3 - Network,\ADMINISTRATOR,ADMINISTRATOR,"11/16/2024, 5:54:17.909 AM"
"11/16/2024, 5:53:54.989 AM",\ADMINISTRATOR,User,MyLowCostVM,Microsoft-Windows-Security-Auditing,Security,4625,4625 - An account failed to log on.,87.251.75.64,3,3 - Network,\ADMINISTRATOR,ADMINISTRATOR,"11/16/2024, 5:54:17.909 AM"
"11/16/2024, 5:53:57.057 AM",\ADMINISTRATOR,User,MyLowCostVM,Microsoft-Windows-Security-Auditing,Security,4625,4625 - An account failed to log on.,116.228.169.194,3,3 - Network,\ADMINISTRATOR,ADMINISTRATOR,"11/16/2024, 5:54:17.909 AM"
"11/16/2024, 5:54:08.132 AM",\ADMINISTRATOR,User,MyLowCostVM,Microsoft-Windows-Security-Auditing,Security,4625,4625 - An account failed to log on.,120.133.88.0,3,3 - Network,\ADMINISTRATOR,ADMINISTRATOR,"11/16/2024, 5:54:37.923 AM"
"11/16/2024, 5:54:16.497 AM",\ADMINISTRATOR,User,MyLowCostVM,Microsoft-Windows-Security-Auditing,Security,4625,4625 - An account failed to log on.,186.75.215.94,3,3 - Network,\ADMINISTRATOR,ADMINISTRATOR,"11/16/2024, 5:54:37.923 AM"
"11/16/2024, 5:54:32.332 AM",\ADMINISTRATOR,User,MyLowCostVM,Microsoft-Windows-Security-Auditing,Security,4625,4625 - An account failed to log on.,120.133.88.0,3,3 - Network,\ADMINISTRATOR,ADMINISTRATOR,"11/16/2024, 5:54:57.913 AM"
"11/16/2024, 5:54:54.254 AM",\ADMINISTRATOR,User,MyLowCostVM,Microsoft-Windows-Security-Auditing,Security,4625,4625 - An account failed to log on.,218.24.151.212,3,3 - Network,\ADMINISTRATOR,ADMINISTRATOR,"11/16/2024, 5:55:17.921 AM"
"11/16/2024, 5:54:56.566 AM",\ADMINISTRATOR,User,MyLowCostVM,Microsoft-Windows-Security-Auditing,Security,4625,4625 - An account failed to log on.,120.133.88.0,3,3 - Network,\ADMINISTRATOR,ADMINISTRATOR,"11/16/2024, 5:55:17.921 AM"
"11/16/2024, 5:55:20.850 AM",\ADMINISTRATOR,User,MyLowCostVM,Microsoft-Windows-Security-Auditing,Security,4625,4625 - An account failed to log on.,120.133.88.0,3,3 - Network,\ADMINISTRATOR,ADMINISTRATOR,"11/16/2024, 5:55:57.938 AM"
"11/16/2024, 5:55:39.168 AM",\ADMINISTRATOR,User,MyLowCostVM,Microsoft-Windows-Security-Auditing,Security,4625,4625 - An account failed to log on.,87.251.75.64,3,3 - Network,\ADMINISTRATOR,ADMINISTRATOR,"11/16/2024, 5:55:57.938 AM"
"11/16/2024, 5:55:45.053 AM",\ADMINISTRATOR,User,MyLowCostVM,Microsoft-Windows-Security-Auditing,Security,4625,4625 - An account failed to log on.,120.133.88.0,3,3 - Network,\ADMINISTRATOR,ADMINISTRATOR,"11/16/2024, 5:56:17.932 AM"
"11/16/2024, 5:55:46.803 AM",\ADMIN,User,MyLowCostVM,Microsoft-Windows-Security-Auditing,Security,4625,4625 - An account failed to log on.,87.251.75.64,3,3 - Network,\ADMIN,ADMIN,"11/16/2024, 5:56:17.932 AM"
"11/16/2024, 5:56:09.248 AM",\ADMINISTRATOR,User,MyLowCostVM,Microsoft-Windows-Security-Auditing,Security,4625,4625 - An account failed to log on.,120.133.88.0,3,3 - Network,\ADMINISTRATOR,ADMINISTRATOR,"11/16/2024, 5:56:37.914 AM"
"11/16/2024, 5:56:12.808 AM",\ADMIN,User,MyLowCostVM,Microsoft-Windows-Security-Auditing,Security,4625,4625 - An account failed to log on.,218.24.151.212,3,3 - Network,\ADMIN,ADMIN,"11/16/2024, 5:56:37.914 AM"
"11/16/2024, 5:56:21.229 AM",\ADMINISTRATOR,User,MyLowCostVM,Microsoft-Windows-Security-Auditing,Security,4625,4625 - An account failed to log on.,116.228.169.194,3,3 - Network,\ADMINISTRATOR,ADMINISTRATOR,"11/16/2024, 5:56:57.885 AM"
"11/16/2024, 5:56:33.503 AM",\ADMINISTRATOR,User,MyLowCostVM,Microsoft-Windows-Security-Auditing,Security,4625,4625 - An account failed to log on.,120.133.88.0,3,3 - Network,\ADMINISTRATOR,ADMINISTRATOR,"11/16/2024, 5:56:57.885 AM"
"11/16/2024, 5:56:39.679 AM",\ADMINISTRATOR,User,MyLowCostVM,Microsoft-Windows-Security-Auditing,Security,4625,4625 - An account failed to log on.,87.251.75.64,3,3 - Network,\ADMINISTRATOR,ADMINISTRATOR,"11/16/2024, 5:56:57.885 AM"
"11/16/2024, 5:56:57.675 AM",\ADMINISTRATOR,User,MyLowCostVM,Microsoft-Windows-Security-Auditing,Security,4625,4625 - An account failed to log on.,120.133.88.0,3,3 - Network,\ADMINISTRATOR,ADMINISTRATOR,"11/16/2024, 5:57:17.928 AM"
"11/16/2024, 5:57:22.033 AM",\ADMINISTRATOR,User,MyLowCostVM,Microsoft-Windows-Security-Auditing,Security,4625,4625 - An account failed to log on.,120.133.88.0,3,3 - Network,\ADMINISTRATOR,ADMINISTRATOR,"11/16/2024, 5:57:57.903 AM"
"11/16/2024, 5:57:22.613 AM",\ADMINISTRATOR,User,MyLowCostVM,Microsoft-Windows-Security-Auditing,Security,4625,4625 - An account failed to log on.,186.75.215.94,3,3 - Network,\ADMINISTRATOR,ADMINISTRATOR,"11/16/2024, 5:57:57.903 AM"
"11/16/2024, 5:57:26.579 AM",\ADMINISTRATOR,User,MyLowCostVM,Microsoft-Windows-Security-Auditing,Security,4625,4625 - An account failed to log on.,87.251.75.64,3,3 - Network,\ADMINISTRATOR,ADMINISTRATOR,"11/16/2024, 5:57:57.903 AM"
"11/16/2024, 5:57:31.047 AM",\ADMINISTRATOR,User,MyLowCostVM,Microsoft-Windows-Security-Auditing,Security,4625,4625 - An account failed to log on.,218.24.151.212,3,3 - Network,\ADMINISTRATOR,ADMINISTRATOR,"11/16/2024, 5:57:57.903 AM"
"11/16/2024, 5:57:34.236 AM",\ADMINISTRATOR,User,MyLowCostVM,Microsoft-Windows-Security-Auditing,Security,4625,4625 - An account failed to log on.,87.251.75.64,3,3 - Network,\ADMINISTRATOR,ADMINISTRATOR,"11/16/2024, 5:57:57.903 AM"
"11/16/2024, 5:57:46.409 AM",\ADMINISTRATOR,User,MyLowCostVM,Microsoft-Windows-Security-Auditing,Security,4625,4625 - An account failed to log on.,120.133.88.0,3,3 - Network,\ADMINISTRATOR,ADMINISTRATOR,"11/16/2024, 5:58:17.908 AM"
"11/16/2024, 5:58:10.655 AM",\ADMINISTRATOR,User,MyLowCostVM,Microsoft-Windows-Security-Auditing,Security,4625,4625 - An account failed to log on.,120.133.88.0,3,3 - Network,\ADMINISTRATOR,ADMINISTRATOR,"11/16/2024, 5:58:37.872 AM"
"11/16/2024, 5:58:11.114 AM",\ADMIN,User,MyLowCostVM,Microsoft-Windows-Security-Auditing,Security,4625,4625 - An account failed to log on.,87.251.75.64,3,3 - Network,\ADMIN,ADMIN,"11/16/2024, 5:58:37.872 AM"
"11/16/2024, 5:58:14.092 AM",\ADMINISTRATOR,User,MyLowCostVM,Microsoft-Windows-Security-Auditing,Security,4625,4625 - An account failed to log on.,87.251.75.64,3,3 - Network,\ADMINISTRATOR,ADMINISTRATOR,"11/16/2024, 5:58:37.872 AM"
"11/16/2024, 5:58:34.928 AM",\ADMINISTRATOR,User,MyLowCostVM,Microsoft-Windows-Security-Auditing,Security,4625,4625 - An account failed to log on.,120.133.88.0,3,3 - Network,\ADMINISTRATOR,ADMINISTRATOR,"11/16/2024, 5:58:57.902 AM"
"11/16/2024, 5:58:49.546 AM",\ADMIN,User,MyLowCostVM,Microsoft-Windows-Security-Auditing,Security,4625,4625 - An account failed to log on.,218.24.151.212,3,3 - Network,\ADMIN,ADMIN,"11/16/2024, 5:59:17.906 AM"
"11/16/2024, 5:58:58.856 AM",\ADMINISTRATOR,User,MyLowCostVM,Microsoft-Windows-Security-Auditing,Security,4625,4625 - An account failed to log on.,87.251.75.64,3,3 - Network,\ADMINISTRATOR,ADMINISTRATOR,"11/16/2024, 5:59:17.906 AM"
"11/16/2024, 5:58:59.160 AM",\ADMINISTRATOR,User,MyLowCostVM,Microsoft-Windows-Security-Auditing,Security,4625,4625 - An account failed to log on.,120.133.88.0,3,3 - Network,\ADMINISTRATOR,ADMINISTRATOR,"11/16/2024, 5:59:17.906 AM"
"11/16/2024, 5:59:01.935 AM",\ADMINISTRATOR,User,MyLowCostVM,Microsoft-Windows-Security-Auditing,Security,4625,4625 - An account failed to log on.,87.251.75.64,3,3 - Network,\ADMINISTRATOR,ADMINISTRATOR,"11/16/2024, 5:59:37.899 AM"
"11/16/2024, 5:59:23.417 AM",\ADMINISTRATOR,User,MyLowCostVM,Microsoft-Windows-Security-Auditing,Security,4625,4625 - An account failed to log on.,120.133.88.0,3,3 - Network,\ADMINISTRATOR,ADMINISTRATOR,"11/16/2024, 5:59:57.907 AM"
"11/16/2024, 5:59:34.244 AM",\ADMIN,User,MyLowCostVM,Microsoft-Windows-Security-Auditing,Security,4625,4625 - An account failed to log on.,87.251.75.64,3,3 - Network,\ADMIN,ADMIN,"11/16/2024, 5:59:57.907 AM"
"11/16/2024, 5:59:37.557 AM",\ADMINISTRATOR,User,MyLowCostVM,Microsoft-Windows-Security-Auditing,Security,4625,4625 - An account failed to log on.,116.228.169.194,3,3 - Network,\ADMINISTRATOR,ADMINISTRATOR,"11/16/2024, 5:59:57.907 AM"
"11/16/2024, 5:59:39.081 AM",\ADMINISTRATOR,User,MyLowCostVM,Microsoft-Windows-Security-Auditing,Security,4625,4625 - An account failed to log on.,87.251.75.64,3,3 - Network,\ADMINISTRATOR,ADMINISTRATOR,"11/16/2024, 5:59:57.907 AM"
"11/16/2024, 5:59:47.621 AM",\ADMINISTRATOR,User,MyLowCostVM,Microsoft-Windows-Security-Auditing,Security,4625,4625 - An account failed to log on.,120.133.88.0,3,3 - Network,\ADMINISTRATOR,ADMINISTRATOR,"11/16/2024, 6:00:17.899 AM"
"11/16/2024, 6:00:08.802 AM",\ADMINISTRATOR,User,MyLowCostVM,Microsoft-Windows-Security-Auditing,Security,4625,4625 - An account failed to log on.,218.24.151.212,3,3 - Network,\ADMINISTRATOR,ADMINISTRATOR,"11/16/2024, 6:00:37.910 AM"
"11/16/2024, 6:00:12.036 AM",\ADMINISTRATOR,User,MyLowCostVM,Microsoft-Windows-Security-Auditing,Security,4625,4625 - An account failed to log on.,120.133.88.0,3,3 - Network,\ADMINISTRATOR,ADMINISTRATOR,"11/16/2024, 6:00:37.910 AM"
"11/16/2024, 6:00:17.780 AM",\ADMINISTRATOR,User,MyLowCostVM,Microsoft-Windows-Security-Auditing,Security,4625,4625 - An account failed to log on.,87.251.75.64,3,3 - Network,\ADMINISTRATOR,ADMINISTRATOR,"11/16/2024, 6:00:37.910 AM"
"11/16/2024, 6:00:26.391 AM",\ADMINISTRATOR,User,MyLowCostVM,Microsoft-Windows-Security-Auditing,Security,4625,4625 - An account failed to log on.,186.75.215.94,3,3 - Network,\ADMINISTRATOR,ADMINISTRATOR,"11/16/2024, 6:00:57.914 AM"
"11/16/2024, 6:00:27.486 AM",\ADMINISTRATOR,User,MyLowCostVM,Microsoft-Windows-Security-Auditing,Security,4625,4625 - An account failed to log on.,87.251.75.64,3,3 - Network,\ADMINISTRATOR,ADMINISTRATOR,"11/16/2024, 6:00:57.914 AM"
"11/16/2024, 6:00:36.361 AM",\ADMINISTRATOR,User,MyLowCostVM,Microsoft-Windows-Security-Auditing,Security,4625,4625 - An account failed to log on.,120.133.88.0,3,3 - Network,\ADMINISTRATOR,ADMINISTRATOR,"11/16/2024, 6:00:57.914 AM"
"11/16/2024, 6:00:53.853 AM",\ADMIN,User,MyLowCostVM,Microsoft-Windows-Security-Auditing,Security,4625,4625 - An account failed to log on.,87.251.75.64,3,3 - Network,\ADMIN,ADMIN,"11/16/2024, 6:01:17.908 AM"
"11/16/2024, 6:01:00.805 AM",\ADMINISTRATOR,User,MyLowCostVM,Microsoft-Windows-Security-Auditing,Security,4625,4625 - An account failed to log on.,120.133.88.0,3,3 - Network,\ADMINISTRATOR,ADMINISTRATOR,"11/16/2024, 6:01:37.881 AM"
"11/16/2024, 6:01:04.760 AM",\ADMINISTRATOR,User,MyLowCostVM,Microsoft-Windows-Security-Auditing,Security,4625,4625 - An account failed to log on.,87.251.75.64,3,3 - Network,\ADMINISTRATOR,ADMINISTRATOR,"11/16/2024, 6:01:37.881 AM"
"11/16/2024, 6:01:25.275 AM",\ADMINISTRATOR,User,MyLowCostVM,Microsoft-Windows-Security-Auditing,Security,4625,4625 - An account failed to log on.,120.133.88.0,3,3 - Network,\ADMINISTRATOR,ADMINISTRATOR,"11/16/2024, 6:01:57.893 AM"
"11/16/2024, 6:01:25.518 AM",\ADMIN,User,MyLowCostVM,Microsoft-Windows-Security-Auditing,Security,4625,4625 - An account failed to log on.,218.24.151.212,3,3 - Network,\ADMIN,ADMIN,"11/16/2024, 6:01:57.893 AM"
"11/16/2024, 6:01:35.838 AM",\ADMINISTRATOR,User,MyLowCostVM,Microsoft-Windows-Security-Auditing,Security,4625,4625 - An account failed to log on.,87.251.75.64,3,3 - Network,\ADMINISTRATOR,ADMINISTRATOR,"11/16/2024, 6:01:57.893 AM"
"11/16/2024, 6:01:49.651 AM",\ADMINISTRATOR,User,MyLowCostVM,Microsoft-Windows-Security-Auditing,Security,4625,4625 - An account failed to log on.,120.133.88.0,3,3 - Network,\ADMINISTRATOR,ADMINISTRATOR,"11/16/2024, 6:02:17.912 AM"
"11/16/2024, 6:01:50.916 AM",\ADMINISTRATOR,User,MyLowCostVM,Microsoft-Windows-Security-Auditing,Security,4625,4625 - An account failed to log on.,218.90.122.42,3,3 - Network,\ADMINISTRATOR,ADMINISTRATOR,"11/16/2024, 6:02:17.912 AM"
"11/16/2024, 6:01:52.321 AM",\ADMINISTRATOR,User,MyLowCostVM,Microsoft-Windows-Security-Auditing,Security,4625,4625 - An account failed to log on.,87.251.75.64,3,3 - Network,\ADMINISTRATOR,ADMINISTRATOR,"11/16/2024, 6:02:17.912 AM"
"11/16/2024, 6:02:10.548 AM",\ADMIN,User,MyLowCostVM,Microsoft-Windows-Security-Auditing,Security,4625,4625 - An account failed to log on.,87.251.75.64,3,3 - Network,\ADMIN,ADMIN,"11/16/2024, 6:02:37.932 AM"
"11/16/2024, 6:02:13.876 AM",\ADMINISTRATOR,User,MyLowCostVM,Microsoft-Windows-Security-Auditing,Security,4625,4625 - An account failed to log on.,120.133.88.0,3,3 - Network,\ADMINISTRATOR,ADMINISTRATOR,"11/16/2024, 6:02:37.932 AM"
"11/16/2024, 6:02:34.599 AM",\ADMINISTRATOR,User,MyLowCostVM,Microsoft-Windows-Security-Auditing,Security,4625,4625 - An account failed to log on.,116.228.169.194,3,3 - Network,\ADMINISTRATOR,ADMINISTRATOR,"11/16/2024, 6:02:57.898 AM"
"11/16/2024, 6:02:37.226 AM",\ADMINISTRATOR,User,MyLowCostVM,Microsoft-Windows-Security-Auditing,Security,4625,4625 - An account failed to log on.,87.251.75.64,3,3 - Network,\ADMINISTRATOR,ADMINISTRATOR,"11/16/2024, 6:02:57.898 AM"
"11/16/2024, 6:02:38.034 AM",\ADMINISTRATOR,User,MyLowCostVM,Microsoft-Windows-Security-Auditing,Security,4625,4625 - An account failed to log on.,120.133.88.0,3,3 - Network,\ADMINISTRATOR,ADMINISTRATOR,"11/16/2024, 6:02:57.898 AM"
"11/16/2024, 6:02:43.103 AM",\ADMINISTRATOR,User,MyLowCostVM,Microsoft-Windows-Security-Auditing,Security,4625,4625 - An account failed to log on.,218.24.151.212,3,3 - Network,\ADMINISTRATOR,ADMINISTRATOR,"11/16/2024, 6:03:17.927 AM"
"11/16/2024, 6:02:50.858 AM",\ADMINISTRATOR,User,MyLowCostVM,Microsoft-Windows-Security-Auditing,Security,4625,4625 - An account failed to log on.,87.251.75.64,3,3 - Network,\ADMINISTRATOR,ADMINISTRATOR,"11/16/2024, 6:03:17.927 AM"
"11/16/2024, 6:03:02.190 AM",\ADMINISTRATOR,User,MyLowCostVM,Microsoft-Windows-Security-Auditing,Security,4625,4625 - An account failed to log on.,120.133.88.0,3,3 - Network,\ADMINISTRATOR,ADMINISTRATOR,"11/16/2024, 6:03:37.916 AM"
"11/16/2024, 6:03:13.955 AM",\ADMINISTRATOR,User,MyLowCostVM,Microsoft-Windows-Security-Auditing,Security,4625,4625 - An account failed to log on.,87.251.75.64,3,3 - Network,\ADMINISTRATOR,ADMINISTRATOR,"11/16/2024, 6:03:37.916 AM"
"11/16/2024, 6:03:26.420 AM",\ADMINISTRATOR,User,MyLowCostVM,Microsoft-Windows-Security-Auditing,Security,4625,4625 - An account failed to log on.,120.133.88.0,3,3 - Network,\ADMINISTRATOR,ADMINISTRATOR,"11/16/2024, 6:03:57.895 AM"
"11/16/2024, 6:03:26.479 AM",\ADMIN,User,MyLowCostVM,Microsoft-Windows-Security-Auditing,Security,4625,4625 - An account failed to log on.,87.251.75.64,3,3 - Network,\ADMIN,ADMIN,"11/16/2024, 6:03:57.895 AM"
"11/16/2024, 6:03:32.201 AM",\ADMINISTRATOR,User,MyLowCostVM,Microsoft-Windows-Security-Auditing,Security,4625,4625 - An account failed to log on.,186.75.215.94,3,3 - Network,\ADMINISTRATOR,ADMINISTRATOR,"11/16/2024, 6:03:57.895 AM"
"11/16/2024, 6:03:47.497 AM",\ADMINISTRATOR,User,MyLowCostVM,Microsoft-Windows-Security-Auditing,Security,4625,4625 - An account failed to log on.,87.251.75.64,3,3 - Network,\ADMINISTRATOR,ADMINISTRATOR,"11/16/2024, 6:04:17.897 AM"
"11/16/2024, 6:03:50.588 AM",\ADMINISTRATOR,User,MyLowCostVM,Microsoft-Windows-Security-Auditing,Security,4625,4625 - An account failed to log on.,120.133.88.0,3,3 - Network,\ADMINISTRATOR,ADMINISTRATOR,"11/16/2024, 6:04:17.897 AM"
"11/16/2024, 6:03:58.969 AM",\ADMINISTRATOR,User,MyLowCostVM,Microsoft-Windows-Security-Auditing,Security,4625,4625 - An account failed to log on.,87.251.75.64,3,3 - Network,\ADMINISTRATOR,ADMINISTRATOR,"11/16/2024, 6:04:17.897 AM"
"11/16/2024, 6:03:59.700 AM",\ADMIN,User,MyLowCostVM,Microsoft-Windows-Security-Auditing,Security,4625,4625 - An account failed to log on.,218.24.151.212,3,3 - Network,\ADMIN,ADMIN,"11/16/2024, 6:04:17.897 AM"
"11/16/2024, 6:04:14.848 AM",\ADMINISTRATOR,User,MyLowCostVM,Microsoft-Windows-Security-Auditing,Security,4625,4625 - An account failed to log on.,120.133.88.0,3,3 - Network,\ADMINISTRATOR,ADMINISTRATOR,"11/16/2024, 6:04:37.911 AM"
"11/16/2024, 6:04:30.561 AM",\ADMINISTRATOR,User,MyLowCostVM,Microsoft-Windows-Security-Auditing,Security,4625,4625 - An account failed to log on.,87.251.75.64,3,3 - Network,\ADMINISTRATOR,ADMINISTRATOR,"11/16/2024, 6:04:57.899 AM"
"11/16/2024, 6:04:32.015 AM",\ADMIN,User,MyLowCostVM,Microsoft-Windows-Security-Auditing,Security,4625,4625 - An account failed to log on.,218.90.122.42,3,3 - Network,\ADMIN,ADMIN,"11/16/2024, 6:04:57.899 AM"
"11/16/2024, 6:04:38.611 AM",\ADMIN,User,MyLowCostVM,Microsoft-Windows-Security-Auditing,Security,4625,4625 - An account failed to log on.,87.251.75.64,3,3 - Network,\ADMIN,ADMIN,"11/16/2024, 6:04:57.899 AM"
"11/16/2024, 6:04:39.112 AM",\ADMINISTRATOR,User,MyLowCostVM,Microsoft-Windows-Security-Auditing,Security,4625,4625 - An account failed to log on.,120.133.88.0,3,3 - Network,\ADMINISTRATOR,ADMINISTRATOR,"11/16/2024, 6:04:57.899 AM"
"11/16/2024, 6:05:03.393 AM",\ADMINISTRATOR,User,MyLowCostVM,Microsoft-Windows-Security-Auditing,Security,4625,4625 - An account failed to log on.,120.133.88.0,3,3 - Network,\ADMINISTRATOR,ADMINISTRATOR,"11/16/2024, 6:05:37.919 AM"
"11/16/2024, 6:05:04.461 AM",\ADMINISTRATOR,User,MyLowCostVM,Microsoft-Windows-Security-Auditing,Security,4625,4625 - An account failed to log on.,87.251.75.64,3,3 - Network,\ADMINISTRATOR,ADMINISTRATOR,"11/16/2024, 6:05:37.919 AM"
"11/16/2024, 6:05:10.164 AM",\ADMINISTRATOR,User,MyLowCostVM,Microsoft-Windows-Security-Auditing,Security,4625,4625 - An account failed to log on.,87.251.75.64,3,3 - Network,\ADMINISTRATOR,ADMINISTRATOR,"11/16/2024, 6:05:37.919 AM"
"11/16/2024, 6:05:17.367 AM",\ADMINISTRATOR,User,MyLowCostVM,Microsoft-Windows-Security-Auditing,Security,4625,4625 - An account failed to log on.,218.24.151.212,3,3 - Network,\ADMINISTRATOR,ADMINISTRATOR,"11/16/2024, 6:05:37.919 AM"
"11/16/2024, 6:05:17.910 AM",\ADMINISTRATOR,User,MyLowCostVM,Microsoft-Windows-Security-Auditing,Security,4625,4625 - An account failed to log on.,116.228.169.194,3,3 - Network,\ADMINISTRATOR,ADMINISTRATOR,"11/16/2024, 6:05:37.919 AM"
"11/16/2024, 6:05:27.603 AM",\ADMINISTRATOR,User,MyLowCostVM,Microsoft-Windows-Security-Auditing,Security,4625,4625 - An account failed to log on.,120.133.88.0,3,3 - Network,\ADMINISTRATOR,ADMINISTRATOR,"11/16/2024, 6:05:57.834 AM"
"11/16/2024, 6:05:48.783 AM",\ADMIN,User,MyLowCostVM,Microsoft-Windows-Security-Auditing,Security,4625,4625 - An account failed to log on.,87.251.75.64,3,3 - Network,\ADMIN,ADMIN,"11/16/2024, 6:06:17.930 AM"
"11/16/2024, 6:05:51.782 AM",\ADMINISTRATOR,User,MyLowCostVM,Microsoft-Windows-Security-Auditing,Security,4625,4625 - An account failed to log on.,87.251.75.64,3,3 - Network,\ADMINISTRATOR,ADMINISTRATOR,"11/16/2024, 6:06:17.930 AM"
"11/16/2024, 6:05:51.898 AM",\ADMINISTRATOR,User,MyLowCostVM,Microsoft-Windows-Security-Auditing,Security,4625,4625 - An account failed to log on.,120.133.88.0,3,3 - Network,\ADMINISTRATOR,ADMINISTRATOR,"11/16/2024, 6:06:17.930 AM"
"11/16/2024, 6:06:16.224 AM",\ADMINISTRATOR,User,MyLowCostVM,Microsoft-Windows-Security-Auditing,Security,4625,4625 - An account failed to log on.,120.133.88.0,3,3 - Network,\ADMINISTRATOR,ADMINISTRATOR,"11/16/2024, 6:06:37.924 AM"
"11/16/2024, 6:06:22.435 AM",\ADMINISTRATOR,User,MyLowCostVM,Microsoft-Windows-Security-Auditing,Security,4625,4625 - An account failed to log on.,87.251.75.64,3,3 - Network,\ADMINISTRATOR,ADMINISTRATOR,"11/16/2024, 6:06:57.880 AM"
"11/16/2024, 6:06:22.478 AM",\ADMINISTRATOR,User,MyLowCostVM,Microsoft-Windows-Security-Auditing,Security,4625,4625 - An account failed to log on.,87.251.75.64,3,3 - Network,\ADMINISTRATOR,ADMINISTRATOR,"11/16/2024, 6:06:57.880 AM"
"11/16/2024, 6:06:34.742 AM",\ADMIN,User,MyLowCostVM,Microsoft-Windows-Security-Auditing,Security,4625,4625 - An account failed to log on.,218.24.151.212,3,3 - Network,\ADMIN,ADMIN,"11/16/2024, 6:06:57.880 AM"
"11/16/2024, 6:06:36.406 AM",\ADMINISTRATOR,User,MyLowCostVM,Microsoft-Windows-Security-Auditing,Security,4625,4625 - An account failed to log on.,186.75.215.94,3,3 - Network,\ADMINISTRATOR,ADMINISTRATOR,"11/16/2024, 6:06:57.880 AM"
"11/16/2024, 6:06:40.531 AM",\ADMINISTRATOR,User,MyLowCostVM,Microsoft-Windows-Security-Auditing,Security,4625,4625 - An account failed to log on.,120.133.88.0,3,3 - Network,\ADMINISTRATOR,ADMINISTRATOR,"11/16/2024, 6:07:17.919 AM"
"11/16/2024, 6:06:57.188 AM",\ADMIN,User,MyLowCostVM,Microsoft-Windows-Security-Auditing,Security,4625,4625 - An account failed to log on.,87.251.75.64,3,3 - Network,\ADMIN,ADMIN,"11/16/2024, 6:07:17.919 AM"
"11/16/2024, 6:07:00.500 AM",\ADMINISTRATOR,User,MyLowCostVM,Microsoft-Windows-Security-Auditing,Security,4625,4625 - An account failed to log on.,87.251.75.64,3,3 - Network,\ADMINISTRATOR,ADMINISTRATOR,"11/16/2024, 6:07:37.913 AM"
"11/16/2024, 6:07:04.711 AM",\ADMINISTRATOR,User,MyLowCostVM,Microsoft-Windows-Security-Auditing,Security,4625,4625 - An account failed to log on.,120.133.88.0,3,3 - Network,\ADMINISTRATOR,ADMINISTRATOR,"11/16/2024, 6:07:37.913 AM"
"11/16/2024, 6:07:07.809 AM",\TEST,User,MyLowCostVM,Microsoft-Windows-Security-Auditing,Security,4625,4625 - An account failed to log on.,218.90.122.42,3,3 - Network,\TEST,TEST,"11/16/2024, 6:07:37.913 AM"
"11/16/2024, 6:07:28.924 AM",\ADMINISTRATOR,User,MyLowCostVM,Microsoft-Windows-Security-Auditing,Security,4625,4625 - An account failed to log on.,120.133.88.0,3,3 - Network,\ADMINISTRATOR,ADMINISTRATOR,"11/16/2024, 6:07:57.908 AM"
"11/16/2024, 6:07:33.875 AM",\ADMINISTRATOR,User,MyLowCostVM,Microsoft-Windows-Security-Auditing,Security,4625,4625 - An account failed to log on.,87.251.75.64,3,3 - Network,\ADMINISTRATOR,ADMINISTRATOR,"11/16/2024, 6:07:57.908 AM"
"11/16/2024, 6:07:38.675 AM",\ADMINISTRATOR,User,MyLowCostVM,Microsoft-Windows-Security-Auditing,Security,4625,4625 - An account failed to log on.,87.251.75.64,3,3 - Network,\ADMINISTRATOR,ADMINISTRATOR,"11/16/2024, 6:07:57.908 AM"
"11/16/2024, 6:07:52.758 AM",\ADMINISTRATOR,User,MyLowCostVM,Microsoft-Windows-Security-Auditing,Security,4625,4625 - An account failed to log on.,218.24.151.212,3,3 - Network,\ADMINISTRATOR,ADMINISTRATOR,"11/16/2024, 6:08:17.892 AM"
"11/16/2024, 6:07:53.148 AM",\ADMINISTRATOR,User,MyLowCostVM,Microsoft-Windows-Security-Auditing,Security,4625,4625 - An account failed to log on.,120.133.88.0,3,3 - Network,\ADMINISTRATOR,ADMINISTRATOR,"11/16/2024, 6:08:17.892 AM"
"11/16/2024, 6:08:03.351 AM",\ADMIN,User,MyLowCostVM,Microsoft-Windows-Security-Auditing,Security,4625,4625 - An account failed to log on.,87.251.75.64,3,3 - Network,\ADMIN,ADMIN,"11/16/2024, 6:08:37.909 AM"
"11/16/2024, 6:08:06.778 AM",\ADMINISTRATOR,User,MyLowCostVM,Microsoft-Windows-Security-Auditing,Security,4625,4625 - An account failed to log on.,116.228.169.194,3,3 - Network,\ADMINISTRATOR,ADMINISTRATOR,"11/16/2024, 6:08:37.909 AM"
"11/16/2024, 6:08:12.661 AM",\ADMINISTRATOR,User,MyLowCostVM,Microsoft-Windows-Security-Auditing,Security,4625,4625 - An account failed to log on.,87.251.75.64,3,3 - Network,\ADMINISTRATOR,ADMINISTRATOR,"11/16/2024, 6:08:37.909 AM"
"11/16/2024, 6:08:17.297 AM",\ADMINISTRATOR,User,MyLowCostVM,Microsoft-Windows-Security-Auditing,Security,4625,4625 - An account failed to log on.,120.133.88.0,3,3 - Network,\ADMINISTRATOR,ADMINISTRATOR,"11/16/2024, 6:08:37.909 AM"
"11/16/2024, 6:08:41.506 AM",\ADMINISTRATOR,User,MyLowCostVM,Microsoft-Windows-Security-Auditing,Security,4625,4625 - An account failed to log on.,120.133.88.0,3,3 - Network,\ADMINISTRATOR,ADMINISTRATOR,"11/16/2024, 6:09:17.916 AM"
"11/16/2024, 6:08:43.893 AM",\ADMINISTRATOR,User,MyLowCostVM,Microsoft-Windows-Security-Auditing,Security,4625,4625 - An account failed to log on.,87.251.75.64,3,3 - Network,\ADMINISTRATOR,ADMINISTRATOR,"11/16/2024, 6:09:17.916 AM"
"11/16/2024, 6:08:54.476 AM",\ADMINISTRATOR,User,MyLowCostVM,Microsoft-Windows-Security-Auditing,Security,4625,4625 - An account failed to log on.,87.251.75.64,3,3 - Network,\ADMINISTRATOR,ADMINISTRATOR,"11/16/2024, 6:09:17.916 AM"
"11/16/2024, 6:09:05.581 AM",\ADMINISTRATOR,User,MyLowCostVM,Microsoft-Windows-Security-Auditing,Security,4625,4625 - An account failed to log on.,120.133.88.0,3,3 - Network,\ADMINISTRATOR,ADMINISTRATOR,"11/16/2024, 6:09:37.903 AM"
"11/16/2024, 6:09:12.229 AM",\ADMIN,User,MyLowCostVM,Microsoft-Windows-Security-Auditing,Security,4625,4625 - An account failed to log on.,218.24.151.212,3,3 - Network,\ADMIN,ADMIN,"11/16/2024, 6:09:37.903 AM"
"11/16/2024, 6:09:14.031 AM",\ADMIN,User,MyLowCostVM,Microsoft-Windows-Security-Auditing,Security,4625,4625 - An account failed to log on.,87.251.75.64,3,3 - Network,\ADMIN,ADMIN,"11/16/2024, 6:09:37.903 AM"
"11/16/2024, 6:09:15.705 AM",\ROOT,User,MyLowCostVM,Microsoft-Windows-Security-Auditing,Security,4625,4625 - An account failed to log on.,218.90.122.42,3,3 - Network,\ROOT,ROOT,"11/16/2024, 6:09:37.903 AM"
"11/16/2024, 6:09:29.724 AM",\ADMINISTRATOR,User,MyLowCostVM,Microsoft-Windows-Security-Auditing,Security,4625,4625 - An account failed to log on.,120.133.88.0,3,3 - Network,\ADMINISTRATOR,ADMINISTRATOR,"11/16/2024, 6:09:57.905 AM"
"11/16/2024, 6:09:29.984 AM",\ADMINISTRATOR,User,MyLowCostVM,Microsoft-Windows-Security-Auditing,Security,4625,4625 - An account failed to log on.,87.251.75.64,3,3 - Network,\ADMINISTRATOR,ADMINISTRATOR,"11/16/2024, 6:09:57.905 AM"
"11/16/2024, 6:09:44.006 AM",\ADMINISTRATOR,User,MyLowCostVM,Microsoft-Windows-Security-Auditing,Security,4625,4625 - An account failed to log on.,186.75.215.94,3,3 - Network,\ADMINISTRATOR,ADMINISTRATOR,"11/16/2024, 6:10:17.920 AM"
"11/16/2024, 6:09:52.056 AM",\ADMINISTRATOR,User,MyLowCostVM,Microsoft-Windows-Security-Auditing,Security,4625,4625 - An account failed to log on.,87.251.75.64,3,3 - Network,\ADMINISTRATOR,ADMINISTRATOR,"11/16/2024, 6:10:17.920 AM"
"11/16/2024, 6:09:53.980 AM",\ADMINISTRATOR,User,MyLowCostVM,Microsoft-Windows-Security-Auditing,Security,4625,4625 - An account failed to log on.,120.133.88.0,3,3 - Network,\ADMINISTRATOR,ADMINISTRATOR,"11/16/2024, 6:10:17.920 AM"
"11/16/2024, 6:10:12.874 AM",\ADMINISTRATOR,User,MyLowCostVM,Microsoft-Windows-Security-Auditing,Security,4625,4625 - An account failed to log on.,87.251.75.64,3,3 - Network,\ADMINISTRATOR,ADMINISTRATOR,"11/16/2024, 6:10:37.948 AM"
"11/16/2024, 6:10:18.235 AM",\ADMINISTRATOR,User,MyLowCostVM,Microsoft-Windows-Security-Auditing,Security,4625,4625 - An account failed to log on.,120.133.88.0,3,3 - Network,\ADMINISTRATOR,ADMINISTRATOR,"11/16/2024, 6:10:37.948 AM"
"11/16/2024, 6:10:26.716 AM",\ADMIN,User,MyLowCostVM,Microsoft-Windows-Security-Auditing,Security,4625,4625 - An account failed to log on.,87.251.75.64,3,3 - Network,\ADMIN,ADMIN,"11/16/2024, 6:10:57.924 AM"
"11/16/2024, 6:10:30.639 AM",\ADMINISTRATOR,User,MyLowCostVM,Microsoft-Windows-Security-Auditing,Security,4625,4625 - An account failed to log on.,218.24.151.212,3,3 - Network,\ADMINISTRATOR,ADMINISTRATOR,"11/16/2024, 6:10:57.924 AM"
"11/16/2024, 6:10:42.419 AM",\ADMINISTRATOR,User,MyLowCostVM,Microsoft-Windows-Security-Auditing,Security,4625,4625 - An account failed to log on.,120.133.88.0,3,3 - Network,\ADMINISTRATOR,ADMINISTRATOR,"11/16/2024, 6:11:17.905 AM"
"11/16/2024, 6:10:44.193 AM",\ADMINISTRATOR,User,MyLowCostVM,Microsoft-Windows-Security-Auditing,Security,4625,4625 - An account failed to log on.,87.251.75.64,3,3 - Network,\ADMINISTRATOR,ADMINISTRATOR,"11/16/2024, 6:11:17.905 AM"
"11/16/2024, 6:10:48.075 AM",\ADMINISTRATOR,User,MyLowCostVM,Microsoft-Windows-Security-Auditing,Security,4625,4625 - An account failed to log on.,116.228.169.194,3,3 - Network,\ADMINISTRATOR,ADMINISTRATOR,"11/16/2024, 6:11:17.905 AM"
"11/16/2024, 6:10:55.906 AM",\ADMINISTRATOR,User,MyLowCostVM,Microsoft-Windows-Security-Auditing,Security,4625,4625 - An account failed to log on.,87.251.75.64,3,3 - Network,\ADMINISTRATOR,ADMINISTRATOR,"11/16/2024, 6:11:17.905 AM"
"11/16/2024, 6:11:06.618 AM",\ADMINISTRATOR,User,MyLowCostVM,Microsoft-Windows-Security-Auditing,Security,4625,4625 - An account failed to log on.,120.133.88.0,3,3 - Network,\ADMINISTRATOR,ADMINISTRATOR,"11/16/2024, 6:11:37.914 AM"
"11/16/2024, 6:11:22.432 AM",\ADMINISTRATOR,User,MyLowCostVM,Microsoft-Windows-Security-Auditing,Security,4625,4625 - An account failed to log on.,87.251.75.64,3,3 - Network,\ADMINISTRATOR,ADMINISTRATOR,"11/16/2024, 6:11:57.906 AM"
"11/16/2024, 6:11:30.789 AM",\ADMINISTRATOR,User,MyLowCostVM,Microsoft-Windows-Security-Auditing,Security,4625,4625 - An account failed to log on.,120.133.88.0,3,3 - Network,\ADMINISTRATOR,ADMINISTRATOR,"11/16/2024, 6:11:57.906 AM"
"11/16/2024, 6:11:32.178 AM",\ADMIN,User,MyLowCostVM,Microsoft-Windows-Security-Auditing,Security,4625,4625 - An account failed to log on.,87.251.75.64,3,3 - Network,\ADMIN,ADMIN,"11/16/2024, 6:11:57.906 AM"
"11/16/2024, 6:11:38.852 AM",\DELL,User,MyLowCostVM,Microsoft-Windows-Security-Auditing,Security,4625,4625 - An account failed to log on.,218.90.122.42,3,3 - Network,\DELL,DELL,"11/16/2024, 6:11:57.906 AM"
"11/16/2024, 6:11:49.863 AM",\ADMIN,User,MyLowCostVM,Microsoft-Windows-Security-Auditing,Security,4625,4625 - An account failed to log on.,218.24.151.212,3,3 - Network,\ADMIN,ADMIN,"11/16/2024, 6:12:17.917 AM"
"11/16/2024, 6:11:54.950 AM",\ADMINISTRATOR,User,MyLowCostVM,Microsoft-Windows-Security-Auditing,Security,4625,4625 - An account failed to log on.,120.133.88.0,3,3 - Network,\ADMINISTRATOR,ADMINISTRATOR,"11/16/2024, 6:12:17.917 AM"
"11/16/2024, 6:11:55.243 AM",\ADMINISTRATOR,User,MyLowCostVM,Microsoft-Windows-Security-Auditing,Security,4625,4625 - An account failed to log on.,87.251.75.64,3,3 - Network,\ADMINISTRATOR,ADMINISTRATOR,"11/16/2024, 6:12:17.917 AM"
"11/16/2024, 6:12:00.763 AM",\ADMINISTRATOR,User,MyLowCostVM,Microsoft-Windows-Security-Auditing,Security,4625,4625 - An account failed to log on.,87.251.75.64,3,3 - Network,\ADMINISTRATOR,ADMINISTRATOR,"11/16/2024, 6:12:37.920 AM"
"11/16/2024, 6:12:19.077 AM",\ADMINISTRATOR,User,MyLowCostVM,Microsoft-Windows-Security-Auditing,Security,4625,4625 - An account failed to log on.,120.133.88.0,3,3 - Network,\ADMINISTRATOR,ADMINISTRATOR,"11/16/2024, 6:12:37.920 AM"
"11/16/2024, 6:12:20.102 AM",NT AUTHORITY\SYSTEM,Machine,MyLowCostVM,Microsoft-Windows-Security-Auditing,Security,4624,4624 - An account was successfully logged on.,-,5,5 - Service,NT AUTHORITY\SYSTEM,SYSTEM,"11/16/2024, 6:12:57.873 AM"
"11/16/2024, 6:12:20.102 AM",NT AUTHORITY\SYSTEM,Machine,MyLowCostVM,Microsoft-Windows-Security-Auditing,Security,4672,4672 - Special privileges assigned to new logon.,,,,,,"11/16/2024, 6:12:57.873 AM"
"11/16/2024, 6:12:28.757 AM",\ADMINISTRATOR,User,MyLowCostVM,Microsoft-Windows-Security-Auditing,Security,4625,4625 - An account failed to log on.,87.251.75.64,3,3 - Network,\ADMINISTRATOR,ADMINISTRATOR,"11/16/2024, 6:12:57.873 AM"
"11/16/2024, 6:12:33.645 AM",\ADMIN,User,MyLowCostVM,Microsoft-Windows-Security-Auditing,Security,4625,4625 - An account failed to log on.,87.251.75.64,3,3 - Network,\ADMIN,ADMIN,"11/16/2024, 6:12:57.873 AM"
"11/16/2024, 6:12:43.270 AM",\ADMINISTRATOR,User,MyLowCostVM,Microsoft-Windows-Security-Auditing,Security,4625,4625 - An account failed to log on.,120.133.88.0,3,3 - Network,\ADMINISTRATOR,ADMINISTRATOR,"11/16/2024, 6:13:17.916 AM"
"11/16/2024, 6:12:50.290 AM",\ADMINISTRATOR,User,MyLowCostVM,Microsoft-Windows-Security-Auditing,Security,4625,4625 - An account failed to log on.,186.75.215.94,3,3 - Network,\ADMINISTRATOR,ADMINISTRATOR,"11/16/2024, 6:13:17.916 AM"
"11/16/2024, 6:13:04.334 AM",\ADMINISTRATOR,User,MyLowCostVM,Microsoft-Windows-Security-Auditing,Security,4625,4625 - An account failed to log on.,87.251.75.64,3,3 - Network,\ADMINISTRATOR,ADMINISTRATOR,"11/16/2024, 6:13:37.940 AM"
"11/16/2024, 6:13:07.010 AM",\ADMINISTRATOR,User,MyLowCostVM,Microsoft-Windows-Security-Auditing,Security,4625,4625 - An account failed to log on.,87.251.75.64,3,3 - Network,\ADMINISTRATOR,ADMINISTRATOR,"11/16/2024, 6:13:37.940 AM"
"11/16/2024, 6:13:07.345 AM",\ADMINISTRATOR,User,MyLowCostVM,Microsoft-Windows-Security-Auditing,Security,4625,4625 - An account failed to log on.,218.24.151.212,3,3 - Network,\ADMINISTRATOR,ADMINISTRATOR,"11/16/2024, 6:13:37.940 AM"
"11/16/2024, 6:13:07.441 AM",\ADMINISTRATOR,User,MyLowCostVM,Microsoft-Windows-Security-Auditing,Security,4625,4625 - An account failed to log on.,120.133.88.0,3,3 - Network,\ADMINISTRATOR,ADMINISTRATOR,"11/16/2024, 6:13:37.940 AM"
"11/16/2024, 6:13:25.548 AM",\ADMINISTRATOR,User,MyLowCostVM,Microsoft-Windows-Security-Auditing,Security,4625,4625 - An account failed to log on.,116.228.169.194,3,3 - Network,\ADMINISTRATOR,ADMINISTRATOR,"11/16/2024, 6:13:57.918 AM"
"11/16/2024, 6:13:31.609 AM",\ADMINISTRATOR,User,MyLowCostVM,Microsoft-Windows-Security-Auditing,Security,4625,4625 - An account failed to log on.,120.133.88.0,3,3 - Network,\ADMINISTRATOR,ADMINISTRATOR,"11/16/2024, 6:13:57.918 AM"
"11/16/2024, 6:13:32.986 AM",\ADMIN,User,MyLowCostVM,Microsoft-Windows-Security-Auditing,Security,4625,4625 - An account failed to log on.,87.251.75.64,3,3 - Network,\ADMIN,ADMIN,"11/16/2024, 6:13:57.918 AM"
"11/16/2024, 6:13:38.166 AM",\ADMINISTRATOR,User,MyLowCostVM,Microsoft-Windows-Security-Auditing,Security,4625,4625 - An account failed to log on.,87.251.75.64,3,3 - Network,\ADMINISTRATOR,ADMINISTRATOR,"11/16/2024, 6:13:57.918 AM"
"11/16/2024, 6:13:55.736 AM",\ADMINISTRATOR,User,MyLowCostVM,Microsoft-Windows-Security-Auditing,Security,4625,4625 - An account failed to log on.,120.133.88.0,3,3 - Network,\ADMINISTRATOR,ADMINISTRATOR,"11/16/2024, 6:14:17.910 AM"
"11/16/2024, 6:14:00.793 AM",\USER,User,MyLowCostVM,Microsoft-Windows-Security-Auditing,Security,4625,4625 - An account failed to log on.,218.90.122.42,3,3 - Network,\USER,USER,"11/16/2024, 6:14:37.917 AM"
"11/16/2024, 6:14:05.970 AM",\ADMINISTRATOR,User,MyLowCostVM,Microsoft-Windows-Security-Auditing,Security,4625,4625 - An account failed to log on.,87.251.75.64,3,3 - Network,\ADMINISTRATOR,ADMINISTRATOR,"11/16/2024, 6:14:37.917 AM"
"11/16/2024, 6:14:12.413 AM",\ADMINISTRATOR,User,MyLowCostVM,Microsoft-Windows-Security-Auditing,Security,4625,4625 - An account failed to log on.,87.251.75.64,3,3 - Network,\ADMINISTRATOR,ADMINISTRATOR,"11/16/2024, 6:14:37.917 AM"
"11/16/2024, 6:14:19.939 AM",\ADMINISTRATOR,User,MyLowCostVM,Microsoft-Windows-Security-Auditing,Security,4625,4625 - An account failed to log on.,120.133.88.0,3,3 - Network,\ADMINISTRATOR,ADMINISTRATOR,"11/16/2024, 6:14:37.917 AM"
"11/16/2024, 6:14:23.750 AM",\ADMIN,User,MyLowCostVM,Microsoft-Windows-Security-Auditing,Security,4625,4625 - An account failed to log on.,218.24.151.212,3,3 - Network,\ADMIN,ADMIN,"11/16/2024, 6:14:57.892 AM"
"11/16/2024, 6:14:37.950 AM",\ADMIN,User,MyLowCostVM,Microsoft-Windows-Security-Auditing,Security,4625,4625 - An account failed to log on.,87.251.75.64,3,3 - Network,\ADMIN,ADMIN,"11/16/2024, 6:14:57.892 AM"
"11/16/2024, 6:14:44.089 AM",\ADMINISTRATOR,User,MyLowCostVM,Microsoft-Windows-Security-Auditing,Security,4625,4625 - An account failed to log on.,120.133.88.0,3,3 - Network,\ADMINISTRATOR,ADMINISTRATOR,"11/16/2024, 6:15:17.931 AM"
"11/16/2024, 6:14:45.868 AM",\ADMINISTRATOR,User,MyLowCostVM,Microsoft-Windows-Security-Auditing,Security,4625,4625 - An account failed to log on.,87.251.75.64,3,3 - Network,\ADMINISTRATOR,ADMINISTRATOR,"11/16/2024, 6:15:17.931 AM"
"11/16/2024, 6:15:08.201 AM",\ADMINISTRATOR,User,MyLowCostVM,Microsoft-Windows-Security-Auditing,Security,4625,4625 - An account failed to log on.,120.133.88.0,3,3 - Network,\ADMINISTRATOR,ADMINISTRATOR,"11/16/2024, 6:15:37.925 AM"
"11/16/2024, 6:15:08.901 AM",\ADMINISTRATOR,User,MyLowCostVM,Microsoft-Windows-Security-Auditing,Security,4625,4625 - An account failed to log on.,87.251.75.64,3,3 - Network,\ADMINISTRATOR,ADMINISTRATOR,"11/16/2024, 6:15:37.925 AM"
"11/16/2024, 6:15:23.933 AM",\ADMINISTRATOR,User,MyLowCostVM,Microsoft-Windows-Security-Auditing,Security,4625,4625 - An account failed to log on.,87.251.75.64,3,3 - Network,\ADMINISTRATOR,ADMINISTRATOR,"11/16/2024, 6:15:57.894 AM"
"11/16/2024, 6:15:32.436 AM",\ADMINISTRATOR,User,MyLowCostVM,Microsoft-Windows-Security-Auditing,Security,4625,4625 - An account failed to log on.,120.133.88.0,3,3 - Network,\ADMINISTRATOR,ADMINISTRATOR,"11/16/2024, 6:15:57.894 AM"
"11/16/2024, 6:15:41.989 AM",\ADMINISTRATOR,User,MyLowCostVM,Microsoft-Windows-Security-Auditing,Security,4625,4625 - An account failed to log on.,218.24.151.212,3,3 - Network,\ADMINISTRATOR,ADMINISTRATOR,"11/16/2024, 6:16:17.950 AM"
"11/16/2024, 6:15:43.302 AM",WORKGROUP\MyLowCostVM$,Machine,MyLowCostVM,Microsoft-Windows-Security-Auditing,Security,4799,4799 - A security-enabled local group membership was enumerated,,,,Builtin\Remote Desktop Users,Remote Desktop Users,"11/16/2024, 6:16:17.950 AM"
"11/16/2024, 6:15:45.607 AM",WORKGROUP\MyLowCostVM$,Machine,MyLowCostVM,Microsoft-Windows-Security-Auditing,Security,4799,4799 - A security-enabled local group membership was enumerated,,,,Builtin\Administrators,Administrators,"11/16/2024, 6:16:17.950 AM"
"11/16/2024, 6:15:45.609 AM",WORKGROUP\MyLowCostVM$,Machine,MyLowCostVM,Microsoft-Windows-Security-Auditing,Security,4798,4798 - A user's local group membership was enumerated.,,,,MyLowCostVM\crankthat,crankthat,"11/16/2024, 6:16:17.950 AM"
"11/16/2024, 6:15:45.617 AM",WORKGROUP\MyLowCostVM$,Machine,MyLowCostVM,Microsoft-Windows-Security-Auditing,Security,4798,4798 - A user's local group membership was enumerated.,,,,MyLowCostVM\crankthat,crankthat,"11/16/2024, 6:16:17.950 AM"
"11/16/2024, 6:15:45.617 AM",WORKGROUP\MyLowCostVM$,Machine,MyLowCostVM,Microsoft-Windows-Security-Auditing,Security,4798,4798 - A user's local group membership was enumerated.,,,,MyLowCostVM\DefaultAccount,DefaultAccount,"11/16/2024, 6:16:17.950 AM"
"11/16/2024, 6:15:45.617 AM",WORKGROUP\MyLowCostVM$,Machine,MyLowCostVM,Microsoft-Windows-Security-Auditing,Security,4798,4798 - A user's local group membership was enumerated.,,,,MyLowCostVM\Guest,Guest,"11/16/2024, 6:16:17.950 AM"
"11/16/2024, 6:15:45.617 AM",WORKGROUP\MyLowCostVM$,Machine,MyLowCostVM,Microsoft-Windows-Security-Auditing,Security,4798,4798 - A user's local group membership was enumerated.,,,,MyLowCostVM\WDAGUtilityAccount,WDAGUtilityAccount,"11/16/2024, 6:16:17.950 AM"
"11/16/2024, 6:15:47.862 AM",\ADMIN,User,MyLowCostVM,Microsoft-Windows-Security-Auditing,Security,4625,4625 - An account failed to log on.,87.251.75.64,3,3 - Network,\ADMIN,ADMIN,"11/16/2024, 6:16:17.950 AM"
"11/16/2024, 6:15:47.948 AM",WORKGROUP\MyLowCostVM$,Machine,MyLowCostVM,Microsoft-Windows-Security-Auditing,Security,4798,4798 - A user's local group membership was enumerated.,,,,MyLowCostVM\crankthat,crankthat,"11/16/2024, 6:16:17.950 AM"
"11/16/2024, 6:15:47.951 AM",WORKGROUP\MyLowCostVM$,Machine,MyLowCostVM,Microsoft-Windows-Security-Auditing,Security,4798,4798 - A user's local group membership was enumerated.,,,,MyLowCostVM\crankthat,crankthat,"11/16/2024, 6:16:17.950 AM"
"11/16/2024, 6:15:54.226 AM",\ADMINISTRATOR,User,MyLowCostVM,Microsoft-Windows-Security-Auditing,Security,4625,4625 - An account failed to log on.,186.75.215.94,3,3 - Network,\ADMINISTRATOR,ADMINISTRATOR,"11/16/2024, 6:16:17.950 AM"
"11/16/2024, 6:15:56.567 AM",\ADMINISTRATOR,User,MyLowCostVM,Microsoft-Windows-Security-Auditing,Security,4625,4625 - An account failed to log on.,120.133.88.0,3,3 - Network,\ADMINISTRATOR,ADMINISTRATOR,"11/16/2024, 6:16:17.950 AM"
"11/16/2024, 6:16:03.109 AM",\ADMINISTRATOR,User,MyLowCostVM,Microsoft-Windows-Security-Auditing,Security,4625,4625 - An account failed to log on.,116.228.169.194,3,3 - Network,\ADMINISTRATOR,ADMINISTRATOR,"11/16/2024, 6:16:37.874 AM"
"11/16/2024, 6:16:03.550 AM",\ADMINISTRATOR,User,MyLowCostVM,Microsoft-Windows-Security-Auditing,Security,4625,4625 - An account failed to log on.,87.251.75.64,3,3 - Network,\ADMINISTRATOR,ADMINISTRATOR,"11/16/2024, 6:16:37.874 AM"
"11/16/2024, 6:16:16.795 AM",\PC,User,MyLowCostVM,Microsoft-Windows-Security-Auditing,Security,4625,4625 - An account failed to log on.,218.90.122.42,3,3 - Network,\PC,PC,"11/16/2024, 6:16:37.874 AM"
"11/16/2024, 6:16:17.808 AM",\ADMINISTRATOR,User,MyLowCostVM,Microsoft-Windows-Security-Auditing,Security,4625,4625 - An account failed to log on.,87.251.75.64,3,3 - Network,\ADMINISTRATOR,ADMINISTRATOR,"11/16/2024, 6:16:37.874 AM"
"11/16/2024, 6:16:20.794 AM",\ADMINISTRATOR,User,MyLowCostVM,Microsoft-Windows-Security-Auditing,Security,4625,4625 - An account failed to log on.,120.133.88.0,3,3 - Network,\ADMINISTRATOR,ADMINISTRATOR,"11/16/2024, 6:16:57.922 AM"
"11/16/2024, 6:16:39.297 AM",\ADMINISTRATOR,User,MyLowCostVM,Microsoft-Windows-Security-Auditing,Security,4625,4625 - An account failed to log on.,87.251.75.64,3,3 - Network,\ADMINISTRATOR,ADMINISTRATOR,"11/16/2024, 6:16:57.922 AM"
"11/16/2024, 6:16:44.987 AM",\ADMINISTRATOR,User,MyLowCostVM,Microsoft-Windows-Security-Auditing,Security,4625,4625 - An account failed to log on.,120.133.88.0,3,3 - Network,\ADMINISTRATOR,ADMINISTRATOR,"11/16/2024, 6:17:17.903 AM"
"11/16/2024, 6:16:56.284 AM",\ADMIN,User,MyLowCostVM,Microsoft-Windows-Security-Auditing,Security,4625,4625 - An account failed to log on.,87.251.75.64,3,3 - Network,\ADMIN,ADMIN,"11/16/2024, 6:17:17.903 AM"
"11/16/2024, 6:17:01.338 AM",\ADMIN,User,MyLowCostVM,Microsoft-Windows-Security-Auditing,Security,4625,4625 - An account failed to log on.,218.24.151.212,3,3 - Network,\ADMIN,ADMIN,"11/16/2024, 6:17:37.865 AM"
"11/16/2024, 6:17:09.280 AM",\ADMINISTRATOR,User,MyLowCostVM,Microsoft-Windows-Security-Auditing,Security,4625,4625 - An account failed to log on.,120.133.88.0,3,3 - Network,\ADMINISTRATOR,ADMINISTRATOR,"11/16/2024, 6:17:37.865 AM"
"11/16/2024, 6:17:33.515 AM",\ADMINISTRATOR,User,MyLowCostVM,Microsoft-Windows-Security-Auditing,Security,4625,4625 - An account failed to log on.,120.133.88.0,3,3 - Network,\ADMINISTRATOR,ADMINISTRATOR,"11/16/2024, 6:17:57.899 AM"
"11/16/2024, 6:17:35.892 AM",\ADMINISTRATOR,User,MyLowCostVM,Microsoft-Windows-Security-Auditing,Security,4625,4625 - An account failed to log on.,87.251.75.64,3,3 - Network,\ADMINISTRATOR,ADMINISTRATOR,"11/16/2024, 6:17:57.899 AM"
"11/16/2024, 6:17:57.694 AM",\ADMINISTRATOR,User,MyLowCostVM,Microsoft-Windows-Security-Auditing,Security,4625,4625 - An account failed to log on.,120.133.88.0,3,3 - Network,\ADMINISTRATOR,ADMINISTRATOR,"11/16/2024, 6:18:17.939 AM"
"11/16/2024, 6:18:01.216 AM",\ADMINISTRATOR,User,MyLowCostVM,Microsoft-Windows-Security-Auditing,Security,4625,4625 - An account failed to log on.,87.251.75.64,3,3 - Network,\ADMINISTRATOR,ADMINISTRATOR,"11/16/2024, 6:18:37.897 AM"
"11/16/2024, 6:18:19.212 AM",\ADMINISTRATOR,User,MyLowCostVM,Microsoft-Windows-Security-Auditing,Security,4625,4625 - An account failed to log on.,218.24.151.212,3,3 - Network,\ADMINISTRATOR,ADMINISTRATOR,"11/16/2024, 6:18:37.897 AM"
"11/16/2024, 6:18:21.812 AM",\ADMINISTRATOR,User,MyLowCostVM,Microsoft-Windows-Security-Auditing,Security,4625,4625 - An account failed to log on.,120.133.88.0,3,3 - Network,\ADMINISTRATOR,ADMINISTRATOR,"11/16/2024, 6:18:57.889 AM"
