"11/15/2024, 5:39:26.845 PM",\ADMINISTRATOR,User,MyLowCostVM,Microsoft-Windows-Security-Auditing,Security,4625,4625 - An account failed to log on.,120.133.88.0,3,3 - Network,\ADMINISTRATOR,ADMINISTRATOR,"11/15/2024, 5:39:57.990 PM"
"11/15/2024, 5:39:55.306 PM",\ADMINISTRATOR,User,MyLowCostVM,Microsoft-Windows-Security-Auditing,Security,4625,4625 - An account failed to log on.,120.133.88.0,3,3 - Network,\ADMINISTRATOR,ADMINISTRATOR,"11/15/2024, 5:40:17.979 PM"
"11/15/2024, 5:40:05.841 PM",domain\Administrator,User,MyLowCostVM,Microsoft-Windows-Security-Auditing,Security,4625,4625 - An account failed to log on.,193.122.94.68,3,3 - Network,domain\Administrator,Administrator,"11/15/2024, 5:40:37.977 PM"
"11/15/2024, 5:40:23.690 PM",\ADMINISTRATOR,User,MyLowCostVM,Microsoft-Windows-Security-Auditing,Security,4625,4625 - An account failed to log on.,120.133.88.0,3,3 - Network,\ADMINISTRATOR,ADMINISTRATOR,"11/15/2024, 5:40:57.992 PM"
"11/15/2024, 5:40:52.060 PM",\ADMINISTRATOR,User,MyLowCostVM,Microsoft-Windows-Security-Auditing,Security,4625,4625 - An account failed to log on.,120.133.88.0,3,3 - Network,\ADMINISTRATOR,ADMINISTRATOR,"11/15/2024, 5:41:17.981 PM"
"11/15/2024, 5:40:55.953 PM",\ADMINISTRATOR,User,MyLowCostVM,Microsoft-Windows-Security-Auditing,Security,4625,4625 - An account failed to log on.,186.75.215.94,3,3 - Network,\ADMINISTRATOR,ADMINISTRATOR,"11/15/2024, 5:41:17.981 PM"
"11/15/2024, 5:40:58.428 PM",domain\Administrator,User,MyLowCostVM,Microsoft-Windows-Security-Auditing,Security,4625,4625 - An account failed to log on.,193.122.94.68,3,3 - Network,domain\Administrator,Administrator,"11/15/2024, 5:41:17.981 PM"
"11/15/2024, 5:41:20.523 PM",\ADMINISTRATOR,User,MyLowCostVM,Microsoft-Windows-Security-Auditing,Security,4625,4625 - An account failed to log on.,120.133.88.0,3,3 - Network,\ADMINISTRATOR,ADMINISTRATOR,"11/15/2024, 5:41:57.992 PM"
"11/15/2024, 5:41:33.355 PM",\ADMINISTRATOR,User,MyLowCostVM,Microsoft-Windows-Security-Auditing,Security,4625,4625 - An account failed to log on.,20.235.247.188,3,3 - Network,\ADMINISTRATOR,ADMINISTRATOR,"11/15/2024, 5:41:57.992 PM"
"11/15/2024, 5:41:48.890 PM",\ADMINISTRATOR,User,MyLowCostVM,Microsoft-Windows-Security-Auditing,Security,4625,4625 - An account failed to log on.,120.133.88.0,3,3 - Network,\ADMINISTRATOR,ADMINISTRATOR,"11/15/2024, 5:42:17.995 PM"
"11/15/2024, 5:42:17.366 PM",\ADMINISTRATOR,User,MyLowCostVM,Microsoft-Windows-Security-Auditing,Security,4625,4625 - An account failed to log on.,120.133.88.0,3,3 - Network,\ADMINISTRATOR,ADMINISTRATOR,"11/15/2024, 5:42:37.991 PM"
"11/15/2024, 5:42:28.126 PM",domain\Administrator,User,MyLowCostVM,Microsoft-Windows-Security-Auditing,Security,4625,4625 - An account failed to log on.,193.122.94.68,3,3 - Network,domain\Administrator,Administrator,"11/15/2024, 5:42:57.975 PM"
"11/15/2024, 5:42:45.808 PM",\ADMINISTRATOR,User,MyLowCostVM,Microsoft-Windows-Security-Auditing,Security,4625,4625 - An account failed to log on.,120.133.88.0,3,3 - Network,\ADMINISTRATOR,ADMINISTRATOR,"11/15/2024, 5:43:17.982 PM"
"11/15/2024, 5:43:14.217 PM",\ADMINISTRATOR,User,MyLowCostVM,Microsoft-Windows-Security-Auditing,Security,4625,4625 - An account failed to log on.,120.133.88.0,3,3 - Network,\ADMINISTRATOR,ADMINISTRATOR,"11/15/2024, 5:43:37.980 PM"
"11/15/2024, 5:43:21.226 PM",domain\Administrator,User,MyLowCostVM,Microsoft-Windows-Security-Auditing,Security,4625,4625 - An account failed to log on.,193.122.94.68,3,3 - Network,domain\Administrator,Administrator,"11/15/2024, 5:43:57.985 PM"
"11/15/2024, 5:43:42.704 PM",\ADMINISTRATOR,User,MyLowCostVM,Microsoft-Windows-Security-Auditing,Security,4625,4625 - An account failed to log on.,120.133.88.0,3,3 - Network,\ADMINISTRATOR,ADMINISTRATOR,"11/15/2024, 5:44:17.978 PM"
"11/15/2024, 5:44:02.437 PM",\ADMINISTRATOR,User,MyLowCostVM,Microsoft-Windows-Security-Auditing,Security,4625,4625 - An account failed to log on.,186.75.215.94,3,3 - Network,\ADMINISTRATOR,ADMINISTRATOR,"11/15/2024, 5:44:37.997 PM"
"11/15/2024, 5:44:11.157 PM",\ADMINISTRATOR,User,MyLowCostVM,Microsoft-Windows-Security-Auditing,Security,4625,4625 - An account failed to log on.,120.133.88.0,3,3 - Network,\ADMINISTRATOR,ADMINISTRATOR,"11/15/2024, 5:44:37.997 PM"
"11/15/2024, 5:44:12.800 PM",\ADMINISTRATOR,User,MyLowCostVM,Microsoft-Windows-Security-Auditing,Security,4625,4625 - An account failed to log on.,20.235.247.188,3,3 - Network,\ADMINISTRATOR,ADMINISTRATOR,"11/15/2024, 5:44:37.997 PM"
"11/15/2024, 5:44:39.589 PM",\ADMINISTRATOR,User,MyLowCostVM,Microsoft-Windows-Security-Auditing,Security,4625,4625 - An account failed to log on.,120.133.88.0,3,3 - Network,\ADMINISTRATOR,ADMINISTRATOR,"11/15/2024, 5:44:57.991 PM"
"11/15/2024, 5:44:51.819 PM",domain\Administrator,User,MyLowCostVM,Microsoft-Windows-Security-Auditing,Security,4625,4625 - An account failed to log on.,193.122.94.68,3,3 - Network,domain\Administrator,Administrator,"11/15/2024, 5:45:17.996 PM"
"11/15/2024, 5:45:07.988 PM",\ADMINISTRATOR,User,MyLowCostVM,Microsoft-Windows-Security-Auditing,Security,4625,4625 - An account failed to log on.,120.133.88.0,3,3 - Network,\ADMINISTRATOR,ADMINISTRATOR,"11/15/2024, 5:45:38.046 PM"
"11/15/2024, 5:45:36.420 PM",\ADMINISTRATOR,User,MyLowCostVM,Microsoft-Windows-Security-Auditing,Security,4625,4625 - An account failed to log on.,120.133.88.0,3,3 - Network,\ADMINISTRATOR,ADMINISTRATOR,"11/15/2024, 5:45:57.983 PM"
"11/15/2024, 5:45:44.271 PM",domain\Administrator,User,MyLowCostVM,Microsoft-Windows-Security-Auditing,Security,4625,4625 - An account failed to log on.,193.122.94.68,3,3 - Network,domain\Administrator,Administrator,"11/15/2024, 5:46:17.989 PM"
"11/15/2024, 5:46:04.774 PM",\ADMINISTRATOR,User,MyLowCostVM,Microsoft-Windows-Security-Auditing,Security,4625,4625 - An account failed to log on.,120.133.88.0,3,3 - Network,\ADMINISTRATOR,ADMINISTRATOR,"11/15/2024, 5:46:37.985 PM"
"11/15/2024, 5:46:33.103 PM",\ADMINISTRATOR,User,MyLowCostVM,Microsoft-Windows-Security-Auditing,Security,4625,4625 - An account failed to log on.,120.133.88.0,3,3 - Network,\ADMINISTRATOR,ADMINISTRATOR,"11/15/2024, 5:46:57.991 PM"
"11/15/2024, 5:46:47.106 PM",\ADMINISTRATOR,User,MyLowCostVM,Microsoft-Windows-Security-Auditing,Security,4625,4625 - An account failed to log on.,20.235.247.188,3,3 - Network,\ADMINISTRATOR,ADMINISTRATOR,"11/15/2024, 5:47:17.983 PM"
"11/15/2024, 5:47:01.497 PM",\ADMINISTRATOR,User,MyLowCostVM,Microsoft-Windows-Security-Auditing,Security,4625,4625 - An account failed to log on.,120.133.88.0,3,3 - Network,\ADMINISTRATOR,ADMINISTRATOR,"11/15/2024, 5:47:37.976 PM"
"11/15/2024, 5:47:13.940 PM",domain\Administrator,User,MyLowCostVM,Microsoft-Windows-Security-Auditing,Security,4625,4625 - An account failed to log on.,193.122.94.68,3,3 - Network,domain\Administrator,Administrator,"11/15/2024, 5:47:37.976 PM"
"11/15/2024, 5:47:29.877 PM",\ADMINISTRATOR,User,MyLowCostVM,Microsoft-Windows-Security-Auditing,Security,4625,4625 - An account failed to log on.,120.133.88.0,3,3 - Network,\ADMINISTRATOR,ADMINISTRATOR,"11/15/2024, 5:47:57.996 PM"
"11/15/2024, 5:47:58.271 PM",\ADMINISTRATOR,User,MyLowCostVM,Microsoft-Windows-Security-Auditing,Security,4625,4625 - An account failed to log on.,120.133.88.0,3,3 - Network,\ADMINISTRATOR,ADMINISTRATOR,"11/15/2024, 5:48:17.987 PM"
"11/15/2024, 5:48:06.482 PM",domain\Administrator,User,MyLowCostVM,Microsoft-Windows-Security-Auditing,Security,4625,4625 - An account failed to log on.,193.122.94.68,3,3 - Network,domain\Administrator,Administrator,"11/15/2024, 5:48:37.988 PM"
"11/15/2024, 5:48:26.638 PM",\ADMINISTRATOR,User,MyLowCostVM,Microsoft-Windows-Security-Auditing,Security,4625,4625 - An account failed to log on.,120.133.88.0,3,3 - Network,\ADMINISTRATOR,ADMINISTRATOR,"11/15/2024, 5:48:57.979 PM"
"11/15/2024, 5:48:54.967 PM",\ADMINISTRATOR,User,MyLowCostVM,Microsoft-Windows-Security-Auditing,Security,4625,4625 - An account failed to log on.,120.133.88.0,3,3 - Network,\ADMINISTRATOR,ADMINISTRATOR,"11/15/2024, 5:49:17.988 PM"
"11/15/2024, 5:49:23.164 PM",\ADMINISTRATOR,User,MyLowCostVM,Microsoft-Windows-Security-Auditing,Security,4625,4625 - An account failed to log on.,20.235.247.188,3,3 - Network,\ADMINISTRATOR,ADMINISTRATOR,"11/15/2024, 5:49:57.977 PM"
"11/15/2024, 5:49:23.352 PM",\ADMINISTRATOR,User,MyLowCostVM,Microsoft-Windows-Security-Auditing,Security,4625,4625 - An account failed to log on.,120.133.88.0,3,3 - Network,\ADMINISTRATOR,ADMINISTRATOR,"11/15/2024, 5:49:57.977 PM"
"11/15/2024, 5:49:35.700 PM",domain\Administrator,User,MyLowCostVM,Microsoft-Windows-Security-Auditing,Security,4625,4625 - An account failed to log on.,193.122.94.68,3,3 - Network,domain\Administrator,Administrator,"11/15/2024, 5:49:57.977 PM"
"11/15/2024, 5:49:51.697 PM",\ADMINISTRATOR,User,MyLowCostVM,Microsoft-Windows-Security-Auditing,Security,4625,4625 - An account failed to log on.,120.133.88.0,3,3 - Network,\ADMINISTRATOR,ADMINISTRATOR,"11/15/2024, 5:50:17.990 PM"
"11/15/2024, 5:50:16.526 PM",\ADMINISTRATOR,User,MyLowCostVM,Microsoft-Windows-Security-Auditing,Security,4625,4625 - An account failed to log on.,186.75.215.94,3,3 - Network,\ADMINISTRATOR,ADMINISTRATOR,"11/15/2024, 5:50:37.972 PM"
"11/15/2024, 5:50:19.982 PM",\ADMINISTRATOR,User,MyLowCostVM,Microsoft-Windows-Security-Auditing,Security,4625,4625 - An account failed to log on.,120.133.88.0,3,3 - Network,\ADMINISTRATOR,ADMINISTRATOR,"11/15/2024, 5:50:37.972 PM"
"11/15/2024, 5:50:28.800 PM",domain\Administrator,User,MyLowCostVM,Microsoft-Windows-Security-Auditing,Security,4625,4625 - An account failed to log on.,193.122.94.68,3,3 - Network,domain\Administrator,Administrator,"11/15/2024, 5:50:57.983 PM"
"11/15/2024, 5:50:48.352 PM",\ADMINISTRATOR,User,MyLowCostVM,Microsoft-Windows-Security-Auditing,Security,4625,4625 - An account failed to log on.,120.133.88.0,3,3 - Network,\ADMINISTRATOR,ADMINISTRATOR,"11/15/2024, 5:51:17.998 PM"
"11/15/2024, 5:51:16.714 PM",\ADMINISTRATOR,User,MyLowCostVM,Microsoft-Windows-Security-Auditing,Security,4625,4625 - An account failed to log on.,120.133.88.0,3,3 - Network,\ADMINISTRATOR,ADMINISTRATOR,"11/15/2024, 5:51:37.977 PM"
"11/15/2024, 5:51:45.028 PM",\ADMINISTRATOR,User,MyLowCostVM,Microsoft-Windows-Security-Auditing,Security,4625,4625 - An account failed to log on.,120.133.88.0,3,3 - Network,\ADMINISTRATOR,ADMINISTRATOR,"11/15/2024, 5:52:17.989 PM"
"11/15/2024, 5:51:58.185 PM",domain\Administrator,User,MyLowCostVM,Microsoft-Windows-Security-Auditing,Security,4625,4625 - An account failed to log on.,193.122.94.68,3,3 - Network,domain\Administrator,Administrator,"11/15/2024, 5:52:17.989 PM"
"11/15/2024, 5:52:03.062 PM",\ADMINISTRATOR,User,MyLowCostVM,Microsoft-Windows-Security-Auditing,Security,4625,4625 - An account failed to log on.,20.235.247.188,3,3 - Network,\ADMINISTRATOR,ADMINISTRATOR,"11/15/2024, 5:52:37.974 PM"
"11/15/2024, 5:52:13.308 PM",\ADMINISTRATOR,User,MyLowCostVM,Microsoft-Windows-Security-Auditing,Security,4625,4625 - An account failed to log on.,120.133.88.0,3,3 - Network,\ADMINISTRATOR,ADMINISTRATOR,"11/15/2024, 5:52:37.974 PM"
"11/15/2024, 5:52:41.614 PM",\ADMINISTRATOR,User,MyLowCostVM,Microsoft-Windows-Security-Auditing,Security,4625,4625 - An account failed to log on.,120.133.88.0,3,3 - Network,\ADMINISTRATOR,ADMINISTRATOR,"11/15/2024, 5:53:17.985 PM"
"11/15/2024, 5:52:50.987 PM",domain\Administrator,User,MyLowCostVM,Microsoft-Windows-Security-Auditing,Security,4625,4625 - An account failed to log on.,193.122.94.68,3,3 - Network,domain\Administrator,Administrator,"11/15/2024, 5:53:17.985 PM"
"11/15/2024, 5:53:09.941 PM",\ADMINISTRATOR,User,MyLowCostVM,Microsoft-Windows-Security-Auditing,Security,4625,4625 - An account failed to log on.,120.133.88.0,3,3 - Network,\ADMINISTRATOR,ADMINISTRATOR,"11/15/2024, 5:53:37.998 PM"
"11/15/2024, 5:53:19.934 PM",\ADMINISTRATOR,User,MyLowCostVM,Microsoft-Windows-Security-Auditing,Security,4625,4625 - An account failed to log on.,186.75.215.94,3,3 - Network,\ADMINISTRATOR,ADMINISTRATOR,"11/15/2024, 5:53:37.998 PM"
"11/15/2024, 5:53:38.214 PM",\ADMINISTRATOR,User,MyLowCostVM,Microsoft-Windows-Security-Auditing,Security,4625,4625 - An account failed to log on.,120.133.88.0,3,3 - Network,\ADMINISTRATOR,ADMINISTRATOR,"11/15/2024, 5:53:57.990 PM"
"11/15/2024, 5:54:06.546 PM",\ADMINISTRATOR,User,MyLowCostVM,Microsoft-Windows-Security-Auditing,Security,4625,4625 - An account failed to log on.,120.133.88.0,3,3 - Network,\ADMINISTRATOR,ADMINISTRATOR,"11/15/2024, 5:54:37.989 PM"
"11/15/2024, 5:54:20.022 PM",domain\Administrator,User,MyLowCostVM,Microsoft-Windows-Security-Auditing,Security,4625,4625 - An account failed to log on.,193.122.94.68,3,3 - Network,domain\Administrator,Administrator,"11/15/2024, 5:54:57.999 PM"
"11/15/2024, 5:54:34.865 PM",\ADMINISTRATOR,User,MyLowCostVM,Microsoft-Windows-Security-Auditing,Security,4625,4625 - An account failed to log on.,120.133.88.0,3,3 - Network,\ADMINISTRATOR,ADMINISTRATOR,"11/15/2024, 5:54:57.999 PM"
"11/15/2024, 5:54:42.687 PM",\ADMINISTRATOR,User,MyLowCostVM,Microsoft-Windows-Security-Auditing,Security,4625,4625 - An account failed to log on.,20.235.247.188,3,3 - Network,\ADMINISTRATOR,ADMINISTRATOR,"11/15/2024, 5:55:17.972 PM"
"11/15/2024, 5:55:03.116 PM",\ADMINISTRATOR,User,MyLowCostVM,Microsoft-Windows-Security-Auditing,Security,4625,4625 - An account failed to log on.,120.133.88.0,3,3 - Network,\ADMINISTRATOR,ADMINISTRATOR,"11/15/2024, 5:55:37.996 PM"
"11/15/2024, 5:55:12.998 PM",domain\Administrator,User,MyLowCostVM,Microsoft-Windows-Security-Auditing,Security,4625,4625 - An account failed to log on.,193.122.94.68,3,3 - Network,domain\Administrator,Administrator,"11/15/2024, 5:55:37.996 PM"
"11/15/2024, 5:55:31.362 PM",\ADMINISTRATOR,User,MyLowCostVM,Microsoft-Windows-Security-Auditing,Security,4625,4625 - An account failed to log on.,120.133.88.0,3,3 - Network,\ADMINISTRATOR,ADMINISTRATOR,"11/15/2024, 5:55:57.994 PM"
"11/15/2024, 5:55:59.649 PM",\ADMINISTRATOR,User,MyLowCostVM,Microsoft-Windows-Security-Auditing,Security,4625,4625 - An account failed to log on.,120.133.88.0,3,3 - Network,\ADMINISTRATOR,ADMINISTRATOR,"11/15/2024, 5:56:17.982 PM"
"11/15/2024, 5:56:26.271 PM",\ADMINISTRATOR,User,MyLowCostVM,Microsoft-Windows-Security-Auditing,Security,4625,4625 - An account failed to log on.,186.75.215.94,3,3 - Network,\ADMINISTRATOR,ADMINISTRATOR,"11/15/2024, 5:56:57.982 PM"
"11/15/2024, 5:56:27.955 PM",\ADMINISTRATOR,User,MyLowCostVM,Microsoft-Windows-Security-Auditing,Security,4625,4625 - An account failed to log on.,120.133.88.0,3,3 - Network,\ADMINISTRATOR,ADMINISTRATOR,"11/15/2024, 5:56:57.982 PM"
"11/15/2024, 5:56:42.278 PM",domain\Administrator,User,MyLowCostVM,Microsoft-Windows-Security-Auditing,Security,4625,4625 - An account failed to log on.,193.122.94.68,3,3 - Network,domain\Administrator,Administrator,"11/15/2024, 5:57:18.020 PM"
"11/15/2024, 5:56:56.208 PM",\ADMINISTRATOR,User,MyLowCostVM,Microsoft-Windows-Security-Auditing,Security,4625,4625 - An account failed to log on.,120.133.88.0,3,3 - Network,\ADMINISTRATOR,ADMINISTRATOR,"11/15/2024, 5:57:18.020 PM"
"11/15/2024, 5:57:20.838 PM",\ADMINISTRATOR,User,MyLowCostVM,Microsoft-Windows-Security-Auditing,Security,4625,4625 - An account failed to log on.,20.235.247.188,3,3 - Network,\ADMINISTRATOR,ADMINISTRATOR,"11/15/2024, 5:57:57.984 PM"
"11/15/2024, 5:57:24.453 PM",\ADMINISTRATOR,User,MyLowCostVM,Microsoft-Windows-Security-Auditing,Security,4625,4625 - An account failed to log on.,120.133.88.0,3,3 - Network,\ADMINISTRATOR,ADMINISTRATOR,"11/15/2024, 5:57:57.984 PM"
"11/15/2024, 5:57:35.362 PM",domain\Administrator,User,MyLowCostVM,Microsoft-Windows-Security-Auditing,Security,4625,4625 - An account failed to log on.,193.122.94.68,3,3 - Network,domain\Administrator,Administrator,"11/15/2024, 5:57:57.984 PM"
"11/15/2024, 5:57:52.736 PM",\ADMINISTRATOR,User,MyLowCostVM,Microsoft-Windows-Security-Auditing,Security,4625,4625 - An account failed to log on.,120.133.88.0,3,3 - Network,\ADMINISTRATOR,ADMINISTRATOR,"11/15/2024, 5:58:18.005 PM"
"11/15/2024, 5:58:20.984 PM",\ADMINISTRATOR,User,MyLowCostVM,Microsoft-Windows-Security-Auditing,Security,4625,4625 - An account failed to log on.,120.133.88.0,3,3 - Network,\ADMINISTRATOR,ADMINISTRATOR,"11/15/2024, 5:58:57.975 PM"
"11/15/2024, 5:58:49.206 PM",\ADMINISTRATOR,User,MyLowCostVM,Microsoft-Windows-Security-Auditing,Security,4625,4625 - An account failed to log on.,120.133.88.0,3,3 - Network,\ADMINISTRATOR,ADMINISTRATOR,"11/15/2024, 5:59:17.993 PM"
"11/15/2024, 5:59:04.502 PM",domain\Administrator,User,MyLowCostVM,Microsoft-Windows-Security-Auditing,Security,4625,4625 - An account failed to log on.,193.122.94.68,3,3 - Network,domain\Administrator,Administrator,"11/15/2024, 5:59:37.994 PM"
"11/15/2024, 5:59:17.422 PM",\ADMINISTRATOR,User,MyLowCostVM,Microsoft-Windows-Security-Auditing,Security,4625,4625 - An account failed to log on.,120.133.88.0,3,3 - Network,\ADMINISTRATOR,ADMINISTRATOR,"11/15/2024, 5:59:37.994 PM"
"11/15/2024, 5:59:31.751 PM",\ADMINISTRATOR,User,MyLowCostVM,Microsoft-Windows-Security-Auditing,Security,4625,4625 - An account failed to log on.,186.75.215.94,3,3 - Network,\ADMINISTRATOR,ADMINISTRATOR,"11/15/2024, 5:59:57.977 PM"
"11/15/2024, 5:59:45.693 PM",\ADMINISTRATOR,User,MyLowCostVM,Microsoft-Windows-Security-Auditing,Security,4625,4625 - An account failed to log on.,120.133.88.0,3,3 - Network,\ADMINISTRATOR,ADMINISTRATOR,"11/15/2024, 6:00:17.978 PM"
"11/15/2024, 5:59:57.232 PM",domain\Administrator,User,MyLowCostVM,Microsoft-Windows-Security-Auditing,Security,4625,4625 - An account failed to log on.,193.122.94.68,3,3 - Network,domain\Administrator,Administrator,"11/15/2024, 6:00:17.978 PM"
"11/15/2024, 5:59:58.019 PM",\ADMINISTRATOR,User,MyLowCostVM,Microsoft-Windows-Security-Auditing,Security,4625,4625 - An account failed to log on.,20.235.247.188,3,3 - Network,\ADMINISTRATOR,ADMINISTRATOR,"11/15/2024, 6:00:17.978 PM"
"11/15/2024, 6:00:13.957 PM",\ADMINISTRATOR,User,MyLowCostVM,Microsoft-Windows-Security-Auditing,Security,4625,4625 - An account failed to log on.,120.133.88.0,3,3 - Network,\ADMINISTRATOR,ADMINISTRATOR,"11/15/2024, 6:00:37.982 PM"
"11/15/2024, 6:00:42.309 PM",\ADMINISTRATOR,User,MyLowCostVM,Microsoft-Windows-Security-Auditing,Security,4625,4625 - An account failed to log on.,120.133.88.0,3,3 - Network,\ADMINISTRATOR,ADMINISTRATOR,"11/15/2024, 6:01:17.981 PM"
"11/15/2024, 6:01:10.858 PM",\ADMINISTRATOR,User,MyLowCostVM,Microsoft-Windows-Security-Auditing,Security,4625,4625 - An account failed to log on.,120.133.88.0,3,3 - Network,\ADMINISTRATOR,ADMINISTRATOR,"11/15/2024, 6:01:37.974 PM"
"11/15/2024, 6:01:27.631 PM",domain\Administrator,User,MyLowCostVM,Microsoft-Windows-Security-Auditing,Security,4625,4625 - An account failed to log on.,193.122.94.68,3,3 - Network,domain\Administrator,Administrator,"11/15/2024, 6:01:57.988 PM"
"11/15/2024, 6:01:39.261 PM",\ADMINISTRATOR,User,MyLowCostVM,Microsoft-Windows-Security-Auditing,Security,4625,4625 - An account failed to log on.,120.133.88.0,3,3 - Network,\ADMINISTRATOR,ADMINISTRATOR,"11/15/2024, 6:01:57.988 PM"
"11/15/2024, 6:02:07.517 PM",\ADMINISTRATOR,User,MyLowCostVM,Microsoft-Windows-Security-Auditing,Security,4625,4625 - An account failed to log on.,120.133.88.0,3,3 - Network,\ADMINISTRATOR,ADMINISTRATOR,"11/15/2024, 6:02:37.991 PM"
"11/15/2024, 6:02:20.329 PM",domain\Administrator,User,MyLowCostVM,Microsoft-Windows-Security-Auditing,Security,4625,4625 - An account failed to log on.,193.122.94.68,3,3 - Network,domain\Administrator,Administrator,"11/15/2024, 6:02:57.996 PM"
"11/15/2024, 6:02:35.898 PM",\ADMINISTRATOR,User,MyLowCostVM,Microsoft-Windows-Security-Auditing,Security,4625,4625 - An account failed to log on.,120.133.88.0,3,3 - Network,\ADMINISTRATOR,ADMINISTRATOR,"11/15/2024, 6:02:57.996 PM"
"11/15/2024, 6:02:40.714 PM",\ADMINISTRATOR,User,MyLowCostVM,Microsoft-Windows-Security-Auditing,Security,4625,4625 - An account failed to log on.,20.235.247.188,3,3 - Network,\ADMINISTRATOR,ADMINISTRATOR,"11/15/2024, 6:03:17.979 PM"
"11/15/2024, 6:02:42.508 PM",\ADMINISTRATOR,User,MyLowCostVM,Microsoft-Windows-Security-Auditing,Security,4625,4625 - An account failed to log on.,186.75.215.94,3,3 - Network,\ADMINISTRATOR,ADMINISTRATOR,"11/15/2024, 6:03:17.979 PM"
"11/15/2024, 6:03:04.215 PM",\ADMINISTRATOR,User,MyLowCostVM,Microsoft-Windows-Security-Auditing,Security,4625,4625 - An account failed to log on.,120.133.88.0,3,3 - Network,\ADMINISTRATOR,ADMINISTRATOR,"11/15/2024, 6:03:37.970 PM"
"11/15/2024, 6:03:21.662 PM",NT AUTHORITY\SYSTEM,Machine,MyLowCostVM,Microsoft-Windows-Security-Auditing,Security,4624,4624 - An account was successfully logged on.,-,5,5 - Service,NT AUTHORITY\SYSTEM,SYSTEM,"11/15/2024, 6:03:58.001 PM"
"11/15/2024, 6:03:21.662 PM",NT AUTHORITY\SYSTEM,Machine,MyLowCostVM,Microsoft-Windows-Security-Auditing,Security,4672,4672 - Special privileges assigned to new logon.,,,,,,"11/15/2024, 6:03:58.001 PM"
"11/15/2024, 6:03:32.474 PM",\ADMINISTRATOR,User,MyLowCostVM,Microsoft-Windows-Security-Auditing,Security,4625,4625 - An account failed to log on.,120.133.88.0,3,3 - Network,\ADMINISTRATOR,ADMINISTRATOR,"11/15/2024, 6:03:58.001 PM"
"11/15/2024, 6:03:50.105 PM",domain\Administrator,User,MyLowCostVM,Microsoft-Windows-Security-Auditing,Security,4625,4625 - An account failed to log on.,193.122.94.68,3,3 - Network,domain\Administrator,Administrator,"11/15/2024, 6:04:17.983 PM"
"11/15/2024, 6:04:00.731 PM",\ADMINISTRATOR,User,MyLowCostVM,Microsoft-Windows-Security-Auditing,Security,4625,4625 - An account failed to log on.,120.133.88.0,3,3 - Network,\ADMINISTRATOR,ADMINISTRATOR,"11/15/2024, 6:04:37.976 PM"
"11/15/2024, 6:04:28.789 PM",\ADMINISTRATOR,User,MyLowCostVM,Microsoft-Windows-Security-Auditing,Security,4625,4625 - An account failed to log on.,120.133.88.0,3,3 - Network,\ADMINISTRATOR,ADMINISTRATOR,"11/15/2024, 6:04:58.006 PM"
"11/15/2024, 6:04:42.757 PM",domain\Administrator,User,MyLowCostVM,Microsoft-Windows-Security-Auditing,Security,4625,4625 - An account failed to log on.,193.122.94.68,3,3 - Network,domain\Administrator,Administrator,"11/15/2024, 6:05:17.982 PM"
"11/15/2024, 6:04:56.912 PM",\ADMINISTRATOR,User,MyLowCostVM,Microsoft-Windows-Security-Auditing,Security,4625,4625 - An account failed to log on.,120.133.88.0,3,3 - Network,\ADMINISTRATOR,ADMINISTRATOR,"11/15/2024, 6:05:17.982 PM"
"11/15/2024, 6:05:15.825 PM",\ADMINISTRATOR,User,MyLowCostVM,Microsoft-Windows-Security-Auditing,Security,4625,4625 - An account failed to log on.,20.235.247.188,3,3 - Network,\ADMINISTRATOR,ADMINISTRATOR,"11/15/2024, 6:05:37.978 PM"
"11/15/2024, 6:05:24.963 PM",\ADMINISTRATOR,User,MyLowCostVM,Microsoft-Windows-Security-Auditing,Security,4625,4625 - An account failed to log on.,120.133.88.0,3,3 - Network,\ADMINISTRATOR,ADMINISTRATOR,"11/15/2024, 6:05:57.979 PM"
"11/15/2024, 6:05:53.107 PM",\ADMINISTRATOR,User,MyLowCostVM,Microsoft-Windows-Security-Auditing,Security,4625,4625 - An account failed to log on.,120.133.88.0,3,3 - Network,\ADMINISTRATOR,ADMINISTRATOR,"11/15/2024, 6:06:17.992 PM"
"11/15/2024, 6:06:12.647 PM",domain\Administrator,User,MyLowCostVM,Microsoft-Windows-Security-Auditing,Security,4625,4625 - An account failed to log on.,193.122.94.68,3,3 - Network,domain\Administrator,Administrator,"11/15/2024, 6:06:37.973 PM"
"11/15/2024, 6:06:21.069 PM",\ADMINISTRATOR,User,MyLowCostVM,Microsoft-Windows-Security-Auditing,Security,4625,4625 - An account failed to log on.,120.133.88.0,3,3 - Network,\ADMINISTRATOR,ADMINISTRATOR,"11/15/2024, 6:06:57.978 PM"
"11/15/2024, 6:06:49.219 PM",\ADMINISTRATOR,User,MyLowCostVM,Microsoft-Windows-Security-Auditing,Security,4625,4625 - An account failed to log on.,120.133.88.0,3,3 - Network,\ADMINISTRATOR,ADMINISTRATOR,"11/15/2024, 6:07:17.986 PM"
"11/15/2024, 6:07:05.822 PM",domain\Administrator,User,MyLowCostVM,Microsoft-Windows-Security-Auditing,Security,4625,4625 - An account failed to log on.,193.122.94.68,3,3 - Network,domain\Administrator,Administrator,"11/15/2024, 6:07:37.976 PM"
"11/15/2024, 6:07:17.205 PM",\ADMINISTRATOR,User,MyLowCostVM,Microsoft-Windows-Security-Auditing,Security,4625,4625 - An account failed to log on.,120.133.88.0,3,3 - Network,\ADMINISTRATOR,ADMINISTRATOR,"11/15/2024, 6:07:37.976 PM"
"11/15/2024, 6:07:45.283 PM",\ADMINISTRATOR,User,MyLowCostVM,Microsoft-Windows-Security-Auditing,Security,4625,4625 - An account failed to log on.,120.133.88.0,3,3 - Network,\ADMINISTRATOR,ADMINISTRATOR,"11/15/2024, 6:08:17.978 PM"
"11/15/2024, 6:07:50.989 PM",\ADMINISTRATOR,User,MyLowCostVM,Microsoft-Windows-Security-Auditing,Security,4625,4625 - An account failed to log on.,20.235.247.188,3,3 - Network,\ADMINISTRATOR,ADMINISTRATOR,"11/15/2024, 6:08:17.978 PM"
"11/15/2024, 6:08:13.302 PM",\ADMINISTRATOR,User,MyLowCostVM,Microsoft-Windows-Security-Auditing,Security,4625,4625 - An account failed to log on.,120.133.88.0,3,3 - Network,\ADMINISTRATOR,ADMINISTRATOR,"11/15/2024, 6:08:37.995 PM"
"11/15/2024, 6:08:35.727 PM",domain\Administrator,User,MyLowCostVM,Microsoft-Windows-Security-Auditing,Security,4625,4625 - An account failed to log on.,193.122.94.68,3,3 - Network,domain\Administrator,Administrator,"11/15/2024, 6:08:57.971 PM"
"11/15/2024, 6:08:41.453 PM",\ADMINISTRATOR,User,MyLowCostVM,Microsoft-Windows-Security-Auditing,Security,4625,4625 - An account failed to log on.,120.133.88.0,3,3 - Network,\ADMINISTRATOR,ADMINISTRATOR,"11/15/2024, 6:09:17.976 PM"
"11/15/2024, 6:08:56.380 PM",\ADMINISTRATOR,User,MyLowCostVM,Microsoft-Windows-Security-Auditing,Security,4625,4625 - An account failed to log on.,186.75.215.94,3,3 - Network,\ADMINISTRATOR,ADMINISTRATOR,"11/15/2024, 6:09:17.976 PM"
"11/15/2024, 6:09:09.492 PM",\ADMINISTRATOR,User,MyLowCostVM,Microsoft-Windows-Security-Auditing,Security,4625,4625 - An account failed to log on.,120.133.88.0,3,3 - Network,\ADMINISTRATOR,ADMINISTRATOR,"11/15/2024, 6:09:37.978 PM"
"11/15/2024, 6:09:29.051 PM",domain\Administrator,User,MyLowCostVM,Microsoft-Windows-Security-Auditing,Security,4625,4625 - An account failed to log on.,193.122.94.68,3,3 - Network,domain\Administrator,Administrator,"11/15/2024, 6:09:57.985 PM"
"11/15/2024, 6:09:37.482 PM",\ADMINISTRATOR,User,MyLowCostVM,Microsoft-Windows-Security-Auditing,Security,4625,4625 - An account failed to log on.,120.133.88.0,3,3 - Network,\ADMINISTRATOR,ADMINISTRATOR,"11/15/2024, 6:09:57.985 PM"
"11/15/2024, 6:10:05.465 PM",\ADMINISTRATOR,User,MyLowCostVM,Microsoft-Windows-Security-Auditing,Security,4625,4625 - An account failed to log on.,120.133.88.0,3,3 - Network,\ADMINISTRATOR,ADMINISTRATOR,"11/15/2024, 6:10:38.028 PM"
"11/15/2024, 6:10:24.753 PM",\ADMINISTRATOR,User,MyLowCostVM,Microsoft-Windows-Security-Auditing,Security,4625,4625 - An account failed to log on.,20.235.247.188,3,3 - Network,\ADMINISTRATOR,ADMINISTRATOR,"11/15/2024, 6:10:57.985 PM"
"11/15/2024, 6:10:33.507 PM",\ADMINISTRATOR,User,MyLowCostVM,Microsoft-Windows-Security-Auditing,Security,4625,4625 - An account failed to log on.,120.133.88.0,3,3 - Network,\ADMINISTRATOR,ADMINISTRATOR,"11/15/2024, 6:10:57.985 PM"
"11/15/2024, 6:10:58.297 PM",domain\Administrator,User,MyLowCostVM,Microsoft-Windows-Security-Auditing,Security,4625,4625 - An account failed to log on.,193.122.94.68,3,3 - Network,domain\Administrator,Administrator,"11/15/2024, 6:11:17.988 PM"
"11/15/2024, 6:11:01.632 PM",\ADMINISTRATOR,User,MyLowCostVM,Microsoft-Windows-Security-Auditing,Security,4625,4625 - An account failed to log on.,120.133.88.0,3,3 - Network,\ADMINISTRATOR,ADMINISTRATOR,"11/15/2024, 6:11:37.985 PM"
"11/15/2024, 6:11:29.710 PM",\ADMINISTRATOR,User,MyLowCostVM,Microsoft-Windows-Security-Auditing,Security,4625,4625 - An account failed to log on.,120.133.88.0,3,3 - Network,\ADMINISTRATOR,ADMINISTRATOR,"11/15/2024, 6:11:57.982 PM"
"11/15/2024, 6:11:51.965 PM",domain\Administrator,User,MyLowCostVM,Microsoft-Windows-Security-Auditing,Security,4625,4625 - An account failed to log on.,193.122.94.68,3,3 - Network,domain\Administrator,Administrator,"11/15/2024, 6:12:17.993 PM"
"11/15/2024, 6:11:57.673 PM",\ADMINISTRATOR,User,MyLowCostVM,Microsoft-Windows-Security-Auditing,Security,4625,4625 - An account failed to log on.,120.133.88.0,3,3 - Network,\ADMINISTRATOR,ADMINISTRATOR,"11/15/2024, 6:12:17.993 PM"
"11/15/2024, 6:12:20.083 PM",NT AUTHORITY\SYSTEM,Machine,MyLowCostVM,Microsoft-Windows-Security-Auditing,Security,4624,4624 - An account was successfully logged on.,-,5,5 - Service,NT AUTHORITY\SYSTEM,SYSTEM,"11/15/2024, 6:12:57.979 PM"
"11/15/2024, 6:12:20.083 PM",NT AUTHORITY\SYSTEM,Machine,MyLowCostVM,Microsoft-Windows-Security-Auditing,Security,4672,4672 - Special privileges assigned to new logon.,,,,,,"11/15/2024, 6:12:57.979 PM"
"11/15/2024, 6:12:25.559 PM",\ADMINISTRATOR,User,MyLowCostVM,Microsoft-Windows-Security-Auditing,Security,4625,4625 - An account failed to log on.,120.133.88.0,3,3 - Network,\ADMINISTRATOR,ADMINISTRATOR,"11/15/2024, 6:12:57.979 PM"
"11/15/2024, 6:12:53.421 PM",\ADMINISTRATOR,User,MyLowCostVM,Microsoft-Windows-Security-Auditing,Security,4625,4625 - An account failed to log on.,120.133.88.0,3,3 - Network,\ADMINISTRATOR,ADMINISTRATOR,"11/15/2024, 6:13:17.976 PM"
"11/15/2024, 6:12:57.789 PM",\ADMINISTRATOR,User,MyLowCostVM,Microsoft-Windows-Security-Auditing,Security,4625,4625 - An account failed to log on.,20.235.247.188,3,3 - Network,\ADMINISTRATOR,ADMINISTRATOR,"11/15/2024, 6:13:17.976 PM"
"11/15/2024, 6:13:21.082 PM",domain\Administrator,User,MyLowCostVM,Microsoft-Windows-Security-Auditing,Security,4625,4625 - An account failed to log on.,193.122.94.68,3,3 - Network,domain\Administrator,Administrator,"11/15/2024, 6:13:58.980 PM"
"11/15/2024, 6:13:21.339 PM",\ADMINISTRATOR,User,MyLowCostVM,Microsoft-Windows-Security-Auditing,Security,4625,4625 - An account failed to log on.,120.133.88.0,3,3 - Network,\ADMINISTRATOR,ADMINISTRATOR,"11/15/2024, 6:13:58.980 PM"
"11/15/2024, 6:13:27.830 PM",WORKGROUP\MyLowCostVM$,Machine,MyLowCostVM,Microsoft-Windows-Security-Auditing,Security,4799,4799 - A security-enabled local group membership was enumerated,,,,Builtin\Remote Desktop Users,Remote Desktop Users,"11/15/2024, 6:13:58.980 PM"
"11/15/2024, 6:13:30.108 PM",WORKGROUP\MyLowCostVM$,Machine,MyLowCostVM,Microsoft-Windows-Security-Auditing,Security,4799,4799 - A security-enabled local group membership was enumerated,,,,Builtin\Administrators,Administrators,"11/15/2024, 6:13:58.980 PM"
"11/15/2024, 6:13:30.110 PM",WORKGROUP\MyLowCostVM$,Machine,MyLowCostVM,Microsoft-Windows-Security-Auditing,Security,4798,4798 - A user's local group membership was enumerated.,,,,MyLowCostVM\crankthat,crankthat,"11/15/2024, 6:13:58.980 PM"
"11/15/2024, 6:13:30.118 PM",WORKGROUP\MyLowCostVM$,Machine,MyLowCostVM,Microsoft-Windows-Security-Auditing,Security,4798,4798 - A user's local group membership was enumerated.,,,,MyLowCostVM\crankthat,crankthat,"11/15/2024, 6:13:58.980 PM"
"11/15/2024, 6:13:30.118 PM",WORKGROUP\MyLowCostVM$,Machine,MyLowCostVM,Microsoft-Windows-Security-Auditing,Security,4798,4798 - A user's local group membership was enumerated.,,,,MyLowCostVM\DefaultAccount,DefaultAccount,"11/15/2024, 6:13:58.980 PM"
"11/15/2024, 6:13:30.118 PM",WORKGROUP\MyLowCostVM$,Machine,MyLowCostVM,Microsoft-Windows-Security-Auditing,Security,4798,4798 - A user's local group membership was enumerated.,,,,MyLowCostVM\Guest,Guest,"11/15/2024, 6:13:58.980 PM"
"11/15/2024, 6:13:30.118 PM",WORKGROUP\MyLowCostVM$,Machine,MyLowCostVM,Microsoft-Windows-Security-Auditing,Security,4798,4798 - A user's local group membership was enumerated.,,,,MyLowCostVM\WDAGUtilityAccount,WDAGUtilityAccount,"11/15/2024, 6:13:58.980 PM"
"11/15/2024, 6:13:32.474 PM",WORKGROUP\MyLowCostVM$,Machine,MyLowCostVM,Microsoft-Windows-Security-Auditing,Security,4798,4798 - A user's local group membership was enumerated.,,,,MyLowCostVM\crankthat,crankthat,"11/15/2024, 6:13:58.980 PM"
"11/15/2024, 6:13:32.478 PM",WORKGROUP\MyLowCostVM$,Machine,MyLowCostVM,Microsoft-Windows-Security-Auditing,Security,4798,4798 - A user's local group membership was enumerated.,,,,MyLowCostVM\crankthat,crankthat,"11/15/2024, 6:13:58.980 PM"
"11/15/2024, 6:13:49.210 PM",\ADMINISTRATOR,User,MyLowCostVM,Microsoft-Windows-Security-Auditing,Security,4625,4625 - An account failed to log on.,120.133.88.0,3,3 - Network,\ADMINISTRATOR,ADMINISTRATOR,"11/15/2024, 6:14:17.981 PM"
"11/15/2024, 6:14:14.127 PM",domain\Administrator,User,MyLowCostVM,Microsoft-Windows-Security-Auditing,Security,4625,4625 - An account failed to log on.,193.122.94.68,3,3 - Network,domain\Administrator,Administrator,"11/15/2024, 6:14:38.025 PM"
"11/15/2024, 6:14:17.199 PM",\ADMINISTRATOR,User,MyLowCostVM,Microsoft-Windows-Security-Auditing,Security,4625,4625 - An account failed to log on.,120.133.88.0,3,3 - Network,\ADMINISTRATOR,ADMINISTRATOR,"11/15/2024, 6:14:38.025 PM"
"11/15/2024, 6:14:45.080 PM",\ADMINISTRATOR,User,MyLowCostVM,Microsoft-Windows-Security-Auditing,Security,4625,4625 - An account failed to log on.,120.133.88.0,3,3 - Network,\ADMINISTRATOR,ADMINISTRATOR,"11/15/2024, 6:15:17.983 PM"
"11/15/2024, 6:15:13.104 PM",\ADMINISTRATOR,User,MyLowCostVM,Microsoft-Windows-Security-Auditing,Security,4625,4625 - An account failed to log on.,120.133.88.0,3,3 - Network,\ADMINISTRATOR,ADMINISTRATOR,"11/15/2024, 6:15:37.976 PM"
"11/15/2024, 6:15:14.611 PM",\ADMINISTRATOR,User,MyLowCostVM,Microsoft-Windows-Security-Auditing,Security,4625,4625 - An account failed to log on.,186.75.215.94,3,3 - Network,\ADMINISTRATOR,ADMINISTRATOR,"11/15/2024, 6:15:37.976 PM"
"11/15/2024, 6:15:33.345 PM",\ADMINISTRATOR,User,MyLowCostVM,Microsoft-Windows-Security-Auditing,Security,4625,4625 - An account failed to log on.,20.235.247.188,3,3 - Network,\ADMINISTRATOR,ADMINISTRATOR,"11/15/2024, 6:15:57.978 PM"
"11/15/2024, 6:15:40.971 PM",\ADMINISTRATOR,User,MyLowCostVM,Microsoft-Windows-Security-Auditing,Security,4625,4625 - An account failed to log on.,120.133.88.0,3,3 - Network,\ADMINISTRATOR,ADMINISTRATOR,"11/15/2024, 6:16:17.978 PM"
"11/15/2024, 6:15:43.987 PM",domain\Administrator,User,MyLowCostVM,Microsoft-Windows-Security-Auditing,Security,4625,4625 - An account failed to log on.,193.122.94.68,3,3 - Network,domain\Administrator,Administrator,"11/15/2024, 6:16:17.978 PM"
"11/15/2024, 6:16:08.846 PM",\ADMINISTRATOR,User,MyLowCostVM,Microsoft-Windows-Security-Auditing,Security,4625,4625 - An account failed to log on.,120.133.88.0,3,3 - Network,\ADMINISTRATOR,ADMINISTRATOR,"11/15/2024, 6:16:37.985 PM"
"11/15/2024, 6:16:36.683 PM",\ADMINISTRATOR,User,MyLowCostVM,Microsoft-Windows-Security-Auditing,Security,4625,4625 - An account failed to log on.,120.133.88.0,3,3 - Network,\ADMINISTRATOR,ADMINISTRATOR,"11/15/2024, 6:16:57.993 PM"
"11/15/2024, 6:16:37.366 PM",domain\Administrator,User,MyLowCostVM,Microsoft-Windows-Security-Auditing,Security,4625,4625 - An account failed to log on.,193.122.94.68,3,3 - Network,domain\Administrator,Administrator,"11/15/2024, 6:16:57.993 PM"
"11/15/2024, 6:17:04.509 PM",\ADMINISTRATOR,User,MyLowCostVM,Microsoft-Windows-Security-Auditing,Security,4625,4625 - An account failed to log on.,120.133.88.0,3,3 - Network,\ADMINISTRATOR,ADMINISTRATOR,"11/15/2024, 6:17:37.985 PM"
"11/15/2024, 6:17:32.446 PM",\ADMINISTRATOR,User,MyLowCostVM,Microsoft-Windows-Security-Auditing,Security,4625,4625 - An account failed to log on.,120.133.88.0,3,3 - Network,\ADMINISTRATOR,ADMINISTRATOR,"11/15/2024, 6:17:57.979 PM"
"11/15/2024, 6:18:00.231 PM",\ADMINISTRATOR,User,MyLowCostVM,Microsoft-Windows-Security-Auditing,Security,4625,4625 - An account failed to log on.,120.133.88.0,3,3 - Network,\ADMINISTRATOR,ADMINISTRATOR,"11/15/2024, 6:18:37.987 PM"
"11/15/2024, 6:18:06.124 PM",domain\Administrator,User,MyLowCostVM,Microsoft-Windows-Security-Auditing,Security,4625,4625 - An account failed to log on.,193.122.94.68,3,3 - Network,domain\Administrator,Administrator,"11/15/2024, 6:18:37.987 PM"
"11/15/2024, 6:18:10.506 PM",\ADMINISTRATOR,User,MyLowCostVM,Microsoft-Windows-Security-Auditing,Security,4625,4625 - An account failed to log on.,20.235.247.188,3,3 - Network,\ADMINISTRATOR,ADMINISTRATOR,"11/15/2024, 6:18:37.987 PM"
"11/15/2024, 6:18:26.006 PM",\ADMINISTRATOR,User,MyLowCostVM,Microsoft-Windows-Security-Auditing,Security,4625,4625 - An account failed to log on.,186.75.215.94,3,3 - Network,\ADMINISTRATOR,ADMINISTRATOR,"11/15/2024, 6:18:57.974 PM"
"11/15/2024, 6:18:27.182 PM",,,MyLowCostVM,Microsoft-Windows-Security-Auditing,Security,5058,5058 - Key file operation.,,,,,,"11/15/2024, 6:18:57.974 PM"
"11/15/2024, 6:18:27.183 PM",,,MyLowCostVM,Microsoft-Windows-Security-Auditing,Security,5061,5061 - Cryptographic operation.,,,,,,"11/15/2024, 6:18:57.974 PM"
"11/15/2024, 6:18:28.075 PM",\ADMINISTRATOR,User,MyLowCostVM,Microsoft-Windows-Security-Auditing,Security,4625,4625 - An account failed to log on.,120.133.88.0,3,3 - Network,\ADMINISTRATOR,ADMINISTRATOR,"11/15/2024, 6:18:57.974 PM"
"11/15/2024, 6:18:55.917 PM",\ADMINISTRATOR,User,MyLowCostVM,Microsoft-Windows-Security-Auditing,Security,4625,4625 - An account failed to log on.,120.133.88.0,3,3 - Network,\ADMINISTRATOR,ADMINISTRATOR,"11/15/2024, 6:19:17.980 PM"
"11/15/2024, 6:18:59.424 PM",domain\Administrator,User,MyLowCostVM,Microsoft-Windows-Security-Auditing,Security,4625,4625 - An account failed to log on.,193.122.94.68,3,3 - Network,domain\Administrator,Administrator,"11/15/2024, 6:19:17.980 PM"
"11/15/2024, 6:19:08.958 PM",\AZUREUSER,User,MyLowCostVM,Microsoft-Windows-Security-Auditing,Security,4625,4625 - An account failed to log on.,94.102.49.171,3,3 - Network,\AZUREUSER,AZUREUSER,"11/15/2024, 6:19:37.981 PM"
"11/15/2024, 6:19:23.789 PM",\ADMINISTRATOR,User,MyLowCostVM,Microsoft-Windows-Security-Auditing,Security,4625,4625 - An account failed to log on.,120.133.88.0,3,3 - Network,\ADMINISTRATOR,ADMINISTRATOR,"11/15/2024, 6:19:57.974 PM"
"11/15/2024, 6:19:51.720 PM",\ADMINISTRATOR,User,MyLowCostVM,Microsoft-Windows-Security-Auditing,Security,4625,4625 - An account failed to log on.,120.133.88.0,3,3 - Network,\ADMINISTRATOR,ADMINISTRATOR,"11/15/2024, 6:20:17.971 PM"
"11/15/2024, 6:20:19.547 PM",\ADMINISTRATOR,User,MyLowCostVM,Microsoft-Windows-Security-Auditing,Security,4625,4625 - An account failed to log on.,120.133.88.0,3,3 - Network,\ADMINISTRATOR,ADMINISTRATOR,"11/15/2024, 6:20:37.983 PM"
"11/15/2024, 6:20:28.541 PM",domain\Administrator,User,MyLowCostVM,Microsoft-Windows-Security-Auditing,Security,4625,4625 - An account failed to log on.,193.122.94.68,3,3 - Network,domain\Administrator,Administrator,"11/15/2024, 6:20:57.975 PM"
"11/15/2024, 6:20:47.418 PM",\ADMINISTRATOR,User,MyLowCostVM,Microsoft-Windows-Security-Auditing,Security,4625,4625 - An account failed to log on.,120.133.88.0,3,3 - Network,\ADMINISTRATOR,ADMINISTRATOR,"11/15/2024, 6:21:17.976 PM"
"11/15/2024, 6:20:49.773 PM",\ADMINISTRATOR,User,MyLowCostVM,Microsoft-Windows-Security-Auditing,Security,4625,4625 - An account failed to log on.,20.235.247.188,3,3 - Network,\ADMINISTRATOR,ADMINISTRATOR,"11/15/2024, 6:21:17.976 PM"
"11/15/2024, 6:21:15.225 PM",\ADMINISTRATOR,User,MyLowCostVM,Microsoft-Windows-Security-Auditing,Security,4625,4625 - An account failed to log on.,120.133.88.0,3,3 - Network,\ADMINISTRATOR,ADMINISTRATOR,"11/15/2024, 6:21:37.983 PM"
"11/15/2024, 6:21:21.562 PM",domain\Administrator,User,MyLowCostVM,Microsoft-Windows-Security-Auditing,Security,4625,4625 - An account failed to log on.,193.122.94.68,3,3 - Network,domain\Administrator,Administrator,"11/15/2024, 6:21:57.996 PM"
"11/15/2024, 6:21:23.138 PM",\AZUREUSER,User,MyLowCostVM,Microsoft-Windows-Security-Auditing,Security,4625,4625 - An account failed to log on.,94.102.49.171,3,3 - Network,\AZUREUSER,AZUREUSER,"11/15/2024, 6:21:57.996 PM"
"11/15/2024, 6:21:32.156 PM",\ADMINISTRATOR,User,MyLowCostVM,Microsoft-Windows-Security-Auditing,Security,4625,4625 - An account failed to log on.,186.75.215.94,3,3 - Network,\ADMINISTRATOR,ADMINISTRATOR,"11/15/2024, 6:21:57.996 PM"
"11/15/2024, 6:21:43.068 PM",\ADMINISTRATOR,User,MyLowCostVM,Microsoft-Windows-Security-Auditing,Security,4625,4625 - An account failed to log on.,120.133.88.0,3,3 - Network,\ADMINISTRATOR,ADMINISTRATOR,"11/15/2024, 6:22:17.988 PM"
"11/15/2024, 6:22:10.900 PM",\ADMINISTRATOR,User,MyLowCostVM,Microsoft-Windows-Security-Auditing,Security,4625,4625 - An account failed to log on.,120.133.88.0,3,3 - Network,\ADMINISTRATOR,ADMINISTRATOR,"11/15/2024, 6:22:37.999 PM"
"11/15/2024, 6:22:38.683 PM",\ADMINISTRATOR,User,MyLowCostVM,Microsoft-Windows-Security-Auditing,Security,4625,4625 - An account failed to log on.,120.133.88.0,3,3 - Network,\ADMINISTRATOR,ADMINISTRATOR,"11/15/2024, 6:22:58.001 PM"
"11/15/2024, 6:22:50.478 PM",domain\Administrator,User,MyLowCostVM,Microsoft-Windows-Security-Auditing,Security,4625,4625 - An account failed to log on.,193.122.94.68,3,3 - Network,domain\Administrator,Administrator,"11/15/2024, 6:23:17.987 PM"
"11/15/2024, 6:23:06.423 PM",\ADMINISTRATOR,User,MyLowCostVM,Microsoft-Windows-Security-Auditing,Security,4625,4625 - An account failed to log on.,120.133.88.0,3,3 - Network,\ADMINISTRATOR,ADMINISTRATOR,"11/15/2024, 6:23:37.978 PM"
"11/15/2024, 6:23:26.582 PM",\ADMINISTRATOR,User,MyLowCostVM,Microsoft-Windows-Security-Auditing,Security,4625,4625 - An account failed to log on.,20.235.247.188,3,3 - Network,\ADMINISTRATOR,ADMINISTRATOR,"11/15/2024, 6:23:57.975 PM"
"11/15/2024, 6:23:34.203 PM",\ADMINISTRATOR,User,MyLowCostVM,Microsoft-Windows-Security-Auditing,Security,4625,4625 - An account failed to log on.,120.133.88.0,3,3 - Network,\ADMINISTRATOR,ADMINISTRATOR,"11/15/2024, 6:23:57.975 PM"
"11/15/2024, 6:23:37.319 PM",\AZUREUSER,User,MyLowCostVM,Microsoft-Windows-Security-Auditing,Security,4625,4625 - An account failed to log on.,94.102.49.171,3,3 - Network,\AZUREUSER,AZUREUSER,"11/15/2024, 6:23:57.975 PM"
"11/15/2024, 6:23:43.698 PM",domain\Administrator,User,MyLowCostVM,Microsoft-Windows-Security-Auditing,Security,4625,4625 - An account failed to log on.,193.122.94.68,3,3 - Network,domain\Administrator,Administrator,"11/15/2024, 6:24:18.010 PM"
"11/15/2024, 6:24:01.947 PM",\ADMINISTRATOR,User,MyLowCostVM,Microsoft-Windows-Security-Auditing,Security,4625,4625 - An account failed to log on.,120.133.88.0,3,3 - Network,\ADMINISTRATOR,ADMINISTRATOR,"11/15/2024, 6:24:37.986 PM"
"11/15/2024, 6:24:29.703 PM",\ADMINISTRATOR,User,MyLowCostVM,Microsoft-Windows-Security-Auditing,Security,4625,4625 - An account failed to log on.,120.133.88.0,3,3 - Network,\ADMINISTRATOR,ADMINISTRATOR,"11/15/2024, 6:24:57.982 PM"
"11/15/2024, 6:24:40.500 PM",\ADMINISTRATOR,User,MyLowCostVM,Microsoft-Windows-Security-Auditing,Security,4625,4625 - An account failed to log on.,186.75.215.94,3,3 - Network,\ADMINISTRATOR,ADMINISTRATOR,"11/15/2024, 6:25:18.005 PM"
"11/15/2024, 6:24:57.534 PM",\ADMINISTRATOR,User,MyLowCostVM,Microsoft-Windows-Security-Auditing,Security,4625,4625 - An account failed to log on.,120.133.88.0,3,3 - Network,\ADMINISTRATOR,ADMINISTRATOR,"11/15/2024, 6:25:18.005 PM"
"11/15/2024, 6:25:12.612 PM",domain\Administrator,User,MyLowCostVM,Microsoft-Windows-Security-Auditing,Security,4625,4625 - An account failed to log on.,193.122.94.68,3,3 - Network,domain\Administrator,Administrator,"11/15/2024, 6:25:37.973 PM"
"11/15/2024, 6:25:25.325 PM",\ADMINISTRATOR,User,MyLowCostVM,Microsoft-Windows-Security-Auditing,Security,4625,4625 - An account failed to log on.,120.133.88.0,3,3 - Network,\ADMINISTRATOR,ADMINISTRATOR,"11/15/2024, 6:25:57.970 PM"
"11/15/2024, 6:25:51.764 PM",\AZUREUSER,User,MyLowCostVM,Microsoft-Windows-Security-Auditing,Security,4625,4625 - An account failed to log on.,94.102.49.171,3,3 - Network,\AZUREUSER,AZUREUSER,"11/15/2024, 6:26:18.000 PM"
"11/15/2024, 6:25:53.135 PM",\ADMINISTRATOR,User,MyLowCostVM,Microsoft-Windows-Security-Auditing,Security,4625,4625 - An account failed to log on.,120.133.88.0,3,3 - Network,\ADMINISTRATOR,ADMINISTRATOR,"11/15/2024, 6:26:18.000 PM"
"11/15/2024, 6:26:05.607 PM",domain\Administrator,User,MyLowCostVM,Microsoft-Windows-Security-Auditing,Security,4625,4625 - An account failed to log on.,193.122.94.68,3,3 - Network,domain\Administrator,Administrator,"11/15/2024, 6:26:37.972 PM"
"11/15/2024, 6:26:05.607 PM",\ADMINISTRATOR,User,MyLowCostVM,Microsoft-Windows-Security-Auditing,Security,4625,4625 - An account failed to log on.,20.235.247.188,3,3 - Network,\ADMINISTRATOR,ADMINISTRATOR,"11/15/2024, 6:26:37.972 PM"
"11/15/2024, 6:26:20.930 PM",\ADMINISTRATOR,User,MyLowCostVM,Microsoft-Windows-Security-Auditing,Security,4625,4625 - An account failed to log on.,120.133.88.0,3,3 - Network,\ADMINISTRATOR,ADMINISTRATOR,"11/15/2024, 6:26:57.981 PM"
"11/15/2024, 6:26:48.708 PM",\ADMINISTRATOR,User,MyLowCostVM,Microsoft-Windows-Security-Auditing,Security,4625,4625 - An account failed to log on.,120.133.88.0,3,3 - Network,\ADMINISTRATOR,ADMINISTRATOR,"11/15/2024, 6:27:17.990 PM"
"11/15/2024, 6:27:16.450 PM",\ADMINISTRATOR,User,MyLowCostVM,Microsoft-Windows-Security-Auditing,Security,4625,4625 - An account failed to log on.,120.133.88.0,3,3 - Network,\ADMINISTRATOR,ADMINISTRATOR,"11/15/2024, 6:27:37.975 PM"
"11/15/2024, 6:27:36.146 PM",domain\Administrator,User,MyLowCostVM,Microsoft-Windows-Security-Auditing,Security,4625,4625 - An account failed to log on.,193.122.94.68,3,3 - Network,domain\Administrator,Administrator,"11/15/2024, 6:27:57.979 PM"
"11/15/2024, 6:27:44.204 PM",\ADMINISTRATOR,User,MyLowCostVM,Microsoft-Windows-Security-Auditing,Security,4625,4625 - An account failed to log on.,120.133.88.0,3,3 - Network,\ADMINISTRATOR,ADMINISTRATOR,"11/15/2024, 6:28:17.978 PM"
"11/15/2024, 6:27:50.067 PM",\ADMINISTRATOR,User,MyLowCostVM,Microsoft-Windows-Security-Auditing,Security,4625,4625 - An account failed to log on.,186.75.215.94,3,3 - Network,\ADMINISTRATOR,ADMINISTRATOR,"11/15/2024, 6:28:17.978 PM"
"11/15/2024, 6:28:06.688 PM",\AZUREUSER,User,MyLowCostVM,Microsoft-Windows-Security-Auditing,Security,4625,4625 - An account failed to log on.,94.102.49.171,3,3 - Network,\AZUREUSER,AZUREUSER,"11/15/2024, 6:28:37.979 PM"
"11/15/2024, 6:28:11.971 PM",\ADMINISTRATOR,User,MyLowCostVM,Microsoft-Windows-Security-Auditing,Security,4625,4625 - An account failed to log on.,120.133.88.0,3,3 - Network,\ADMINISTRATOR,ADMINISTRATOR,"11/15/2024, 6:28:37.979 PM"
"11/15/2024, 6:28:28.725 PM",domain\Administrator,User,MyLowCostVM,Microsoft-Windows-Security-Auditing,Security,4625,4625 - An account failed to log on.,193.122.94.68,3,3 - Network,domain\Administrator,Administrator,"11/15/2024, 6:28:57.974 PM"
"11/15/2024, 6:28:39.634 PM",\ADMINISTRATOR,User,MyLowCostVM,Microsoft-Windows-Security-Auditing,Security,4625,4625 - An account failed to log on.,120.133.88.0,3,3 - Network,\ADMINISTRATOR,ADMINISTRATOR,"11/15/2024, 6:28:57.974 PM"
"11/15/2024, 6:28:40.081 PM",\ADMINISTRATOR,User,MyLowCostVM,Microsoft-Windows-Security-Auditing,Security,4625,4625 - An account failed to log on.,20.235.247.188,3,3 - Network,\ADMINISTRATOR,ADMINISTRATOR,"11/15/2024, 6:29:17.982 PM"
"11/15/2024, 6:29:07.447 PM",\ADMINISTRATOR,User,MyLowCostVM,Microsoft-Windows-Security-Auditing,Security,4625,4625 - An account failed to log on.,120.133.88.0,3,3 - Network,\ADMINISTRATOR,ADMINISTRATOR,"11/15/2024, 6:29:37.984 PM"
"11/15/2024, 6:29:35.162 PM",\ADMINISTRATOR,User,MyLowCostVM,Microsoft-Windows-Security-Auditing,Security,4625,4625 - An account failed to log on.,120.133.88.0,3,3 - Network,\ADMINISTRATOR,ADMINISTRATOR,"11/15/2024, 6:29:57.982 PM"
"11/15/2024, 6:29:58.150 PM",domain\Administrator,User,MyLowCostVM,Microsoft-Windows-Security-Auditing,Security,4625,4625 - An account failed to log on.,193.122.94.68,3,3 - Network,domain\Administrator,Administrator,"11/15/2024, 6:30:17.983 PM"
"11/15/2024, 6:30:02.911 PM",\ADMINISTRATOR,User,MyLowCostVM,Microsoft-Windows-Security-Auditing,Security,4625,4625 - An account failed to log on.,120.133.88.0,3,3 - Network,\ADMINISTRATOR,ADMINISTRATOR,"11/15/2024, 6:30:37.975 PM"
"11/15/2024, 6:30:21.803 PM",\AZUREUSER,User,MyLowCostVM,Microsoft-Windows-Security-Auditing,Security,4625,4625 - An account failed to log on.,94.102.49.171,3,3 - Network,\AZUREUSER,AZUREUSER,"11/15/2024, 6:30:57.988 PM"
"11/15/2024, 6:30:51.701 PM",domain\Administrator,User,MyLowCostVM,Microsoft-Windows-Security-Auditing,Security,4625,4625 - An account failed to log on.,193.122.94.68,3,3 - Network,domain\Administrator,Administrator,"11/15/2024, 6:31:17.997 PM"
"11/15/2024, 6:30:58.566 PM",\ADMINISTRATOR,User,MyLowCostVM,Microsoft-Windows-Security-Auditing,Security,4625,4625 - An account failed to log on.,120.133.88.0,3,3 - Network,\ADMINISTRATOR,ADMINISTRATOR,"11/15/2024, 6:31:17.997 PM"
"11/15/2024, 6:31:00.460 PM",\ADMINISTRATOR,User,MyLowCostVM,Microsoft-Windows-Security-Auditing,Security,4625,4625 - An account failed to log on.,186.75.215.94,3,3 - Network,\ADMINISTRATOR,ADMINISTRATOR,"11/15/2024, 6:31:37.985 PM"
"11/15/2024, 6:31:16.735 PM",\ADMINISTRATOR,User,MyLowCostVM,Microsoft-Windows-Security-Auditing,Security,4625,4625 - An account failed to log on.,20.235.247.188,3,3 - Network,\ADMINISTRATOR,ADMINISTRATOR,"11/15/2024, 6:31:37.985 PM"
"11/15/2024, 6:31:26.291 PM",\ADMINISTRATOR,User,MyLowCostVM,Microsoft-Windows-Security-Auditing,Security,4625,4625 - An account failed to log on.,120.133.88.0,3,3 - Network,\ADMINISTRATOR,ADMINISTRATOR,"11/15/2024, 6:31:57.988 PM"
"11/15/2024, 6:31:53.962 PM",\ADMINISTRATOR,User,MyLowCostVM,Microsoft-Windows-Security-Auditing,Security,4625,4625 - An account failed to log on.,120.133.88.0,3,3 - Network,\ADMINISTRATOR,ADMINISTRATOR,"11/15/2024, 6:32:17.983 PM"
"11/15/2024, 6:32:21.647 PM",\ADMINISTRATOR,User,MyLowCostVM,Microsoft-Windows-Security-Auditing,Security,4625,4625 - An account failed to log on.,120.133.88.0,3,3 - Network,\ADMINISTRATOR,ADMINISTRATOR,"11/15/2024, 6:32:57.990 PM"
